
[eval] loading candidate: runs/final_3day_20260511_105938/final.pt
[eval] candidate  2p win=90.0% margin=   1075 max= 0.0% pool=100.0%
[eval] candidate  3p win=75.0% margin=    617 max= 0.0% pool=100.0%
[eval] candidate  4p win=56.7% margin=    143 max= 0.0% pool=100.0%
[eval] candidate  5p win=47.5% margin=    -58 max= 0.0% pool=100.0%
[eval] candidate  6p win=67.5% margin=    401 max= 0.0% pool=100.0%

[eval] loading baseline: runs/final_reranker_pilot_12h_20260510_195708/final.pt
[eval] baseline   2p win=88.8% margin=   1017 max= 0.0% pool=100.0%
[eval] baseline   3p win=66.7% margin=    405 max= 0.0% pool=100.0%
[eval] baseline   4p win=63.3% margin=    341 max= 0.0% pool=100.0%
[eval] baseline   5p win=35.0% margin=   -356 max= 0.0% pool=100.0%
[eval] baseline   6p win=32.5% margin=   -440 max= 0.0% pool=100.0%

==================================================================================
COUNT   CAND WIN  BASE WIN    DELTA    CAND M    BASE M   DELTA M
----------------------------------------------------------------------------------
2p        90.0%    88.8%   +1.3%      1075      1017       +58
3p        75.0%    66.7%   +8.3%       617       405      +212
4p        56.7%    63.3%   -6.7%       143       341      -198
5p        47.5%    35.0%  +12.5%       -58      -356      +299
6p        67.5%    32.5%  +35.0%       401      -440      +841
==================================================================================
candidate_score=73.20
baseline_score=45.37 delta=+27.83
