[2026-03-25 14:37:40] GAME CREATED
[2026-03-25 14:38:07] PLAYER JOINED: Preben as yellow
[2026-03-25 14:38:28] PLAYER JOINED: Salim as purple
[2026-03-25 14:38:32] PLAYER START: Salim (purple)
[2026-03-25 14:38:37] PLAYER START: Preben (yellow)
[2026-03-25 14:38:37] GAME START — turn order ['yellow', 'purple']
[2026-03-25 14:38:45] MOVE 1: Preben (yellow) 36->47 [0.03ms]
[2026-03-25 14:38:45] SCORE Preben (yellow): Final=183.0, Time=92.0, Moves(1)=0.0, Pins(0)=0.0, Dist=91.0
[2026-03-25 14:38:45] SCORE Salim (purple): Final=0.0, Time=0.0, Moves(0)=0.0, Pins(0)=0.0, Dist=0.0
[2026-03-25 14:38:47] MOVE 2: Salim (purple) 107->106 [0.05ms]
[2026-03-25 14:38:47] SCORE Preben (yellow): Final=183.0, Time=92.0, Moves(1)=0.0, Pins(0)=0.0, Dist=91.0
[2026-03-25 14:38:47] SCORE Salim (purple): Final=188.9, Time=97.9, Moves(1)=0.0, Pins(0)=0.0, Dist=91.0
[2026-03-25 14:38:56] MOVE 3: Preben (yellow) 11->36 [0.03ms]
[2026-03-25 14:38:56] SCORE Preben (yellow): Final=175.6, Time=82.6, Moves(2)=0.0, Pins(0)=0.0, Dist=93.0
[2026-03-25 14:38:56] SCORE Salim (purple): Final=188.9, Time=97.9, Moves(1)=0.0, Pins(0)=0.0, Dist=91.0
[2026-03-25 14:38:58] MOVE 4: Salim (purple) 108->107 [0.03ms]
[2026-03-25 14:38:58] SCORE Preben (yellow): Final=175.6, Time=82.6, Moves(2)=0.0, Pins(0)=0.0, Dist=93.0
[2026-03-25 14:38:58] SCORE Salim (purple): Final=187.8, Time=95.8, Moves(2)=0.0, Pins(0)=0.0, Dist=92.0
[2026-03-25 14:39:08] SCORE Preben (yellow): Final=175.6, Time=82.6, Moves(2)=0.0, Pins(0)=0.0, Dist=93.0
[2026-03-25 14:39:08] SCORE Salim (purple): Final=187.8, Time=95.8, Moves(2)=0.0, Pins(0)=0.0, Dist=92.0
[2026-03-25 14:39:08] TURN TIMEOUT: Player with colour yellow exceeded 10s at move 4. Turn skipped.
[2026-03-25 14:39:19] SCORE Preben (yellow): Final=175.6, Time=82.6, Moves(2)=0.0, Pins(0)=0.0, Dist=93.0
[2026-03-25 14:39:19] SCORE Salim (purple): Final=187.8, Time=95.8, Moves(2)=0.0, Pins(0)=0.0, Dist=92.0
[2026-03-25 14:39:19] TURN TIMEOUT: Player with colour purple exceeded 10s at move 4. Turn skipped.
[2026-03-25 14:39:28] MOVE 5: Preben (yellow) 23->11 [0.03ms]
[2026-03-25 14:39:28] SCORE Preben (yellow): Final=166.6, Time=73.6, Moves(3)=0.0, Pins(0)=0.0, Dist=93.0
[2026-03-25 14:39:28] SCORE Salim (purple): Final=187.8, Time=95.8, Moves(2)=0.0, Pins(0)=0.0, Dist=92.0
[2026-03-25 14:39:32] MOVE 6: Salim (purple) 109->108 [0.03ms]
[2026-03-25 14:39:32] SCORE Preben (yellow): Final=166.6, Time=73.6, Moves(3)=0.0, Pins(0)=0.0, Dist=93.0
[2026-03-25 14:39:32] SCORE Salim (purple): Final=184.7, Time=91.7, Moves(3)=0.0, Pins(0)=0.0, Dist=93.0
[2026-03-25 14:39:37] SCORE Preben (yellow): Final=166.6, Time=73.6, Moves(3)=0.0, Pins(0)=0.0, Dist=93.0
[2026-03-25 14:39:37] SCORE Salim (purple): Final=184.7, Time=91.7, Moves(3)=0.0, Pins(0)=0.0, Dist=93.0
[2026-03-25 14:39:37] GAME TIME LIMIT REACHED.
[2026-03-25 14:39:42] SCORE Preben (yellow): Final=166.6, Time=73.6, Moves(3)=0.0, Pins(0)=0.0, Dist=93.0
[2026-03-25 14:39:42] SCORE Salim (purple): Final=184.7, Time=91.7, Moves(3)=0.0, Pins(0)=0.0, Dist=93.0
[2026-03-25 14:39:42] GAME TIME LIMIT REACHED.
[2026-03-25 14:39:43] SCORE Preben (yellow): Final=166.6, Time=73.6, Moves(3)=0.0, Pins(0)=0.0, Dist=93.0
[2026-03-25 14:39:43] SCORE Salim (purple): Final=184.7, Time=91.7, Moves(3)=0.0, Pins(0)=0.0, Dist=93.0
[2026-03-25 14:39:43] GAME TIME LIMIT REACHED.
