[2026-05-06 00:09:40] GAME CREATED
[2026-05-06 00:10:30] PLAYER JOINED: pC as yellow
[2026-05-06 00:10:36] PLAYER JOINED: pD as purple
[2026-05-06 00:10:36] PLAYER START: pC (yellow)
[2026-05-06 00:10:36] PLAYER START: pD (purple)
[2026-05-06 00:10:36] GAME START — turn order ['yellow', 'purple']
[2026-05-06 00:10:36] PLAYER START: pC (yellow)
[2026-05-06 00:10:36] PLAYER START: pD (purple)
[2026-05-06 00:10:37] MOVE 1: pC (yellow) 25->37 [0.00ms]
[2026-05-06 00:10:37] SCORE pC (yellow): Final=189.6, Time=98.6, Moves(1)=0.0, Pins(0)=0.0, Dist=91.0, Win Bonus=0.0
[2026-05-06 00:10:37] SCORE pD (purple): Final=0.0, Time=0.0, Moves(0)=0.0, Pins(0)=0.0, Dist=0.0, Win Bonus=0.0
[2026-05-06 00:10:39] MOVE 2: pD (purple) 85->83 [0.00ms]
[2026-05-06 00:10:39] SCORE pC (yellow): Final=189.6, Time=98.6, Moves(1)=0.0, Pins(0)=0.0, Dist=91.0, Win Bonus=0.0
[2026-05-06 00:10:39] SCORE pD (purple): Final=189.9, Time=97.9, Moves(1)=0.0, Pins(0)=0.0, Dist=92.0, Win Bonus=0.0
[2026-05-06 00:10:41] MOVE 3: pC (yellow) 46->47 [0.00ms]
[2026-05-06 00:10:41] SCORE pC (yellow): Final=189.1, Time=97.1, Moves(2)=0.0, Pins(0)=0.0, Dist=92.0, Win Bonus=0.0
[2026-05-06 00:10:41] SCORE pD (purple): Final=189.9, Time=97.9, Moves(1)=0.0, Pins(0)=0.0, Dist=92.0, Win Bonus=0.0
[2026-05-06 00:10:42] MOVE 4: pD (purple) 84->85 [0.00ms]
[2026-05-06 00:10:42] SCORE pC (yellow): Final=189.1, Time=97.1, Moves(2)=0.0, Pins(0)=0.0, Dist=92.0, Win Bonus=0.0
[2026-05-06 00:10:42] SCORE pD (purple): Final=187.8, Time=96.8, Moves(2)=0.0, Pins(0)=0.0, Dist=91.0, Win Bonus=0.0
[2026-05-06 00:10:44] MOVE 5: pC (yellow) 37->56 [0.00ms]
[2026-05-06 00:10:44] SCORE pC (yellow): Final=186.6, Time=94.6, Moves(3)=0.0, Pins(0)=0.0, Dist=92.0, Win Bonus=0.0
[2026-05-06 00:10:44] SCORE pD (purple): Final=187.8, Time=96.8, Moves(2)=0.0, Pins(0)=0.0, Dist=91.0, Win Bonus=0.0
[2026-05-06 00:10:46] MOVE 6: pD (purple) 107->82 [0.00ms]
[2026-05-06 00:10:46] SCORE pC (yellow): Final=186.6, Time=94.6, Moves(3)=0.0, Pins(0)=0.0, Dist=92.0, Win Bonus=0.0
[2026-05-06 00:10:46] SCORE pD (purple): Final=188.6, Time=95.6, Moves(3)=0.0, Pins(0)=0.0, Dist=93.0, Win Bonus=0.0
[2026-05-06 00:10:48] MOVE 7: pC (yellow) 56->57 [0.00ms]
[2026-05-06 00:10:48] SCORE pC (yellow): Final=185.2, Time=92.2, Moves(4)=0.0, Pins(0)=0.0, Dist=93.0, Win Bonus=0.0
[2026-05-06 00:10:48] SCORE pD (purple): Final=188.6, Time=95.6, Moves(3)=0.0, Pins(0)=0.0, Dist=93.0, Win Bonus=0.0
[2026-05-06 00:10:49] MOVE 8: pD (purple) 109->107 [0.00ms]
[2026-05-06 00:10:49] SCORE pC (yellow): Final=185.2, Time=92.2, Moves(4)=0.0, Pins(0)=0.0, Dist=93.0, Win Bonus=0.0
[2026-05-06 00:10:49] SCORE pD (purple): Final=189.5, Time=94.5, Moves(4)=0.0, Pins(0)=0.0, Dist=95.0, Win Bonus=0.0
[2026-05-06 00:10:52] MOVE 9: pC (yellow) 23->25 [0.00ms]
[2026-05-06 00:10:52] SCORE pC (yellow): Final=184.8, Time=89.8, Moves(5)=0.0, Pins(0)=0.0, Dist=95.0, Win Bonus=0.0
[2026-05-06 00:10:52] SCORE pD (purple): Final=189.5, Time=94.5, Moves(4)=0.0, Pins(0)=0.0, Dist=95.0, Win Bonus=0.0
[2026-05-06 00:10:54] MOVE 10: pD (purple) 110->109 [0.00ms]
[2026-05-06 00:10:54] SCORE pC (yellow): Final=184.8, Time=89.8, Moves(5)=0.0, Pins(0)=0.0, Dist=95.0, Win Bonus=0.0
[2026-05-06 00:10:54] SCORE pD (purple): Final=188.3, Time=92.3, Moves(5)=0.0, Pins(0)=0.0, Dist=96.0, Win Bonus=0.0
[2026-05-06 00:10:55] MOVE 11: pC (yellow) 35->37 [0.00ms]
[2026-05-06 00:10:55] SCORE pC (yellow): Final=185.4, Time=88.4, Moves(6)=0.0, Pins(0)=0.0, Dist=97.0, Win Bonus=0.0
[2026-05-06 00:10:55] SCORE pD (purple): Final=188.3, Time=92.3, Moves(5)=0.0, Pins(0)=0.0, Dist=96.0, Win Bonus=0.0
[2026-05-06 00:10:56] MOVE 12: pD (purple) 95->94 [0.00ms]
[2026-05-06 00:10:56] SCORE pC (yellow): Final=185.4, Time=88.4, Moves(6)=0.0, Pins(0)=0.0, Dist=97.0, Win Bonus=0.0
[2026-05-06 00:10:56] SCORE pD (purple): Final=188.1, Time=91.1, Moves(6)=0.0, Pins(0)=0.0, Dist=97.0, Win Bonus=0.0
[2026-05-06 00:10:58] MOVE 13: pC (yellow) 36->38 [0.00ms]
[2026-05-06 00:10:58] SCORE pC (yellow): Final=186.0, Time=87.0, Moves(7)=0.0, Pins(0)=0.0, Dist=99.0, Win Bonus=0.0
[2026-05-06 00:10:58] SCORE pD (purple): Final=188.1, Time=91.1, Moves(6)=0.0, Pins(0)=0.0, Dist=97.0, Win Bonus=0.0
[2026-05-06 00:11:00] MOVE 14: pD (purple) 109->84 [0.00ms]
[2026-05-06 00:11:00] SCORE pC (yellow): Final=186.0, Time=87.0, Moves(7)=0.0, Pins(0)=0.0, Dist=99.0, Win Bonus=0.0
[2026-05-06 00:11:00] SCORE pD (purple): Final=188.0, Time=89.0, Moves(7)=0.0, Pins(0)=0.0, Dist=99.0, Win Bonus=0.0
[2026-05-06 00:11:02] MOVE 15: pC (yellow) 12->14 [0.00ms]
[2026-05-06 00:11:02] SCORE pC (yellow): Final=185.6, Time=84.6, Moves(8)=0.0, Pins(0)=0.0, Dist=101.0, Win Bonus=0.0
[2026-05-06 00:11:02] SCORE pD (purple): Final=188.0, Time=89.0, Moves(7)=0.0, Pins(0)=0.0, Dist=99.0, Win Bonus=0.0
[2026-05-06 00:11:04] MOVE 16: pD (purple) 74->95 [0.01ms]
[2026-05-06 00:11:04] SCORE pC (yellow): Final=185.6, Time=84.6, Moves(8)=0.0, Pins(0)=0.0, Dist=101.0, Win Bonus=0.0
[2026-05-06 00:11:04] SCORE pD (purple): Final=185.9, Time=86.9, Moves(8)=0.0, Pins(0)=0.0, Dist=99.0, Win Bonus=0.0
[2026-05-06 00:11:07] MOVE 17: pC (yellow) 38->36 [0.00ms]
[2026-05-06 00:11:07] SCORE pC (yellow): Final=181.1, Time=82.1, Moves(9)=0.0, Pins(0)=0.0, Dist=99.0, Win Bonus=0.0
[2026-05-06 00:11:07] SCORE pD (purple): Final=185.9, Time=86.9, Moves(8)=0.0, Pins(0)=0.0, Dist=99.0, Win Bonus=0.0
[2026-05-06 00:11:09] MOVE 18: pD (purple) 95->93 [0.00ms]
[2026-05-06 00:11:09] SCORE pC (yellow): Final=181.1, Time=82.1, Moves(9)=0.0, Pins(0)=0.0, Dist=99.0, Win Bonus=0.0
[2026-05-06 00:11:09] SCORE pD (purple): Final=185.7, Time=84.7, Moves(9)=0.0, Pins(0)=0.0, Dist=101.0, Win Bonus=0.0
[2026-05-06 00:11:11] MOVE 19: pC (yellow) 14->35 [0.00ms]
[2026-05-06 00:11:11] SCORE pC (yellow): Final=176.7, Time=79.7, Moves(10)=0.0, Pins(0)=0.0, Dist=97.0, Win Bonus=0.0
[2026-05-06 00:11:11] SCORE pD (purple): Final=185.7, Time=84.7, Moves(9)=0.0, Pins(0)=0.0, Dist=101.0, Win Bonus=0.0
[2026-05-06 00:11:13] MOVE 20: pD (purple) 84->109 [0.00ms]
[2026-05-06 00:11:13] SCORE pC (yellow): Final=176.7, Time=79.7, Moves(10)=0.0, Pins(0)=0.0, Dist=97.0, Win Bonus=0.0
[2026-05-06 00:11:13] SCORE pD (purple): Final=182.6, Time=83.6, Moves(10)=0.0, Pins(0)=0.0, Dist=99.0, Win Bonus=0.0
[2026-05-06 00:11:15] MOVE 21: pC (yellow) 10->23 [0.00ms]
[2026-05-06 00:11:15] SCORE pC (yellow): Final=175.3, Time=77.3, Moves(11)=0.0, Pins(0)=0.0, Dist=98.0, Win Bonus=0.0
[2026-05-06 00:11:15] SCORE pD (purple): Final=182.6, Time=83.6, Moves(10)=0.0, Pins(0)=0.0, Dist=99.0, Win Bonus=0.0
[2026-05-06 00:11:17] MOVE 22: pD (purple) 85->74 [0.00ms]
[2026-05-06 00:11:17] SCORE pC (yellow): Final=175.3, Time=77.3, Moves(11)=0.0, Pins(0)=0.0, Dist=98.0, Win Bonus=0.0
[2026-05-06 00:11:17] SCORE pD (purple): Final=181.4, Time=81.4, Moves(11)=0.0, Pins(0)=0.0, Dist=100.0, Win Bonus=0.0
[2026-05-06 00:11:20] MOVE 23: pC (yellow) 25->12 [0.01ms]
[2026-05-06 00:11:20] SCORE pC (yellow): Final=171.9, Time=74.9, Moves(12)=0.0, Pins(0)=0.0, Dist=97.0, Win Bonus=0.0
[2026-05-06 00:11:20] SCORE pD (purple): Final=181.4, Time=81.4, Moves(11)=0.0, Pins(0)=0.0, Dist=100.0, Win Bonus=0.0
[2026-05-06 00:11:22] MOVE 24: pD (purple) 82->105 [0.00ms]
[2026-05-06 00:11:22] SCORE pC (yellow): Final=171.9, Time=74.9, Moves(12)=0.0, Pins(0)=0.0, Dist=97.0, Win Bonus=0.0
[2026-05-06 00:11:22] SCORE pD (purple): Final=179.3, Time=79.3, Moves(12)=0.0, Pins(0)=0.0, Dist=100.0, Win Bonus=0.0
[2026-05-06 00:11:24] MOVE 25: pC (yellow) 35->10 [0.00ms]
[2026-05-06 00:11:24] SCORE pC (yellow): Final=167.4, Time=72.4, Moves(13)=0.0, Pins(0)=0.0, Dist=95.0, Win Bonus=0.0
[2026-05-06 00:11:24] SCORE pD (purple): Final=179.3, Time=79.3, Moves(12)=0.0, Pins(0)=0.0, Dist=100.0, Win Bonus=0.0
[2026-05-06 00:11:26] MOVE 26: pD (purple) 93->81 [0.00ms]
[2026-05-06 00:11:26] SCORE pC (yellow): Final=167.4, Time=72.4, Moves(13)=0.0, Pins(0)=0.0, Dist=95.0, Win Bonus=0.0
[2026-05-06 00:11:26] SCORE pD (purple): Final=178.1, Time=77.1, Moves(13)=0.0, Pins(0)=0.0, Dist=101.0, Win Bonus=0.0
[2026-05-06 00:11:29] MOVE 27: pC (yellow) 47->56 [0.00ms]
[2026-05-06 00:11:29] SCORE pC (yellow): Final=165.0, Time=70.0, Moves(14)=0.0, Pins(0)=0.0, Dist=95.0, Win Bonus=0.0
[2026-05-06 00:11:29] SCORE pD (purple): Final=178.1, Time=77.1, Moves(13)=0.0, Pins(0)=0.0, Dist=101.0, Win Bonus=0.0
[2026-05-06 00:11:30] MOVE 28: pD (purple) 74->73 [0.00ms]
[2026-05-06 00:11:30] SCORE pC (yellow): Final=165.0, Time=70.0, Moves(14)=0.0, Pins(0)=0.0, Dist=95.0, Win Bonus=0.0
[2026-05-06 00:11:30] SCORE pD (purple): Final=177.9, Time=75.9, Moves(14)=0.0, Pins(0)=0.0, Dist=102.0, Win Bonus=0.0
[2026-05-06 00:11:31] MOVE 29: pC (yellow) 12->35 [0.00ms]
[2026-05-06 00:11:31] SCORE pC (yellow): Final=163.7, Time=68.7, Moves(15)=0.0, Pins(0)=0.0, Dist=95.0, Win Bonus=0.0
[2026-05-06 00:11:31] SCORE pD (purple): Final=177.9, Time=75.9, Moves(14)=0.0, Pins(0)=0.0, Dist=102.0, Win Bonus=0.0
[2026-05-06 00:11:32] MOVE 30: pD (purple) 94->82 [0.00ms]
[2026-05-06 00:11:32] SCORE pC (yellow): Final=163.7, Time=68.7, Moves(15)=0.0, Pins(0)=0.0, Dist=95.0, Win Bonus=0.0
[2026-05-06 00:11:32] SCORE pD (purple): Final=177.8, Time=74.8, Moves(15)=0.0, Pins(0)=0.0, Dist=103.0, Win Bonus=0.0
[2026-05-06 00:11:35] MOVE 31: pC (yellow) 10->14 [0.00ms]
[2026-05-06 00:11:35] SCORE pC (yellow): Final=165.3, Time=66.3, Moves(16)=0.0, Pins(0)=0.0, Dist=99.0, Win Bonus=0.0
[2026-05-06 00:11:35] SCORE pD (purple): Final=177.8, Time=74.8, Moves(15)=0.0, Pins(0)=0.0, Dist=103.0, Win Bonus=0.0
[2026-05-06 00:11:36] SCORE pC (yellow): Final=165.3, Time=66.3, Moves(16)=0.0, Pins(0)=0.0, Dist=99.0, Win Bonus=0.0
[2026-05-06 00:11:36] SCORE pD (purple): Final=177.8, Time=74.8, Moves(15)=0.0, Pins(0)=0.0, Dist=103.0, Win Bonus=0.0
[2026-05-06 00:11:36] GAME TIME LIMIT REACHED.
[2026-05-06 00:11:37] SCORE pC (yellow): Final=165.3, Time=66.3, Moves(16)=0.0, Pins(0)=0.0, Dist=99.0, Win Bonus=0.0
[2026-05-06 00:11:37] SCORE pD (purple): Final=177.8, Time=74.8, Moves(15)=0.0, Pins(0)=0.0, Dist=103.0, Win Bonus=0.0
[2026-05-06 00:11:37] GAME TIME LIMIT REACHED.
[2026-05-06 00:11:38] SCORE pC (yellow): Final=165.3, Time=66.3, Moves(16)=0.0, Pins(0)=0.0, Dist=99.0, Win Bonus=0.0
[2026-05-06 00:11:38] SCORE pD (purple): Final=177.8, Time=74.8, Moves(15)=0.0, Pins(0)=0.0, Dist=103.0, Win Bonus=0.0
[2026-05-06 00:11:38] GAME TIME LIMIT REACHED.
