[2026-05-06 00:28:38] GAME CREATED
[2026-05-06 00:28:43] PLAYER JOINED: pA as lawn green
[2026-05-06 00:30:40] PLAYER JOINED: pB as gray0
[2026-05-06 00:30:40] PLAYER START: pA (lawn green)
[2026-05-06 00:30:40] PLAYER START: pB (gray0)
[2026-05-06 00:30:40] GAME START — turn order ['lawn green', 'gray0']
[2026-05-06 00:30:40] PLAYER START: pA (lawn green)
[2026-05-06 00:30:40] PLAYER START: pB (gray0)
[2026-05-06 00:30:42] MOVE 1: pA (lawn green) 33->31 [0.00ms]
[2026-05-06 00:30:42] SCORE pA (lawn green): Final=189.8, Time=97.8, Moves(1)=0.0, Pins(0)=0.0, Dist=92.0, Win Bonus=0.0
[2026-05-06 00:30:42] SCORE pB (gray0): Final=0.0, Time=0.0, Moves(0)=0.0, Pins(0)=0.0, Dist=0.0, Win Bonus=0.0
[2026-05-06 00:30:44] MOVE 2: pB (gray0) 88->77 [0.01ms]
[2026-05-06 00:30:44] SCORE pA (lawn green): Final=189.8, Time=97.8, Moves(1)=0.0, Pins(0)=0.0, Dist=92.0, Win Bonus=0.0
[2026-05-06 00:30:44] SCORE pB (gray0): Final=189.6, Time=98.6, Moves(1)=0.0, Pins(0)=0.0, Dist=91.0, Win Bonus=0.0
[2026-05-06 00:30:45] MOVE 3: pA (lawn green) 34->33 [0.00ms]
[2026-05-06 00:30:45] SCORE pA (lawn green): Final=189.6, Time=96.6, Moves(2)=0.0, Pins(0)=0.0, Dist=93.0, Win Bonus=0.0
[2026-05-06 00:30:45] SCORE pB (gray0): Final=189.6, Time=98.6, Moves(1)=0.0, Pins(0)=0.0, Dist=91.0, Win Bonus=0.0
[2026-05-06 00:30:46] MOVE 4: pB (gray0) 86->67 [0.00ms]
[2026-05-06 00:30:46] SCORE pA (lawn green): Final=189.6, Time=96.6, Moves(2)=0.0, Pins(0)=0.0, Dist=93.0, Win Bonus=0.0
[2026-05-06 00:30:46] SCORE pB (gray0): Final=192.2, Time=97.2, Moves(2)=0.0, Pins(0)=0.0, Dist=95.0, Win Bonus=0.0
[2026-05-06 00:30:47] MOVE 5: pA (lawn green) 44->54 [0.00ms]
[2026-05-06 00:30:47] SCORE pA (lawn green): Final=189.5, Time=95.5, Moves(3)=0.0, Pins(0)=0.0, Dist=94.0, Win Bonus=0.0
[2026-05-06 00:30:47] SCORE pB (gray0): Final=192.2, Time=97.2, Moves(2)=0.0, Pins(0)=0.0, Dist=95.0, Win Bonus=0.0
[2026-05-06 00:30:49] MOVE 6: pB (gray0) 101->89 [0.00ms]
[2026-05-06 00:30:49] SCORE pA (lawn green): Final=189.5, Time=95.5, Moves(3)=0.0, Pins(0)=0.0, Dist=94.0, Win Bonus=0.0
[2026-05-06 00:30:49] SCORE pB (gray0): Final=191.8, Time=95.8, Moves(3)=0.0, Pins(0)=0.0, Dist=96.0, Win Bonus=0.0
[2026-05-06 00:30:50] MOVE 7: pA (lawn green) 33->44 [0.01ms]
[2026-05-06 00:30:50] SCORE pA (lawn green): Final=189.3, Time=94.3, Moves(4)=0.0, Pins(0)=0.0, Dist=95.0, Win Bonus=0.0
[2026-05-06 00:30:50] SCORE pB (gray0): Final=191.8, Time=95.8, Moves(3)=0.0, Pins(0)=0.0, Dist=96.0, Win Bonus=0.0
[2026-05-06 00:30:52] MOVE 8: pB (gray0) 99->101 [0.00ms]
[2026-05-06 00:30:52] SCORE pA (lawn green): Final=189.3, Time=94.3, Moves(4)=0.0, Pins(0)=0.0, Dist=95.0, Win Bonus=0.0
[2026-05-06 00:30:52] SCORE pB (gray0): Final=191.4, Time=93.4, Moves(4)=0.0, Pins(0)=0.0, Dist=98.0, Win Bonus=0.0
[2026-05-06 00:30:54] MOVE 9: pA (lawn green) 19->42 [0.00ms]
[2026-05-06 00:30:54] SCORE pA (lawn green): Final=190.1, Time=93.1, Moves(5)=0.0, Pins(0)=0.0, Dist=97.0, Win Bonus=0.0
[2026-05-06 00:30:54] SCORE pB (gray0): Final=191.4, Time=93.4, Moves(4)=0.0, Pins(0)=0.0, Dist=98.0, Win Bonus=0.0
[2026-05-06 00:30:56] MOVE 10: pB (gray0) 67->78 [0.00ms]
[2026-05-06 00:30:56] SCORE pA (lawn green): Final=190.1, Time=93.1, Moves(5)=0.0, Pins(0)=0.0, Dist=97.0, Win Bonus=0.0
[2026-05-06 00:30:56] SCORE pB (gray0): Final=189.1, Time=91.1, Moves(5)=0.0, Pins(0)=0.0, Dist=98.0, Win Bonus=0.0
[2026-05-06 00:30:58] MOVE 11: pA (lawn green) 21->33 [0.00ms]
[2026-05-06 00:30:58] SCORE pA (lawn green): Final=188.8, Time=90.8, Moves(6)=0.0, Pins(0)=0.0, Dist=98.0, Win Bonus=0.0
[2026-05-06 00:30:58] SCORE pB (gray0): Final=189.1, Time=91.1, Moves(5)=0.0, Pins(0)=0.0, Dist=98.0, Win Bonus=0.0
[2026-05-06 00:31:00] MOVE 12: pB (gray0) 87->66 [0.00ms]
[2026-05-06 00:31:00] SCORE pA (lawn green): Final=188.8, Time=90.8, Moves(6)=0.0, Pins(0)=0.0, Dist=98.0, Win Bonus=0.0
[2026-05-06 00:31:00] SCORE pB (gray0): Final=188.9, Time=88.9, Moves(6)=0.0, Pins(0)=0.0, Dist=100.0, Win Bonus=0.0
[2026-05-06 00:31:03] MOVE 13: pA (lawn green) 22->34 [0.00ms]
[2026-05-06 00:31:03] SCORE pA (lawn green): Final=187.4, Time=88.4, Moves(7)=0.0, Pins(0)=0.0, Dist=99.0, Win Bonus=0.0
[2026-05-06 00:31:03] SCORE pB (gray0): Final=188.9, Time=88.9, Moves(6)=0.0, Pins(0)=0.0, Dist=100.0, Win Bonus=0.0
[2026-05-06 00:31:05] MOVE 14: pB (gray0) 76->57 [0.00ms]
[2026-05-06 00:31:05] SCORE pA (lawn green): Final=187.4, Time=88.4, Moves(7)=0.0, Pins(0)=0.0, Dist=99.0, Win Bonus=0.0
[2026-05-06 00:31:05] SCORE pB (gray0): Final=188.7, Time=86.7, Moves(7)=0.0, Pins(0)=0.0, Dist=102.0, Win Bonus=0.0
[2026-05-06 00:31:07] MOVE 15: pA (lawn green) 34->21 [0.00ms]
[2026-05-06 00:31:07] SCORE pA (lawn green): Final=185.0, Time=86.0, Moves(8)=0.0, Pins(0)=0.0, Dist=99.0, Win Bonus=0.0
[2026-05-06 00:31:07] SCORE pB (gray0): Final=188.7, Time=86.7, Moves(7)=0.0, Pins(0)=0.0, Dist=102.0, Win Bonus=0.0
[2026-05-06 00:31:09] MOVE 16: pB (gray0) 98->99 [0.00ms]
[2026-05-06 00:31:09] SCORE pA (lawn green): Final=185.0, Time=86.0, Moves(8)=0.0, Pins(0)=0.0, Dist=99.0, Win Bonus=0.0
[2026-05-06 00:31:09] SCORE pB (gray0): Final=188.4, Time=85.4, Moves(8)=0.0, Pins(0)=0.0, Dist=103.0, Win Bonus=0.0
[2026-05-06 00:31:10] MOVE 17: pA (lawn green) 42->53 [0.00ms]
[2026-05-06 00:31:10] SCORE pA (lawn green): Final=183.7, Time=84.7, Moves(9)=0.0, Pins(0)=0.0, Dist=99.0, Win Bonus=0.0
[2026-05-06 00:31:10] SCORE pB (gray0): Final=188.4, Time=85.4, Moves(8)=0.0, Pins(0)=0.0, Dist=103.0, Win Bonus=0.0
[2026-05-06 00:31:11] MOVE 18: pB (gray0) 100->98 [0.00ms]
[2026-05-06 00:31:11] SCORE pA (lawn green): Final=183.7, Time=84.7, Moves(9)=0.0, Pins(0)=0.0, Dist=99.0, Win Bonus=0.0
[2026-05-06 00:31:11] SCORE pB (gray0): Final=185.2, Time=84.2, Moves(9)=0.0, Pins(0)=0.0, Dist=101.0, Win Bonus=0.0
[2026-05-06 00:31:13] MOVE 19: pA (lawn green) 20->62 [0.00ms]
[2026-05-06 00:31:13] SCORE pA (lawn green): Final=186.4, Time=83.4, Moves(10)=0.0, Pins(0)=0.0, Dist=103.0, Win Bonus=0.0
[2026-05-06 00:31:13] SCORE pB (gray0): Final=185.2, Time=84.2, Moves(9)=0.0, Pins(0)=0.0, Dist=101.0, Win Bonus=0.0
[2026-05-06 00:31:15] MOVE 20: pB (gray0) 98->100 [0.00ms]
[2026-05-06 00:31:15] SCORE pA (lawn green): Final=186.4, Time=83.4, Moves(10)=0.0, Pins(0)=0.0, Dist=103.0, Win Bonus=0.0
[2026-05-06 00:31:15] SCORE pB (gray0): Final=185.0, Time=82.0, Moves(10)=0.0, Pins(0)=0.0, Dist=103.0, Win Bonus=0.0
[2026-05-06 00:31:16] MOVE 21: pA (lawn green) 55->64 [0.00ms]
[2026-05-06 00:31:16] SCORE pA (lawn green): Final=186.1, Time=82.1, Moves(11)=0.0, Pins(0)=0.0, Dist=104.0, Win Bonus=0.0
[2026-05-06 00:31:16] SCORE pB (gray0): Final=185.0, Time=82.0, Moves(10)=0.0, Pins(0)=0.0, Dist=103.0, Win Bonus=0.0
[2026-05-06 00:31:17] MOVE 22: pB (gray0) 65->76 [0.00ms]
[2026-05-06 00:31:17] SCORE pA (lawn green): Final=186.1, Time=82.1, Moves(11)=0.0, Pins(0)=0.0, Dist=104.0, Win Bonus=0.0
[2026-05-06 00:31:17] SCORE pB (gray0): Final=183.8, Time=80.8, Moves(11)=0.0, Pins(0)=0.0, Dist=103.0, Win Bonus=0.0
[2026-05-06 00:31:19] MOVE 23: pA (lawn green) 31->42 [0.00ms]
[2026-05-06 00:31:19] SCORE pA (lawn green): Final=185.7, Time=80.7, Moves(12)=0.0, Pins(0)=0.0, Dist=105.0, Win Bonus=0.0
[2026-05-06 00:31:19] SCORE pB (gray0): Final=183.8, Time=80.8, Moves(11)=0.0, Pins(0)=0.0, Dist=103.0, Win Bonus=0.0
[2026-05-06 00:31:20] MOVE 24: pB (gray0) 100->88 [0.00ms]
[2026-05-06 00:31:20] SCORE pA (lawn green): Final=185.7, Time=80.7, Moves(12)=0.0, Pins(0)=0.0, Dist=105.0, Win Bonus=0.0
[2026-05-06 00:31:20] SCORE pB (gray0): Final=183.6, Time=79.6, Moves(12)=0.0, Pins(0)=0.0, Dist=104.0, Win Bonus=0.0
[2026-05-06 00:31:21] MOVE 25: pA (lawn green) 53->63 [0.00ms]
[2026-05-06 00:31:21] SCORE pA (lawn green): Final=184.3, Time=79.3, Moves(13)=0.0, Pins(0)=0.0, Dist=105.0, Win Bonus=0.0
[2026-05-06 00:31:21] SCORE pB (gray0): Final=183.6, Time=79.6, Moves(12)=0.0, Pins(0)=0.0, Dist=104.0, Win Bonus=0.0
[2026-05-06 00:31:23] MOVE 26: pB (gray0) 66->65 [0.00ms]
[2026-05-06 00:31:23] SCORE pA (lawn green): Final=184.3, Time=79.3, Moves(13)=0.0, Pins(0)=0.0, Dist=105.0, Win Bonus=0.0
[2026-05-06 00:31:23] SCORE pB (gray0): Final=180.4, Time=77.4, Moves(13)=0.0, Pins(0)=0.0, Dist=103.0, Win Bonus=0.0
[2026-05-06 00:31:26] MOVE 27: pA (lawn green) 64->41 [0.00ms]
[2026-05-06 00:31:26] SCORE pA (lawn green): Final=183.9, Time=76.9, Moves(14)=0.0, Pins(0)=0.0, Dist=107.0, Win Bonus=0.0
[2026-05-06 00:31:26] SCORE pB (gray0): Final=180.4, Time=77.4, Moves(13)=0.0, Pins(0)=0.0, Dist=103.0, Win Bonus=0.0
[2026-05-06 00:31:28] MOVE 28: pB (gray0) 101->102 [0.00ms]
[2026-05-06 00:31:28] SCORE pA (lawn green): Final=183.9, Time=76.9, Moves(14)=0.0, Pins(0)=0.0, Dist=107.0, Win Bonus=0.0
[2026-05-06 00:31:28] SCORE pB (gray0): Final=179.2, Time=75.2, Moves(14)=0.0, Pins(0)=0.0, Dist=104.0, Win Bonus=0.0
[2026-05-06 00:31:30] MOVE 29: pA (lawn green) 63->64 [0.01ms]
[2026-05-06 00:31:30] SCORE pA (lawn green): Final=180.5, Time=74.5, Moves(15)=0.0, Pins(0)=0.0, Dist=106.0, Win Bonus=0.0
[2026-05-06 00:31:30] SCORE pB (gray0): Final=179.2, Time=75.2, Moves(14)=0.0, Pins(0)=0.0, Dist=104.0, Win Bonus=0.0
[2026-05-06 00:31:32] MOVE 30: pB (gray0) 75->87 [0.00ms]
[2026-05-06 00:31:32] SCORE pA (lawn green): Final=180.5, Time=74.5, Moves(15)=0.0, Pins(0)=0.0, Dist=106.0, Win Bonus=0.0
[2026-05-06 00:31:32] SCORE pB (gray0): Final=178.0, Time=74.0, Moves(15)=0.0, Pins(0)=0.0, Dist=104.0, Win Bonus=0.0
[2026-05-06 00:31:34] MOVE 31: pA (lawn green) 64->63 [0.00ms]
[2026-05-06 00:31:34] SCORE pA (lawn green): Final=179.1, Time=72.1, Moves(16)=0.0, Pins(0)=0.0, Dist=107.0, Win Bonus=0.0
[2026-05-06 00:31:34] SCORE pB (gray0): Final=178.0, Time=74.0, Moves(15)=0.0, Pins(0)=0.0, Dist=104.0, Win Bonus=0.0
[2026-05-06 00:31:35] MOVE 32: pB (gray0) 77->98 [0.00ms]
[2026-05-06 00:31:35] SCORE pA (lawn green): Final=179.1, Time=72.1, Moves(16)=0.0, Pins(0)=0.0, Dist=107.0, Win Bonus=0.0
[2026-05-06 00:31:35] SCORE pB (gray0): Final=172.8, Time=72.8, Moves(16)=0.0, Pins(0)=0.0, Dist=100.0, Win Bonus=0.0
[2026-05-06 00:31:38] MOVE 33: pA (lawn green) 21->20 [0.00ms]
[2026-05-06 00:31:38] SCORE pA (lawn green): Final=177.8, Time=69.8, Moves(17)=0.0, Pins(0)=0.0, Dist=108.0, Win Bonus=0.0
[2026-05-06 00:31:38] SCORE pB (gray0): Final=172.8, Time=72.8, Moves(16)=0.0, Pins(0)=0.0, Dist=100.0, Win Bonus=0.0
[2026-05-06 00:31:40] MOVE 34: pB (gray0) 76->77 [0.00ms]
[2026-05-06 00:31:40] SCORE pA (lawn green): Final=177.8, Time=69.8, Moves(17)=0.0, Pins(0)=0.0, Dist=108.0, Win Bonus=0.0
[2026-05-06 00:31:40] SCORE pB (gray0): Final=171.6, Time=70.6, Moves(17)=0.0, Pins(0)=0.0, Dist=101.0, Win Bonus=0.0
[2026-05-06 00:31:40] SCORE pA (lawn green): Final=177.8, Time=69.8, Moves(17)=0.0, Pins(0)=0.0, Dist=108.0, Win Bonus=0.0
[2026-05-06 00:31:40] SCORE pB (gray0): Final=171.6, Time=70.6, Moves(17)=0.0, Pins(0)=0.0, Dist=101.0, Win Bonus=0.0
[2026-05-06 00:31:40] GAME TIME LIMIT REACHED.
[2026-05-06 00:31:40] SCORE pA (lawn green): Final=177.8, Time=69.8, Moves(17)=0.0, Pins(0)=0.0, Dist=108.0, Win Bonus=0.0
[2026-05-06 00:31:40] SCORE pB (gray0): Final=171.6, Time=70.6, Moves(17)=0.0, Pins(0)=0.0, Dist=101.0, Win Bonus=0.0
[2026-05-06 00:31:40] GAME TIME LIMIT REACHED.
