[2026-05-07 09:58:02] GAME CREATED
[2026-05-07 10:04:17] PLAYER JOINED: pC as red
[2026-05-07 10:04:47] PLAYER JOINED: pD as blue
[2026-05-07 10:04:47] PLAYER START: pC (red)
[2026-05-07 10:04:47] PLAYER START: pD (blue)
[2026-05-07 10:04:47] GAME START — turn order ['red', 'blue']
[2026-05-07 10:04:47] PLAYER START: pC (red)
[2026-05-07 10:04:47] PLAYER START: pD (blue)
[2026-05-07 10:04:49] MOVE 1: pC (red) 114->105 [0.01ms]
[2026-05-07 10:04:49] SCORE pC (red): Final=188.6, Time=97.6, Moves(1)=0.0, Pins(0)=0.0, Dist=91.0, Win Bonus=0.0
[2026-05-07 10:04:49] SCORE pD (blue): Final=0.0, Time=0.0, Moves(0)=0.0, Pins(0)=0.0, Dist=0.0, Win Bonus=0.0
[2026-05-07 10:04:51] MOVE 2: pD (blue) 8->17 [0.01ms]
[2026-05-07 10:04:51] SCORE pC (red): Final=188.6, Time=97.6, Moves(1)=0.0, Pins(0)=0.0, Dist=91.0, Win Bonus=0.0
[2026-05-07 10:04:51] SCORE pD (blue): Final=188.8, Time=97.8, Moves(1)=0.0, Pins(0)=0.0, Dist=91.0, Win Bonus=0.0
[2026-05-07 10:04:54] MOVE 3: pC (red) 119->114 [0.01ms]
[2026-05-07 10:04:54] SCORE pC (red): Final=188.2, Time=95.2, Moves(2)=0.0, Pins(0)=0.0, Dist=93.0, Win Bonus=0.0
[2026-05-07 10:04:54] SCORE pD (blue): Final=188.8, Time=97.8, Moves(1)=0.0, Pins(0)=0.0, Dist=91.0, Win Bonus=0.0
[2026-05-07 10:04:56] MOVE 4: pD (blue) 5->16 [0.01ms]
[2026-05-07 10:04:56] SCORE pC (red): Final=188.2, Time=95.2, Moves(2)=0.0, Pins(0)=0.0, Dist=93.0, Win Bonus=0.0
[2026-05-07 10:04:56] SCORE pD (blue): Final=188.6, Time=95.6, Moves(2)=0.0, Pins(0)=0.0, Dist=93.0, Win Bonus=0.0
[2026-05-07 10:04:58] MOVE 5: pC (red) 114->106 [0.01ms]
[2026-05-07 10:04:58] SCORE pC (red): Final=186.7, Time=92.7, Moves(3)=0.0, Pins(0)=0.0, Dist=94.0, Win Bonus=0.0
[2026-05-07 10:04:58] SCORE pD (blue): Final=188.6, Time=95.6, Moves(2)=0.0, Pins(0)=0.0, Dist=93.0, Win Bonus=0.0
[2026-05-07 10:05:00] MOVE 6: pD (blue) 6->28 [0.06ms]
[2026-05-07 10:05:00] SCORE pC (red): Final=186.7, Time=92.7, Moves(3)=0.0, Pins(0)=0.0, Dist=94.0, Win Bonus=0.0
[2026-05-07 10:05:00] SCORE pD (blue): Final=189.4, Time=94.4, Moves(3)=0.0, Pins(0)=0.0, Dist=95.0, Win Bonus=0.0
[2026-05-07 10:05:02] MOVE 7: pC (red) 120->119 [0.01ms]
[2026-05-07 10:05:02] SCORE pC (red): Final=185.3, Time=90.3, Moves(4)=0.0, Pins(0)=0.0, Dist=95.0, Win Bonus=0.0
[2026-05-07 10:05:02] SCORE pD (blue): Final=189.4, Time=94.4, Moves(3)=0.0, Pins(0)=0.0, Dist=95.0, Win Bonus=0.0
[2026-05-07 10:05:04] MOVE 8: pD (blue) 4->5 [0.01ms]
[2026-05-07 10:05:04] SCORE pC (red): Final=185.3, Time=90.3, Moves(4)=0.0, Pins(0)=0.0, Dist=95.0, Win Bonus=0.0
[2026-05-07 10:05:04] SCORE pD (blue): Final=187.2, Time=92.2, Moves(4)=0.0, Pins(0)=0.0, Dist=95.0, Win Bonus=0.0
[2026-05-07 10:05:06] MOVE 9: pC (red) 105->114 [0.01ms]
[2026-05-07 10:05:06] SCORE pC (red): Final=182.9, Time=88.9, Moves(5)=0.0, Pins(0)=0.0, Dist=94.0, Win Bonus=0.0
[2026-05-07 10:05:06] SCORE pD (blue): Final=187.2, Time=92.2, Moves(4)=0.0, Pins(0)=0.0, Dist=95.0, Win Bonus=0.0
[2026-05-07 10:05:07] MOVE 10: pD (blue) 3->4 [0.01ms]
[2026-05-07 10:05:07] SCORE pC (red): Final=182.9, Time=88.9, Moves(5)=0.0, Pins(0)=0.0, Dist=94.0, Win Bonus=0.0
[2026-05-07 10:05:07] SCORE pD (blue): Final=186.1, Time=91.1, Moves(5)=0.0, Pins(0)=0.0, Dist=95.0, Win Bonus=0.0
[2026-05-07 10:05:08] MOVE 11: pC (red) 111->103 [0.01ms]
[2026-05-07 10:05:08] SCORE pC (red): Final=182.5, Time=87.5, Moves(6)=0.0, Pins(0)=0.0, Dist=95.0, Win Bonus=0.0
[2026-05-07 10:05:08] SCORE pD (blue): Final=186.1, Time=91.1, Moves(5)=0.0, Pins(0)=0.0, Dist=95.0, Win Bonus=0.0
[2026-05-07 10:05:09] MOVE 12: pD (blue) 16->39 [0.01ms]
[2026-05-07 10:05:09] SCORE pC (red): Final=182.5, Time=87.5, Moves(6)=0.0, Pins(0)=0.0, Dist=95.0, Win Bonus=0.0
[2026-05-07 10:05:09] SCORE pD (blue): Final=186.9, Time=89.9, Moves(6)=0.0, Pins(0)=0.0, Dist=97.0, Win Bonus=0.0
[2026-05-07 10:05:12] MOVE 13: pC (red) 118->111 [0.01ms]
[2026-05-07 10:05:12] SCORE pC (red): Final=182.1, Time=85.1, Moves(7)=0.0, Pins(0)=0.0, Dist=97.0, Win Bonus=0.0
[2026-05-07 10:05:12] SCORE pD (blue): Final=186.9, Time=89.9, Moves(6)=0.0, Pins(0)=0.0, Dist=97.0, Win Bonus=0.0
[2026-05-07 10:05:13] MOVE 14: pD (blue) 28->29 [0.01ms]
[2026-05-07 10:05:13] SCORE pC (red): Final=182.1, Time=85.1, Moves(7)=0.0, Pins(0)=0.0, Dist=97.0, Win Bonus=0.0
[2026-05-07 10:05:13] SCORE pD (blue): Final=185.7, Time=88.7, Moves(7)=0.0, Pins(0)=0.0, Dist=97.0, Win Bonus=0.0
[2026-05-07 10:05:15] MOVE 15: pC (red) 103->104 [0.01ms]
[2026-05-07 10:05:15] SCORE pC (red): Final=179.7, Time=82.7, Moves(8)=0.0, Pins(0)=0.0, Dist=97.0, Win Bonus=0.0
[2026-05-07 10:05:15] SCORE pD (blue): Final=185.7, Time=88.7, Moves(7)=0.0, Pins(0)=0.0, Dist=97.0, Win Bonus=0.0
[2026-05-07 10:05:17] MOVE 16: pD (blue) 9->8 [0.01ms]
[2026-05-07 10:05:17] SCORE pC (red): Final=179.7, Time=82.7, Moves(8)=0.0, Pins(0)=0.0, Dist=97.0, Win Bonus=0.0
[2026-05-07 10:05:17] SCORE pD (blue): Final=184.5, Time=87.5, Moves(8)=0.0, Pins(0)=0.0, Dist=97.0, Win Bonus=0.0
[2026-05-07 10:05:18] MOVE 17: pC (red) 112->92 [0.01ms]
[2026-05-07 10:05:18] SCORE pC (red): Final=180.3, Time=81.3, Moves(9)=0.0, Pins(0)=0.0, Dist=99.0, Win Bonus=0.0
[2026-05-07 10:05:18] SCORE pD (blue): Final=184.5, Time=87.5, Moves(8)=0.0, Pins(0)=0.0, Dist=97.0, Win Bonus=0.0
[2026-05-07 10:05:19] MOVE 18: pD (blue) 39->28 [0.01ms]
[2026-05-07 10:05:19] SCORE pC (red): Final=180.3, Time=81.3, Moves(9)=0.0, Pins(0)=0.0, Dist=99.0, Win Bonus=0.0
[2026-05-07 10:05:19] SCORE pD (blue): Final=182.3, Time=86.3, Moves(9)=0.0, Pins(0)=0.0, Dist=96.0, Win Bonus=0.0
[2026-05-07 10:05:21] MOVE 19: pC (red) 119->112 [0.01ms]
[2026-05-07 10:05:21] SCORE pC (red): Final=180.9, Time=79.9, Moves(10)=0.0, Pins(0)=0.0, Dist=101.0, Win Bonus=0.0
[2026-05-07 10:05:21] SCORE pD (blue): Final=182.3, Time=86.3, Moves(9)=0.0, Pins(0)=0.0, Dist=96.0, Win Bonus=0.0
[2026-05-07 10:05:22] MOVE 20: pD (blue) 28->15 [0.01ms]
[2026-05-07 10:05:22] SCORE pC (red): Final=180.9, Time=79.9, Moves(10)=0.0, Pins(0)=0.0, Dist=101.0, Win Bonus=0.0
[2026-05-07 10:05:22] SCORE pD (blue): Final=180.1, Time=85.1, Moves(10)=0.0, Pins(0)=0.0, Dist=95.0, Win Bonus=0.0
[2026-05-07 10:05:24] MOVE 21: pC (red) 106->105 [0.01ms]
[2026-05-07 10:05:24] SCORE pC (red): Final=178.6, Time=77.6, Moves(11)=0.0, Pins(0)=0.0, Dist=101.0, Win Bonus=0.0
[2026-05-07 10:05:24] SCORE pD (blue): Final=180.1, Time=85.1, Moves(10)=0.0, Pins(0)=0.0, Dist=95.0, Win Bonus=0.0
[2026-05-07 10:05:25] MOVE 22: pD (blue) 29->41 [0.01ms]
[2026-05-07 10:05:25] SCORE pC (red): Final=178.6, Time=77.6, Moves(11)=0.0, Pins(0)=0.0, Dist=101.0, Win Bonus=0.0
[2026-05-07 10:05:25] SCORE pD (blue): Final=179.9, Time=83.9, Moves(11)=0.0, Pins(0)=0.0, Dist=96.0, Win Bonus=0.0
[2026-05-07 10:05:27] MOVE 23: pC (red) 116->103 [0.01ms]
[2026-05-07 10:05:27] SCORE pC (red): Final=179.2, Time=76.2, Moves(12)=0.0, Pins(0)=0.0, Dist=103.0, Win Bonus=0.0
[2026-05-07 10:05:27] SCORE pD (blue): Final=179.9, Time=83.9, Moves(11)=0.0, Pins(0)=0.0, Dist=96.0, Win Bonus=0.0
[2026-05-07 10:05:29] MOVE 24: pD (blue) 41->30 [0.01ms]
[2026-05-07 10:05:29] SCORE pC (red): Final=179.2, Time=76.2, Moves(12)=0.0, Pins(0)=0.0, Dist=103.0, Win Bonus=0.0
[2026-05-07 10:05:29] SCORE pD (blue): Final=176.7, Time=81.7, Moves(12)=0.0, Pins(0)=0.0, Dist=95.0, Win Bonus=0.0
[2026-05-07 10:05:30] MOVE 25: pC (red) 115->116 [0.01ms]
[2026-05-07 10:05:30] SCORE pC (red): Final=177.8, Time=74.8, Moves(13)=0.0, Pins(0)=0.0, Dist=103.0, Win Bonus=0.0
[2026-05-07 10:05:30] SCORE pD (blue): Final=176.7, Time=81.7, Moves(12)=0.0, Pins(0)=0.0, Dist=95.0, Win Bonus=0.0
[2026-05-07 10:05:31] MOVE 26: pD (blue) 7->6 [0.01ms]
[2026-05-07 10:05:31] SCORE pC (red): Final=177.8, Time=74.8, Moves(13)=0.0, Pins(0)=0.0, Dist=103.0, Win Bonus=0.0
[2026-05-07 10:05:31] SCORE pD (blue): Final=175.5, Time=80.5, Moves(13)=0.0, Pins(0)=0.0, Dist=95.0, Win Bonus=0.0
[2026-05-07 10:05:33] MOVE 27: pC (red) 105->106 [0.01ms]
[2026-05-07 10:05:33] SCORE pC (red): Final=176.3, Time=73.3, Moves(14)=0.0, Pins(0)=0.0, Dist=103.0, Win Bonus=0.0
[2026-05-07 10:05:33] SCORE pD (blue): Final=175.5, Time=80.5, Moves(13)=0.0, Pins(0)=0.0, Dist=95.0, Win Bonus=0.0
[2026-05-07 10:05:35] MOVE 28: pD (blue) 0->41 [0.01ms]
[2026-05-07 10:05:35] SCORE pC (red): Final=176.3, Time=73.3, Moves(14)=0.0, Pins(0)=0.0, Dist=103.0, Win Bonus=0.0
[2026-05-07 10:05:35] SCORE pD (blue): Final=179.4, Time=78.4, Moves(14)=0.0, Pins(0)=0.0, Dist=101.0, Win Bonus=0.0
[2026-05-07 10:05:37] MOVE 29: pC (red) 103->91 [0.01ms]
[2026-05-07 10:05:37] SCORE pC (red): Final=175.8, Time=71.8, Moves(15)=0.0, Pins(0)=0.0, Dist=104.0, Win Bonus=0.0
[2026-05-07 10:05:37] SCORE pD (blue): Final=179.4, Time=78.4, Moves(14)=0.0, Pins(0)=0.0, Dist=101.0, Win Bonus=0.0
[2026-05-07 10:05:39] MOVE 30: pD (blue) 4->3 [0.01ms]
[2026-05-07 10:05:39] SCORE pC (red): Final=175.8, Time=71.8, Moves(15)=0.0, Pins(0)=0.0, Dist=104.0, Win Bonus=0.0
[2026-05-07 10:05:39] SCORE pD (blue): Final=177.4, Time=76.4, Moves(15)=0.0, Pins(0)=0.0, Dist=101.0, Win Bonus=0.0
[2026-05-07 10:05:40] MOVE 31: pC (red) 104->105 [0.01ms]
[2026-05-07 10:05:40] SCORE pC (red): Final=174.8, Time=70.8, Moves(16)=0.0, Pins(0)=0.0, Dist=104.0, Win Bonus=0.0
[2026-05-07 10:05:40] SCORE pD (blue): Final=177.4, Time=76.4, Moves(15)=0.0, Pins(0)=0.0, Dist=101.0, Win Bonus=0.0
[2026-05-07 10:05:41] MOVE 32: pD (blue) 30->18 [0.01ms]
[2026-05-07 10:05:41] SCORE pC (red): Final=174.8, Time=70.8, Moves(16)=0.0, Pins(0)=0.0, Dist=104.0, Win Bonus=0.0
[2026-05-07 10:05:41] SCORE pD (blue): Final=174.8, Time=74.8, Moves(16)=0.0, Pins(0)=0.0, Dist=100.0, Win Bonus=0.0
[2026-05-07 10:05:43] MOVE 33: pC (red) 116->118 [0.01ms]
[2026-05-07 10:05:43] SCORE pC (red): Final=171.7, Time=68.7, Moves(17)=0.0, Pins(0)=0.0, Dist=103.0, Win Bonus=0.0
[2026-05-07 10:05:43] SCORE pD (blue): Final=174.8, Time=74.8, Moves(16)=0.0, Pins(0)=0.0, Dist=100.0, Win Bonus=0.0
[2026-05-07 10:05:44] MOVE 34: pD (blue) 5->9 [0.01ms]
[2026-05-07 10:05:44] SCORE pC (red): Final=171.7, Time=68.7, Moves(17)=0.0, Pins(0)=0.0, Dist=103.0, Win Bonus=0.0
[2026-05-07 10:05:44] SCORE pD (blue): Final=174.8, Time=73.8, Moves(17)=0.0, Pins(0)=0.0, Dist=101.0, Win Bonus=0.0
[2026-05-07 10:05:46] MOVE 35: pC (red) 114->119 [0.01ms]
[2026-05-07 10:05:46] SCORE pC (red): Final=168.2, Time=67.2, Moves(18)=0.0, Pins(0)=0.0, Dist=101.0, Win Bonus=0.0
[2026-05-07 10:05:46] SCORE pD (blue): Final=174.8, Time=73.8, Moves(17)=0.0, Pins(0)=0.0, Dist=101.0, Win Bonus=0.0
[2026-05-07 10:05:47] SCORE pC (red): Final=168.2, Time=67.2, Moves(18)=0.0, Pins(0)=0.0, Dist=101.0, Win Bonus=0.0
[2026-05-07 10:05:47] SCORE pD (blue): Final=174.8, Time=73.8, Moves(17)=0.0, Pins(0)=0.0, Dist=101.0, Win Bonus=0.0
[2026-05-07 10:05:47] GAME TIME LIMIT REACHED.
[2026-05-07 10:05:47] SCORE pC (red): Final=168.2, Time=67.2, Moves(18)=0.0, Pins(0)=0.0, Dist=101.0, Win Bonus=0.0
[2026-05-07 10:05:47] SCORE pD (blue): Final=174.8, Time=73.8, Moves(17)=0.0, Pins(0)=0.0, Dist=101.0, Win Bonus=0.0
[2026-05-07 10:05:47] GAME TIME LIMIT REACHED.
[2026-05-07 10:05:48] SCORE pC (red): Final=168.2, Time=67.2, Moves(18)=0.0, Pins(0)=0.0, Dist=101.0, Win Bonus=0.0
[2026-05-07 10:05:48] SCORE pD (blue): Final=174.8, Time=73.8, Moves(17)=0.0, Pins(0)=0.0, Dist=101.0, Win Bonus=0.0
[2026-05-07 10:05:48] GAME TIME LIMIT REACHED.
