[2026-05-07 11:01:56] GAME CREATED
[2026-05-07 11:02:08] PLAYER JOINED: C as red
[2026-05-07 11:02:12] PLAYER JOINED: J as blue
[2026-05-07 11:02:12] PLAYER START: C (red)
[2026-05-07 11:02:12] PLAYER START: J (blue)
[2026-05-07 11:02:12] GAME START — turn order ['red', 'blue']
[2026-05-07 11:02:12] PLAYER START: C (red)
[2026-05-07 11:02:12] PLAYER START: J (blue)
[2026-05-07 11:02:13] MOVE 1: C (red) 112->104 [0.01ms]
[2026-05-07 11:02:13] SCORE C (red): Final=189.4, Time=98.4, Moves(1)=0.0, Pins(0)=0.0, Dist=91.0, Win Bonus=0.0
[2026-05-07 11:02:13] SCORE J (blue): Final=0.0, Time=0.0, Moves(0)=0.0, Pins(0)=0.0, Dist=0.0, Win Bonus=0.0
[2026-05-07 11:02:14] MOVE 2: J (blue) 8->17 [0.01ms]
[2026-05-07 11:02:14] SCORE C (red): Final=189.4, Time=98.4, Moves(1)=0.0, Pins(0)=0.0, Dist=91.0, Win Bonus=0.0
[2026-05-07 11:02:14] SCORE J (blue): Final=190.0, Time=99.0, Moves(1)=0.0, Pins(0)=0.0, Dist=91.0, Win Bonus=0.0
[2026-05-07 11:02:17] MOVE 3: C (red) 119->92 [0.00ms]
[2026-05-07 11:02:17] SCORE C (red): Final=190.9, Time=95.9, Moves(2)=0.0, Pins(0)=0.0, Dist=95.0, Win Bonus=0.0
[2026-05-07 11:02:17] SCORE J (blue): Final=190.0, Time=99.0, Moves(1)=0.0, Pins(0)=0.0, Dist=91.0, Win Bonus=0.0
[2026-05-07 11:02:18] MOVE 4: J (blue) 3->16 [0.00ms]
[2026-05-07 11:02:18] SCORE C (red): Final=190.9, Time=95.9, Moves(2)=0.0, Pins(0)=0.0, Dist=95.0, Win Bonus=0.0
[2026-05-07 11:02:18] SCORE J (blue): Final=190.9, Time=97.9, Moves(2)=0.0, Pins(0)=0.0, Dist=93.0, Win Bonus=0.0
[2026-05-07 11:02:20] MOVE 5: C (red) 104->105 [0.00ms]
[2026-05-07 11:02:20] SCORE C (red): Final=189.5, Time=94.5, Moves(3)=0.0, Pins(0)=0.0, Dist=95.0, Win Bonus=0.0
[2026-05-07 11:02:20] SCORE J (blue): Final=190.9, Time=97.9, Moves(2)=0.0, Pins(0)=0.0, Dist=93.0, Win Bonus=0.0
[2026-05-07 11:02:21] MOVE 6: J (blue) 0->14 [0.00ms]
[2026-05-07 11:02:21] SCORE C (red): Final=189.5, Time=94.5, Moves(3)=0.0, Pins(0)=0.0, Dist=95.0, Win Bonus=0.0
[2026-05-07 11:02:21] SCORE J (blue): Final=193.8, Time=96.8, Moves(3)=0.0, Pins(0)=0.0, Dist=97.0, Win Bonus=0.0
[2026-05-07 11:02:22] MOVE 7: C (red) 118->119 [0.01ms]
[2026-05-07 11:02:22] SCORE C (red): Final=188.0, Time=93.0, Moves(4)=0.0, Pins(0)=0.0, Dist=95.0, Win Bonus=0.0
[2026-05-07 11:02:22] SCORE J (blue): Final=193.8, Time=96.8, Moves(3)=0.0, Pins(0)=0.0, Dist=97.0, Win Bonus=0.0
[2026-05-07 11:02:23] MOVE 8: J (blue) 4->3 [0.00ms]
[2026-05-07 11:02:23] SCORE C (red): Final=188.0, Time=93.0, Moves(4)=0.0, Pins(0)=0.0, Dist=95.0, Win Bonus=0.0
[2026-05-07 11:02:23] SCORE J (blue): Final=192.7, Time=95.7, Moves(4)=0.0, Pins(0)=0.0, Dist=97.0, Win Bonus=0.0
[2026-05-07 11:02:25] MOVE 9: C (red) 120->118 [0.00ms]
[2026-05-07 11:02:25] SCORE C (red): Final=187.5, Time=91.5, Moves(5)=0.0, Pins(0)=0.0, Dist=96.0, Win Bonus=0.0
[2026-05-07 11:02:25] SCORE J (blue): Final=192.7, Time=95.7, Moves(4)=0.0, Pins(0)=0.0, Dist=97.0, Win Bonus=0.0
[2026-05-07 11:02:27] MOVE 10: J (blue) 17->29 [0.00ms]
[2026-05-07 11:02:27] SCORE C (red): Final=187.5, Time=91.5, Moves(5)=0.0, Pins(0)=0.0, Dist=96.0, Win Bonus=0.0
[2026-05-07 11:02:27] SCORE J (blue): Final=191.6, Time=93.6, Moves(5)=0.0, Pins(0)=0.0, Dist=98.0, Win Bonus=0.0
[2026-05-07 11:02:28] MOVE 11: C (red) 111->103 [0.00ms]
[2026-05-07 11:02:28] SCORE C (red): Final=187.0, Time=90.0, Moves(6)=0.0, Pins(0)=0.0, Dist=97.0, Win Bonus=0.0
[2026-05-07 11:02:28] SCORE J (blue): Final=191.6, Time=93.6, Moves(5)=0.0, Pins(0)=0.0, Dist=98.0, Win Bonus=0.0
[2026-05-07 11:02:30] MOVE 12: J (blue) 29->41 [0.00ms]
[2026-05-07 11:02:30] SCORE C (red): Final=187.0, Time=90.0, Moves(6)=0.0, Pins(0)=0.0, Dist=97.0, Win Bonus=0.0
[2026-05-07 11:02:30] SCORE J (blue): Final=190.6, Time=91.6, Moves(6)=0.0, Pins(0)=0.0, Dist=99.0, Win Bonus=0.0
[2026-05-07 11:02:33] MOVE 13: C (red) 119->112 [0.00ms]
[2026-05-07 11:02:33] SCORE C (red): Final=186.5, Time=87.5, Moves(7)=0.0, Pins(0)=0.0, Dist=99.0, Win Bonus=0.0
[2026-05-07 11:02:33] SCORE J (blue): Final=190.6, Time=91.6, Moves(6)=0.0, Pins(0)=0.0, Dist=99.0, Win Bonus=0.0
[2026-05-07 11:02:35] MOVE 14: J (blue) 14->26 [0.00ms]
[2026-05-07 11:02:35] SCORE C (red): Final=186.5, Time=87.5, Moves(7)=0.0, Pins(0)=0.0, Dist=99.0, Win Bonus=0.0
[2026-05-07 11:02:35] SCORE J (blue): Final=189.6, Time=89.6, Moves(7)=0.0, Pins(0)=0.0, Dist=100.0, Win Bonus=0.0
[2026-05-07 11:02:37] MOVE 15: C (red) 103->104 [0.02ms]
[2026-05-07 11:02:37] SCORE C (red): Final=184.5, Time=85.5, Moves(8)=0.0, Pins(0)=0.0, Dist=99.0, Win Bonus=0.0
[2026-05-07 11:02:37] SCORE J (blue): Final=189.6, Time=89.6, Moves(7)=0.0, Pins(0)=0.0, Dist=100.0, Win Bonus=0.0
[2026-05-07 11:02:39] MOVE 16: J (blue) 6->14 [0.01ms]
[2026-05-07 11:02:39] SCORE C (red): Final=184.5, Time=85.5, Moves(8)=0.0, Pins(0)=0.0, Dist=99.0, Win Bonus=0.0
[2026-05-07 11:02:39] SCORE J (blue): Final=188.5, Time=87.5, Moves(8)=0.0, Pins(0)=0.0, Dist=101.0, Win Bonus=0.0
[2026-05-07 11:02:41] MOVE 17: C (red) 112->119 [0.00ms]
[2026-05-07 11:02:41] SCORE C (red): Final=180.0, Time=83.0, Moves(9)=0.0, Pins(0)=0.0, Dist=97.0, Win Bonus=0.0
[2026-05-07 11:02:41] SCORE J (blue): Final=188.5, Time=87.5, Moves(8)=0.0, Pins(0)=0.0, Dist=101.0, Win Bonus=0.0
[2026-05-07 11:02:42] MOVE 18: J (blue) 9->17 [0.00ms]
[2026-05-07 11:02:42] SCORE C (red): Final=180.0, Time=83.0, Moves(9)=0.0, Pins(0)=0.0, Dist=97.0, Win Bonus=0.0
[2026-05-07 11:02:42] SCORE J (blue): Final=188.4, Time=86.4, Moves(9)=0.0, Pins(0)=0.0, Dist=102.0, Win Bonus=0.0
[2026-05-07 11:02:45] MOVE 19: C (red) 105->93 [0.00ms]
[2026-05-07 11:02:45] SCORE C (red): Final=178.6, Time=80.6, Moves(10)=0.0, Pins(0)=0.0, Dist=98.0, Win Bonus=0.0
[2026-05-07 11:02:45] SCORE J (blue): Final=188.4, Time=86.4, Moves(9)=0.0, Pins(0)=0.0, Dist=102.0, Win Bonus=0.0
[2026-05-07 11:02:46] MOVE 20: J (blue) 5->0 [0.00ms]
[2026-05-07 11:02:46] SCORE C (red): Final=178.6, Time=80.6, Moves(10)=0.0, Pins(0)=0.0, Dist=98.0, Win Bonus=0.0
[2026-05-07 11:02:46] SCORE J (blue): Final=185.3, Time=85.3, Moves(10)=0.0, Pins(0)=0.0, Dist=100.0, Win Bonus=0.0
[2026-05-07 11:02:48] MOVE 21: C (red) 93->105 [0.00ms]
[2026-05-07 11:02:48] SCORE C (red): Final=175.2, Time=78.2, Moves(11)=0.0, Pins(0)=0.0, Dist=97.0, Win Bonus=0.0
[2026-05-07 11:02:48] SCORE J (blue): Final=185.3, Time=85.3, Moves(10)=0.0, Pins(0)=0.0, Dist=100.0, Win Bonus=0.0
[2026-05-07 11:02:50] MOVE 22: J (blue) 2->4 [0.00ms]
[2026-05-07 11:02:50] SCORE C (red): Final=175.2, Time=78.2, Moves(11)=0.0, Pins(0)=0.0, Dist=97.0, Win Bonus=0.0
[2026-05-07 11:02:50] SCORE J (blue): Final=185.1, Time=84.1, Moves(11)=0.0, Pins(0)=0.0, Dist=101.0, Win Bonus=0.0
[2026-05-07 11:02:51] MOVE 23: C (red) 113->93 [0.00ms]
[2026-05-07 11:02:51] SCORE C (red): Final=175.8, Time=76.8, Moves(12)=0.0, Pins(0)=0.0, Dist=99.0, Win Bonus=0.0
[2026-05-07 11:02:51] SCORE J (blue): Final=185.1, Time=84.1, Moves(11)=0.0, Pins(0)=0.0, Dist=101.0, Win Bonus=0.0
[2026-05-07 11:02:52] MOVE 24: J (blue) 17->29 [0.00ms]
[2026-05-07 11:02:52] SCORE C (red): Final=175.8, Time=76.8, Moves(12)=0.0, Pins(0)=0.0, Dist=99.0, Win Bonus=0.0
[2026-05-07 11:02:52] SCORE J (blue): Final=184.9, Time=82.9, Moves(12)=0.0, Pins(0)=0.0, Dist=102.0, Win Bonus=0.0
[2026-05-07 11:02:55] MOVE 25: C (red) 115->111 [0.00ms]
[2026-05-07 11:02:55] SCORE C (red): Final=174.5, Time=74.5, Moves(13)=0.0, Pins(0)=0.0, Dist=100.0, Win Bonus=0.0
[2026-05-07 11:02:55] SCORE J (blue): Final=184.9, Time=82.9, Moves(12)=0.0, Pins(0)=0.0, Dist=102.0, Win Bonus=0.0
[2026-05-07 11:02:56] MOVE 26: J (blue) 0->2 [0.00ms]
[2026-05-07 11:02:56] SCORE C (red): Final=174.5, Time=74.5, Moves(13)=0.0, Pins(0)=0.0, Dist=100.0, Win Bonus=0.0
[2026-05-07 11:02:56] SCORE J (blue): Final=184.7, Time=81.7, Moves(13)=0.0, Pins(0)=0.0, Dist=103.0, Win Bonus=0.0
[2026-05-07 11:02:58] MOVE 27: C (red) 117->102 [0.00ms]
[2026-05-07 11:02:58] SCORE C (red): Final=174.1, Time=72.1, Moves(14)=0.0, Pins(0)=0.0, Dist=102.0, Win Bonus=0.0
[2026-05-07 11:02:58] SCORE J (blue): Final=184.7, Time=81.7, Moves(13)=0.0, Pins(0)=0.0, Dist=103.0, Win Bonus=0.0
[2026-05-07 11:03:00] MOVE 28: J (blue) 4->42 [0.00ms]
[2026-05-07 11:03:00] SCORE C (red): Final=174.1, Time=72.1, Moves(14)=0.0, Pins(0)=0.0, Dist=102.0, Win Bonus=0.0
[2026-05-07 11:03:00] SCORE J (blue): Final=186.5, Time=79.5, Moves(14)=0.0, Pins(0)=0.0, Dist=107.0, Win Bonus=0.0
[2026-05-07 11:03:03] MOVE 29: C (red) 111->115 [0.00ms]
[2026-05-07 11:03:03] SCORE C (red): Final=170.8, Time=69.8, Moves(15)=0.0, Pins(0)=0.0, Dist=101.0, Win Bonus=0.0
[2026-05-07 11:03:03] SCORE J (blue): Final=186.5, Time=79.5, Moves(14)=0.0, Pins(0)=0.0, Dist=107.0, Win Bonus=0.0
[2026-05-07 11:03:05] MOVE 30: J (blue) 14->6 [0.01ms]
[2026-05-07 11:03:05] SCORE C (red): Final=170.8, Time=69.8, Moves(15)=0.0, Pins(0)=0.0, Dist=101.0, Win Bonus=0.0
[2026-05-07 11:03:05] SCORE J (blue): Final=183.2, Time=77.2, Moves(15)=0.0, Pins(0)=0.0, Dist=106.0, Win Bonus=0.0
[2026-05-07 11:03:07] MOVE 31: C (red) 105->80 [0.00ms]
[2026-05-07 11:03:07] SCORE C (red): Final=170.5, Time=67.5, Moves(16)=0.0, Pins(0)=0.0, Dist=103.0, Win Bonus=0.0
[2026-05-07 11:03:07] SCORE J (blue): Final=183.2, Time=77.2, Moves(15)=0.0, Pins(0)=0.0, Dist=106.0, Win Bonus=0.0
[2026-05-07 11:03:08] MOVE 32: J (blue) 3->4 [0.00ms]
[2026-05-07 11:03:08] SCORE C (red): Final=170.5, Time=67.5, Moves(16)=0.0, Pins(0)=0.0, Dist=103.0, Win Bonus=0.0
[2026-05-07 11:03:08] SCORE J (blue): Final=182.0, Time=76.0, Moves(16)=0.0, Pins(0)=0.0, Dist=106.0, Win Bonus=0.0
[2026-05-07 11:03:11] MOVE 33: C (red) 104->106 [0.00ms]
[2026-05-07 11:03:11] SCORE C (red): Final=168.2, Time=65.2, Moves(17)=0.0, Pins(0)=0.0, Dist=103.0, Win Bonus=0.0
[2026-05-07 11:03:11] SCORE J (blue): Final=182.0, Time=76.0, Moves(16)=0.0, Pins(0)=0.0, Dist=106.0, Win Bonus=0.0
[2026-05-07 11:03:12] SCORE C (red): Final=168.2, Time=65.2, Moves(17)=0.0, Pins(0)=0.0, Dist=103.0, Win Bonus=0.0
[2026-05-07 11:03:12] SCORE J (blue): Final=182.0, Time=76.0, Moves(16)=0.0, Pins(0)=0.0, Dist=106.0, Win Bonus=0.0
[2026-05-07 11:03:12] GAME TIME LIMIT REACHED.
[2026-05-07 11:03:13] SCORE C (red): Final=168.2, Time=65.2, Moves(17)=0.0, Pins(0)=0.0, Dist=103.0, Win Bonus=0.0
[2026-05-07 11:03:13] SCORE J (blue): Final=182.0, Time=76.0, Moves(16)=0.0, Pins(0)=0.0, Dist=106.0, Win Bonus=0.0
[2026-05-07 11:03:13] GAME TIME LIMIT REACHED.
[2026-05-07 11:03:14] SCORE C (red): Final=168.2, Time=65.2, Moves(17)=0.0, Pins(0)=0.0, Dist=103.0, Win Bonus=0.0
[2026-05-07 11:03:14] SCORE J (blue): Final=182.0, Time=76.0, Moves(16)=0.0, Pins(0)=0.0, Dist=106.0, Win Bonus=0.0
[2026-05-07 11:03:14] GAME TIME LIMIT REACHED.
