[2026-05-06 00:43:22] GAME CREATED
[2026-05-06 00:43:30] PLAYER JOINED: pA as red
[2026-05-06 00:43:49] PLAYER JOINED: pB as blue
[2026-05-06 00:43:49] PLAYER START: pA (red)
[2026-05-06 00:43:49] PLAYER START: pB (blue)
[2026-05-06 00:43:49] GAME START — turn order ['red', 'blue']
[2026-05-06 00:43:50] PLAYER START: pA (red)
[2026-05-06 00:43:50] PLAYER START: pB (blue)
[2026-05-06 00:43:51] MOVE 1: pA (red) 111->102 [0.01ms]
[2026-05-06 00:43:51] SCORE pA (red): Final=189.8, Time=98.8, Moves(1)=0.0, Pins(0)=0.0, Dist=91.0, Win Bonus=0.0
[2026-05-06 00:43:51] SCORE pB (blue): Final=0.0, Time=0.0, Moves(0)=0.0, Pins(0)=0.0, Dist=0.0, Win Bonus=0.0
[2026-05-06 00:43:52] MOVE 2: pB (blue) 9->18 [0.01ms]
[2026-05-06 00:43:52] SCORE pA (red): Final=189.8, Time=98.8, Moves(1)=0.0, Pins(0)=0.0, Dist=91.0, Win Bonus=0.0
[2026-05-06 00:43:52] SCORE pB (blue): Final=189.6, Time=98.6, Moves(1)=0.0, Pins(0)=0.0, Dist=91.0, Win Bonus=0.0
[2026-05-06 00:43:53] MOVE 3: pA (red) 117->104 [0.00ms]
[2026-05-06 00:43:53] SCORE pA (red): Final=190.7, Time=97.7, Moves(2)=0.0, Pins(0)=0.0, Dist=93.0, Win Bonus=0.0
[2026-05-06 00:43:53] SCORE pB (blue): Final=189.6, Time=98.6, Moves(1)=0.0, Pins(0)=0.0, Dist=91.0, Win Bonus=0.0
[2026-05-06 00:43:55] MOVE 4: pB (blue) 3->14 [0.01ms]
[2026-05-06 00:43:55] SCORE pA (red): Final=190.7, Time=97.7, Moves(2)=0.0, Pins(0)=0.0, Dist=93.0, Win Bonus=0.0
[2026-05-06 00:43:55] SCORE pB (blue): Final=190.2, Time=97.2, Moves(2)=0.0, Pins(0)=0.0, Dist=93.0, Win Bonus=0.0
[2026-05-06 00:43:56] MOVE 5: pA (red) 112->92 [0.00ms]
[2026-05-06 00:43:56] SCORE pA (red): Final=191.6, Time=96.6, Moves(3)=0.0, Pins(0)=0.0, Dist=95.0, Win Bonus=0.0
[2026-05-06 00:43:56] SCORE pB (blue): Final=190.2, Time=97.2, Moves(2)=0.0, Pins(0)=0.0, Dist=93.0, Win Bonus=0.0
[2026-05-06 00:43:58] MOVE 6: pB (blue) 1->3 [0.00ms]
[2026-05-06 00:43:58] SCORE pA (red): Final=191.6, Time=96.6, Moves(3)=0.0, Pins(0)=0.0, Dist=95.0, Win Bonus=0.0
[2026-05-06 00:43:58] SCORE pB (blue): Final=188.7, Time=94.7, Moves(3)=0.0, Pins(0)=0.0, Dist=94.0, Win Bonus=0.0
[2026-05-06 00:44:00] MOVE 7: pA (red) 114->105 [0.00ms]
[2026-05-06 00:44:00] SCORE pA (red): Final=190.5, Time=94.5, Moves(4)=0.0, Pins(0)=0.0, Dist=96.0, Win Bonus=0.0
[2026-05-06 00:44:00] SCORE pB (blue): Final=188.7, Time=94.7, Moves(3)=0.0, Pins(0)=0.0, Dist=94.0, Win Bonus=0.0
[2026-05-06 00:44:02] MOVE 8: pB (blue) 6->1 [0.00ms]
[2026-05-06 00:44:02] SCORE pA (red): Final=190.5, Time=94.5, Moves(4)=0.0, Pins(0)=0.0, Dist=96.0, Win Bonus=0.0
[2026-05-06 00:44:02] SCORE pB (blue): Final=185.2, Time=93.2, Moves(4)=0.0, Pins(0)=0.0, Dist=92.0, Win Bonus=0.0
[2026-05-06 00:44:03] MOVE 9: pA (red) 115->111 [0.00ms]
[2026-05-06 00:44:03] SCORE pA (red): Final=190.4, Time=93.4, Moves(5)=0.0, Pins(0)=0.0, Dist=97.0, Win Bonus=0.0
[2026-05-06 00:44:03] SCORE pB (blue): Final=185.2, Time=93.2, Moves(4)=0.0, Pins(0)=0.0, Dist=92.0, Win Bonus=0.0
[2026-05-06 00:44:05] MOVE 10: pB (blue) 2->31 [0.00ms]
[2026-05-06 00:44:05] SCORE pA (red): Final=190.4, Time=93.4, Moves(5)=0.0, Pins(0)=0.0, Dist=97.0, Win Bonus=0.0
[2026-05-06 00:44:05] SCORE pB (blue): Final=186.7, Time=90.7, Moves(5)=0.0, Pins(0)=0.0, Dist=96.0, Win Bonus=0.0
[2026-05-06 00:44:06] MOVE 11: pA (red) 111->115 [0.00ms]
[2026-05-06 00:44:06] SCORE pA (red): Final=188.3, Time=92.3, Moves(6)=0.0, Pins(0)=0.0, Dist=96.0, Win Bonus=0.0
[2026-05-06 00:44:06] SCORE pB (blue): Final=186.7, Time=90.7, Moves(5)=0.0, Pins(0)=0.0, Dist=96.0, Win Bonus=0.0
[2026-05-06 00:44:08] MOVE 12: pB (blue) 8->9 [0.00ms]
[2026-05-06 00:44:08] SCORE pA (red): Final=188.3, Time=92.3, Moves(6)=0.0, Pins(0)=0.0, Dist=96.0, Win Bonus=0.0
[2026-05-06 00:44:08] SCORE pB (blue): Final=185.3, Time=89.3, Moves(6)=0.0, Pins(0)=0.0, Dist=96.0, Win Bonus=0.0
[2026-05-06 00:44:10] MOVE 13: pA (red) 118->89 [0.00ms]
[2026-05-06 00:44:10] SCORE pA (red): Final=190.3, Time=90.3, Moves(7)=0.0, Pins(0)=0.0, Dist=100.0, Win Bonus=0.0
[2026-05-06 00:44:10] SCORE pB (blue): Final=185.3, Time=89.3, Moves(6)=0.0, Pins(0)=0.0, Dist=96.0, Win Bonus=0.0
[2026-05-06 00:44:11] MOVE 14: pB (blue) 5->8 [0.00ms]
[2026-05-06 00:44:11] SCORE pA (red): Final=190.3, Time=90.3, Moves(7)=0.0, Pins(0)=0.0, Dist=100.0, Win Bonus=0.0
[2026-05-06 00:44:11] SCORE pB (blue): Final=184.8, Time=87.8, Moves(7)=0.0, Pins(0)=0.0, Dist=97.0, Win Bonus=0.0
[2026-05-06 00:44:12] MOVE 15: pA (red) 105->78 [0.00ms]
[2026-05-06 00:44:12] SCORE pA (red): Final=191.2, Time=89.2, Moves(8)=0.0, Pins(0)=0.0, Dist=102.0, Win Bonus=0.0
[2026-05-06 00:44:12] SCORE pB (blue): Final=184.8, Time=87.8, Moves(7)=0.0, Pins(0)=0.0, Dist=97.0, Win Bonus=0.0
[2026-05-06 00:44:14] MOVE 16: pB (blue) 9->5 [0.00ms]
[2026-05-06 00:44:14] SCORE pA (red): Final=191.2, Time=89.2, Moves(8)=0.0, Pins(0)=0.0, Dist=102.0, Win Bonus=0.0
[2026-05-06 00:44:14] SCORE pB (blue): Final=182.3, Time=86.3, Moves(8)=0.0, Pins(0)=0.0, Dist=96.0, Win Bonus=0.0
[2026-05-06 00:44:15] MOVE 17: pA (red) 89->118 [0.00ms]
[2026-05-06 00:44:15] SCORE pA (red): Final=186.1, Time=88.1, Moves(9)=0.0, Pins(0)=0.0, Dist=98.0, Win Bonus=0.0
[2026-05-06 00:44:15] SCORE pB (blue): Final=182.3, Time=86.3, Moves(8)=0.0, Pins(0)=0.0, Dist=96.0, Win Bonus=0.0
[2026-05-06 00:44:17] MOVE 18: pB (blue) 7->9 [0.00ms]
[2026-05-06 00:44:17] SCORE pA (red): Final=186.1, Time=88.1, Moves(9)=0.0, Pins(0)=0.0, Dist=98.0, Win Bonus=0.0
[2026-05-06 00:44:17] SCORE pB (blue): Final=180.9, Time=84.9, Moves(9)=0.0, Pins(0)=0.0, Dist=96.0, Win Bonus=0.0
[2026-05-06 00:44:18] MOVE 19: pA (red) 104->112 [0.00ms]
[2026-05-06 00:44:18] SCORE pA (red): Final=184.0, Time=87.0, Moves(10)=0.0, Pins(0)=0.0, Dist=97.0, Win Bonus=0.0
[2026-05-06 00:44:18] SCORE pB (blue): Final=180.9, Time=84.9, Moves(9)=0.0, Pins(0)=0.0, Dist=96.0, Win Bonus=0.0
[2026-05-06 00:44:19] MOVE 20: pB (blue) 4->17 [0.01ms]
[2026-05-06 00:44:19] SCORE pA (red): Final=184.0, Time=87.0, Moves(10)=0.0, Pins(0)=0.0, Dist=97.0, Win Bonus=0.0
[2026-05-06 00:44:19] SCORE pB (blue): Final=181.4, Time=83.4, Moves(10)=0.0, Pins(0)=0.0, Dist=98.0, Win Bonus=0.0
[2026-05-06 00:44:20] MOVE 21: pA (red) 115->117 [0.00ms]
[2026-05-06 00:44:20] SCORE pA (red): Final=182.9, Time=85.9, Moves(11)=0.0, Pins(0)=0.0, Dist=97.0, Win Bonus=0.0
[2026-05-06 00:44:20] SCORE pB (blue): Final=181.4, Time=83.4, Moves(10)=0.0, Pins(0)=0.0, Dist=98.0, Win Bonus=0.0
[2026-05-06 00:44:22] MOVE 22: pB (blue) 18->19 [0.00ms]
[2026-05-06 00:44:22] SCORE pA (red): Final=182.9, Time=85.9, Moves(11)=0.0, Pins(0)=0.0, Dist=97.0, Win Bonus=0.0
[2026-05-06 00:44:22] SCORE pB (blue): Final=179.9, Time=81.9, Moves(11)=0.0, Pins(0)=0.0, Dist=98.0, Win Bonus=0.0
[2026-05-06 00:44:24] MOVE 23: pA (red) 92->80 [0.00ms]
[2026-05-06 00:44:24] SCORE pA (red): Final=181.9, Time=83.9, Moves(12)=0.0, Pins(0)=0.0, Dist=98.0, Win Bonus=0.0
[2026-05-06 00:44:24] SCORE pB (blue): Final=179.9, Time=81.9, Moves(11)=0.0, Pins(0)=0.0, Dist=98.0, Win Bonus=0.0
[2026-05-06 00:44:26] MOVE 24: pB (blue) 5->43 [0.00ms]
[2026-05-06 00:44:26] SCORE pA (red): Final=181.9, Time=83.9, Moves(12)=0.0, Pins(0)=0.0, Dist=98.0, Win Bonus=0.0
[2026-05-06 00:44:26] SCORE pB (blue): Final=181.8, Time=79.8, Moves(12)=0.0, Pins(0)=0.0, Dist=102.0, Win Bonus=0.0
[2026-05-06 00:44:27] MOVE 25: pA (red) 113->114 [0.00ms]
[2026-05-06 00:44:27] SCORE pA (red): Final=180.4, Time=82.4, Moves(13)=0.0, Pins(0)=0.0, Dist=98.0, Win Bonus=0.0
[2026-05-06 00:44:27] SCORE pB (blue): Final=181.8, Time=79.8, Moves(12)=0.0, Pins(0)=0.0, Dist=102.0, Win Bonus=0.0
[2026-05-06 00:44:28] MOVE 26: pB (blue) 9->29 [0.00ms]
[2026-05-06 00:44:28] SCORE pA (red): Final=180.4, Time=82.4, Moves(13)=0.0, Pins(0)=0.0, Dist=98.0, Win Bonus=0.0
[2026-05-06 00:44:28] SCORE pB (blue): Final=182.8, Time=78.8, Moves(13)=0.0, Pins(0)=0.0, Dist=104.0, Win Bonus=0.0
[2026-05-06 00:44:30] MOVE 27: pA (red) 114->106 [0.00ms]
[2026-05-06 00:44:30] SCORE pA (red): Final=179.3, Time=80.3, Moves(14)=0.0, Pins(0)=0.0, Dist=99.0, Win Bonus=0.0
[2026-05-06 00:44:30] SCORE pB (blue): Final=182.8, Time=78.8, Moves(13)=0.0, Pins(0)=0.0, Dist=104.0, Win Bonus=0.0
[2026-05-06 00:44:32] MOVE 28: pB (blue) 29->9 [0.00ms]
[2026-05-06 00:44:32] SCORE pA (red): Final=179.3, Time=80.3, Moves(14)=0.0, Pins(0)=0.0, Dist=99.0, Win Bonus=0.0
[2026-05-06 00:44:32] SCORE pB (blue): Final=178.7, Time=76.7, Moves(14)=0.0, Pins(0)=0.0, Dist=102.0, Win Bonus=0.0
[2026-05-06 00:44:34] MOVE 29: pA (red) 78->89 [0.00ms]
[2026-05-06 00:44:34] SCORE pA (red): Final=176.3, Time=78.3, Moves(15)=0.0, Pins(0)=0.0, Dist=98.0, Win Bonus=0.0
[2026-05-06 00:44:34] SCORE pB (blue): Final=178.7, Time=76.7, Moves(14)=0.0, Pins(0)=0.0, Dist=102.0, Win Bonus=0.0
[2026-05-06 00:44:36] MOVE 30: pB (blue) 0->2 [0.00ms]
[2026-05-06 00:44:36] SCORE pA (red): Final=176.3, Time=78.3, Moves(15)=0.0, Pins(0)=0.0, Dist=98.0, Win Bonus=0.0
[2026-05-06 00:44:36] SCORE pB (blue): Final=177.7, Time=74.7, Moves(15)=0.0, Pins(0)=0.0, Dist=103.0, Win Bonus=0.0
[2026-05-06 00:44:39] MOVE 31: pA (red) 102->111 [0.00ms]
[2026-05-06 00:44:39] SCORE pA (red): Final=173.3, Time=76.3, Moves(16)=0.0, Pins(0)=0.0, Dist=97.0, Win Bonus=0.0
[2026-05-06 00:44:39] SCORE pB (blue): Final=177.7, Time=74.7, Moves(15)=0.0, Pins(0)=0.0, Dist=103.0, Win Bonus=0.0
[2026-05-06 00:44:40] MOVE 32: pB (blue) 19->32 [0.00ms]
[2026-05-06 00:44:40] SCORE pA (red): Final=173.3, Time=76.3, Moves(16)=0.0, Pins(0)=0.0, Dist=97.0, Win Bonus=0.0
[2026-05-06 00:44:40] SCORE pB (blue): Final=177.2, Time=73.2, Moves(16)=0.0, Pins(0)=0.0, Dist=104.0, Win Bonus=0.0
[2026-05-06 00:44:42] MOVE 33: pA (red) 106->94 [0.00ms]
[2026-05-06 00:44:42] SCORE pA (red): Final=172.3, Time=74.3, Moves(17)=0.0, Pins(0)=0.0, Dist=98.0, Win Bonus=0.0
[2026-05-06 00:44:42] SCORE pB (blue): Final=177.2, Time=73.2, Moves(16)=0.0, Pins(0)=0.0, Dist=104.0, Win Bonus=0.0
[2026-05-06 00:44:44] MOVE 34: pB (blue) 3->5 [0.00ms]
[2026-05-06 00:44:44] SCORE pA (red): Final=172.3, Time=74.3, Moves(17)=0.0, Pins(0)=0.0, Dist=98.0, Win Bonus=0.0
[2026-05-06 00:44:44] SCORE pB (blue): Final=175.1, Time=71.1, Moves(17)=0.0, Pins(0)=0.0, Dist=104.0, Win Bonus=0.0
[2026-05-06 00:44:47] MOVE 35: pA (red) 120->102 [0.00ms]
[2026-05-06 00:44:47] SCORE pA (red): Final=173.8, Time=71.8, Moves(18)=0.0, Pins(0)=0.0, Dist=102.0, Win Bonus=0.0
[2026-05-06 00:44:47] SCORE pB (blue): Final=175.1, Time=71.1, Moves(17)=0.0, Pins(0)=0.0, Dist=104.0, Win Bonus=0.0
[2026-05-06 00:44:48] MOVE 36: pB (blue) 1->3 [0.00ms]
[2026-05-06 00:44:48] SCORE pA (red): Final=173.8, Time=71.8, Moves(18)=0.0, Pins(0)=0.0, Dist=102.0, Win Bonus=0.0
[2026-05-06 00:44:48] SCORE pB (blue): Final=175.0, Time=70.0, Moves(18)=0.0, Pins(0)=0.0, Dist=105.0, Win Bonus=0.0
[2026-05-06 00:44:50] SCORE pA (red): Final=173.8, Time=71.8, Moves(18)=0.0, Pins(0)=0.0, Dist=102.0, Win Bonus=0.0
[2026-05-06 00:44:50] SCORE pB (blue): Final=175.0, Time=70.0, Moves(18)=0.0, Pins(0)=0.0, Dist=105.0, Win Bonus=0.0
[2026-05-06 00:44:50] GAME TIME LIMIT REACHED.
[2026-05-06 00:44:50] SCORE pA (red): Final=173.8, Time=71.8, Moves(18)=0.0, Pins(0)=0.0, Dist=102.0, Win Bonus=0.0
[2026-05-06 00:44:50] SCORE pB (blue): Final=175.0, Time=70.0, Moves(18)=0.0, Pins(0)=0.0, Dist=105.0, Win Bonus=0.0
[2026-05-06 00:44:50] GAME TIME LIMIT REACHED.
[2026-05-06 00:44:51] SCORE pA (red): Final=173.8, Time=71.8, Moves(18)=0.0, Pins(0)=0.0, Dist=102.0, Win Bonus=0.0
[2026-05-06 00:44:51] SCORE pB (blue): Final=175.0, Time=70.0, Moves(18)=0.0, Pins(0)=0.0, Dist=105.0, Win Bonus=0.0
[2026-05-06 00:44:51] GAME TIME LIMIT REACHED.
