[2026-05-07 11:20:07] GAME CREATED
[2026-05-07 11:20:14] PLAYER JOINED: grp I as red
[2026-05-07 11:20:32] PLAYER JOINED: grp E as blue
[2026-05-07 11:20:32] PLAYER START: grp I (red)
[2026-05-07 11:20:32] PLAYER START: grp E (blue)
[2026-05-07 11:20:32] GAME START — turn order ['red', 'blue']
[2026-05-07 11:20:33] PLAYER START: grp I (red)
[2026-05-07 11:20:33] PLAYER START: grp E (blue)
[2026-05-07 11:20:35] MOVE 1: grp I (red) 111->103 [0.00ms]
[2026-05-07 11:20:35] SCORE grp I (red): Final=188.6, Time=97.6, Moves(1)=0.0, Pins(0)=0.0, Dist=91.0, Win Bonus=0.0
[2026-05-07 11:20:35] SCORE grp E (blue): Final=0.0, Time=0.0, Moves(0)=0.0, Pins(0)=0.0, Dist=0.0, Win Bonus=0.0
[2026-05-07 11:20:36] MOVE 2: grp E (blue) 3->14 [0.01ms]
[2026-05-07 11:20:36] SCORE grp I (red): Final=188.6, Time=97.6, Moves(1)=0.0, Pins(0)=0.0, Dist=91.0, Win Bonus=0.0
[2026-05-07 11:20:36] SCORE grp E (blue): Final=190.8, Time=98.8, Moves(1)=0.0, Pins(0)=0.0, Dist=92.0, Win Bonus=0.0
[2026-05-07 11:20:37] MOVE 3: grp I (red) 112->104 [0.00ms]
[2026-05-07 11:20:37] SCORE grp I (red): Final=188.3, Time=96.3, Moves(2)=0.0, Pins(0)=0.0, Dist=92.0, Win Bonus=0.0
[2026-05-07 11:20:37] SCORE grp E (blue): Final=190.8, Time=98.8, Moves(1)=0.0, Pins(0)=0.0, Dist=92.0, Win Bonus=0.0
[2026-05-07 11:20:39] MOVE 4: grp E (blue) 8->16 [0.00ms]
[2026-05-07 11:20:40] SCORE grp I (red): Final=188.3, Time=96.3, Moves(2)=0.0, Pins(0)=0.0, Dist=92.0, Win Bonus=0.0
[2026-05-07 11:20:40] SCORE grp E (blue): Final=189.5, Time=96.5, Moves(2)=0.0, Pins(0)=0.0, Dist=93.0, Win Bonus=0.0
[2026-05-07 11:20:42] MOVE 5: grp I (red) 116->112 [0.00ms]
[2026-05-07 11:20:42] SCORE grp I (red): Final=187.0, Time=94.0, Moves(3)=0.0, Pins(0)=0.0, Dist=93.0, Win Bonus=0.0
[2026-05-07 11:20:42] SCORE grp E (blue): Final=189.5, Time=96.5, Moves(2)=0.0, Pins(0)=0.0, Dist=93.0, Win Bonus=0.0
[2026-05-07 11:20:43] MOVE 6: grp E (blue) 16->17 [0.00ms]
[2026-05-07 11:20:43] SCORE grp I (red): Final=187.0, Time=94.0, Moves(3)=0.0, Pins(0)=0.0, Dist=93.0, Win Bonus=0.0
[2026-05-07 11:20:43] SCORE grp E (blue): Final=188.3, Time=95.3, Moves(3)=0.0, Pins(0)=0.0, Dist=93.0, Win Bonus=0.0
[2026-05-07 11:20:44] MOVE 7: grp I (red) 115->111 [0.00ms]
[2026-05-07 11:20:44] SCORE grp I (red): Final=186.7, Time=92.7, Moves(4)=0.0, Pins(0)=0.0, Dist=94.0, Win Bonus=0.0
[2026-05-07 11:20:44] SCORE grp E (blue): Final=188.3, Time=95.3, Moves(3)=0.0, Pins(0)=0.0, Dist=93.0, Win Bonus=0.0
[2026-05-07 11:20:47] MOVE 8: grp E (blue) 1->3 [0.01ms]
[2026-05-07 11:20:47] SCORE grp I (red): Final=186.7, Time=92.7, Moves(4)=0.0, Pins(0)=0.0, Dist=94.0, Win Bonus=0.0
[2026-05-07 11:20:47] SCORE grp E (blue): Final=187.1, Time=93.1, Moves(4)=0.0, Pins(0)=0.0, Dist=94.0, Win Bonus=0.0
[2026-05-07 11:20:49] MOVE 9: grp I (red) 118->115 [0.00ms]
[2026-05-07 11:20:49] SCORE grp I (red): Final=185.3, Time=90.3, Moves(5)=0.0, Pins(0)=0.0, Dist=95.0, Win Bonus=0.0
[2026-05-07 11:20:49] SCORE grp E (blue): Final=187.1, Time=93.1, Moves(4)=0.0, Pins(0)=0.0, Dist=94.0, Win Bonus=0.0
[2026-05-07 11:20:50] MOVE 10: grp E (blue) 17->18 [0.00ms]
[2026-05-07 11:20:50] SCORE grp I (red): Final=185.3, Time=90.3, Moves(5)=0.0, Pins(0)=0.0, Dist=95.0, Win Bonus=0.0
[2026-05-07 11:20:50] SCORE grp E (blue): Final=185.8, Time=91.8, Moves(5)=0.0, Pins(0)=0.0, Dist=94.0, Win Bonus=0.0
[2026-05-07 11:20:51] MOVE 11: grp I (red) 113->91 [0.00ms]
[2026-05-07 11:20:51] SCORE grp I (red): Final=186.0, Time=89.0, Moves(6)=0.0, Pins(0)=0.0, Dist=97.0, Win Bonus=0.0
[2026-05-07 11:20:51] SCORE grp E (blue): Final=185.8, Time=91.8, Moves(5)=0.0, Pins(0)=0.0, Dist=94.0, Win Bonus=0.0
[2026-05-07 11:20:53] MOVE 12: grp E (blue) 5->8 [0.00ms]
[2026-05-07 11:20:53] SCORE grp I (red): Final=186.0, Time=89.0, Moves(6)=0.0, Pins(0)=0.0, Dist=97.0, Win Bonus=0.0
[2026-05-07 11:20:53] SCORE grp E (blue): Final=185.6, Time=90.6, Moves(6)=0.0, Pins(0)=0.0, Dist=95.0, Win Bonus=0.0
[2026-05-07 11:20:55] MOVE 13: grp I (red) 119->116 [0.00ms]
[2026-05-07 11:20:55] SCORE grp I (red): Final=184.7, Time=86.7, Moves(7)=0.0, Pins(0)=0.0, Dist=98.0, Win Bonus=0.0
[2026-05-07 11:20:55] SCORE grp E (blue): Final=185.6, Time=90.6, Moves(6)=0.0, Pins(0)=0.0, Dist=95.0, Win Bonus=0.0
[2026-05-07 11:20:57] MOVE 14: grp E (blue) 8->5 [0.00ms]
[2026-05-07 11:20:57] SCORE grp I (red): Final=184.7, Time=86.7, Moves(7)=0.0, Pins(0)=0.0, Dist=98.0, Win Bonus=0.0
[2026-05-07 11:20:57] SCORE grp E (blue): Final=182.3, Time=88.3, Moves(7)=0.0, Pins(0)=0.0, Dist=94.0, Win Bonus=0.0
[2026-05-07 11:20:59] MOVE 15: grp I (red) 116->119 [0.00ms]
[2026-05-07 11:20:59] SCORE grp I (red): Final=182.4, Time=85.4, Moves(8)=0.0, Pins(0)=0.0, Dist=97.0, Win Bonus=0.0
[2026-05-07 11:20:59] SCORE grp E (blue): Final=182.3, Time=88.3, Moves(7)=0.0, Pins(0)=0.0, Dist=94.0, Win Bonus=0.0
[2026-05-07 11:21:01] MOVE 16: grp E (blue) 14->13 [0.00ms]
[2026-05-07 11:21:01] SCORE grp I (red): Final=182.4, Time=85.4, Moves(8)=0.0, Pins(0)=0.0, Dist=97.0, Win Bonus=0.0
[2026-05-07 11:21:01] SCORE grp E (blue): Final=180.1, Time=86.1, Moves(8)=0.0, Pins(0)=0.0, Dist=94.0, Win Bonus=0.0
[2026-05-07 11:21:03] MOVE 17: grp I (red) 91->113 [0.00ms]
[2026-05-07 11:21:03] SCORE grp I (red): Final=178.0, Time=83.0, Moves(9)=0.0, Pins(0)=0.0, Dist=95.0, Win Bonus=0.0
[2026-05-07 11:21:03] SCORE grp E (blue): Final=180.1, Time=86.1, Moves(8)=0.0, Pins(0)=0.0, Dist=94.0, Win Bonus=0.0
[2026-05-07 11:21:04] MOVE 18: grp E (blue) 0->1 [0.00ms]
[2026-05-07 11:21:04] SCORE grp I (red): Final=178.0, Time=83.0, Moves(9)=0.0, Pins(0)=0.0, Dist=95.0, Win Bonus=0.0
[2026-05-07 11:21:04] SCORE grp E (blue): Final=179.9, Time=84.9, Moves(9)=0.0, Pins(0)=0.0, Dist=95.0, Win Bonus=0.0
[2026-05-07 11:21:06] MOVE 19: grp I (red) 115->116 [0.00ms]
[2026-05-07 11:21:06] SCORE grp I (red): Final=176.7, Time=81.7, Moves(10)=0.0, Pins(0)=0.0, Dist=95.0, Win Bonus=0.0
[2026-05-07 11:21:06] SCORE grp E (blue): Final=179.9, Time=84.9, Moves(9)=0.0, Pins(0)=0.0, Dist=95.0, Win Bonus=0.0
[2026-05-07 11:21:07] MOVE 20: grp E (blue) 6->8 [0.00ms]
[2026-05-07 11:21:07] SCORE grp I (red): Final=176.7, Time=81.7, Moves(10)=0.0, Pins(0)=0.0, Dist=95.0, Win Bonus=0.0
[2026-05-07 11:21:07] SCORE grp E (blue): Final=178.7, Time=83.7, Moves(10)=0.0, Pins(0)=0.0, Dist=95.0, Win Bonus=0.0
[2026-05-07 11:21:08] MOVE 21: grp I (red) 104->102 [0.00ms]
[2026-05-07 11:21:08] SCORE grp I (red): Final=175.3, Time=80.3, Moves(11)=0.0, Pins(0)=0.0, Dist=95.0, Win Bonus=0.0
[2026-05-07 11:21:08] SCORE grp E (blue): Final=178.7, Time=83.7, Moves(10)=0.0, Pins(0)=0.0, Dist=95.0, Win Bonus=0.0
[2026-05-07 11:21:10] MOVE 22: grp E (blue) 13->12 [0.00ms]
[2026-05-07 11:21:10] SCORE grp I (red): Final=175.3, Time=80.3, Moves(11)=0.0, Pins(0)=0.0, Dist=95.0, Win Bonus=0.0
[2026-05-07 11:21:10] SCORE grp E (blue): Final=177.5, Time=82.5, Moves(11)=0.0, Pins(0)=0.0, Dist=95.0, Win Bonus=0.0
[2026-05-07 11:21:11] MOVE 23: grp I (red) 111->115 [0.00ms]
[2026-05-07 11:21:11] SCORE grp I (red): Final=173.0, Time=79.0, Moves(12)=0.0, Pins(0)=0.0, Dist=94.0, Win Bonus=0.0
[2026-05-07 11:21:11] SCORE grp E (blue): Final=177.5, Time=82.5, Moves(11)=0.0, Pins(0)=0.0, Dist=95.0, Win Bonus=0.0
[2026-05-07 11:21:12] MOVE 24: grp E (blue) 12->11 [0.00ms]
[2026-05-07 11:21:12] SCORE grp I (red): Final=173.0, Time=79.0, Moves(12)=0.0, Pins(0)=0.0, Dist=94.0, Win Bonus=0.0
[2026-05-07 11:21:12] SCORE grp E (blue): Final=176.3, Time=81.3, Moves(12)=0.0, Pins(0)=0.0, Dist=95.0, Win Bonus=0.0
[2026-05-07 11:21:13] MOVE 25: grp I (red) 113->105 [0.01ms]
[2026-05-07 11:21:13] SCORE grp I (red): Final=172.6, Time=77.6, Moves(13)=0.0, Pins(0)=0.0, Dist=95.0, Win Bonus=0.0
[2026-05-07 11:21:13] SCORE grp E (blue): Final=176.3, Time=81.3, Moves(12)=0.0, Pins(0)=0.0, Dist=95.0, Win Bonus=0.0
[2026-05-07 11:21:15] MOVE 26: grp E (blue) 7->16 [0.00ms]
[2026-05-07 11:21:15] SCORE grp I (red): Final=172.6, Time=77.6, Moves(13)=0.0, Pins(0)=0.0, Dist=95.0, Win Bonus=0.0
[2026-05-07 11:21:15] SCORE grp E (blue): Final=176.0, Time=80.0, Moves(13)=0.0, Pins(0)=0.0, Dist=96.0, Win Bonus=0.0
[2026-05-07 11:21:17] MOVE 27: grp I (red) 112->113 [0.00ms]
[2026-05-07 11:21:17] SCORE grp I (red): Final=170.3, Time=75.3, Moves(14)=0.0, Pins(0)=0.0, Dist=95.0, Win Bonus=0.0
[2026-05-07 11:21:17] SCORE grp E (blue): Final=176.0, Time=80.0, Moves(13)=0.0, Pins(0)=0.0, Dist=96.0, Win Bonus=0.0
[2026-05-07 11:21:18] MOVE 28: grp E (blue) 3->0 [0.00ms]
[2026-05-07 11:21:18] SCORE grp I (red): Final=170.3, Time=75.3, Moves(14)=0.0, Pins(0)=0.0, Dist=95.0, Win Bonus=0.0
[2026-05-07 11:21:18] SCORE grp E (blue): Final=172.7, Time=78.7, Moves(14)=0.0, Pins(0)=0.0, Dist=94.0, Win Bonus=0.0
[2026-05-07 11:21:21] MOVE 29: grp I (red) 105->92 [0.00ms]
[2026-05-07 11:21:21] SCORE grp I (red): Final=169.1, Time=73.1, Moves(15)=0.0, Pins(0)=0.0, Dist=96.0, Win Bonus=0.0
[2026-05-07 11:21:21] SCORE grp E (blue): Final=172.7, Time=78.7, Moves(14)=0.0, Pins(0)=0.0, Dist=94.0, Win Bonus=0.0
[2026-05-07 11:21:22] MOVE 30: grp E (blue) 9->31 [0.00ms]
[2026-05-07 11:21:22] SCORE grp I (red): Final=169.1, Time=73.1, Moves(15)=0.0, Pins(0)=0.0, Dist=96.0, Win Bonus=0.0
[2026-05-07 11:21:22] SCORE grp E (blue): Final=173.4, Time=77.4, Moves(15)=0.0, Pins(0)=0.0, Dist=96.0, Win Bonus=0.0
[2026-05-07 11:21:24] MOVE 31: grp I (red) 114->90 [0.00ms]
[2026-05-07 11:21:24] SCORE grp I (red): Final=168.9, Time=70.9, Moves(16)=0.0, Pins(0)=0.0, Dist=98.0, Win Bonus=0.0
[2026-05-07 11:21:24] SCORE grp E (blue): Final=173.4, Time=77.4, Moves(15)=0.0, Pins(0)=0.0, Dist=96.0, Win Bonus=0.0
[2026-05-07 11:21:26] MOVE 32: grp E (blue) 18->9 [0.00ms]
[2026-05-07 11:21:26] SCORE grp I (red): Final=168.9, Time=70.9, Moves(16)=0.0, Pins(0)=0.0, Dist=98.0, Win Bonus=0.0
[2026-05-07 11:21:26] SCORE grp E (blue): Final=170.0, Time=75.0, Moves(16)=0.0, Pins(0)=0.0, Dist=95.0, Win Bonus=0.0
[2026-05-07 11:21:28] MOVE 33: grp I (red) 90->112 [0.00ms]
[2026-05-07 11:21:28] SCORE grp I (red): Final=165.8, Time=69.8, Moves(17)=0.0, Pins(0)=0.0, Dist=96.0, Win Bonus=0.0
[2026-05-07 11:21:28] SCORE grp E (blue): Final=170.0, Time=75.0, Moves(16)=0.0, Pins(0)=0.0, Dist=95.0, Win Bonus=0.0
[2026-05-07 11:21:29] MOVE 34: grp E (blue) 2->7 [0.00ms]
[2026-05-07 11:21:29] SCORE grp I (red): Final=165.8, Time=69.8, Moves(17)=0.0, Pins(0)=0.0, Dist=96.0, Win Bonus=0.0
[2026-05-07 11:21:29] SCORE grp E (blue): Final=170.6, Time=73.6, Moves(17)=0.0, Pins(0)=0.0, Dist=97.0, Win Bonus=0.0
[2026-05-07 11:21:31] MOVE 35: grp I (red) 116->80 [0.00ms]
[2026-05-07 11:21:31] SCORE grp I (red): Final=167.6, Time=67.6, Moves(18)=0.0, Pins(0)=0.0, Dist=100.0, Win Bonus=0.0
[2026-05-07 11:21:31] SCORE grp E (blue): Final=170.6, Time=73.6, Moves(17)=0.0, Pins(0)=0.0, Dist=97.0, Win Bonus=0.0
[2026-05-07 11:21:33] SCORE grp I (red): Final=167.6, Time=67.6, Moves(18)=0.0, Pins(0)=0.0, Dist=100.0, Win Bonus=0.0
[2026-05-07 11:21:33] SCORE grp E (blue): Final=170.6, Time=73.6, Moves(17)=0.0, Pins(0)=0.0, Dist=97.0, Win Bonus=0.0
[2026-05-07 11:21:33] GAME TIME LIMIT REACHED.
[2026-05-07 11:21:34] SCORE grp I (red): Final=167.6, Time=67.6, Moves(18)=0.0, Pins(0)=0.0, Dist=100.0, Win Bonus=0.0
[2026-05-07 11:21:34] SCORE grp E (blue): Final=170.6, Time=73.6, Moves(17)=0.0, Pins(0)=0.0, Dist=97.0, Win Bonus=0.0
[2026-05-07 11:21:34] GAME TIME LIMIT REACHED.
[2026-05-07 11:21:34] SCORE grp I (red): Final=167.6, Time=67.6, Moves(18)=0.0, Pins(0)=0.0, Dist=100.0, Win Bonus=0.0
[2026-05-07 11:21:34] SCORE grp E (blue): Final=170.6, Time=73.6, Moves(17)=0.0, Pins(0)=0.0, Dist=97.0, Win Bonus=0.0
[2026-05-07 11:21:34] GAME TIME LIMIT REACHED.
