[2026-05-06 00:09:40] GAME CREATED
[2026-05-06 00:10:13] PLAYER JOINED: pA as lawn green
[2026-05-06 00:10:25] PLAYER JOINED: pB as gray0
[2026-05-06 00:10:25] PLAYER START: pA (lawn green)
[2026-05-06 00:10:25] PLAYER START: pB (gray0)
[2026-05-06 00:10:25] GAME START — turn order ['lawn green', 'gray0']
[2026-05-06 00:10:25] PLAYER START: pA (lawn green)
[2026-05-06 00:10:25] PLAYER START: pB (gray0)
[2026-05-06 00:10:26] MOVE 1: pA (lawn green) 55->64 [0.01ms]
[2026-05-06 00:10:26] SCORE pA (lawn green): Final=189.9, Time=98.9, Moves(1)=0.0, Pins(0)=0.0, Dist=91.0, Win Bonus=0.0
[2026-05-06 00:10:26] SCORE pB (gray0): Final=0.0, Time=0.0, Moves(0)=0.0, Pins(0)=0.0, Dist=0.0, Win Bonus=0.0
[2026-05-06 00:10:28] MOVE 2: pB (gray0) 76->77 [0.01ms]
[2026-05-06 00:10:28] SCORE pA (lawn green): Final=189.9, Time=98.9, Moves(1)=0.0, Pins(0)=0.0, Dist=91.0, Win Bonus=0.0
[2026-05-06 00:10:28] SCORE pB (gray0): Final=188.5, Time=97.5, Moves(1)=0.0, Pins(0)=0.0, Dist=91.0, Win Bonus=0.0
[2026-05-06 00:10:30] MOVE 3: pA (lawn green) 45->55 [0.00ms]
[2026-05-06 00:10:30] SCORE pA (lawn green): Final=188.9, Time=96.9, Moves(2)=0.0, Pins(0)=0.0, Dist=92.0, Win Bonus=0.0
[2026-05-06 00:10:30] SCORE pB (gray0): Final=188.5, Time=97.5, Moves(1)=0.0, Pins(0)=0.0, Dist=91.0, Win Bonus=0.0
[2026-05-06 00:10:31] MOVE 4: pB (gray0) 77->89 [0.00ms]
[2026-05-06 00:10:31] SCORE pA (lawn green): Final=188.9, Time=96.9, Moves(2)=0.0, Pins(0)=0.0, Dist=92.0, Win Bonus=0.0
[2026-05-06 00:10:31] SCORE pB (gray0): Final=187.4, Time=96.4, Moves(2)=0.0, Pins(0)=0.0, Dist=91.0, Win Bonus=0.0
[2026-05-06 00:10:33] MOVE 5: pA (lawn green) 55->73 [0.00ms]
[2026-05-06 00:10:33] SCORE pA (lawn green): Final=189.9, Time=95.9, Moves(3)=0.0, Pins(0)=0.0, Dist=94.0, Win Bonus=0.0
[2026-05-06 00:10:33] SCORE pB (gray0): Final=187.4, Time=96.4, Moves(2)=0.0, Pins(0)=0.0, Dist=91.0, Win Bonus=0.0
[2026-05-06 00:10:34] MOVE 6: pB (gray0) 99->76 [0.00ms]
[2026-05-06 00:10:34] SCORE pA (lawn green): Final=189.9, Time=95.9, Moves(3)=0.0, Pins(0)=0.0, Dist=94.0, Win Bonus=0.0
[2026-05-06 00:10:34] SCORE pB (gray0): Final=188.4, Time=95.4, Moves(3)=0.0, Pins(0)=0.0, Dist=93.0, Win Bonus=0.0
[2026-05-06 00:10:35] MOVE 7: pA (lawn green) 73->63 [0.00ms]
[2026-05-06 00:10:35] SCORE pA (lawn green): Final=188.8, Time=94.8, Moves(4)=0.0, Pins(0)=0.0, Dist=94.0, Win Bonus=0.0
[2026-05-06 00:10:35] SCORE pB (gray0): Final=188.4, Time=95.4, Moves(3)=0.0, Pins(0)=0.0, Dist=93.0, Win Bonus=0.0
[2026-05-06 00:10:36] MOVE 8: pB (gray0) 100->102 [0.00ms]
[2026-05-06 00:10:36] SCORE pA (lawn green): Final=188.8, Time=94.8, Moves(4)=0.0, Pins(0)=0.0, Dist=94.0, Win Bonus=0.0
[2026-05-06 00:10:36] SCORE pB (gray0): Final=189.3, Time=94.3, Moves(4)=0.0, Pins(0)=0.0, Dist=95.0, Win Bonus=0.0
[2026-05-06 00:10:37] MOVE 9: pA (lawn green) 20->18 [0.00ms]
[2026-05-06 00:10:37] SCORE pA (lawn green): Final=189.3, Time=93.3, Moves(5)=0.0, Pins(0)=0.0, Dist=96.0, Win Bonus=0.0
[2026-05-06 00:10:37] SCORE pB (gray0): Final=189.3, Time=94.3, Moves(4)=0.0, Pins(0)=0.0, Dist=95.0, Win Bonus=0.0
[2026-05-06 00:10:38] MOVE 10: pB (gray0) 101->103 [0.00ms]
[2026-05-06 00:10:38] SCORE pA (lawn green): Final=189.3, Time=93.3, Moves(5)=0.0, Pins(0)=0.0, Dist=96.0, Win Bonus=0.0
[2026-05-06 00:10:38] SCORE pB (gray0): Final=190.2, Time=93.2, Moves(5)=0.0, Pins(0)=0.0, Dist=97.0, Win Bonus=0.0
[2026-05-06 00:10:41] MOVE 11: pA (lawn green) 19->17 [0.00ms]
[2026-05-06 00:10:41] SCORE pA (lawn green): Final=188.9, Time=90.9, Moves(6)=0.0, Pins(0)=0.0, Dist=98.0, Win Bonus=0.0
[2026-05-06 00:10:41] SCORE pB (gray0): Final=190.2, Time=93.2, Moves(5)=0.0, Pins(0)=0.0, Dist=97.0, Win Bonus=0.0
[2026-05-06 00:10:43] MOVE 12: pB (gray0) 89->101 [0.00ms]
[2026-05-06 00:10:43] SCORE pA (lawn green): Final=188.9, Time=90.9, Moves(6)=0.0, Pins(0)=0.0, Dist=98.0, Win Bonus=0.0
[2026-05-06 00:10:43] SCORE pB (gray0): Final=187.1, Time=91.1, Moves(6)=0.0, Pins(0)=0.0, Dist=96.0, Win Bonus=0.0
[2026-05-06 00:10:44] MOVE 13: pA (lawn green) 33->74 [0.00ms]
[2026-05-06 00:10:44] SCORE pA (lawn green): Final=189.4, Time=89.4, Moves(7)=0.0, Pins(0)=0.0, Dist=100.0, Win Bonus=0.0
[2026-05-06 00:10:44] SCORE pB (gray0): Final=187.1, Time=91.1, Moves(6)=0.0, Pins(0)=0.0, Dist=96.0, Win Bonus=0.0
[2026-05-06 00:10:45] MOVE 14: pB (gray0) 103->90 [0.01ms]
[2026-05-06 00:10:45] SCORE pA (lawn green): Final=189.4, Time=89.4, Moves(7)=0.0, Pins(0)=0.0, Dist=100.0, Win Bonus=0.0
[2026-05-06 00:10:45] SCORE pB (gray0): Final=185.9, Time=89.9, Moves(7)=0.0, Pins(0)=0.0, Dist=96.0, Win Bonus=0.0
[2026-05-06 00:10:48] MOVE 15: pA (lawn green) 34->33 [0.00ms]
[2026-05-06 00:10:48] SCORE pA (lawn green): Final=188.1, Time=87.1, Moves(8)=0.0, Pins(0)=0.0, Dist=101.0, Win Bonus=0.0
[2026-05-06 00:10:48] SCORE pB (gray0): Final=185.9, Time=89.9, Moves(7)=0.0, Pins(0)=0.0, Dist=96.0, Win Bonus=0.0
[2026-05-06 00:10:49] MOVE 16: pB (gray0) 76->77 [0.00ms]
[2026-05-06 00:10:49] SCORE pA (lawn green): Final=188.1, Time=87.1, Moves(8)=0.0, Pins(0)=0.0, Dist=101.0, Win Bonus=0.0
[2026-05-06 00:10:49] SCORE pB (gray0): Final=185.7, Time=88.7, Moves(8)=0.0, Pins(0)=0.0, Dist=97.0, Win Bonus=0.0
[2026-05-06 00:10:50] MOVE 17: pA (lawn green) 33->45 [0.00ms]
[2026-05-06 00:10:50] SCORE pA (lawn green): Final=186.7, Time=85.7, Moves(9)=0.0, Pins(0)=0.0, Dist=101.0, Win Bonus=0.0
[2026-05-06 00:10:50] SCORE pB (gray0): Final=185.7, Time=88.7, Moves(8)=0.0, Pins(0)=0.0, Dist=97.0, Win Bonus=0.0
[2026-05-06 00:10:53] MOVE 18: pB (gray0) 87->89 [0.00ms]
[2026-05-06 00:10:53] SCORE pA (lawn green): Final=186.7, Time=85.7, Moves(9)=0.0, Pins(0)=0.0, Dist=101.0, Win Bonus=0.0
[2026-05-06 00:10:53] SCORE pB (gray0): Final=185.5, Time=86.5, Moves(9)=0.0, Pins(0)=0.0, Dist=99.0, Win Bonus=0.0
[2026-05-06 00:10:54] MOVE 19: pA (lawn green) 18->16 [0.00ms]
[2026-05-06 00:10:54] SCORE pA (lawn green): Final=187.3, Time=84.3, Moves(10)=0.0, Pins(0)=0.0, Dist=103.0, Win Bonus=0.0
[2026-05-06 00:10:54] SCORE pB (gray0): Final=185.5, Time=86.5, Moves(9)=0.0, Pins(0)=0.0, Dist=99.0, Win Bonus=0.0
[2026-05-06 00:10:56] MOVE 20: pB (gray0) 90->91 [0.00ms]
[2026-05-06 00:10:56] SCORE pA (lawn green): Final=187.3, Time=84.3, Moves(10)=0.0, Pins(0)=0.0, Dist=103.0, Win Bonus=0.0
[2026-05-06 00:10:56] SCORE pB (gray0): Final=184.3, Time=84.3, Moves(10)=0.0, Pins(0)=0.0, Dist=100.0, Win Bonus=0.0
[2026-05-06 00:10:58] MOVE 21: pA (lawn green) 17->18 [0.00ms]
[2026-05-06 00:10:58] SCORE pA (lawn green): Final=185.0, Time=83.0, Moves(11)=0.0, Pins(0)=0.0, Dist=102.0, Win Bonus=0.0
[2026-05-06 00:10:58] SCORE pB (gray0): Final=184.3, Time=84.3, Moves(10)=0.0, Pins(0)=0.0, Dist=100.0, Win Bonus=0.0
[2026-05-06 00:11:00] MOVE 22: pB (gray0) 75->56 [0.00ms]
[2026-05-06 00:11:00] SCORE pA (lawn green): Final=185.0, Time=83.0, Moves(11)=0.0, Pins(0)=0.0, Dist=102.0, Win Bonus=0.0
[2026-05-06 00:11:00] SCORE pB (gray0): Final=184.1, Time=82.1, Moves(11)=0.0, Pins(0)=0.0, Dist=102.0, Win Bonus=0.0
[2026-05-06 00:11:02] MOVE 23: pA (lawn green) 32->53 [0.00ms]
[2026-05-06 00:11:02] SCORE pA (lawn green): Final=184.5, Time=80.5, Moves(12)=0.0, Pins(0)=0.0, Dist=104.0, Win Bonus=0.0
[2026-05-06 00:11:02] SCORE pB (gray0): Final=184.1, Time=82.1, Moves(11)=0.0, Pins(0)=0.0, Dist=102.0, Win Bonus=0.0
[2026-05-06 00:11:03] MOVE 24: pB (gray0) 77->78 [0.00ms]
[2026-05-06 00:11:03] SCORE pA (lawn green): Final=184.5, Time=80.5, Moves(12)=0.0, Pins(0)=0.0, Dist=104.0, Win Bonus=0.0
[2026-05-06 00:11:03] SCORE pB (gray0): Final=183.9, Time=80.9, Moves(12)=0.0, Pins(0)=0.0, Dist=103.0, Win Bonus=0.0
[2026-05-06 00:11:06] MOVE 25: pA (lawn green) 44->33 [0.00ms]
[2026-05-06 00:11:06] SCORE pA (lawn green): Final=181.2, Time=78.2, Moves(13)=0.0, Pins(0)=0.0, Dist=103.0, Win Bonus=0.0
[2026-05-06 00:11:06] SCORE pB (gray0): Final=183.9, Time=80.9, Moves(12)=0.0, Pins(0)=0.0, Dist=103.0, Win Bonus=0.0
[2026-05-06 00:11:08] MOVE 26: pB (gray0) 65->66 [0.01ms]
[2026-05-06 00:11:08] SCORE pA (lawn green): Final=181.2, Time=78.2, Moves(13)=0.0, Pins(0)=0.0, Dist=103.0, Win Bonus=0.0
[2026-05-06 00:11:08] SCORE pB (gray0): Final=182.7, Time=78.7, Moves(13)=0.0, Pins(0)=0.0, Dist=104.0, Win Bonus=0.0
[2026-05-06 00:11:09] MOVE 27: pA (lawn green) 21->44 [0.00ms]
[2026-05-06 00:11:09] SCORE pA (lawn green): Final=181.8, Time=76.8, Moves(14)=0.0, Pins(0)=0.0, Dist=105.0, Win Bonus=0.0
[2026-05-06 00:11:09] SCORE pB (gray0): Final=182.7, Time=78.7, Moves(13)=0.0, Pins(0)=0.0, Dist=104.0, Win Bonus=0.0
[2026-05-06 00:11:12] MOVE 28: pB (gray0) 88->92 [0.00ms]
[2026-05-06 00:11:12] SCORE pA (lawn green): Final=181.8, Time=76.8, Moves(14)=0.0, Pins(0)=0.0, Dist=105.0, Win Bonus=0.0
[2026-05-06 00:11:12] SCORE pB (gray0): Final=184.5, Time=76.5, Moves(14)=0.0, Pins(0)=0.0, Dist=108.0, Win Bonus=0.0
[2026-05-06 00:11:14] MOVE 29: pA (lawn green) 45->20 [0.00ms]
[2026-05-06 00:11:14] SCORE pA (lawn green): Final=179.4, Time=74.4, Moves(15)=0.0, Pins(0)=0.0, Dist=105.0, Win Bonus=0.0
[2026-05-06 00:11:14] SCORE pB (gray0): Final=184.5, Time=76.5, Moves(14)=0.0, Pins(0)=0.0, Dist=108.0, Win Bonus=0.0
[2026-05-06 00:11:15] MOVE 30: pB (gray0) 86->99 [0.00ms]
[2026-05-06 00:11:15] SCORE pA (lawn green): Final=179.4, Time=74.4, Moves(15)=0.0, Pins(0)=0.0, Dist=105.0, Win Bonus=0.0
[2026-05-06 00:11:15] SCORE pB (gray0): Final=183.3, Time=75.3, Moves(15)=0.0, Pins(0)=0.0, Dist=108.0, Win Bonus=0.0
[2026-05-06 00:11:18] MOVE 31: pA (lawn green) 53->54 [0.00ms]
[2026-05-06 00:11:18] SCORE pA (lawn green): Final=176.0, Time=72.0, Moves(16)=0.0, Pins(0)=0.0, Dist=104.0, Win Bonus=0.0
[2026-05-06 00:11:18] SCORE pB (gray0): Final=183.3, Time=75.3, Moves(15)=0.0, Pins(0)=0.0, Dist=108.0, Win Bonus=0.0
[2026-05-06 00:11:20] MOVE 32: pB (gray0) 91->80 [0.00ms]
[2026-05-06 00:11:20] SCORE pA (lawn green): Final=176.0, Time=72.0, Moves(16)=0.0, Pins(0)=0.0, Dist=104.0, Win Bonus=0.0
[2026-05-06 00:11:20] SCORE pB (gray0): Final=182.1, Time=73.1, Moves(16)=0.0, Pins(0)=0.0, Dist=109.0, Win Bonus=0.0
[2026-05-06 00:11:21] MOVE 33: pA (lawn green) 16->17 [0.00ms]
[2026-05-06 00:11:21] SCORE pA (lawn green): Final=173.7, Time=70.7, Moves(17)=0.0, Pins(0)=0.0, Dist=103.0, Win Bonus=0.0
[2026-05-06 00:11:21] SCORE pB (gray0): Final=182.1, Time=73.1, Moves(16)=0.0, Pins(0)=0.0, Dist=109.0, Win Bonus=0.0
[2026-05-06 00:11:22] MOVE 34: pB (gray0) 78->77 [0.00ms]
[2026-05-06 00:11:22] SCORE pA (lawn green): Final=173.7, Time=70.7, Moves(17)=0.0, Pins(0)=0.0, Dist=103.0, Win Bonus=0.0
[2026-05-06 00:11:22] SCORE pB (gray0): Final=179.9, Time=71.9, Moves(17)=0.0, Pins(0)=0.0, Dist=108.0, Win Bonus=0.0
[2026-05-06 00:11:25] MOVE 35: pA (lawn green) 54->43 [0.00ms]
[2026-05-06 00:11:25] SCORE pA (lawn green): Final=171.3, Time=68.3, Moves(18)=0.0, Pins(0)=0.0, Dist=103.0, Win Bonus=0.0
[2026-05-06 00:11:25] SCORE pB (gray0): Final=179.9, Time=71.9, Moves(17)=0.0, Pins(0)=0.0, Dist=108.0, Win Bonus=0.0
[2026-05-06 00:11:25] SCORE pA (lawn green): Final=171.3, Time=68.3, Moves(18)=0.0, Pins(0)=0.0, Dist=103.0, Win Bonus=0.0
[2026-05-06 00:11:25] SCORE pB (gray0): Final=179.9, Time=71.9, Moves(17)=0.0, Pins(0)=0.0, Dist=108.0, Win Bonus=0.0
[2026-05-06 00:11:25] GAME TIME LIMIT REACHED.
[2026-05-06 00:11:25] SCORE pA (lawn green): Final=171.3, Time=68.3, Moves(18)=0.0, Pins(0)=0.0, Dist=103.0, Win Bonus=0.0
[2026-05-06 00:11:25] SCORE pB (gray0): Final=179.9, Time=71.9, Moves(17)=0.0, Pins(0)=0.0, Dist=108.0, Win Bonus=0.0
[2026-05-06 00:11:25] GAME TIME LIMIT REACHED.
