[2026-05-05 23:38:09] GAME CREATED
[2026-05-05 23:38:16] PLAYER JOINED: pA as red
[2026-05-05 23:38:28] PLAYER JOINED: pB as blue
[2026-05-05 23:38:28] PLAYER START: pA (red)
[2026-05-05 23:38:28] PLAYER START: pB (blue)
[2026-05-05 23:38:28] GAME START — turn order ['red', 'blue']
[2026-05-05 23:38:29] PLAYER START: pA (red)
[2026-05-05 23:38:29] PLAYER START: pB (blue)
[2026-05-05 23:38:31] MOVE 1: pA (red) 112->104 [0.01ms]
[2026-05-05 23:38:31] SCORE pA (red): Final=188.8, Time=97.8, Moves(1)=0.0, Pins(0)=0.0, Dist=91.0, Win Bonus=0.0
[2026-05-05 23:38:31] SCORE pB (blue): Final=0.0, Time=0.0, Moves(0)=0.0, Pins(0)=0.0, Dist=0.0, Win Bonus=0.0
[2026-05-05 23:38:33] MOVE 2: pB (blue) 4->17 [0.01ms]
[2026-05-05 23:38:33] SCORE pA (red): Final=188.8, Time=97.8, Moves(1)=0.0, Pins(0)=0.0, Dist=91.0, Win Bonus=0.0
[2026-05-05 23:38:33] SCORE pB (blue): Final=189.6, Time=97.6, Moves(1)=0.0, Pins(0)=0.0, Dist=92.0, Win Bonus=0.0
[2026-05-05 23:38:34] MOVE 3: pA (red) 111->103 [0.00ms]
[2026-05-05 23:38:34] SCORE pA (red): Final=188.6, Time=96.6, Moves(2)=0.0, Pins(0)=0.0, Dist=92.0, Win Bonus=0.0
[2026-05-05 23:38:34] SCORE pB (blue): Final=189.6, Time=97.6, Moves(1)=0.0, Pins(0)=0.0, Dist=92.0, Win Bonus=0.0
[2026-05-05 23:38:36] MOVE 4: pB (blue) 17->18 [0.00ms]
[2026-05-05 23:38:36] SCORE pA (red): Final=188.6, Time=96.6, Moves(2)=0.0, Pins(0)=0.0, Dist=92.0, Win Bonus=0.0
[2026-05-05 23:38:36] SCORE pB (blue): Final=188.3, Time=96.3, Moves(2)=0.0, Pins(0)=0.0, Dist=92.0, Win Bonus=0.0
[2026-05-05 23:38:37] MOVE 5: pA (red) 119->90 [0.01ms]
[2026-05-05 23:38:37] SCORE pA (red): Final=191.3, Time=95.3, Moves(3)=0.0, Pins(0)=0.0, Dist=96.0, Win Bonus=0.0
[2026-05-05 23:38:37] SCORE pB (blue): Final=188.3, Time=96.3, Moves(2)=0.0, Pins(0)=0.0, Dist=92.0, Win Bonus=0.0
[2026-05-05 23:38:38] MOVE 6: pB (blue) 1->4 [0.00ms]
[2026-05-05 23:38:38] SCORE pA (red): Final=191.3, Time=95.3, Moves(3)=0.0, Pins(0)=0.0, Dist=96.0, Win Bonus=0.0
[2026-05-05 23:38:38] SCORE pB (blue): Final=188.0, Time=95.0, Moves(3)=0.0, Pins(0)=0.0, Dist=93.0, Win Bonus=0.0
[2026-05-05 23:38:40] MOVE 7: pA (red) 115->112 [0.00ms]
[2026-05-05 23:38:40] SCORE pA (red): Final=190.1, Time=93.1, Moves(4)=0.0, Pins(0)=0.0, Dist=97.0, Win Bonus=0.0
[2026-05-05 23:38:40] SCORE pB (blue): Final=188.0, Time=95.0, Moves(3)=0.0, Pins(0)=0.0, Dist=93.0, Win Bonus=0.0
[2026-05-05 23:38:42] MOVE 8: pB (blue) 4->19 [0.00ms]
[2026-05-05 23:38:42] SCORE pA (red): Final=190.1, Time=93.1, Moves(4)=0.0, Pins(0)=0.0, Dist=97.0, Win Bonus=0.0
[2026-05-05 23:38:42] SCORE pB (blue): Final=188.7, Time=93.7, Moves(4)=0.0, Pins(0)=0.0, Dist=95.0, Win Bonus=0.0
[2026-05-05 23:38:43] MOVE 9: pA (red) 113->89 [0.00ms]
[2026-05-05 23:38:43] SCORE pA (red): Final=190.8, Time=91.8, Moves(5)=0.0, Pins(0)=0.0, Dist=99.0, Win Bonus=0.0
[2026-05-05 23:38:43] SCORE pB (blue): Final=188.7, Time=93.7, Moves(4)=0.0, Pins(0)=0.0, Dist=95.0, Win Bonus=0.0
[2026-05-05 23:38:45] MOVE 10: pB (blue) 8->17 [0.00ms]
[2026-05-05 23:38:45] SCORE pA (red): Final=190.8, Time=91.8, Moves(5)=0.0, Pins(0)=0.0, Dist=99.0, Win Bonus=0.0
[2026-05-05 23:38:45] SCORE pB (blue): Final=187.4, Time=91.4, Moves(5)=0.0, Pins(0)=0.0, Dist=96.0, Win Bonus=0.0
[2026-05-05 23:38:46] MOVE 11: pA (red) 104->79 [0.00ms]
[2026-05-05 23:38:46] SCORE pA (red): Final=191.6, Time=90.6, Moves(6)=0.0, Pins(0)=0.0, Dist=101.0, Win Bonus=0.0
[2026-05-05 23:38:46] SCORE pB (blue): Final=187.4, Time=91.4, Moves(5)=0.0, Pins(0)=0.0, Dist=96.0, Win Bonus=0.0
[2026-05-05 23:38:48] MOVE 12: pB (blue) 7->4 [0.00ms]
[2026-05-05 23:38:48] SCORE pA (red): Final=191.6, Time=90.6, Moves(6)=0.0, Pins(0)=0.0, Dist=101.0, Win Bonus=0.0
[2026-05-05 23:38:48] SCORE pB (blue): Final=185.1, Time=90.1, Moves(6)=0.0, Pins(0)=0.0, Dist=95.0, Win Bonus=0.0
[2026-05-05 23:38:50] MOVE 13: pA (red) 114->119 [0.00ms]
[2026-05-05 23:38:50] SCORE pA (red): Final=187.3, Time=88.3, Moves(7)=0.0, Pins(0)=0.0, Dist=99.0, Win Bonus=0.0
[2026-05-05 23:38:50] SCORE pB (blue): Final=185.1, Time=90.1, Moves(6)=0.0, Pins(0)=0.0, Dist=95.0, Win Bonus=0.0
[2026-05-05 23:38:51] MOVE 14: pB (blue) 0->1 [0.00ms]
[2026-05-05 23:38:51] SCORE pA (red): Final=187.3, Time=88.3, Moves(7)=0.0, Pins(0)=0.0, Dist=99.0, Win Bonus=0.0
[2026-05-05 23:38:51] SCORE pB (blue): Final=184.7, Time=88.7, Moves(7)=0.0, Pins(0)=0.0, Dist=96.0, Win Bonus=0.0
[2026-05-05 23:38:54] MOVE 15: pA (red) 79->91 [0.00ms]
[2026-05-05 23:38:54] SCORE pA (red): Final=184.1, Time=86.1, Moves(8)=0.0, Pins(0)=0.0, Dist=98.0, Win Bonus=0.0
[2026-05-05 23:38:54] SCORE pB (blue): Final=184.7, Time=88.7, Moves(7)=0.0, Pins(0)=0.0, Dist=96.0, Win Bonus=0.0
[2026-05-05 23:38:56] MOVE 16: pB (blue) 3->7 [0.00ms]
[2026-05-05 23:38:56] SCORE pA (red): Final=184.1, Time=86.1, Moves(8)=0.0, Pins(0)=0.0, Dist=98.0, Win Bonus=0.0
[2026-05-05 23:38:56] SCORE pB (blue): Final=183.4, Time=86.4, Moves(8)=0.0, Pins(0)=0.0, Dist=97.0, Win Bonus=0.0
[2026-05-05 23:38:57] MOVE 17: pA (red) 117->115 [0.00ms]
[2026-05-05 23:38:57] SCORE pA (red): Final=182.9, Time=84.9, Moves(9)=0.0, Pins(0)=0.0, Dist=98.0, Win Bonus=0.0
[2026-05-05 23:38:57] SCORE pB (blue): Final=183.4, Time=86.4, Moves(8)=0.0, Pins(0)=0.0, Dist=97.0, Win Bonus=0.0
[2026-05-05 23:39:00] MOVE 18: pB (blue) 9->29 [0.00ms]
[2026-05-05 23:39:00] SCORE pA (red): Final=182.9, Time=84.9, Moves(9)=0.0, Pins(0)=0.0, Dist=98.0, Win Bonus=0.0
[2026-05-05 23:39:00] SCORE pB (blue): Final=183.0, Time=84.0, Moves(9)=0.0, Pins(0)=0.0, Dist=99.0, Win Bonus=0.0
[2026-05-05 23:39:01] MOVE 19: pA (red) 116->113 [0.00ms]
[2026-05-05 23:39:01] SCORE pA (red): Final=182.7, Time=83.7, Moves(10)=0.0, Pins(0)=0.0, Dist=99.0, Win Bonus=0.0
[2026-05-05 23:39:01] SCORE pB (blue): Final=183.0, Time=84.0, Moves(9)=0.0, Pins(0)=0.0, Dist=99.0, Win Bonus=0.0
[2026-05-05 23:39:02] MOVE 20: pB (blue) 18->0 [0.00ms]
[2026-05-05 23:39:02] SCORE pA (red): Final=182.7, Time=83.7, Moves(10)=0.0, Pins(0)=0.0, Dist=99.0, Win Bonus=0.0
[2026-05-05 23:39:02] SCORE pB (blue): Final=177.7, Time=82.7, Moves(10)=0.0, Pins(0)=0.0, Dist=95.0, Win Bonus=0.0
[2026-05-05 23:39:04] MOVE 21: pA (red) 89->88 [0.00ms]
[2026-05-05 23:39:04] SCORE pA (red): Final=180.5, Time=81.5, Moves(11)=0.0, Pins(0)=0.0, Dist=99.0, Win Bonus=0.0
[2026-05-05 23:39:04] SCORE pB (blue): Final=177.7, Time=82.7, Moves(10)=0.0, Pins(0)=0.0, Dist=95.0, Win Bonus=0.0
[2026-05-05 23:39:07] MOVE 22: pB (blue) 19->20 [0.00ms]
[2026-05-05 23:39:07] SCORE pA (red): Final=180.5, Time=81.5, Moves(11)=0.0, Pins(0)=0.0, Dist=99.0, Win Bonus=0.0
[2026-05-05 23:39:07] SCORE pB (blue): Final=175.3, Time=80.3, Moves(11)=0.0, Pins(0)=0.0, Dist=95.0, Win Bonus=0.0
[2026-05-05 23:39:08] MOVE 23: pA (red) 119->117 [0.00ms]
[2026-05-05 23:39:08] SCORE pA (red): Final=180.3, Time=80.3, Moves(12)=0.0, Pins(0)=0.0, Dist=100.0, Win Bonus=0.0
[2026-05-05 23:39:08] SCORE pB (blue): Final=175.3, Time=80.3, Moves(11)=0.0, Pins(0)=0.0, Dist=95.0, Win Bonus=0.0
[2026-05-05 23:39:10] MOVE 24: pB (blue) 29->28 [0.00ms]
[2026-05-05 23:39:10] SCORE pA (red): Final=180.3, Time=80.3, Moves(12)=0.0, Pins(0)=0.0, Dist=100.0, Win Bonus=0.0
[2026-05-05 23:39:10] SCORE pB (blue): Final=172.9, Time=77.9, Moves(12)=0.0, Pins(0)=0.0, Dist=95.0, Win Bonus=0.0
[2026-05-05 23:39:12] MOVE 25: pA (red) 113->116 [0.00ms]
[2026-05-05 23:39:12] SCORE pA (red): Final=177.2, Time=78.2, Moves(13)=0.0, Pins(0)=0.0, Dist=99.0, Win Bonus=0.0
[2026-05-05 23:39:12] SCORE pB (blue): Final=172.9, Time=77.9, Moves(12)=0.0, Pins(0)=0.0, Dist=95.0, Win Bonus=0.0
[2026-05-05 23:39:15] MOVE 26: pB (blue) 17->29 [0.00ms]
[2026-05-05 23:39:15] SCORE pA (red): Final=177.2, Time=78.2, Moves(13)=0.0, Pins(0)=0.0, Dist=99.0, Win Bonus=0.0
[2026-05-05 23:39:15] SCORE pB (blue): Final=171.4, Time=75.4, Moves(13)=0.0, Pins(0)=0.0, Dist=96.0, Win Bonus=0.0
[2026-05-05 23:39:17] MOVE 27: pA (red) 90->78 [0.00ms]
[2026-05-05 23:39:17] SCORE pA (red): Final=176.1, Time=76.1, Moves(14)=0.0, Pins(0)=0.0, Dist=100.0, Win Bonus=0.0
[2026-05-05 23:39:17] SCORE pB (blue): Final=171.4, Time=75.4, Moves(13)=0.0, Pins(0)=0.0, Dist=96.0, Win Bonus=0.0
[2026-05-05 23:39:18] MOVE 28: pB (blue) 28->40 [0.00ms]
[2026-05-05 23:39:18] SCORE pA (red): Final=176.1, Time=76.1, Moves(14)=0.0, Pins(0)=0.0, Dist=100.0, Win Bonus=0.0
[2026-05-05 23:39:18] SCORE pB (blue): Final=171.0, Time=74.0, Moves(14)=0.0, Pins(0)=0.0, Dist=97.0, Win Bonus=0.0
[2026-05-05 23:39:20] MOVE 29: pA (red) 112->104 [0.00ms]
[2026-05-05 23:39:20] SCORE pA (red): Final=176.0, Time=75.0, Moves(15)=0.0, Pins(0)=0.0, Dist=101.0, Win Bonus=0.0
[2026-05-05 23:39:20] SCORE pB (blue): Final=171.0, Time=74.0, Moves(14)=0.0, Pins(0)=0.0, Dist=97.0, Win Bonus=0.0
[2026-05-05 23:39:22] MOVE 30: pB (blue) 5->41 [0.00ms]
[2026-05-05 23:39:22] SCORE pA (red): Final=176.0, Time=75.0, Moves(15)=0.0, Pins(0)=0.0, Dist=101.0, Win Bonus=0.0
[2026-05-05 23:39:22] SCORE pB (blue): Final=172.5, Time=71.5, Moves(15)=0.0, Pins(0)=0.0, Dist=101.0, Win Bonus=0.0
[2026-05-05 23:39:24] MOVE 31: pA (red) 91->111 [0.00ms]
[2026-05-05 23:39:24] SCORE pA (red): Final=171.9, Time=72.9, Moves(16)=0.0, Pins(0)=0.0, Dist=99.0, Win Bonus=0.0
[2026-05-05 23:39:24] SCORE pB (blue): Final=172.5, Time=71.5, Moves(15)=0.0, Pins(0)=0.0, Dist=101.0, Win Bonus=0.0
[2026-05-05 23:39:26] MOVE 32: pB (blue) 2->5 [0.00ms]
[2026-05-05 23:39:26] SCORE pA (red): Final=171.9, Time=72.9, Moves(16)=0.0, Pins(0)=0.0, Dist=99.0, Win Bonus=0.0
[2026-05-05 23:39:26] SCORE pB (blue): Final=172.0, Time=70.0, Moves(16)=0.0, Pins(0)=0.0, Dist=102.0, Win Bonus=0.0
[2026-05-05 23:39:28] MOVE 33: pA (red) 116->112 [0.00ms]
[2026-05-05 23:39:28] SCORE pA (red): Final=170.8, Time=70.8, Moves(17)=0.0, Pins(0)=0.0, Dist=100.0, Win Bonus=0.0
[2026-05-05 23:39:28] SCORE pB (blue): Final=172.0, Time=70.0, Moves(16)=0.0, Pins(0)=0.0, Dist=102.0, Win Bonus=0.0
[2026-05-05 23:39:29] SCORE pA (red): Final=170.8, Time=70.8, Moves(17)=0.0, Pins(0)=0.0, Dist=100.0, Win Bonus=0.0
[2026-05-05 23:39:29] SCORE pB (blue): Final=172.0, Time=70.0, Moves(16)=0.0, Pins(0)=0.0, Dist=102.0, Win Bonus=0.0
[2026-05-05 23:39:29] GAME TIME LIMIT REACHED.
[2026-05-05 23:39:30] SCORE pA (red): Final=170.8, Time=70.8, Moves(17)=0.0, Pins(0)=0.0, Dist=100.0, Win Bonus=0.0
[2026-05-05 23:39:30] SCORE pB (blue): Final=172.0, Time=70.0, Moves(16)=0.0, Pins(0)=0.0, Dist=102.0, Win Bonus=0.0
[2026-05-05 23:39:30] GAME TIME LIMIT REACHED.
[2026-05-05 23:39:31] SCORE pA (red): Final=170.8, Time=70.8, Moves(17)=0.0, Pins(0)=0.0, Dist=100.0, Win Bonus=0.0
[2026-05-05 23:39:31] SCORE pB (blue): Final=172.0, Time=70.0, Moves(16)=0.0, Pins(0)=0.0, Dist=102.0, Win Bonus=0.0
[2026-05-05 23:39:31] GAME TIME LIMIT REACHED.
