[2026-05-05 23:38:09] GAME CREATED
[2026-05-05 23:43:08] PLAYER JOINED: pC as red
[2026-05-05 23:43:13] PLAYER JOINED: pD as blue
[2026-05-05 23:43:13] PLAYER START: pC (red)
[2026-05-05 23:43:13] PLAYER START: pD (blue)
[2026-05-05 23:43:13] GAME START — turn order ['red', 'blue']
[2026-05-05 23:43:14] PLAYER START: pC (red)
[2026-05-05 23:43:14] PLAYER START: pD (blue)
[2026-05-05 23:43:15] MOVE 1: pC (red) 115->102 [0.00ms]
[2026-05-05 23:43:15] SCORE pC (red): Final=190.8, Time=98.8, Moves(1)=0.0, Pins(0)=0.0, Dist=92.0, Win Bonus=0.0
[2026-05-05 23:43:15] SCORE pD (blue): Final=0.0, Time=0.0, Moves(0)=0.0, Pins(0)=0.0, Dist=0.0, Win Bonus=0.0
[2026-05-05 23:43:17] MOVE 2: pD (blue) 8->17 [0.00ms]
[2026-05-05 23:43:17] SCORE pC (red): Final=190.8, Time=98.8, Moves(1)=0.0, Pins(0)=0.0, Dist=92.0, Win Bonus=0.0
[2026-05-05 23:43:17] SCORE pD (blue): Final=188.7, Time=97.7, Moves(1)=0.0, Pins(0)=0.0, Dist=91.0, Win Bonus=0.0
[2026-05-05 23:43:19] MOVE 3: pC (red) 120->104 [0.00ms]
[2026-05-05 23:43:19] SCORE pC (red): Final=192.6, Time=96.6, Moves(2)=0.0, Pins(0)=0.0, Dist=96.0, Win Bonus=0.0
[2026-05-05 23:43:19] SCORE pD (blue): Final=188.7, Time=97.7, Moves(1)=0.0, Pins(0)=0.0, Dist=91.0, Win Bonus=0.0
[2026-05-05 23:43:20] MOVE 4: pD (blue) 17->30 [0.00ms]
[2026-05-05 23:43:20] SCORE pC (red): Final=192.6, Time=96.6, Moves(2)=0.0, Pins(0)=0.0, Dist=96.0, Win Bonus=0.0
[2026-05-05 23:43:20] SCORE pD (blue): Final=188.3, Time=96.3, Moves(2)=0.0, Pins(0)=0.0, Dist=92.0, Win Bonus=0.0
[2026-05-05 23:43:22] MOVE 5: pC (red) 116->101 [0.00ms]
[2026-05-05 23:43:22] SCORE pC (red): Final=193.4, Time=95.4, Moves(3)=0.0, Pins(0)=0.0, Dist=98.0, Win Bonus=0.0
[2026-05-05 23:43:22] SCORE pD (blue): Final=188.3, Time=96.3, Moves(2)=0.0, Pins(0)=0.0, Dist=92.0, Win Bonus=0.0
[2026-05-05 23:43:23] MOVE 6: pD (blue) 7->15 [0.00ms]
[2026-05-05 23:43:23] SCORE pC (red): Final=193.4, Time=95.4, Moves(3)=0.0, Pins(0)=0.0, Dist=98.0, Win Bonus=0.0
[2026-05-05 23:43:23] SCORE pD (blue): Final=188.0, Time=95.0, Moves(3)=0.0, Pins(0)=0.0, Dist=93.0, Win Bonus=0.0
[2026-05-05 23:43:24] MOVE 7: pC (red) 119->120 [0.00ms]
[2026-05-05 23:43:24] SCORE pC (red): Final=191.2, Time=94.2, Moves(4)=0.0, Pins(0)=0.0, Dist=97.0, Win Bonus=0.0
[2026-05-05 23:43:24] SCORE pD (blue): Final=188.0, Time=95.0, Moves(3)=0.0, Pins(0)=0.0, Dist=93.0, Win Bonus=0.0
[2026-05-05 23:43:27] MOVE 8: pD (blue) 5->8 [0.00ms]
[2026-05-05 23:43:27] SCORE pC (red): Final=191.2, Time=94.2, Moves(4)=0.0, Pins(0)=0.0, Dist=97.0, Win Bonus=0.0
[2026-05-05 23:43:27] SCORE pD (blue): Final=186.6, Time=92.6, Moves(4)=0.0, Pins(0)=0.0, Dist=94.0, Win Bonus=0.0
[2026-05-05 23:43:29] MOVE 9: pC (red) 104->92 [0.00ms]
[2026-05-05 23:43:29] SCORE pC (red): Final=190.0, Time=92.0, Moves(5)=0.0, Pins(0)=0.0, Dist=98.0, Win Bonus=0.0
[2026-05-05 23:43:29] SCORE pD (blue): Final=186.6, Time=92.6, Moves(4)=0.0, Pins(0)=0.0, Dist=94.0, Win Bonus=0.0
[2026-05-05 23:43:30] MOVE 10: pD (blue) 3->18 [0.00ms]
[2026-05-05 23:43:30] SCORE pC (red): Final=190.0, Time=92.0, Moves(5)=0.0, Pins(0)=0.0, Dist=98.0, Win Bonus=0.0
[2026-05-05 23:43:30] SCORE pD (blue): Final=187.3, Time=91.3, Moves(5)=0.0, Pins(0)=0.0, Dist=96.0, Win Bonus=0.0
[2026-05-05 23:43:31] MOVE 11: pC (red) 101->100 [0.00ms]
[2026-05-05 23:43:31] SCORE pC (red): Final=188.7, Time=90.7, Moves(6)=0.0, Pins(0)=0.0, Dist=98.0, Win Bonus=0.0
[2026-05-05 23:43:31] SCORE pD (blue): Final=187.3, Time=91.3, Moves(5)=0.0, Pins(0)=0.0, Dist=96.0, Win Bonus=0.0
[2026-05-05 23:43:33] MOVE 12: pD (blue) 30->17 [0.00ms]
[2026-05-05 23:43:33] SCORE pC (red): Final=188.7, Time=90.7, Moves(6)=0.0, Pins(0)=0.0, Dist=98.0, Win Bonus=0.0
[2026-05-05 23:43:33] SCORE pD (blue): Final=185.0, Time=90.0, Moves(6)=0.0, Pins(0)=0.0, Dist=95.0, Win Bonus=0.0
[2026-05-05 23:43:34] MOVE 13: pC (red) 92->93 [0.00ms]
[2026-05-05 23:43:34] SCORE pC (red): Final=187.4, Time=89.4, Moves(7)=0.0, Pins(0)=0.0, Dist=98.0, Win Bonus=0.0
[2026-05-05 23:43:34] SCORE pD (blue): Final=185.0, Time=90.0, Moves(6)=0.0, Pins(0)=0.0, Dist=95.0, Win Bonus=0.0
[2026-05-05 23:43:35] MOVE 14: pD (blue) 8->30 [0.00ms]
[2026-05-05 23:43:35] SCORE pC (red): Final=187.4, Time=89.4, Moves(7)=0.0, Pins(0)=0.0, Dist=98.0, Win Bonus=0.0
[2026-05-05 23:43:35] SCORE pD (blue): Final=185.7, Time=88.7, Moves(7)=0.0, Pins(0)=0.0, Dist=97.0, Win Bonus=0.0
[2026-05-05 23:43:37] MOVE 15: pC (red) 102->101 [0.00ms]
[2026-05-05 23:43:37] SCORE pC (red): Final=186.1, Time=88.1, Moves(8)=0.0, Pins(0)=0.0, Dist=98.0, Win Bonus=0.0
[2026-05-05 23:43:37] SCORE pD (blue): Final=185.7, Time=88.7, Moves(7)=0.0, Pins(0)=0.0, Dist=97.0, Win Bonus=0.0
[2026-05-05 23:43:38] MOVE 16: pD (blue) 4->8 [0.00ms]
[2026-05-05 23:43:38] SCORE pC (red): Final=186.1, Time=88.1, Moves(8)=0.0, Pins(0)=0.0, Dist=98.0, Win Bonus=0.0
[2026-05-05 23:43:38] SCORE pD (blue): Final=185.5, Time=87.5, Moves(8)=0.0, Pins(0)=0.0, Dist=98.0, Win Bonus=0.0
[2026-05-05 23:43:39] MOVE 17: pC (red) 114->119 [0.00ms]
[2026-05-05 23:43:39] SCORE pC (red): Final=182.8, Time=86.8, Moves(9)=0.0, Pins(0)=0.0, Dist=96.0, Win Bonus=0.0
[2026-05-05 23:43:39] SCORE pD (blue): Final=185.5, Time=87.5, Moves(8)=0.0, Pins(0)=0.0, Dist=98.0, Win Bonus=0.0
[2026-05-05 23:43:40] MOVE 18: pD (blue) 1->4 [0.00ms]
[2026-05-05 23:43:40] SCORE pC (red): Final=182.8, Time=86.8, Moves(9)=0.0, Pins(0)=0.0, Dist=96.0, Win Bonus=0.0
[2026-05-05 23:43:40] SCORE pD (blue): Final=185.2, Time=86.2, Moves(9)=0.0, Pins(0)=0.0, Dist=99.0, Win Bonus=0.0
[2026-05-05 23:43:43] MOVE 19: pC (red) 113->105 [0.01ms]
[2026-05-05 23:43:43] SCORE pC (red): Final=181.5, Time=84.5, Moves(10)=0.0, Pins(0)=0.0, Dist=97.0, Win Bonus=0.0
[2026-05-05 23:43:43] SCORE pD (blue): Final=185.2, Time=86.2, Moves(9)=0.0, Pins(0)=0.0, Dist=99.0, Win Bonus=0.0
[2026-05-05 23:43:45] MOVE 20: pD (blue) 18->41 [0.00ms]
[2026-05-05 23:43:45] SCORE pC (red): Final=181.5, Time=84.5, Moves(10)=0.0, Pins(0)=0.0, Dist=97.0, Win Bonus=0.0
[2026-05-05 23:43:45] SCORE pD (blue): Final=185.0, Time=84.0, Moves(10)=0.0, Pins(0)=0.0, Dist=101.0, Win Bonus=0.0
[2026-05-05 23:43:47] MOVE 21: pC (red) 111->102 [0.00ms]
[2026-05-05 23:43:47] SCORE pC (red): Final=180.1, Time=82.1, Moves(11)=0.0, Pins(0)=0.0, Dist=98.0, Win Bonus=0.0
[2026-05-05 23:43:47] SCORE pD (blue): Final=185.0, Time=84.0, Moves(10)=0.0, Pins(0)=0.0, Dist=101.0, Win Bonus=0.0
[2026-05-05 23:43:50] MOVE 22: pD (blue) 6->3 [0.00ms]
[2026-05-05 23:43:50] SCORE pC (red): Final=180.1, Time=82.1, Moves(11)=0.0, Pins(0)=0.0, Dist=98.0, Win Bonus=0.0
[2026-05-05 23:43:50] SCORE pD (blue): Final=181.7, Time=81.7, Moves(11)=0.0, Pins(0)=0.0, Dist=100.0, Win Bonus=0.0
[2026-05-05 23:43:52] MOVE 23: pC (red) 93->111 [0.00ms]
[2026-05-05 23:43:52] SCORE pC (red): Final=175.9, Time=79.9, Moves(12)=0.0, Pins(0)=0.0, Dist=96.0, Win Bonus=0.0
[2026-05-05 23:43:52] SCORE pD (blue): Final=181.7, Time=81.7, Moves(11)=0.0, Pins(0)=0.0, Dist=100.0, Win Bonus=0.0
[2026-05-05 23:43:53] MOVE 24: pD (blue) 8->5 [0.00ms]
[2026-05-05 23:43:53] SCORE pC (red): Final=175.9, Time=79.9, Moves(12)=0.0, Pins(0)=0.0, Dist=96.0, Win Bonus=0.0
[2026-05-05 23:43:53] SCORE pD (blue): Final=179.5, Time=80.5, Moves(12)=0.0, Pins(0)=0.0, Dist=99.0, Win Bonus=0.0
[2026-05-05 23:43:55] MOVE 25: pC (red) 100->87 [0.00ms]
[2026-05-05 23:43:55] SCORE pC (red): Final=174.6, Time=77.6, Moves(13)=0.0, Pins(0)=0.0, Dist=97.0, Win Bonus=0.0
[2026-05-05 23:43:55] SCORE pD (blue): Final=179.5, Time=80.5, Moves(12)=0.0, Pins(0)=0.0, Dist=99.0, Win Bonus=0.0
[2026-05-05 23:43:58] MOVE 26: pD (blue) 41->14 [0.00ms]
[2026-05-05 23:43:58] SCORE pC (red): Final=174.6, Time=77.6, Moves(13)=0.0, Pins(0)=0.0, Dist=97.0, Win Bonus=0.0
[2026-05-05 23:43:58] SCORE pD (blue): Final=175.3, Time=78.3, Moves(13)=0.0, Pins(0)=0.0, Dist=97.0, Win Bonus=0.0
[2026-05-05 23:43:59] MOVE 27: pC (red) 118->116 [0.00ms]
[2026-05-05 23:43:59] SCORE pC (red): Final=174.2, Time=76.2, Moves(14)=0.0, Pins(0)=0.0, Dist=98.0, Win Bonus=0.0
[2026-05-05 23:43:59] SCORE pD (blue): Final=175.3, Time=78.3, Moves(13)=0.0, Pins(0)=0.0, Dist=97.0, Win Bonus=0.0
[2026-05-05 23:44:00] MOVE 28: pD (blue) 2->1 [0.00ms]
[2026-05-05 23:44:00] SCORE pC (red): Final=174.2, Time=76.2, Moves(14)=0.0, Pins(0)=0.0, Dist=98.0, Win Bonus=0.0
[2026-05-05 23:44:00] SCORE pD (blue): Final=174.1, Time=77.1, Moves(14)=0.0, Pins(0)=0.0, Dist=97.0, Win Bonus=0.0
[2026-05-05 23:44:03] MOVE 29: pC (red) 117->113 [0.01ms]
[2026-05-05 23:44:03] SCORE pC (red): Final=172.8, Time=73.8, Moves(15)=0.0, Pins(0)=0.0, Dist=99.0, Win Bonus=0.0
[2026-05-05 23:44:03] SCORE pD (blue): Final=174.1, Time=77.1, Moves(14)=0.0, Pins(0)=0.0, Dist=97.0, Win Bonus=0.0
[2026-05-05 23:44:05] MOVE 30: pD (blue) 5->16 [0.00ms]
[2026-05-05 23:44:05] SCORE pC (red): Final=172.8, Time=73.8, Moves(15)=0.0, Pins(0)=0.0, Dist=99.0, Win Bonus=0.0
[2026-05-05 23:44:05] SCORE pD (blue): Final=173.9, Time=74.9, Moves(15)=0.0, Pins(0)=0.0, Dist=99.0, Win Bonus=0.0
[2026-05-05 23:44:07] MOVE 31: pC (red) 116->103 [0.00ms]
[2026-05-05 23:44:07] SCORE pC (red): Final=172.4, Time=71.4, Moves(16)=0.0, Pins(0)=0.0, Dist=101.0, Win Bonus=0.0
[2026-05-05 23:44:07] SCORE pD (blue): Final=173.9, Time=74.9, Moves(15)=0.0, Pins(0)=0.0, Dist=99.0, Win Bonus=0.0
[2026-05-05 23:44:09] MOVE 32: pD (blue) 15->13 [0.00ms]
[2026-05-05 23:44:09] SCORE pC (red): Final=172.4, Time=71.4, Moves(16)=0.0, Pins(0)=0.0, Dist=101.0, Win Bonus=0.0
[2026-05-05 23:44:09] SCORE pD (blue): Final=171.7, Time=72.7, Moves(16)=0.0, Pins(0)=0.0, Dist=99.0, Win Bonus=0.0
[2026-05-05 23:44:12] MOVE 33: pC (red) 120->104 [0.00ms]
[2026-05-05 23:44:12] SCORE pC (red): Final=174.0, Time=69.0, Moves(17)=0.0, Pins(0)=0.0, Dist=105.0, Win Bonus=0.0
[2026-05-05 23:44:12] SCORE pD (blue): Final=171.7, Time=72.7, Moves(16)=0.0, Pins(0)=0.0, Dist=99.0, Win Bonus=0.0
[2026-05-05 23:44:14] SCORE pC (red): Final=174.0, Time=69.0, Moves(17)=0.0, Pins(0)=0.0, Dist=105.0, Win Bonus=0.0
[2026-05-05 23:44:14] SCORE pD (blue): Final=171.7, Time=72.7, Moves(16)=0.0, Pins(0)=0.0, Dist=99.0, Win Bonus=0.0
[2026-05-05 23:44:14] GAME TIME LIMIT REACHED.
[2026-05-05 23:44:14] SCORE pC (red): Final=174.0, Time=69.0, Moves(17)=0.0, Pins(0)=0.0, Dist=105.0, Win Bonus=0.0
[2026-05-05 23:44:14] SCORE pD (blue): Final=171.7, Time=72.7, Moves(16)=0.0, Pins(0)=0.0, Dist=99.0, Win Bonus=0.0
[2026-05-05 23:44:14] GAME TIME LIMIT REACHED.
[2026-05-05 23:44:14] SCORE pC (red): Final=174.0, Time=69.0, Moves(17)=0.0, Pins(0)=0.0, Dist=105.0, Win Bonus=0.0
[2026-05-05 23:44:14] SCORE pD (blue): Final=171.7, Time=72.7, Moves(16)=0.0, Pins(0)=0.0, Dist=99.0, Win Bonus=0.0
[2026-05-05 23:44:14] GAME TIME LIMIT REACHED.
