[2026-05-05 23:25:48] GAME CREATED
[2026-05-05 23:25:53] PLAYER JOINED: pA as yellow
[2026-05-05 23:25:57] PLAYER JOINED: pB as purple
[2026-05-05 23:25:57] PLAYER START: pA (yellow)
[2026-05-05 23:25:57] PLAYER START: pB (purple)
[2026-05-05 23:25:57] GAME START — turn order ['yellow', 'purple']
[2026-05-05 23:25:58] PLAYER START: pA (yellow)
[2026-05-05 23:25:58] PLAYER START: pB (purple)
[2026-05-05 23:25:59] MOVE 1: pA (yellow) 35->37 [0.01ms]
[2026-05-05 23:25:59] SCORE pA (yellow): Final=190.5, Time=98.5, Moves(1)=0.0, Pins(0)=0.0, Dist=92.0, Win Bonus=0.0
[2026-05-05 23:25:59] SCORE pB (purple): Final=0.0, Time=0.0, Moves(0)=0.0, Pins(0)=0.0, Dist=0.0, Win Bonus=0.0
[2026-05-05 23:26:01] MOVE 2: pB (purple) 107->94 [0.01ms]
[2026-05-05 23:26:01] SCORE pA (yellow): Final=190.5, Time=98.5, Moves(1)=0.0, Pins(0)=0.0, Dist=92.0, Win Bonus=0.0
[2026-05-05 23:26:01] SCORE pB (purple): Final=188.9, Time=97.9, Moves(1)=0.0, Pins(0)=0.0, Dist=91.0, Win Bonus=0.0
[2026-05-05 23:26:03] MOVE 3: pA (yellow) 12->14 [0.00ms]
[2026-05-05 23:26:03] SCORE pA (yellow): Final=190.1, Time=96.1, Moves(2)=0.0, Pins(0)=0.0, Dist=94.0, Win Bonus=0.0
[2026-05-05 23:26:03] SCORE pB (purple): Final=188.9, Time=97.9, Moves(1)=0.0, Pins(0)=0.0, Dist=91.0, Win Bonus=0.0
[2026-05-05 23:26:04] MOVE 4: pB (purple) 85->64 [0.00ms]
[2026-05-05 23:26:04] SCORE pA (yellow): Final=190.1, Time=96.1, Moves(2)=0.0, Pins(0)=0.0, Dist=94.0, Win Bonus=0.0
[2026-05-05 23:26:04] SCORE pB (purple): Final=189.8, Time=96.8, Moves(2)=0.0, Pins(0)=0.0, Dist=93.0, Win Bonus=0.0
[2026-05-05 23:26:06] MOVE 5: pA (yellow) 37->26 [0.00ms]
[2026-05-05 23:26:06] SCORE pA (yellow): Final=188.6, Time=94.6, Moves(3)=0.0, Pins(0)=0.0, Dist=94.0, Win Bonus=0.0
[2026-05-05 23:26:06] SCORE pB (purple): Final=189.8, Time=96.8, Moves(2)=0.0, Pins(0)=0.0, Dist=93.0, Win Bonus=0.0
[2026-05-05 23:26:08] MOVE 6: pB (purple) 96->85 [0.00ms]
[2026-05-05 23:26:08] SCORE pA (yellow): Final=188.6, Time=94.6, Moves(3)=0.0, Pins(0)=0.0, Dist=94.0, Win Bonus=0.0
[2026-05-05 23:26:08] SCORE pB (purple): Final=187.6, Time=94.6, Moves(3)=0.0, Pins(0)=0.0, Dist=93.0, Win Bonus=0.0
[2026-05-05 23:26:10] MOVE 7: pA (yellow) 26->38 [0.00ms]
[2026-05-05 23:26:10] SCORE pA (yellow): Final=187.2, Time=92.2, Moves(4)=0.0, Pins(0)=0.0, Dist=95.0, Win Bonus=0.0
[2026-05-05 23:26:10] SCORE pB (purple): Final=187.6, Time=94.6, Moves(3)=0.0, Pins(0)=0.0, Dist=93.0, Win Bonus=0.0
[2026-05-05 23:26:12] MOVE 8: pB (purple) 74->54 [0.00ms]
[2026-05-05 23:26:13] SCORE pA (yellow): Final=187.2, Time=92.2, Moves(4)=0.0, Pins(0)=0.0, Dist=95.0, Win Bonus=0.0
[2026-05-05 23:26:13] SCORE pB (purple): Final=187.5, Time=92.5, Moves(4)=0.0, Pins(0)=0.0, Dist=95.0, Win Bonus=0.0
[2026-05-05 23:26:15] MOVE 9: pA (yellow) 25->37 [0.00ms]
[2026-05-05 23:26:15] SCORE pA (yellow): Final=185.7, Time=89.7, Moves(5)=0.0, Pins(0)=0.0, Dist=96.0, Win Bonus=0.0
[2026-05-05 23:26:15] SCORE pB (purple): Final=187.5, Time=92.5, Moves(4)=0.0, Pins(0)=0.0, Dist=95.0, Win Bonus=0.0
[2026-05-05 23:26:17] MOVE 10: pB (purple) 94->73 [0.00ms]
[2026-05-05 23:26:17] SCORE pA (yellow): Final=185.7, Time=89.7, Moves(5)=0.0, Pins(0)=0.0, Dist=96.0, Win Bonus=0.0
[2026-05-05 23:26:17] SCORE pB (purple): Final=185.3, Time=90.3, Moves(5)=0.0, Pins(0)=0.0, Dist=95.0, Win Bonus=0.0
[2026-05-05 23:26:20] MOVE 11: pA (yellow) 14->12 [0.00ms]
[2026-05-05 23:26:20] SCORE pA (yellow): Final=181.3, Time=87.3, Moves(6)=0.0, Pins(0)=0.0, Dist=94.0, Win Bonus=0.0
[2026-05-05 23:26:20] SCORE pB (purple): Final=185.3, Time=90.3, Moves(5)=0.0, Pins(0)=0.0, Dist=95.0, Win Bonus=0.0
[2026-05-05 23:26:22] MOVE 12: pB (purple) 95->74 [0.00ms]
[2026-05-05 23:26:22] SCORE pA (yellow): Final=181.3, Time=87.3, Moves(6)=0.0, Pins(0)=0.0, Dist=94.0, Win Bonus=0.0
[2026-05-05 23:26:22] SCORE pB (purple): Final=183.1, Time=88.1, Moves(6)=0.0, Pins(0)=0.0, Dist=95.0, Win Bonus=0.0
[2026-05-05 23:26:23] MOVE 13: pA (yellow) 37->48 [0.00ms]
[2026-05-05 23:26:23] SCORE pA (yellow): Final=180.9, Time=85.9, Moves(7)=0.0, Pins(0)=0.0, Dist=95.0, Win Bonus=0.0
[2026-05-05 23:26:23] SCORE pB (purple): Final=183.1, Time=88.1, Moves(6)=0.0, Pins(0)=0.0, Dist=95.0, Win Bonus=0.0
[2026-05-05 23:26:24] MOVE 14: pB (purple) 84->96 [0.00ms]
[2026-05-05 23:26:24] SCORE pA (yellow): Final=180.9, Time=85.9, Moves(7)=0.0, Pins(0)=0.0, Dist=95.0, Win Bonus=0.0
[2026-05-05 23:26:24] SCORE pB (purple): Final=181.0, Time=87.0, Moves(7)=0.0, Pins(0)=0.0, Dist=94.0, Win Bonus=0.0
[2026-05-05 23:26:26] MOVE 15: pA (yellow) 23->35 [0.00ms]
[2026-05-05 23:26:26] SCORE pA (yellow): Final=180.5, Time=84.5, Moves(8)=0.0, Pins(0)=0.0, Dist=96.0, Win Bonus=0.0
[2026-05-05 23:26:26] SCORE pB (purple): Final=181.0, Time=87.0, Moves(7)=0.0, Pins(0)=0.0, Dist=94.0, Win Bonus=0.0
[2026-05-05 23:26:27] MOVE 16: pB (purple) 64->55 [0.00ms]
[2026-05-05 23:26:27] SCORE pA (yellow): Final=180.5, Time=84.5, Moves(8)=0.0, Pins(0)=0.0, Dist=96.0, Win Bonus=0.0
[2026-05-05 23:26:27] SCORE pB (purple): Final=179.8, Time=85.8, Moves(8)=0.0, Pins(0)=0.0, Dist=94.0, Win Bonus=0.0
[2026-05-05 23:26:28] MOVE 17: pA (yellow) 36->25 [0.00ms]
[2026-05-05 23:26:28] SCORE pA (yellow): Final=179.1, Time=83.1, Moves(9)=0.0, Pins(0)=0.0, Dist=96.0, Win Bonus=0.0
[2026-05-05 23:26:28] SCORE pB (purple): Final=179.8, Time=85.8, Moves(8)=0.0, Pins(0)=0.0, Dist=94.0, Win Bonus=0.0
[2026-05-05 23:26:30] MOVE 18: pB (purple) 85->64 [0.00ms]
[2026-05-05 23:26:30] SCORE pA (yellow): Final=179.1, Time=83.1, Moves(9)=0.0, Pins(0)=0.0, Dist=96.0, Win Bonus=0.0
[2026-05-05 23:26:30] SCORE pB (purple): Final=179.7, Time=83.7, Moves(9)=0.0, Pins(0)=0.0, Dist=96.0, Win Bonus=0.0
[2026-05-05 23:26:33] MOVE 19: pA (yellow) 11->23 [0.00ms]
[2026-05-05 23:26:33] SCORE pA (yellow): Final=176.7, Time=80.7, Moves(10)=0.0, Pins(0)=0.0, Dist=96.0, Win Bonus=0.0
[2026-05-05 23:26:33] SCORE pB (purple): Final=179.7, Time=83.7, Moves(9)=0.0, Pins(0)=0.0, Dist=96.0, Win Bonus=0.0
[2026-05-05 23:26:34] MOVE 20: pB (purple) 64->85 [0.00ms]
[2026-05-05 23:26:34] SCORE pA (yellow): Final=176.7, Time=80.7, Moves(10)=0.0, Pins(0)=0.0, Dist=96.0, Win Bonus=0.0
[2026-05-05 23:26:34] SCORE pB (purple): Final=176.5, Time=82.5, Moves(10)=0.0, Pins(0)=0.0, Dist=94.0, Win Bonus=0.0
[2026-05-05 23:26:36] MOVE 21: pA (yellow) 24->47 [0.00ms]
[2026-05-05 23:26:36] SCORE pA (yellow): Final=176.3, Time=78.3, Moves(11)=0.0, Pins(0)=0.0, Dist=98.0, Win Bonus=0.0
[2026-05-05 23:26:36] SCORE pB (purple): Final=176.5, Time=82.5, Moves(10)=0.0, Pins(0)=0.0, Dist=94.0, Win Bonus=0.0
[2026-05-05 23:26:39] MOVE 22: pB (purple) 54->44 [0.00ms]
[2026-05-05 23:26:39] SCORE pA (yellow): Final=176.3, Time=78.3, Moves(11)=0.0, Pins(0)=0.0, Dist=98.0, Win Bonus=0.0
[2026-05-05 23:26:39] SCORE pB (purple): Final=174.3, Time=80.3, Moves(11)=0.0, Pins(0)=0.0, Dist=94.0, Win Bonus=0.0
[2026-05-05 23:26:41] MOVE 23: pA (yellow) 48->57 [0.00ms]
[2026-05-05 23:26:41] SCORE pA (yellow): Final=174.0, Time=76.0, Moves(12)=0.0, Pins(0)=0.0, Dist=98.0, Win Bonus=0.0
[2026-05-05 23:26:41] SCORE pB (purple): Final=174.3, Time=80.3, Moves(11)=0.0, Pins(0)=0.0, Dist=94.0, Win Bonus=0.0
[2026-05-05 23:26:43] MOVE 24: pB (purple) 55->54 [0.00ms]
[2026-05-05 23:26:43] SCORE pA (yellow): Final=174.0, Time=76.0, Moves(12)=0.0, Pins(0)=0.0, Dist=98.0, Win Bonus=0.0
[2026-05-05 23:26:43] SCORE pB (purple): Final=173.1, Time=78.1, Moves(12)=0.0, Pins(0)=0.0, Dist=95.0, Win Bonus=0.0
[2026-05-05 23:26:45] MOVE 25: pA (yellow) 13->26 [0.00ms]
[2026-05-05 23:26:45] SCORE pA (yellow): Final=173.6, Time=74.6, Moves(13)=0.0, Pins(0)=0.0, Dist=99.0, Win Bonus=0.0
[2026-05-05 23:26:45] SCORE pB (purple): Final=173.1, Time=78.1, Moves(12)=0.0, Pins(0)=0.0, Dist=95.0, Win Bonus=0.0
[2026-05-05 23:26:47] MOVE 26: pB (purple) 109->63 [0.00ms]
[2026-05-05 23:26:47] SCORE pA (yellow): Final=173.6, Time=74.6, Moves(13)=0.0, Pins(0)=0.0, Dist=99.0, Win Bonus=0.0
[2026-05-05 23:26:47] SCORE pB (purple): Final=175.0, Time=76.0, Moves(13)=0.0, Pins(0)=0.0, Dist=99.0, Win Bonus=0.0
[2026-05-05 23:26:48] MOVE 27: pA (yellow) 25->66 [0.01ms]
[2026-05-05 23:26:48] SCORE pA (yellow): Final=174.1, Time=73.1, Moves(14)=0.0, Pins(0)=0.0, Dist=101.0, Win Bonus=0.0
[2026-05-05 23:26:48] SCORE pB (purple): Final=175.0, Time=76.0, Moves(13)=0.0, Pins(0)=0.0, Dist=99.0, Win Bonus=0.0
[2026-05-05 23:26:49] MOVE 28: pB (purple) 74->84 [0.00ms]
[2026-05-05 23:26:49] SCORE pA (yellow): Final=174.1, Time=73.1, Moves(14)=0.0, Pins(0)=0.0, Dist=101.0, Win Bonus=0.0
[2026-05-05 23:26:49] SCORE pB (purple): Final=173.8, Time=74.8, Moves(14)=0.0, Pins(0)=0.0, Dist=99.0, Win Bonus=0.0
[2026-05-05 23:26:51] MOVE 29: pA (yellow) 10->11 [0.00ms]
[2026-05-05 23:26:51] SCORE pA (yellow): Final=173.6, Time=71.6, Moves(15)=0.0, Pins(0)=0.0, Dist=102.0, Win Bonus=0.0
[2026-05-05 23:26:51] SCORE pB (purple): Final=173.8, Time=74.8, Moves(14)=0.0, Pins(0)=0.0, Dist=99.0, Win Bonus=0.0
[2026-05-05 23:26:53] MOVE 30: pB (purple) 44->32 [0.00ms]
[2026-05-05 23:26:53] SCORE pA (yellow): Final=173.6, Time=71.6, Moves(15)=0.0, Pins(0)=0.0, Dist=102.0, Win Bonus=0.0
[2026-05-05 23:26:53] SCORE pB (purple): Final=172.7, Time=72.7, Moves(15)=0.0, Pins(0)=0.0, Dist=100.0, Win Bonus=0.0
[2026-05-05 23:26:54] MOVE 31: pA (yellow) 46->56 [0.00ms]
[2026-05-05 23:26:54] SCORE pA (yellow): Final=173.1, Time=70.1, Moves(16)=0.0, Pins(0)=0.0, Dist=103.0, Win Bonus=0.0
[2026-05-05 23:26:54] SCORE pB (purple): Final=172.7, Time=72.7, Moves(15)=0.0, Pins(0)=0.0, Dist=100.0, Win Bonus=0.0
[2026-05-05 23:26:55] MOVE 32: pB (purple) 110->109 [0.00ms]
[2026-05-05 23:26:55] SCORE pA (yellow): Final=173.1, Time=70.1, Moves(16)=0.0, Pins(0)=0.0, Dist=103.0, Win Bonus=0.0
[2026-05-05 23:26:55] SCORE pB (purple): Final=172.6, Time=71.6, Moves(16)=0.0, Pins(0)=0.0, Dist=101.0, Win Bonus=0.0
[2026-05-05 23:26:58] SCORE pA (yellow): Final=173.1, Time=70.1, Moves(16)=0.0, Pins(0)=0.0, Dist=103.0, Win Bonus=0.0
[2026-05-05 23:26:58] SCORE pB (purple): Final=172.6, Time=71.6, Moves(16)=0.0, Pins(0)=0.0, Dist=101.0, Win Bonus=0.0
[2026-05-05 23:26:58] GAME TIME LIMIT REACHED.
[2026-05-05 23:26:58] SCORE pA (yellow): Final=173.1, Time=70.1, Moves(16)=0.0, Pins(0)=0.0, Dist=103.0, Win Bonus=0.0
[2026-05-05 23:26:58] SCORE pB (purple): Final=172.6, Time=71.6, Moves(16)=0.0, Pins(0)=0.0, Dist=101.0, Win Bonus=0.0
[2026-05-05 23:26:58] GAME TIME LIMIT REACHED.
[2026-05-05 23:26:58] SCORE pA (yellow): Final=173.1, Time=70.1, Moves(16)=0.0, Pins(0)=0.0, Dist=103.0, Win Bonus=0.0
[2026-05-05 23:26:58] SCORE pB (purple): Final=172.6, Time=71.6, Moves(16)=0.0, Pins(0)=0.0, Dist=101.0, Win Bonus=0.0
[2026-05-05 23:26:58] GAME TIME LIMIT REACHED.
