[2026-05-05 23:38:09] GAME CREATED
[2026-05-05 23:41:42] PLAYER JOINED: pA as red
[2026-05-05 23:41:48] PLAYER JOINED: pD as blue
[2026-05-05 23:41:48] PLAYER START: pA (red)
[2026-05-05 23:41:48] PLAYER START: pD (blue)
[2026-05-05 23:41:48] GAME START — turn order ['red', 'blue']
[2026-05-05 23:41:48] PLAYER START: pA (red)
[2026-05-05 23:41:48] PLAYER START: pD (blue)
[2026-05-05 23:41:49] MOVE 1: pA (red) 115->104 [0.01ms]
[2026-05-05 23:41:49] SCORE pA (red): Final=190.9, Time=98.9, Moves(1)=0.0, Pins(0)=0.0, Dist=92.0, Win Bonus=0.0
[2026-05-05 23:41:49] SCORE pD (blue): Final=0.0, Time=0.0, Moves(0)=0.0, Pins(0)=0.0, Dist=0.0, Win Bonus=0.0
[2026-05-05 23:41:51] MOVE 2: pD (blue) 3->16 [0.00ms]
[2026-05-05 23:41:51] SCORE pA (red): Final=190.9, Time=98.9, Moves(1)=0.0, Pins(0)=0.0, Dist=92.0, Win Bonus=0.0
[2026-05-05 23:41:51] SCORE pD (blue): Final=189.6, Time=97.6, Moves(1)=0.0, Pins(0)=0.0, Dist=92.0, Win Bonus=0.0
[2026-05-05 23:41:53] MOVE 3: pA (red) 117->106 [0.00ms]
[2026-05-05 23:41:54] SCORE pA (red): Final=190.7, Time=96.7, Moves(2)=0.0, Pins(0)=0.0, Dist=94.0, Win Bonus=0.0
[2026-05-05 23:41:54] SCORE pD (blue): Final=189.6, Time=97.6, Moves(1)=0.0, Pins(0)=0.0, Dist=92.0, Win Bonus=0.0
[2026-05-05 23:41:55] MOVE 4: pD (blue) 4->15 [0.00ms]
[2026-05-05 23:41:55] SCORE pA (red): Final=190.7, Time=96.7, Moves(2)=0.0, Pins(0)=0.0, Dist=94.0, Win Bonus=0.0
[2026-05-05 23:41:55] SCORE pD (blue): Final=190.1, Time=96.1, Moves(2)=0.0, Pins(0)=0.0, Dist=94.0, Win Bonus=0.0
[2026-05-05 23:41:56] MOVE 5: pA (red) 111->102 [0.00ms]
[2026-05-05 23:41:56] SCORE pA (red): Final=190.6, Time=95.6, Moves(3)=0.0, Pins(0)=0.0, Dist=95.0, Win Bonus=0.0
[2026-05-05 23:41:56] SCORE pD (blue): Final=190.1, Time=96.1, Moves(2)=0.0, Pins(0)=0.0, Dist=94.0, Win Bonus=0.0
[2026-05-05 23:41:58] MOVE 6: pD (blue) 15->28 [0.00ms]
[2026-05-05 23:41:58] SCORE pA (red): Final=190.6, Time=95.6, Moves(3)=0.0, Pins(0)=0.0, Dist=95.0, Win Bonus=0.0
[2026-05-05 23:41:58] SCORE pD (blue): Final=188.7, Time=93.7, Moves(3)=0.0, Pins(0)=0.0, Dist=95.0, Win Bonus=0.0
[2026-05-05 23:42:00] MOVE 7: pA (red) 112->103 [0.00ms]
[2026-05-05 23:42:00] SCORE pA (red): Final=190.5, Time=94.5, Moves(4)=0.0, Pins(0)=0.0, Dist=96.0, Win Bonus=0.0
[2026-05-05 23:42:00] SCORE pD (blue): Final=188.7, Time=93.7, Moves(3)=0.0, Pins(0)=0.0, Dist=95.0, Win Bonus=0.0
[2026-05-05 23:42:02] MOVE 8: pD (blue) 2->4 [0.00ms]
[2026-05-05 23:42:02] SCORE pA (red): Final=190.5, Time=94.5, Moves(4)=0.0, Pins(0)=0.0, Dist=96.0, Win Bonus=0.0
[2026-05-05 23:42:02] SCORE pD (blue): Final=187.2, Time=91.2, Moves(4)=0.0, Pins(0)=0.0, Dist=96.0, Win Bonus=0.0
[2026-05-05 23:42:03] MOVE 9: pA (red) 102->90 [0.00ms]
[2026-05-05 23:42:03] SCORE pA (red): Final=190.4, Time=93.4, Moves(5)=0.0, Pins(0)=0.0, Dist=97.0, Win Bonus=0.0
[2026-05-05 23:42:03] SCORE pD (blue): Final=187.2, Time=91.2, Moves(4)=0.0, Pins(0)=0.0, Dist=96.0, Win Bonus=0.0
[2026-05-05 23:42:06] MOVE 10: pD (blue) 6->14 [0.00ms]
[2026-05-05 23:42:06] SCORE pA (red): Final=190.4, Time=93.4, Moves(5)=0.0, Pins(0)=0.0, Dist=97.0, Win Bonus=0.0
[2026-05-05 23:42:06] SCORE pD (blue): Final=185.8, Time=88.8, Moves(5)=0.0, Pins(0)=0.0, Dist=97.0, Win Bonus=0.0
[2026-05-05 23:42:07] MOVE 11: pA (red) 113->117 [0.00ms]
[2026-05-05 23:42:07] SCORE pA (red): Final=188.2, Time=92.2, Moves(6)=0.0, Pins(0)=0.0, Dist=96.0, Win Bonus=0.0
[2026-05-05 23:42:07] SCORE pD (blue): Final=185.8, Time=88.8, Moves(5)=0.0, Pins(0)=0.0, Dist=97.0, Win Bonus=0.0
[2026-05-05 23:42:08] MOVE 12: pD (blue) 14->26 [0.00ms]
[2026-05-05 23:42:08] SCORE pA (red): Final=188.2, Time=92.2, Moves(6)=0.0, Pins(0)=0.0, Dist=96.0, Win Bonus=0.0
[2026-05-05 23:42:08] SCORE pD (blue): Final=185.5, Time=87.5, Moves(6)=0.0, Pins(0)=0.0, Dist=98.0, Win Bonus=0.0
[2026-05-05 23:42:10] MOVE 13: pA (red) 103->91 [0.00ms]
[2026-05-05 23:42:10] SCORE pA (red): Final=186.9, Time=89.9, Moves(7)=0.0, Pins(0)=0.0, Dist=97.0, Win Bonus=0.0
[2026-05-05 23:42:10] SCORE pD (blue): Final=185.5, Time=87.5, Moves(6)=0.0, Pins(0)=0.0, Dist=98.0, Win Bonus=0.0
[2026-05-05 23:42:13] MOVE 14: pD (blue) 8->17 [0.00ms]
[2026-05-05 23:42:13] SCORE pA (red): Final=186.9, Time=89.9, Moves(7)=0.0, Pins(0)=0.0, Dist=97.0, Win Bonus=0.0
[2026-05-05 23:42:13] SCORE pD (blue): Final=184.2, Time=85.2, Moves(7)=0.0, Pins(0)=0.0, Dist=99.0, Win Bonus=0.0
[2026-05-05 23:42:14] MOVE 15: pA (red) 119->112 [0.00ms]
[2026-05-05 23:42:14] SCORE pA (red): Final=187.6, Time=88.6, Moves(8)=0.0, Pins(0)=0.0, Dist=99.0, Win Bonus=0.0
[2026-05-05 23:42:14] SCORE pD (blue): Final=184.2, Time=85.2, Moves(7)=0.0, Pins(0)=0.0, Dist=99.0, Win Bonus=0.0
[2026-05-05 23:42:16] MOVE 16: pD (blue) 17->30 [0.00ms]
[2026-05-05 23:42:16] SCORE pA (red): Final=187.6, Time=88.6, Moves(8)=0.0, Pins(0)=0.0, Dist=99.0, Win Bonus=0.0
[2026-05-05 23:42:16] SCORE pD (blue): Final=182.9, Time=82.9, Moves(8)=0.0, Pins(0)=0.0, Dist=100.0, Win Bonus=0.0
[2026-05-05 23:42:18] MOVE 17: pA (red) 91->111 [0.00ms]
[2026-05-05 23:42:18] SCORE pA (red): Final=184.3, Time=87.3, Moves(9)=0.0, Pins(0)=0.0, Dist=97.0, Win Bonus=0.0
[2026-05-05 23:42:18] SCORE pD (blue): Final=182.9, Time=82.9, Moves(8)=0.0, Pins(0)=0.0, Dist=100.0, Win Bonus=0.0
[2026-05-05 23:42:20] MOVE 18: pD (blue) 5->2 [0.00ms]
[2026-05-05 23:42:20] SCORE pA (red): Final=184.3, Time=87.3, Moves(9)=0.0, Pins(0)=0.0, Dist=97.0, Win Bonus=0.0
[2026-05-05 23:42:20] SCORE pD (blue): Final=179.6, Time=80.6, Moves(9)=0.0, Pins(0)=0.0, Dist=99.0, Win Bonus=0.0
[2026-05-05 23:42:22] MOVE 19: pA (red) 120->79 [0.00ms]
[2026-05-05 23:42:22] SCORE pA (red): Final=188.0, Time=85.0, Moves(10)=0.0, Pins(0)=0.0, Dist=103.0, Win Bonus=0.0
[2026-05-05 23:42:22] SCORE pD (blue): Final=179.6, Time=80.6, Moves(9)=0.0, Pins(0)=0.0, Dist=99.0, Win Bonus=0.0
[2026-05-05 23:42:23] MOVE 20: pD (blue) 9->8 [0.00ms]
[2026-05-05 23:42:23] SCORE pA (red): Final=188.0, Time=85.0, Moves(10)=0.0, Pins(0)=0.0, Dist=103.0, Win Bonus=0.0
[2026-05-05 23:42:23] SCORE pD (blue): Final=178.4, Time=79.4, Moves(10)=0.0, Pins(0)=0.0, Dist=99.0, Win Bonus=0.0
[2026-05-05 23:42:26] MOVE 21: pA (red) 118->115 [0.00ms]
[2026-05-05 23:42:26] SCORE pA (red): Final=186.7, Time=82.7, Moves(11)=0.0, Pins(0)=0.0, Dist=104.0, Win Bonus=0.0
[2026-05-05 23:42:26] SCORE pD (blue): Final=178.4, Time=79.4, Moves(10)=0.0, Pins(0)=0.0, Dist=99.0, Win Bonus=0.0
[2026-05-05 23:42:27] MOVE 22: pD (blue) 2->5 [0.00ms]
[2026-05-05 23:42:27] SCORE pA (red): Final=186.7, Time=82.7, Moves(11)=0.0, Pins(0)=0.0, Dist=104.0, Win Bonus=0.0
[2026-05-05 23:42:27] SCORE pD (blue): Final=178.1, Time=78.1, Moves(11)=0.0, Pins(0)=0.0, Dist=100.0, Win Bonus=0.0
[2026-05-05 23:42:29] MOVE 23: pA (red) 106->105 [0.00ms]
[2026-05-05 23:42:29] SCORE pA (red): Final=184.4, Time=80.4, Moves(12)=0.0, Pins(0)=0.0, Dist=104.0, Win Bonus=0.0
[2026-05-05 23:42:29] SCORE pD (blue): Final=178.1, Time=78.1, Moves(11)=0.0, Pins(0)=0.0, Dist=100.0, Win Bonus=0.0
[2026-05-05 23:42:31] MOVE 24: pD (blue) 16->15 [0.00ms]
[2026-05-05 23:42:31] SCORE pA (red): Final=184.4, Time=80.4, Moves(12)=0.0, Pins(0)=0.0, Dist=104.0, Win Bonus=0.0
[2026-05-05 23:42:31] SCORE pD (blue): Final=176.8, Time=76.8, Moves(12)=0.0, Pins(0)=0.0, Dist=100.0, Win Bonus=0.0
[2026-05-05 23:42:32] MOVE 25: pA (red) 114->119 [0.00ms]
[2026-05-05 23:42:32] SCORE pA (red): Final=181.2, Time=79.2, Moves(13)=0.0, Pins(0)=0.0, Dist=102.0, Win Bonus=0.0
[2026-05-05 23:42:32] SCORE pD (blue): Final=176.8, Time=76.8, Moves(12)=0.0, Pins(0)=0.0, Dist=100.0, Win Bonus=0.0
[2026-05-05 23:42:34] MOVE 26: pD (blue) 7->6 [0.00ms]
[2026-05-05 23:42:34] SCORE pA (red): Final=181.2, Time=79.2, Moves(13)=0.0, Pins(0)=0.0, Dist=102.0, Win Bonus=0.0
[2026-05-05 23:42:34] SCORE pD (blue): Final=174.4, Time=74.4, Moves(13)=0.0, Pins(0)=0.0, Dist=100.0, Win Bonus=0.0
[2026-05-05 23:42:35] MOVE 27: pA (red) 115->102 [0.00ms]
[2026-05-05 23:42:35] SCORE pA (red): Final=182.0, Time=78.0, Moves(14)=0.0, Pins(0)=0.0, Dist=104.0, Win Bonus=0.0
[2026-05-05 23:42:35] SCORE pD (blue): Final=174.4, Time=74.4, Moves(13)=0.0, Pins(0)=0.0, Dist=100.0, Win Bonus=0.0
[2026-05-05 23:42:37] MOVE 28: pD (blue) 30->41 [0.00ms]
[2026-05-05 23:42:37] SCORE pA (red): Final=182.0, Time=78.0, Moves(14)=0.0, Pins(0)=0.0, Dist=104.0, Win Bonus=0.0
[2026-05-05 23:42:37] SCORE pD (blue): Final=174.1, Time=73.1, Moves(14)=0.0, Pins(0)=0.0, Dist=101.0, Win Bonus=0.0
[2026-05-05 23:42:38] MOVE 29: pA (red) 90->78 [0.00ms]
[2026-05-05 23:42:38] SCORE pA (red): Final=181.7, Time=76.7, Moves(15)=0.0, Pins(0)=0.0, Dist=105.0, Win Bonus=0.0
[2026-05-05 23:42:38] SCORE pD (blue): Final=174.1, Time=73.1, Moves(14)=0.0, Pins(0)=0.0, Dist=101.0, Win Bonus=0.0
[2026-05-05 23:42:39] MOVE 30: pD (blue) 28->29 [0.00ms]
[2026-05-05 23:42:39] SCORE pA (red): Final=181.7, Time=76.7, Moves(15)=0.0, Pins(0)=0.0, Dist=105.0, Win Bonus=0.0
[2026-05-05 23:42:39] SCORE pD (blue): Final=172.8, Time=71.8, Moves(15)=0.0, Pins(0)=0.0, Dist=101.0, Win Bonus=0.0
[2026-05-05 23:42:42] MOVE 31: pA (red) 104->103 [0.01ms]
[2026-05-05 23:42:42] SCORE pA (red): Final=179.5, Time=74.5, Moves(16)=0.0, Pins(0)=0.0, Dist=105.0, Win Bonus=0.0
[2026-05-05 23:42:42] SCORE pD (blue): Final=172.8, Time=71.8, Moves(15)=0.0, Pins(0)=0.0, Dist=101.0, Win Bonus=0.0
[2026-05-05 23:42:44] MOVE 32: pD (blue) 6->51 [0.01ms]
[2026-05-05 23:42:44] SCORE pA (red): Final=179.5, Time=74.5, Moves(16)=0.0, Pins(0)=0.0, Dist=105.0, Win Bonus=0.0
[2026-05-05 23:42:44] SCORE pD (blue): Final=174.4, Time=69.4, Moves(16)=0.0, Pins(0)=0.0, Dist=105.0, Win Bonus=0.0
[2026-05-05 23:42:45] MOVE 33: pA (red) 117->104 [0.00ms]
[2026-05-05 23:42:45] SCORE pA (red): Final=180.3, Time=73.3, Moves(17)=0.0, Pins(0)=0.0, Dist=107.0, Win Bonus=0.0
[2026-05-05 23:42:45] SCORE pD (blue): Final=174.4, Time=69.4, Moves(16)=0.0, Pins(0)=0.0, Dist=105.0, Win Bonus=0.0
[2026-05-05 23:42:46] MOVE 34: pD (blue) 0->2 [0.00ms]
[2026-05-05 23:42:46] SCORE pA (red): Final=180.3, Time=73.3, Moves(17)=0.0, Pins(0)=0.0, Dist=107.0, Win Bonus=0.0
[2026-05-05 23:42:46] SCORE pD (blue): Final=174.1, Time=68.1, Moves(17)=0.0, Pins(0)=0.0, Dist=106.0, Win Bonus=0.0
[2026-05-05 23:42:48] MOVE 35: pA (red) 119->118 [0.00ms]
[2026-05-05 23:42:48] SCORE pA (red): Final=179.0, Time=72.0, Moves(18)=0.0, Pins(0)=0.0, Dist=107.0, Win Bonus=0.0
[2026-05-05 23:42:48] SCORE pD (blue): Final=174.1, Time=68.1, Moves(17)=0.0, Pins(0)=0.0, Dist=106.0, Win Bonus=0.0
[2026-05-05 23:42:48] SCORE pA (red): Final=179.0, Time=72.0, Moves(18)=0.0, Pins(0)=0.0, Dist=107.0, Win Bonus=0.0
[2026-05-05 23:42:48] SCORE pD (blue): Final=174.1, Time=68.1, Moves(17)=0.0, Pins(0)=0.0, Dist=106.0, Win Bonus=0.0
[2026-05-05 23:42:48] GAME TIME LIMIT REACHED.
[2026-05-05 23:42:48] SCORE pA (red): Final=179.0, Time=72.0, Moves(18)=0.0, Pins(0)=0.0, Dist=107.0, Win Bonus=0.0
[2026-05-05 23:42:48] SCORE pD (blue): Final=174.1, Time=68.1, Moves(17)=0.0, Pins(0)=0.0, Dist=106.0, Win Bonus=0.0
[2026-05-05 23:42:48] GAME TIME LIMIT REACHED.
