[2026-04-15 12:38:22] GAME CREATED
[2026-04-15 12:38:22] PLAYER JOINED: Player1 as lawn green
[2026-04-15 12:38:23] PLAYER JOINED: Player2 as gray0
[2026-04-15 12:38:23] PLAYER START: Player2 (gray0)
[2026-04-15 12:38:23] PLAYER START: Player1 (lawn green)
[2026-04-15 12:38:23] GAME START — turn order ['lawn green', 'gray0']
[2026-04-15 12:38:23] MOVE 1: Player1 (lawn green) 44->43 [0.03ms]
[2026-04-15 12:38:23] SCORE Player1 (lawn green): Final=190.8, Time=99.8, Moves(1)=0.0, Pins(0)=0.0, Dist=91.0
[2026-04-15 12:38:23] SCORE Player2 (gray0): Final=0.0, Time=0.0, Moves(0)=0.0, Pins(0)=0.0, Dist=0.0
[2026-04-15 12:38:23] MOVE 2: Player2 (gray0) 88->77 [0.02ms]
[2026-04-15 12:38:23] SCORE Player1 (lawn green): Final=190.8, Time=99.8, Moves(1)=0.0, Pins(0)=0.0, Dist=91.0
[2026-04-15 12:38:23] SCORE Player2 (gray0): Final=190.8, Time=99.8, Moves(1)=0.0, Pins(0)=0.0, Dist=91.0
[2026-04-15 12:38:23] MOVE 3: Player1 (lawn green) 33->54 [0.02ms]
[2026-04-15 12:38:23] SCORE Player1 (lawn green): Final=192.7, Time=99.7, Moves(2)=0.0, Pins(0)=0.0, Dist=93.0
[2026-04-15 12:38:23] SCORE Player2 (gray0): Final=190.8, Time=99.8, Moves(1)=0.0, Pins(0)=0.0, Dist=91.0
[2026-04-15 12:38:24] MOVE 4: Player2 (gray0) 77->88 [0.03ms]
[2026-04-15 12:38:24] SCORE Player1 (lawn green): Final=192.7, Time=99.7, Moves(2)=0.0, Pins(0)=0.0, Dist=93.0
[2026-04-15 12:38:24] SCORE Player2 (gray0): Final=189.7, Time=99.7, Moves(2)=0.0, Pins(0)=0.0, Dist=90.0
[2026-04-15 12:38:24] MOVE 5: Player1 (lawn green) 54->63 [0.02ms]
[2026-04-15 12:38:24] SCORE Player1 (lawn green): Final=193.5, Time=99.5, Moves(3)=0.0, Pins(0)=0.0, Dist=94.0
[2026-04-15 12:38:24] SCORE Player2 (gray0): Final=189.7, Time=99.7, Moves(2)=0.0, Pins(0)=0.0, Dist=90.0
[2026-04-15 12:38:24] MOVE 6: Player2 (gray0) 101->89 [0.02ms]
[2026-04-15 12:38:24] SCORE Player1 (lawn green): Final=193.5, Time=99.5, Moves(3)=0.0, Pins(0)=0.0, Dist=94.0
[2026-04-15 12:38:24] SCORE Player2 (gray0): Final=190.5, Time=99.5, Moves(3)=0.0, Pins(0)=0.0, Dist=91.0
[2026-04-15 12:38:24] MOVE 7: Player1 (lawn green) 45->33 [0.03ms]
[2026-04-15 12:38:24] SCORE Player1 (lawn green): Final=193.2, Time=99.2, Moves(4)=0.0, Pins(0)=0.0, Dist=94.0
[2026-04-15 12:38:24] SCORE Player2 (gray0): Final=190.5, Time=99.5, Moves(3)=0.0, Pins(0)=0.0, Dist=91.0
[2026-04-15 12:38:24] MOVE 8: Player2 (gray0) 100->102 [0.02ms]
[2026-04-15 12:38:24] SCORE Player1 (lawn green): Final=193.2, Time=99.2, Moves(4)=0.0, Pins(0)=0.0, Dist=94.0
[2026-04-15 12:38:24] SCORE Player2 (gray0): Final=192.3, Time=99.3, Moves(4)=0.0, Pins(0)=0.0, Dist=93.0
[2026-04-15 12:38:25] MOVE 9: Player1 (lawn green) 33->31 [0.02ms]
[2026-04-15 12:38:25] SCORE Player1 (lawn green): Final=195.1, Time=99.1, Moves(5)=0.0, Pins(0)=0.0, Dist=96.0
[2026-04-15 12:38:25] SCORE Player2 (gray0): Final=192.3, Time=99.3, Moves(4)=0.0, Pins(0)=0.0, Dist=93.0
[2026-04-15 12:38:25] MOVE 10: Player2 (gray0) 87->66 [0.02ms]
[2026-04-15 12:38:25] SCORE Player1 (lawn green): Final=195.1, Time=99.1, Moves(5)=0.0, Pins(0)=0.0, Dist=96.0
[2026-04-15 12:38:25] SCORE Player2 (gray0): Final=194.1, Time=99.1, Moves(5)=0.0, Pins(0)=0.0, Dist=95.0
[2026-04-15 12:38:25] MOVE 11: Player1 (lawn green) 19->44 [0.02ms]
[2026-04-15 12:38:25] SCORE Player1 (lawn green): Final=194.8, Time=98.8, Moves(6)=0.0, Pins(0)=0.0, Dist=96.0
[2026-04-15 12:38:25] SCORE Player2 (gray0): Final=194.1, Time=99.1, Moves(5)=0.0, Pins(0)=0.0, Dist=95.0
[2026-04-15 12:38:25] MOVE 12: Player2 (gray0) 102->56 [0.02ms]
[2026-04-15 12:38:25] SCORE Player1 (lawn green): Final=194.8, Time=98.8, Moves(6)=0.0, Pins(0)=0.0, Dist=96.0
[2026-04-15 12:38:25] SCORE Player2 (gray0): Final=193.9, Time=98.9, Moves(6)=0.0, Pins(0)=0.0, Dist=95.0
[2026-04-15 12:38:25] MOVE 13: Player1 (lawn green) 63->54 [0.03ms]
[2026-04-15 12:38:25] SCORE Player1 (lawn green): Final=193.7, Time=98.7, Moves(7)=0.0, Pins(0)=0.0, Dist=95.0
[2026-04-15 12:38:25] SCORE Player2 (gray0): Final=193.9, Time=98.9, Moves(6)=0.0, Pins(0)=0.0, Dist=95.0
[2026-04-15 12:38:26] MOVE 14: Player2 (gray0) 56->47 [0.02ms]
[2026-04-15 12:38:26] SCORE Player1 (lawn green): Final=193.7, Time=98.7, Moves(7)=0.0, Pins(0)=0.0, Dist=95.0
[2026-04-15 12:38:26] SCORE Player2 (gray0): Final=194.7, Time=98.7, Moves(7)=0.0, Pins(0)=0.0, Dist=96.0
[2026-04-15 12:38:26] MOVE 15: Player1 (lawn green) 21->19 [0.02ms]
[2026-04-15 12:38:26] SCORE Player1 (lawn green): Final=195.5, Time=98.5, Moves(8)=0.0, Pins(0)=0.0, Dist=97.0
[2026-04-15 12:38:26] SCORE Player2 (gray0): Final=194.7, Time=98.7, Moves(7)=0.0, Pins(0)=0.0, Dist=96.0
[2026-04-15 12:38:26] MOVE 16: Player2 (gray0) 65->56 [0.02ms]
[2026-04-15 12:38:26] SCORE Player1 (lawn green): Final=195.5, Time=98.5, Moves(8)=0.0, Pins(0)=0.0, Dist=97.0
[2026-04-15 12:38:26] SCORE Player2 (gray0): Final=195.4, Time=98.4, Moves(8)=0.0, Pins(0)=0.0, Dist=97.0
[2026-04-15 12:38:26] MOVE 17: Player1 (lawn green) 34->33 [0.02ms]
[2026-04-15 12:38:26] SCORE Player1 (lawn green): Final=196.3, Time=98.3, Moves(9)=0.0, Pins(0)=0.0, Dist=98.0
[2026-04-15 12:38:26] SCORE Player2 (gray0): Final=195.4, Time=98.4, Moves(8)=0.0, Pins(0)=0.0, Dist=97.0
[2026-04-15 12:38:26] MOVE 18: Player2 (gray0) 76->87 [0.02ms]
[2026-04-15 12:38:26] SCORE Player1 (lawn green): Final=196.3, Time=98.3, Moves(9)=0.0, Pins(0)=0.0, Dist=98.0
[2026-04-15 12:38:26] SCORE Player2 (gray0): Final=194.2, Time=98.2, Moves(9)=0.0, Pins(0)=0.0, Dist=96.0
[2026-04-15 12:38:27] MOVE 19: Player1 (lawn green) 55->64 [0.02ms]
[2026-04-15 12:38:27] SCORE Player1 (lawn green): Final=197.2, Time=98.2, Moves(10)=0.0, Pins(0)=0.0, Dist=99.0
[2026-04-15 12:38:27] SCORE Player2 (gray0): Final=194.2, Time=98.2, Moves(9)=0.0, Pins(0)=0.0, Dist=96.0
[2026-04-15 12:38:27] MOVE 20: Player2 (gray0) 47->57 [0.02ms]
[2026-04-15 12:38:27] SCORE Player1 (lawn green): Final=197.2, Time=98.2, Moves(10)=0.0, Pins(0)=0.0, Dist=99.0
[2026-04-15 12:38:27] SCORE Player2 (gray0): Final=193.9, Time=97.9, Moves(10)=0.0, Pins(0)=0.0, Dist=96.0
[2026-04-15 12:38:27] MOVE 21: Player1 (lawn green) 32->53 [0.02ms]
[2026-04-15 12:38:27] SCORE Player1 (lawn green): Final=198.9, Time=97.9, Moves(11)=0.0, Pins(0)=0.0, Dist=101.0
[2026-04-15 12:38:27] SCORE Player2 (gray0): Final=193.9, Time=97.9, Moves(10)=0.0, Pins(0)=0.0, Dist=96.0
[2026-04-15 12:38:27] MOVE 22: Player2 (gray0) 56->65 [0.02ms]
[2026-04-15 12:38:27] SCORE Player1 (lawn green): Final=198.9, Time=97.9, Moves(11)=0.0, Pins(0)=0.0, Dist=101.0
[2026-04-15 12:38:27] SCORE Player2 (gray0): Final=192.8, Time=97.8, Moves(11)=0.0, Pins(0)=0.0, Dist=95.0
[2026-04-15 12:38:27] MOVE 23: Player1 (lawn green) 31->42 [0.02ms]
[2026-04-15 12:38:27] SCORE Player1 (lawn green): Final=199.7, Time=97.7, Moves(12)=0.0, Pins(0)=0.0, Dist=102.0
[2026-04-15 12:38:27] SCORE Player2 (gray0): Final=192.8, Time=97.8, Moves(11)=0.0, Pins(0)=0.0, Dist=95.0
[2026-04-15 12:38:28] MOVE 24: Player2 (gray0) 57->47 [0.02ms]
[2026-04-15 12:38:28] SCORE Player1 (lawn green): Final=199.7, Time=97.7, Moves(12)=0.0, Pins(0)=0.0, Dist=102.0
[2026-04-15 12:38:28] SCORE Player2 (gray0): Final=192.5, Time=97.5, Moves(12)=0.0, Pins(0)=0.0, Dist=95.0
[2026-04-15 12:38:28] MOVE 25: Player1 (lawn green) 20->18 [0.02ms]
[2026-04-15 12:38:28] SCORE Player1 (lawn green): Final=201.5, Time=97.5, Moves(13)=0.0, Pins(0)=0.0, Dist=104.0
[2026-04-15 12:38:28] SCORE Player2 (gray0): Final=192.5, Time=97.5, Moves(12)=0.0, Pins(0)=0.0, Dist=95.0
[2026-04-15 12:38:28] MOVE 26: Player2 (gray0) 89->101 [0.02ms]
[2026-04-15 12:38:28] SCORE Player1 (lawn green): Final=201.5, Time=97.5, Moves(13)=0.0, Pins(0)=0.0, Dist=104.0
[2026-04-15 12:38:28] SCORE Player2 (gray0): Final=191.3, Time=97.3, Moves(13)=0.0, Pins(0)=0.0, Dist=94.0
[2026-04-15 12:38:28] MOVE 27: Player1 (lawn green) 44->32 [0.02ms]
[2026-04-15 12:38:28] SCORE Player1 (lawn green): Final=201.2, Time=97.2, Moves(14)=0.0, Pins(0)=0.0, Dist=104.0
[2026-04-15 12:38:28] SCORE Player2 (gray0): Final=191.3, Time=97.3, Moves(13)=0.0, Pins(0)=0.0, Dist=94.0
[2026-04-15 12:38:29] MOVE 28: Player2 (gray0) 65->56 [0.02ms]
[2026-04-15 12:38:29] SCORE Player1 (lawn green): Final=201.2, Time=97.2, Moves(14)=0.0, Pins(0)=0.0, Dist=104.0
[2026-04-15 12:38:29] SCORE Player2 (gray0): Final=192.1, Time=97.1, Moves(14)=0.0, Pins(0)=0.0, Dist=95.0
[2026-04-15 12:38:29] MOVE 29: Player1 (lawn green) 18->9 [0.02ms]
[2026-04-15 12:38:29] SCORE Player1 (lawn green): Final=201.0, Time=97.0, Moves(15)=0.0, Pins(0)=0.0, Dist=104.0
[2026-04-15 12:38:29] SCORE Player2 (gray0): Final=192.1, Time=97.1, Moves(14)=0.0, Pins(0)=0.0, Dist=95.0
[2026-04-15 12:38:29] MOVE 30: Player2 (gray0) 87->89 [0.02ms]
[2026-04-15 12:38:29] SCORE Player1 (lawn green): Final=201.0, Time=97.0, Moves(15)=0.0, Pins(0)=0.0, Dist=104.0
[2026-04-15 12:38:29] SCORE Player2 (gray0): Final=193.9, Time=96.9, Moves(15)=0.0, Pins(0)=0.0, Dist=97.0
[2026-04-15 12:38:29] MOVE 31: Player1 (lawn green) 9->5 [0.02ms]
[2026-04-15 12:38:29] SCORE Player1 (lawn green): Final=200.9, Time=96.9, Moves(16)=0.0, Pins(0)=0.0, Dist=104.0
[2026-04-15 12:38:29] SCORE Player2 (gray0): Final=193.9, Time=96.9, Moves(15)=0.0, Pins(0)=0.0, Dist=97.0
[2026-04-15 12:38:29] MOVE 32: Player2 (gray0) 101->36 [0.02ms]
[2026-04-15 12:38:29] SCORE Player1 (lawn green): Final=200.9, Time=96.9, Moves(16)=0.0, Pins(0)=0.0, Dist=104.0
[2026-04-15 12:38:29] SCORE Player2 (gray0): Final=195.8, Time=96.8, Moves(16)=0.0, Pins(0)=0.0, Dist=99.0
[2026-04-15 12:38:29] MOVE 33: Player1 (lawn green) 42->31 [0.02ms]
[2026-04-15 12:38:29] SCORE Player1 (lawn green): Final=199.7, Time=96.7, Moves(17)=0.0, Pins(0)=0.0, Dist=103.0
[2026-04-15 12:38:29] SCORE Player2 (gray0): Final=195.8, Time=96.8, Moves(16)=0.0, Pins(0)=0.0, Dist=99.0
[2026-04-15 12:38:30] MOVE 34: Player2 (gray0) 56->77 [0.02ms]
[2026-04-15 12:38:30] SCORE Player1 (lawn green): Final=199.7, Time=96.7, Moves(17)=0.0, Pins(0)=0.0, Dist=103.0
[2026-04-15 12:38:30] SCORE Player2 (gray0): Final=195.6, Time=96.6, Moves(17)=0.0, Pins(0)=0.0, Dist=99.0
[2026-04-15 12:38:30] MOVE 35: Player1 (lawn green) 33->21 [0.03ms]
[2026-04-15 12:38:30] SCORE Player1 (lawn green): Final=198.5, Time=96.5, Moves(18)=0.0, Pins(0)=0.0, Dist=102.0
[2026-04-15 12:38:30] SCORE Player2 (gray0): Final=195.6, Time=96.6, Moves(17)=0.0, Pins(0)=0.0, Dist=99.0
[2026-04-15 12:38:30] MOVE 36: Player2 (gray0) 88->76 [0.02ms]
[2026-04-15 12:38:30] SCORE Player1 (lawn green): Final=198.5, Time=96.5, Moves(18)=0.0, Pins(0)=0.0, Dist=102.0
[2026-04-15 12:38:30] SCORE Player2 (gray0): Final=195.4, Time=96.4, Moves(18)=0.0, Pins(0)=0.0, Dist=99.0
[2026-04-15 12:38:30] MOVE 37: Player1 (lawn green) 32->33 [0.02ms]
[2026-04-15 12:38:30] SCORE Player1 (lawn green): Final=197.3, Time=96.3, Moves(19)=0.0, Pins(0)=0.0, Dist=101.0
[2026-04-15 12:38:30] SCORE Player2 (gray0): Final=195.4, Time=96.4, Moves(18)=0.0, Pins(0)=0.0, Dist=99.0
[2026-04-15 12:38:30] MOVE 38: Player2 (gray0) 36->46 [0.03ms]
[2026-04-15 12:38:30] SCORE Player1 (lawn green): Final=197.3, Time=96.3, Moves(19)=0.0, Pins(0)=0.0, Dist=101.0
[2026-04-15 12:38:30] SCORE Player2 (gray0): Final=194.3, Time=96.3, Moves(19)=0.0, Pins(0)=0.0, Dist=98.0
[2026-04-15 12:38:31] MOVE 39: Player1 (lawn green) 54->52 [0.05ms]
[2026-04-15 12:38:31] SCORE Player1 (lawn green): Final=199.1, Time=96.1, Moves(20)=0.0, Pins(0)=0.0, Dist=103.0
[2026-04-15 12:38:31] SCORE Player2 (gray0): Final=194.3, Time=96.3, Moves(19)=0.0, Pins(0)=0.0, Dist=98.0
[2026-04-15 12:38:31] MOVE 40: Player2 (gray0) 86->88 [0.04ms]
[2026-04-15 12:38:31] SCORE Player1 (lawn green): Final=199.1, Time=96.1, Moves(20)=0.0, Pins(0)=0.0, Dist=103.0
[2026-04-15 12:38:31] SCORE Player2 (gray0): Final=196.1, Time=96.1, Moves(20)=0.0, Pins(0)=0.0, Dist=100.0
[2026-04-15 12:38:31] MOVE 41: Player1 (lawn green) 21->42 [0.02ms]
[2026-04-15 12:38:31] SCORE Player1 (lawn green): Final=203.0, Time=96.0, Moves(21)=0.0, Pins(0)=0.0, Dist=107.0
[2026-04-15 12:38:31] SCORE Player2 (gray0): Final=196.1, Time=96.1, Moves(20)=0.0, Pins(0)=0.0, Dist=100.0
[2026-04-15 12:38:31] MOVE 42: Player2 (gray0) 88->87 [0.02ms]
[2026-04-15 12:38:31] SCORE Player1 (lawn green): Final=203.0, Time=96.0, Moves(21)=0.0, Pins(0)=0.0, Dist=107.0
[2026-04-15 12:38:31] SCORE Player2 (gray0): Final=194.9, Time=95.9, Moves(21)=0.0, Pins(0)=0.0, Dist=99.0
[2026-04-15 12:38:31] MOVE 43: Player1 (lawn green) 31->18 [0.02ms]
[2026-04-15 12:38:31] SCORE Player1 (lawn green): Final=202.7, Time=95.7, Moves(22)=0.0, Pins(0)=0.0, Dist=107.0
[2026-04-15 12:38:31] SCORE Player2 (gray0): Final=194.9, Time=95.9, Moves(21)=0.0, Pins(0)=0.0, Dist=99.0
[2026-04-15 12:38:32] MOVE 44: Player2 (gray0) 99->86 [0.02ms]
[2026-04-15 12:38:32] SCORE Player1 (lawn green): Final=202.7, Time=95.7, Moves(22)=0.0, Pins(0)=0.0, Dist=107.0
[2026-04-15 12:38:32] SCORE Player2 (gray0): Final=194.6, Time=95.6, Moves(22)=0.0, Pins(0)=0.0, Dist=99.0
[2026-04-15 12:38:32] MOVE 45: Player1 (lawn green) 19->32 [0.02ms]
[2026-04-15 12:38:32] SCORE Player1 (lawn green): Final=202.5, Time=95.5, Moves(23)=0.0, Pins(0)=0.0, Dist=107.0
[2026-04-15 12:38:32] SCORE Player2 (gray0): Final=194.6, Time=95.6, Moves(22)=0.0, Pins(0)=0.0, Dist=99.0
[2026-04-15 12:38:32] MOVE 46: Player2 (gray0) 76->65 [0.02ms]
[2026-04-15 12:38:32] SCORE Player1 (lawn green): Final=202.5, Time=95.5, Moves(23)=0.0, Pins(0)=0.0, Dist=107.0
[2026-04-15 12:38:32] SCORE Player2 (gray0): Final=194.4, Time=95.4, Moves(23)=0.0, Pins(0)=0.0, Dist=99.0
[2026-04-15 12:38:32] MOVE 47: Player1 (lawn green) 5->8 [0.02ms]
[2026-04-15 12:38:32] SCORE Player1 (lawn green): Final=203.4, Time=95.4, Moves(24)=0.0, Pins(0)=0.0, Dist=108.0
[2026-04-15 12:38:32] SCORE Player2 (gray0): Final=194.4, Time=95.4, Moves(23)=0.0, Pins(0)=0.0, Dist=99.0
[2026-04-15 12:38:32] MOVE 48: Player2 (gray0) 66->67 [0.02ms]
[2026-04-15 12:38:32] SCORE Player1 (lawn green): Final=203.4, Time=95.4, Moves(24)=0.0, Pins(0)=0.0, Dist=108.0
[2026-04-15 12:38:32] SCORE Player2 (gray0): Final=195.2, Time=95.2, Moves(24)=0.0, Pins(0)=0.0, Dist=100.0
[2026-04-15 12:38:33] MOVE 49: Player1 (lawn green) 53->54 [0.02ms]
[2026-04-15 12:38:33] SCORE Player1 (lawn green): Final=202.2, Time=95.2, Moves(25)=0.0, Pins(0)=0.0, Dist=107.0
[2026-04-15 12:38:33] SCORE Player2 (gray0): Final=195.2, Time=95.2, Moves(24)=0.0, Pins(0)=0.0, Dist=100.0
[2026-04-15 12:38:33] MOVE 50: Player2 (gray0) 89->90 [0.02ms]
[2026-04-15 12:38:33] SCORE Player1 (lawn green): Final=202.2, Time=95.2, Moves(25)=0.0, Pins(0)=0.0, Dist=107.0
[2026-04-15 12:38:33] SCORE Player2 (gray0): Final=196.0, Time=95.0, Moves(25)=0.0, Pins(0)=0.0, Dist=101.0
[2026-04-15 12:38:33] MOVE 51: Player1 (lawn green) 43->62 [0.02ms]
[2026-04-15 12:38:33] SCORE Player1 (lawn green): Final=204.0, Time=95.0, Moves(26)=0.0, Pins(0)=0.0, Dist=109.0
[2026-04-15 12:38:33] SCORE Player2 (gray0): Final=196.0, Time=95.0, Moves(25)=0.0, Pins(0)=0.0, Dist=101.0
[2026-04-15 12:38:33] MOVE 52: Player2 (gray0) 75->100 [0.02ms]
[2026-04-15 12:38:33] SCORE Player1 (lawn green): Final=204.0, Time=95.0, Moves(26)=0.0, Pins(0)=0.0, Dist=109.0
[2026-04-15 12:38:33] SCORE Player2 (gray0): Final=195.8, Time=94.8, Moves(26)=0.0, Pins(0)=0.0, Dist=101.0
[2026-04-15 12:38:33] MOVE 53: Player1 (lawn green) 32->43 [0.02ms]
[2026-04-15 12:38:33] SCORE Player1 (lawn green): Final=204.9, Time=94.9, Moves(27)=0.0, Pins(0)=0.0, Dist=110.0
[2026-04-15 12:38:33] SCORE Player2 (gray0): Final=195.8, Time=94.8, Moves(26)=0.0, Pins(0)=0.0, Dist=101.0
[2026-04-15 12:38:33] MOVE 54: Player2 (gray0) 67->58 [0.02ms]
[2026-04-15 12:38:33] SCORE Player1 (lawn green): Final=204.9, Time=94.9, Moves(27)=0.0, Pins(0)=0.0, Dist=110.0
[2026-04-15 12:38:33] SCORE Player2 (gray0): Final=196.6, Time=94.6, Moves(27)=0.0, Pins(0)=0.0, Dist=102.0
[2026-04-15 12:38:34] MOVE 55: Player1 (lawn green) 54->74 [0.02ms]
[2026-04-15 12:38:34] SCORE Player1 (lawn green): Final=204.7, Time=94.7, Moves(28)=0.0, Pins(0)=0.0, Dist=110.0
[2026-04-15 12:38:34] SCORE Player2 (gray0): Final=196.6, Time=94.6, Moves(27)=0.0, Pins(0)=0.0, Dist=102.0
[2026-04-15 12:38:34] MOVE 56: Player2 (gray0) 100->88 [0.02ms]
[2026-04-15 12:38:34] SCORE Player1 (lawn green): Final=204.7, Time=94.7, Moves(28)=0.0, Pins(0)=0.0, Dist=110.0
[2026-04-15 12:38:34] SCORE Player2 (gray0): Final=197.5, Time=94.5, Moves(28)=0.0, Pins(0)=0.0, Dist=103.0
[2026-04-15 12:38:34] MOVE 57: Player1 (lawn green) 52->9 [0.02ms]
[2026-04-15 12:38:34] SCORE Player1 (lawn green): Final=202.5, Time=94.5, Moves(29)=0.0, Pins(0)=0.0, Dist=108.0
[2026-04-15 12:38:34] SCORE Player2 (gray0): Final=197.5, Time=94.5, Moves(28)=0.0, Pins(0)=0.0, Dist=103.0
[2026-04-15 12:38:34] MOVE 58: Player2 (gray0) 88->49 [0.03ms]
[2026-04-15 12:38:34] SCORE Player1 (lawn green): Final=202.5, Time=94.5, Moves(29)=0.0, Pins(0)=0.0, Dist=108.0
[2026-04-15 12:38:34] SCORE Player2 (gray0): Final=201.2, Time=94.2, Moves(29)=0.0, Pins(0)=0.0, Dist=107.0
[2026-04-15 12:38:34] MOVE 59: Player1 (lawn green) 62->63 [0.02ms]
[2026-04-15 12:38:34] SCORE Player1 (lawn green): Final=201.2, Time=94.2, Moves(30)=0.0, Pins(0)=0.0, Dist=107.0
[2026-04-15 12:38:34] SCORE Player2 (gray0): Final=201.2, Time=94.2, Moves(29)=0.0, Pins(0)=0.0, Dist=107.0
[2026-04-15 12:38:35] MOVE 60: Player2 (gray0) 49->39 [0.02ms]
[2026-04-15 12:38:35] SCORE Player1 (lawn green): Final=201.2, Time=94.2, Moves(30)=0.0, Pins(0)=0.0, Dist=107.0
[2026-04-15 12:38:35] SCORE Player2 (gray0): Final=202.1, Time=94.1, Moves(30)=0.0, Pins(0)=0.0, Dist=108.0
[2026-04-15 12:38:35] MOVE 61: Player1 (lawn green) 8->7 [0.02ms]
[2026-04-15 12:38:35] SCORE Player1 (lawn green): Final=202.0, Time=94.0, Moves(31)=0.0, Pins(0)=0.0, Dist=108.0
[2026-04-15 12:38:35] SCORE Player2 (gray0): Final=202.1, Time=94.1, Moves(30)=0.0, Pins(0)=0.0, Dist=108.0
[2026-04-15 12:38:35] MOVE 62: Player2 (gray0) 65->76 [0.03ms]
[2026-04-15 12:38:35] SCORE Player1 (lawn green): Final=202.0, Time=94.0, Moves(31)=0.0, Pins(0)=0.0, Dist=108.0
[2026-04-15 12:38:35] SCORE Player2 (gray0): Final=201.9, Time=93.9, Moves(31)=0.0, Pins(0)=0.0, Dist=108.0
[2026-04-15 12:38:35] MOVE 63: Player1 (lawn green) 33->34 [0.02ms]
[2026-04-15 12:38:35] SCORE Player1 (lawn green): Final=200.8, Time=93.8, Moves(32)=0.0, Pins(0)=0.0, Dist=107.0
[2026-04-15 12:38:35] SCORE Player2 (gray0): Final=201.9, Time=93.9, Moves(31)=0.0, Pins(0)=0.0, Dist=108.0
[2026-04-15 12:38:35] MOVE 64: Player2 (gray0) 90->103 [0.02ms]
[2026-04-15 12:38:35] SCORE Player1 (lawn green): Final=200.8, Time=93.8, Moves(32)=0.0, Pins(0)=0.0, Dist=107.0
[2026-04-15 12:38:35] SCORE Player2 (gray0): Final=201.7, Time=93.7, Moves(32)=0.0, Pins(0)=0.0, Dist=108.0
[2026-04-15 12:38:36] MOVE 65: Player1 (lawn green) 9->54 [0.02ms]
[2026-04-15 12:38:36] SCORE Player1 (lawn green): Final=200.7, Time=93.7, Moves(33)=0.0, Pins(0)=0.0, Dist=107.0
[2026-04-15 12:38:36] SCORE Player2 (gray0): Final=201.7, Time=93.7, Moves(32)=0.0, Pins(0)=0.0, Dist=108.0
[2026-04-15 12:38:36] MOVE 66: Player2 (gray0) 77->88 [0.02ms]
[2026-04-15 12:38:36] SCORE Player1 (lawn green): Final=200.7, Time=93.7, Moves(33)=0.0, Pins(0)=0.0, Dist=107.0
[2026-04-15 12:38:36] SCORE Player2 (gray0): Final=200.5, Time=93.5, Moves(33)=0.0, Pins(0)=0.0, Dist=107.0
[2026-04-15 12:38:36] MOVE 67: Player1 (lawn green) 63->53 [0.03ms]
[2026-04-15 12:38:36] SCORE Player1 (lawn green): Final=200.5, Time=93.5, Moves(34)=0.0, Pins(0)=0.0, Dist=107.0
[2026-04-15 12:38:36] SCORE Player2 (gray0): Final=200.5, Time=93.5, Moves(33)=0.0, Pins(0)=0.0, Dist=107.0
[2026-04-15 12:38:36] MOVE 68: Player2 (gray0) 103->91 [0.02ms]
[2026-04-15 12:38:36] SCORE Player1 (lawn green): Final=200.5, Time=93.5, Moves(34)=0.0, Pins(0)=0.0, Dist=107.0
[2026-04-15 12:38:36] SCORE Player2 (gray0): Final=201.3, Time=93.2, Moves(34)=0.0, Pins(0)=0.0, Dist=108.0
[2026-04-15 12:38:36] MOVE 69: Player1 (lawn green) 34->33 [0.02ms]
[2026-04-15 12:38:36] SCORE Player1 (lawn green): Final=201.3, Time=93.3, Moves(35)=0.0, Pins(0)=0.0, Dist=108.0
[2026-04-15 12:38:36] SCORE Player2 (gray0): Final=201.3, Time=93.2, Moves(34)=0.0, Pins(0)=0.0, Dist=108.0
[2026-04-15 12:38:37] MOVE 70: Player2 (gray0) 46->35 [0.02ms]
[2026-04-15 12:38:37] SCORE Player1 (lawn green): Final=201.3, Time=93.3, Moves(35)=0.0, Pins(0)=0.0, Dist=108.0
[2026-04-15 12:38:37] SCORE Player2 (gray0): Final=201.1, Time=93.1, Moves(35)=0.0, Pins(0)=0.0, Dist=108.0
[2026-04-15 12:38:37] MOVE 71: Player1 (lawn green) 53->32 [0.02ms]
[2026-04-15 12:38:37] SCORE Player1 (lawn green): Final=199.2, Time=93.1, Moves(36)=0.1, Pins(0)=0.0, Dist=106.0
[2026-04-15 12:38:37] SCORE Player2 (gray0): Final=201.1, Time=93.1, Moves(35)=0.0, Pins(0)=0.0, Dist=108.0
[2026-04-15 12:38:37] MOVE 72: Player2 (gray0) 91->80 [0.02ms]
[2026-04-15 12:38:37] SCORE Player1 (lawn green): Final=199.2, Time=93.1, Moves(36)=0.1, Pins(0)=0.0, Dist=106.0
[2026-04-15 12:38:37] SCORE Player2 (gray0): Final=201.9, Time=92.9, Moves(36)=0.1, Pins(0)=0.0, Dist=109.0
[2026-04-15 12:38:37] MOVE 73: Player1 (lawn green) 33->34 [0.03ms]
[2026-04-15 12:38:37] SCORE Player1 (lawn green): Final=198.0, Time=92.9, Moves(37)=0.1, Pins(0)=0.0, Dist=105.0
[2026-04-15 12:38:37] SCORE Player2 (gray0): Final=201.9, Time=92.9, Moves(36)=0.1, Pins(0)=0.0, Dist=109.0
[2026-04-15 12:38:37] MOVE 74: Player2 (gray0) 76->66 [0.02ms]
[2026-04-15 12:38:37] SCORE Player1 (lawn green): Final=198.0, Time=92.9, Moves(37)=0.1, Pins(0)=0.0, Dist=105.0
[2026-04-15 12:38:37] SCORE Player2 (gray0): Final=202.7, Time=92.6, Moves(37)=0.1, Pins(0)=0.0, Dist=110.0
[2026-04-15 12:38:38] MOVE 75: Player1 (lawn green) 7->15 [0.02ms]
[2026-04-15 12:38:38] SCORE Player1 (lawn green): Final=198.9, Time=92.7, Moves(38)=0.2, Pins(0)=0.0, Dist=106.0
[2026-04-15 12:38:38] SCORE Player2 (gray0): Final=202.7, Time=92.6, Moves(37)=0.1, Pins(0)=0.0, Dist=110.0
[2026-04-15 12:38:38] MOVE 76: Player2 (gray0) 35->46 [0.02ms]
[2026-04-15 12:38:38] SCORE Player1 (lawn green): Final=198.9, Time=92.7, Moves(38)=0.2, Pins(0)=0.0, Dist=106.0
[2026-04-15 12:38:38] SCORE Player2 (gray0): Final=202.6, Time=92.4, Moves(38)=0.2, Pins(0)=0.0, Dist=110.0
[2026-04-15 12:38:38] MOVE 77: Player1 (lawn green) 74->84 [0.03ms]
[2026-04-15 12:38:38] SCORE Player1 (lawn green): Final=199.9, Time=92.6, Moves(39)=0.3, Pins(0)=0.0, Dist=107.0
[2026-04-15 12:38:38] SCORE Player2 (gray0): Final=202.6, Time=92.4, Moves(38)=0.2, Pins(0)=0.0, Dist=110.0
[2026-04-15 12:38:38] MOVE 78: Player2 (gray0) 87->100 [0.02ms]
[2026-04-15 12:38:38] SCORE Player1 (lawn green): Final=199.9, Time=92.6, Moves(39)=0.3, Pins(0)=0.0, Dist=107.0
[2026-04-15 12:38:38] SCORE Player2 (gray0): Final=202.5, Time=92.2, Moves(39)=0.3, Pins(0)=0.0, Dist=110.0
[2026-04-15 12:38:38] MOVE 79: Player1 (lawn green) 54->52 [0.03ms]
[2026-04-15 12:38:38] SCORE Player1 (lawn green): Final=201.8, Time=92.4, Moves(40)=0.5, Pins(0)=0.0, Dist=109.0
[2026-04-15 12:38:38] SCORE Player2 (gray0): Final=202.5, Time=92.2, Moves(39)=0.3, Pins(0)=0.0, Dist=110.0
[2026-04-15 12:38:39] MOVE 80: Player2 (gray0) 88->101 [0.02ms]
[2026-04-15 12:38:39] SCORE Player1 (lawn green): Final=201.8, Time=92.4, Moves(40)=0.5, Pins(0)=0.0, Dist=109.0
[2026-04-15 12:38:39] SCORE Player2 (gray0): Final=202.5, Time=92.0, Moves(40)=0.5, Pins(0)=0.0, Dist=110.0
[2026-04-15 12:38:39] MOVE 81: Player1 (lawn green) 43->41 [0.03ms]
[2026-04-15 12:38:39] SCORE Player1 (lawn green): Final=203.9, Time=92.2, Moves(41)=0.6, Pins(0)=0.0, Dist=111.0
[2026-04-15 12:38:39] SCORE Player2 (gray0): Final=202.5, Time=92.0, Moves(40)=0.5, Pins(0)=0.0, Dist=110.0
[2026-04-15 12:38:39] MOVE 82: Player2 (gray0) 98->75 [0.02ms]
[2026-04-15 12:38:39] SCORE Player1 (lawn green): Final=203.9, Time=92.2, Moves(41)=0.6, Pins(0)=0.0, Dist=111.0
[2026-04-15 12:38:39] SCORE Player2 (gray0): Final=204.4, Time=91.8, Moves(41)=0.6, Pins(0)=0.0, Dist=112.0
[2026-04-15 12:38:39] MOVE 83: Player1 (lawn green) 84->85 [0.03ms]
[2026-04-15 12:38:39] SCORE Player1 (lawn green): Final=202.9, Time=92.1, Moves(42)=0.8, Pins(0)=0.0, Dist=110.0
[2026-04-15 12:38:39] SCORE Player2 (gray0): Final=204.4, Time=91.8, Moves(41)=0.6, Pins(0)=0.0, Dist=112.0
[2026-04-15 12:38:39] MOVE 84: Player2 (gray0) 39->50 [0.02ms]
[2026-04-15 12:38:39] SCORE Player1 (lawn green): Final=202.9, Time=92.1, Moves(42)=0.8, Pins(0)=0.0, Dist=110.0
[2026-04-15 12:38:39] SCORE Player2 (gray0): Final=204.4, Time=91.6, Moves(42)=0.8, Pins(0)=0.0, Dist=112.0
[2026-04-15 12:38:39] MOVE 85: Player1 (lawn green) 64->54 [0.03ms]
[2026-04-15 12:38:39] SCORE Player1 (lawn green): Final=202.7, Time=91.8, Moves(43)=0.9, Pins(0)=0.0, Dist=110.0
[2026-04-15 12:38:39] SCORE Player2 (gray0): Final=204.4, Time=91.6, Moves(42)=0.8, Pins(0)=0.0, Dist=112.0
[2026-04-15 12:38:40] MOVE 86: Player2 (gray0) 58->59 [0.02ms]
[2026-04-15 12:38:40] SCORE Player1 (lawn green): Final=202.7, Time=91.8, Moves(43)=0.9, Pins(0)=0.0, Dist=110.0
[2026-04-15 12:38:40] SCORE Player2 (gray0): Final=205.3, Time=91.4, Moves(43)=0.9, Pins(0)=0.0, Dist=113.0
[2026-04-15 12:38:40] MOVE 87: Player1 (lawn green) 18->31 [0.02ms]
[2026-04-15 12:38:40] SCORE Player1 (lawn green): Final=202.5, Time=91.6, Moves(44)=1.0, Pins(0)=0.0, Dist=110.0
[2026-04-15 12:38:40] SCORE Player2 (gray0): Final=205.3, Time=91.4, Moves(43)=0.9, Pins(0)=0.0, Dist=113.0
[2026-04-15 12:38:40] MOVE 88: Player2 (gray0) 50->60 [0.02ms]
[2026-04-15 12:38:40] SCORE Player1 (lawn green): Final=202.5, Time=91.6, Moves(44)=1.0, Pins(0)=0.0, Dist=110.0
[2026-04-15 12:38:40] SCORE Player2 (gray0): Final=205.2, Time=91.2, Moves(44)=1.0, Pins(0)=0.0, Dist=113.0
[2026-04-15 12:38:40] MOVE 89: Player1 (lawn green) 15->7 [0.03ms]
[2026-04-15 12:38:40] SCORE Player1 (lawn green): Final=201.3, Time=91.3, Moves(45)=1.0, Pins(0)=0.0, Dist=109.0
[2026-04-15 12:38:40] SCORE Player2 (gray0): Final=205.2, Time=91.2, Moves(44)=1.0, Pins(0)=0.0, Dist=113.0
[2026-04-15 12:38:41] MOVE 90: Player2 (gray0) 46->35 [0.03ms]
[2026-04-15 12:38:41] SCORE Player1 (lawn green): Final=201.3, Time=91.3, Moves(45)=1.0, Pins(0)=0.0, Dist=109.0
[2026-04-15 12:38:41] SCORE Player2 (gray0): Final=204.9, Time=90.9, Moves(45)=1.0, Pins(0)=0.0, Dist=113.0
[2026-04-15 12:38:41] MOVE 91: Player1 (lawn green) 85->84 [0.02ms]
[2026-04-15 12:38:41] SCORE Player1 (lawn green): Final=202.2, Time=91.2, Moves(46)=1.0, Pins(0)=0.0, Dist=110.0
[2026-04-15 12:38:41] SCORE Player2 (gray0): Final=204.9, Time=90.9, Moves(45)=1.0, Pins(0)=0.0, Dist=113.0
[2026-04-15 12:38:41] MOVE 92: Player2 (gray0) 80->92 [0.02ms]
[2026-04-15 12:38:41] SCORE Player1 (lawn green): Final=202.2, Time=91.2, Moves(46)=1.0, Pins(0)=0.0, Dist=110.0
[2026-04-15 12:38:41] SCORE Player2 (gray0): Final=204.7, Time=90.7, Moves(46)=1.0, Pins(0)=0.0, Dist=113.0
[2026-04-15 12:38:41] MOVE 93: Player1 (lawn green) 52->29 [0.03ms]
[2026-04-15 12:38:41] SCORE Player1 (lawn green): Final=201.9, Time=90.9, Moves(47)=1.0, Pins(0)=0.0, Dist=110.0
[2026-04-15 12:38:41] SCORE Player2 (gray0): Final=204.7, Time=90.7, Moves(46)=1.0, Pins(0)=0.0, Dist=113.0
[2026-04-15 12:38:41] MOVE 94: Player2 (gray0) 101->88 [0.02ms]
[2026-04-15 12:38:41] SCORE Player1 (lawn green): Final=201.9, Time=90.9, Moves(47)=1.0, Pins(0)=0.0, Dist=110.0
[2026-04-15 12:38:41] SCORE Player2 (gray0): Final=204.5, Time=90.6, Moves(47)=1.0, Pins(0)=0.0, Dist=113.0
[2026-04-15 12:38:42] MOVE 95: Player1 (lawn green) 32->28 [0.02ms]
[2026-04-15 12:38:42] SCORE Player1 (lawn green): Final=205.8, Time=90.8, Moves(48)=1.0, Pins(0)=0.0, Dist=114.0
[2026-04-15 12:38:42] SCORE Player2 (gray0): Final=204.5, Time=90.6, Moves(47)=1.0, Pins(0)=0.0, Dist=113.0
[2026-04-15 12:38:42] MOVE 96: Player2 (gray0) 66->76 [0.02ms]
[2026-04-15 12:38:42] SCORE Player1 (lawn green): Final=205.8, Time=90.8, Moves(48)=1.0, Pins(0)=0.0, Dist=114.0
[2026-04-15 12:38:42] SCORE Player2 (gray0): Final=203.3, Time=90.3, Moves(48)=1.0, Pins(0)=0.0, Dist=112.0
[2026-04-15 12:38:42] MOVE 97: Player1 (lawn green) 28->69 [0.02ms]
[2026-04-15 12:38:42] SCORE Player1 (lawn green): Final=207.6, Time=90.6, Moves(49)=1.0, Pins(0)=0.0, Dist=116.0
[2026-04-15 12:38:42] SCORE Player2 (gray0): Final=203.3, Time=90.3, Moves(48)=1.0, Pins(0)=0.0, Dist=112.0
[2026-04-15 12:38:42] MOVE 98: Player2 (gray0) 60->51 [0.02ms]
[2026-04-15 12:38:42] SCORE Player1 (lawn green): Final=207.6, Time=90.6, Moves(49)=1.0, Pins(0)=0.0, Dist=116.0
[2026-04-15 12:38:42] SCORE Player2 (gray0): Final=204.1, Time=90.1, Moves(49)=1.0, Pins(0)=0.0, Dist=113.0
[2026-04-15 12:38:42] MOVE 99: Player1 (lawn green) 7->4 [0.02ms]
[2026-04-15 12:38:42] SCORE Player1 (lawn green): Final=206.4, Time=90.5, Moves(50)=1.0, Pins(0)=0.0, Dist=115.0
[2026-04-15 12:38:42] SCORE Player2 (gray0): Final=204.1, Time=90.1, Moves(49)=1.0, Pins(0)=0.0, Dist=113.0
[2026-04-15 12:38:43] MOVE 100: Player2 (gray0) 100->101 [0.02ms]
[2026-04-15 12:38:43] SCORE Player1 (lawn green): Final=206.4, Time=90.5, Moves(50)=1.0, Pins(0)=0.0, Dist=115.0
[2026-04-15 12:38:43] SCORE Player2 (gray0): Final=204.9, Time=89.9, Moves(50)=1.0, Pins(0)=0.0, Dist=114.0
[2026-04-15 12:38:43] MOVE 101: Player1 (lawn green) 42->53 [0.02ms]
[2026-04-15 12:38:43] SCORE Player1 (lawn green): Final=206.1, Time=90.2, Moves(51)=0.9, Pins(0)=0.0, Dist=115.0
[2026-04-15 12:38:43] SCORE Player2 (gray0): Final=204.9, Time=89.9, Moves(50)=1.0, Pins(0)=0.0, Dist=114.0
[2026-04-15 12:38:43] MOVE 102: Player2 (gray0) 47->48 [0.02ms]
[2026-04-15 12:38:43] SCORE Player1 (lawn green): Final=206.1, Time=90.2, Moves(51)=0.9, Pins(0)=0.0, Dist=115.0
[2026-04-15 12:38:43] SCORE Player2 (gray0): Final=205.6, Time=89.7, Moves(51)=0.9, Pins(0)=0.0, Dist=115.0
[2026-04-15 12:38:43] MOVE 103: Player1 (lawn green) 41->30 [0.03ms]
[2026-04-15 12:38:43] SCORE Player1 (lawn green): Final=204.9, Time=89.9, Moves(52)=0.9, Pins(0)=0.0, Dist=114.0
[2026-04-15 12:38:43] SCORE Player2 (gray0): Final=205.6, Time=89.7, Moves(51)=0.9, Pins(0)=0.0, Dist=115.0
[2026-04-15 12:38:43] MOVE 104: Player2 (gray0) 75->87 [0.02ms]
[2026-04-15 12:38:43] SCORE Player1 (lawn green): Final=204.9, Time=89.9, Moves(52)=0.9, Pins(0)=0.0, Dist=114.0
[2026-04-15 12:38:43] SCORE Player2 (gray0): Final=205.4, Time=89.5, Moves(52)=0.9, Pins(0)=0.0, Dist=115.0
[2026-04-15 12:38:44] MOVE 105: Player1 (lawn green) 4->3 [0.02ms]
[2026-04-15 12:38:44] SCORE Player1 (lawn green): Final=205.7, Time=89.8, Moves(53)=0.9, Pins(0)=0.0, Dist=115.0
[2026-04-15 12:38:44] SCORE Player2 (gray0): Final=205.4, Time=89.5, Moves(52)=0.9, Pins(0)=0.0, Dist=115.0
[2026-04-15 12:38:44] MOVE 106: Player2 (gray0) 51->60 [0.02ms]
[2026-04-15 12:38:44] SCORE Player1 (lawn green): Final=205.7, Time=89.8, Moves(53)=0.9, Pins(0)=0.0, Dist=115.0
[2026-04-15 12:38:44] SCORE Player2 (gray0): Final=204.2, Time=89.3, Moves(53)=0.9, Pins(0)=0.0, Dist=114.0
[2026-04-15 12:38:44] MOVE 107: Player1 (lawn green) 29->28 [0.02ms]
[2026-04-15 12:38:44] SCORE Player1 (lawn green): Final=206.5, Time=89.6, Moves(54)=0.9, Pins(0)=0.0, Dist=116.0
[2026-04-15 12:38:44] SCORE Player2 (gray0): Final=204.2, Time=89.3, Moves(53)=0.9, Pins(0)=0.0, Dist=114.0
[2026-04-15 12:38:44] MOVE 108: Player2 (gray0) 86->98 [0.02ms]
[2026-04-15 12:38:44] SCORE Player1 (lawn green): Final=206.5, Time=89.6, Moves(54)=0.9, Pins(0)=0.0, Dist=116.0
[2026-04-15 12:38:44] SCORE Player2 (gray0): Final=203.1, Time=89.2, Moves(54)=0.9, Pins(0)=0.0, Dist=113.0
[2026-04-15 12:38:44] MOVE 109: Player1 (lawn green) 84->96 [0.03ms]
[2026-04-15 12:38:44] SCORE Player1 (lawn green): Final=206.2, Time=89.3, Moves(55)=0.9, Pins(0)=0.0, Dist=116.0
[2026-04-15 12:38:44] SCORE Player2 (gray0): Final=203.1, Time=89.2, Moves(54)=0.9, Pins(0)=0.0, Dist=113.0
[2026-04-15 12:38:45] MOVE 110: Player2 (gray0) 59->58 [0.02ms]
[2026-04-15 12:38:45] SCORE Player1 (lawn green): Final=206.2, Time=89.3, Moves(55)=0.9, Pins(0)=0.0, Dist=116.0
[2026-04-15 12:38:45] SCORE Player2 (gray0): Final=201.9, Time=89.1, Moves(55)=0.9, Pins(0)=0.0, Dist=112.0
[2026-04-15 12:38:45] MOVE 111: Player1 (lawn green) 30->41 [0.02ms]
[2026-04-15 12:38:45] SCORE Player1 (lawn green): Final=206.9, Time=89.1, Moves(56)=0.8, Pins(0)=0.0, Dist=117.0
[2026-04-15 12:38:45] SCORE Player2 (gray0): Final=201.9, Time=89.1, Moves(55)=0.9, Pins(0)=0.0, Dist=112.0
[2026-04-15 12:38:45] MOVE 112: Player2 (gray0) 98->99 [0.02ms]
[2026-04-15 12:38:45] SCORE Player1 (lawn green): Final=206.9, Time=89.1, Moves(56)=0.8, Pins(0)=0.0, Dist=117.0
[2026-04-15 12:38:45] SCORE Player2 (gray0): Final=202.7, Time=88.8, Moves(56)=0.8, Pins(0)=0.0, Dist=113.0
[2026-04-15 12:38:45] MOVE 113: Player1 (lawn green) 69->59 [0.02ms]
[2026-04-15 12:38:45] SCORE Player1 (lawn green): Final=206.7, Time=88.9, Moves(57)=0.8, Pins(0)=0.0, Dist=117.0
[2026-04-15 12:38:45] SCORE Player2 (gray0): Final=202.7, Time=88.8, Moves(56)=0.8, Pins(0)=0.0, Dist=113.0
[2026-04-15 12:38:45] MOVE 114: Player2 (gray0) 58->49 [0.02ms]
[2026-04-15 12:38:45] SCORE Player1 (lawn green): Final=206.7, Time=88.9, Moves(57)=0.8, Pins(0)=0.0, Dist=117.0
[2026-04-15 12:38:45] SCORE Player2 (gray0): Final=203.5, Time=88.7, Moves(57)=0.8, Pins(0)=0.0, Dist=114.0
[2026-04-15 12:38:46] MOVE 115: Player1 (lawn green) 28->39 [0.03ms]
[2026-04-15 12:38:46] SCORE Player1 (lawn green): Final=207.4, Time=88.7, Moves(58)=0.8, Pins(0)=0.0, Dist=118.0
[2026-04-15 12:38:46] SCORE Player2 (gray0): Final=203.5, Time=88.7, Moves(57)=0.8, Pins(0)=0.0, Dist=114.0
[2026-04-15 12:38:46] MOVE 116: Player2 (gray0) 92->81 [0.02ms]
[2026-04-15 12:38:46] SCORE Player1 (lawn green): Final=207.4, Time=88.7, Moves(58)=0.8, Pins(0)=0.0, Dist=118.0
[2026-04-15 12:38:46] SCORE Player2 (gray0): Final=204.3, Time=88.5, Moves(58)=0.8, Pins(0)=0.0, Dist=115.0
[2026-04-15 12:38:46] MOVE 117: Player1 (lawn green) 22->21 [0.02ms]
[2026-04-15 12:38:46] SCORE Player1 (lawn green): Final=208.2, Time=88.5, Moves(59)=0.7, Pins(0)=0.0, Dist=119.0
[2026-04-15 12:38:46] SCORE Player2 (gray0): Final=204.3, Time=88.5, Moves(58)=0.8, Pins(0)=0.0, Dist=115.0
[2026-04-15 12:38:46] MOVE 118: Player2 (gray0) 60->69 [0.02ms]
[2026-04-15 12:38:46] SCORE Player1 (lawn green): Final=208.2, Time=88.5, Moves(59)=0.7, Pins(0)=0.0, Dist=119.0
[2026-04-15 12:38:46] SCORE Player2 (gray0): Final=203.0, Time=88.3, Moves(59)=0.7, Pins(0)=0.0, Dist=114.0
[2026-04-15 12:38:46] MOVE 119: Player1 (lawn green) 3->6 [0.02ms]
[2026-04-15 12:38:46] SCORE Player1 (lawn green): Final=209.0, Time=88.3, Moves(60)=0.7, Pins(0)=0.0, Dist=120.0
[2026-04-15 12:38:46] SCORE Player2 (gray0): Final=203.0, Time=88.3, Moves(59)=0.7, Pins(0)=0.0, Dist=114.0
[2026-04-15 12:38:47] MOVE 120: Player2 (gray0) 35->23 [0.02ms]
[2026-04-15 12:38:47] SCORE Player1 (lawn green): Final=209.0, Time=88.3, Moves(60)=0.7, Pins(0)=0.0, Dist=120.0
[2026-04-15 12:38:47] SCORE Player2 (gray0): Final=202.7, Time=88.0, Moves(60)=0.7, Pins(0)=0.0, Dist=114.0
[2026-04-15 12:38:47] MOVE 121: Player1 (lawn green) 41->40 [0.02ms]
[2026-04-15 12:38:47] SCORE Player1 (lawn green): Final=209.7, Time=88.0, Moves(61)=0.7, Pins(0)=0.0, Dist=121.0
[2026-04-15 12:38:47] SCORE Player2 (gray0): Final=202.7, Time=88.0, Moves(60)=0.7, Pins(0)=0.0, Dist=114.0
[2026-04-15 12:38:47] MOVE 122: Player2 (gray0) 87->75 [0.02ms]
[2026-04-15 12:38:47] SCORE Player1 (lawn green): Final=209.7, Time=88.0, Moves(61)=0.7, Pins(0)=0.0, Dist=121.0
[2026-04-15 12:38:47] SCORE Player2 (gray0): Final=202.5, Time=87.8, Moves(61)=0.7, Pins(0)=0.0, Dist=114.0
[2026-04-15 12:38:47] MOVE 123: Player1 (lawn green) 53->42 [0.02ms]
[2026-04-15 12:38:47] SCORE Player1 (lawn green): Final=209.4, Time=87.8, Moves(62)=0.6, Pins(0)=0.0, Dist=121.0
[2026-04-15 12:38:47] SCORE Player2 (gray0): Final=202.5, Time=87.8, Moves(61)=0.7, Pins(0)=0.0, Dist=114.0
[2026-04-15 12:38:47] MOVE 124: Player2 (gray0) 69->80 [0.02ms]
[2026-04-15 12:38:47] SCORE Player1 (lawn green): Final=209.4, Time=87.8, Moves(62)=0.6, Pins(0)=0.0, Dist=121.0
[2026-04-15 12:38:47] SCORE Player2 (gray0): Final=202.4, Time=87.7, Moves(62)=0.6, Pins(0)=0.0, Dist=114.0
[2026-04-15 12:38:48] MOVE 125: Player1 (lawn green) 34->45 [0.02ms]
[2026-04-15 12:38:48] SCORE Player1 (lawn green): Final=210.2, Time=87.6, Moves(63)=0.6, Pins(0)=0.0, Dist=122.0
[2026-04-15 12:38:48] SCORE Player2 (gray0): Final=202.4, Time=87.7, Moves(62)=0.6, Pins(0)=0.0, Dist=114.0
[2026-04-15 12:38:48] MOVE 126: Player2 (gray0) 101->102 [0.02ms]
[2026-04-15 12:38:48] SCORE Player1 (lawn green): Final=210.2, Time=87.6, Moves(63)=0.6, Pins(0)=0.0, Dist=122.0
[2026-04-15 12:38:48] SCORE Player2 (gray0): Final=203.1, Time=87.5, Moves(63)=0.6, Pins(0)=0.0, Dist=115.0
[2026-04-15 12:38:48] MOVE 127: Player1 (lawn green) 6->3 [0.02ms]
[2026-04-15 12:38:48] SCORE Player1 (lawn green): Final=208.9, Time=87.3, Moves(64)=0.6, Pins(0)=0.0, Dist=121.0
[2026-04-15 12:38:48] SCORE Player2 (gray0): Final=203.1, Time=87.5, Moves(63)=0.6, Pins(0)=0.0, Dist=115.0
[2026-04-15 12:38:48] MOVE 128: Player2 (gray0) 23->24 [0.03ms]
[2026-04-15 12:38:48] SCORE Player1 (lawn green): Final=208.9, Time=87.3, Moves(64)=0.6, Pins(0)=0.0, Dist=121.0
[2026-04-15 12:38:48] SCORE Player2 (gray0): Final=203.9, Time=87.3, Moves(64)=0.6, Pins(0)=0.0, Dist=116.0
[2026-04-15 12:38:49] MOVE 129: Player1 (lawn green) 59->50 [0.02ms]
[2026-04-15 12:38:49] SCORE Player1 (lawn green): Final=207.6, Time=87.1, Moves(65)=0.5, Pins(0)=0.0, Dist=120.0
[2026-04-15 12:38:49] SCORE Player2 (gray0): Final=203.9, Time=87.3, Moves(64)=0.6, Pins(0)=0.0, Dist=116.0
[2026-04-15 12:38:49] MOVE 130: Player2 (gray0) 102->111 [0.02ms]
[2026-04-15 12:38:49] SCORE Player1 (lawn green): Final=207.6, Time=87.1, Moves(65)=0.5, Pins(0)=0.0, Dist=120.0
[2026-04-15 12:38:49] SCORE Player2 (gray0): Final=203.7, Time=87.2, Moves(65)=0.5, Pins(0)=0.0, Dist=116.0
[2026-04-15 12:38:49] MOVE 131: Player1 (lawn green) 50->60 [0.02ms]
[2026-04-15 12:38:49] SCORE Player1 (lawn green): Final=207.3, Time=86.8, Moves(66)=0.5, Pins(0)=0.0, Dist=120.0
[2026-04-15 12:38:49] SCORE Player2 (gray0): Final=203.7, Time=87.2, Moves(65)=0.5, Pins(0)=0.0, Dist=116.0
[2026-04-15 12:38:49] MOVE 132: Player2 (gray0) 76->101 [0.02ms]
[2026-04-15 12:38:49] SCORE Player1 (lawn green): Final=207.3, Time=86.8, Moves(66)=0.5, Pins(0)=0.0, Dist=120.0
[2026-04-15 12:38:49] SCORE Player2 (gray0): Final=203.5, Time=87.0, Moves(66)=0.5, Pins(0)=0.0, Dist=116.0
[2026-04-15 12:38:49] MOVE 133: Player1 (lawn green) 39->43 [0.02ms]
[2026-04-15 12:38:49] SCORE Player1 (lawn green): Final=203.1, Time=86.6, Moves(67)=0.5, Pins(0)=0.0, Dist=116.0
[2026-04-15 12:38:49] SCORE Player2 (gray0): Final=203.5, Time=87.0, Moves(66)=0.5, Pins(0)=0.0, Dist=116.0
[2026-04-15 12:38:50] MOVE 134: Player2 (gray0) 75->87 [0.02ms]
[2026-04-15 12:38:50] SCORE Player1 (lawn green): Final=203.1, Time=86.6, Moves(67)=0.5, Pins(0)=0.0, Dist=116.0
[2026-04-15 12:38:50] SCORE Player2 (gray0): Final=203.2, Time=86.8, Moves(67)=0.5, Pins(0)=0.0, Dist=116.0
[2026-04-15 12:38:50] MOVE 135: Player1 (lawn green) 21->22 [0.02ms]
[2026-04-15 12:38:50] SCORE Player1 (lawn green): Final=201.8, Time=86.3, Moves(68)=0.4, Pins(0)=0.0, Dist=115.0
[2026-04-15 12:38:50] SCORE Player2 (gray0): Final=203.2, Time=86.8, Moves(67)=0.5, Pins(0)=0.0, Dist=116.0
[2026-04-15 12:38:50] MOVE 136: Player2 (gray0) 24->35 [0.02ms]
[2026-04-15 12:38:50] SCORE Player1 (lawn green): Final=201.8, Time=86.3, Moves(68)=0.4, Pins(0)=0.0, Dist=115.0
[2026-04-15 12:38:50] SCORE Player2 (gray0): Final=202.0, Time=86.6, Moves(68)=0.4, Pins(0)=0.0, Dist=115.0
[2026-04-15 12:38:50] MOVE 137: Player1 (lawn green) 3->6 [0.02ms]
[2026-04-15 12:38:50] SCORE Player1 (lawn green): Final=202.6, Time=86.2, Moves(69)=0.4, Pins(0)=0.0, Dist=116.0
[2026-04-15 12:38:50] SCORE Player2 (gray0): Final=202.0, Time=86.6, Moves(68)=0.4, Pins(0)=0.0, Dist=115.0
[2026-04-15 12:38:50] MOVE 138: Player2 (gray0) 111->112 [0.02ms]
[2026-04-15 12:38:50] SCORE Player1 (lawn green): Final=202.6, Time=86.2, Moves(69)=0.4, Pins(0)=0.0, Dist=116.0
[2026-04-15 12:38:50] SCORE Player2 (gray0): Final=202.8, Time=86.4, Moves(69)=0.4, Pins(0)=0.0, Dist=116.0
[2026-04-15 12:38:51] MOVE 139: Player1 (lawn green) 43->44 [0.02ms]
[2026-04-15 12:38:51] SCORE Player1 (lawn green): Final=201.4, Time=86.0, Moves(70)=0.4, Pins(0)=0.0, Dist=115.0
[2026-04-15 12:38:51] SCORE Player2 (gray0): Final=202.8, Time=86.4, Moves(69)=0.4, Pins(0)=0.0, Dist=116.0
[2026-04-15 12:38:51] MOVE 140: Player2 (gray0) 81->82 [0.02ms]
[2026-04-15 12:38:51] SCORE Player1 (lawn green): Final=201.4, Time=86.0, Moves(70)=0.4, Pins(0)=0.0, Dist=115.0
[2026-04-15 12:38:51] SCORE Player2 (gray0): Final=203.5, Time=86.1, Moves(70)=0.4, Pins(0)=0.0, Dist=117.0
[2026-04-15 12:38:51] MOVE 141: Player1 (lawn green) 40->39 [0.02ms]
[2026-04-15 12:38:51] SCORE Player1 (lawn green): Final=202.2, Time=85.8, Moves(71)=0.4, Pins(0)=0.0, Dist=116.0
[2026-04-15 12:38:51] SCORE Player2 (gray0): Final=203.5, Time=86.1, Moves(70)=0.4, Pins(0)=0.0, Dist=117.0
[2026-04-15 12:38:51] MOVE 142: Player2 (gray0) 101->76 [0.02ms]
[2026-04-15 12:38:51] SCORE Player1 (lawn green): Final=202.2, Time=85.8, Moves(71)=0.4, Pins(0)=0.0, Dist=116.0
[2026-04-15 12:38:51] SCORE Player2 (gray0): Final=203.3, Time=86.0, Moves(71)=0.4, Pins(0)=0.0, Dist=117.0
[2026-04-15 12:38:51] MOVE 143: Player1 (lawn green) 31->32 [0.02ms]
[2026-04-15 12:38:51] SCORE Player1 (lawn green): Final=201.0, Time=85.6, Moves(72)=0.3, Pins(0)=0.0, Dist=115.0
[2026-04-15 12:38:51] SCORE Player2 (gray0): Final=203.3, Time=86.0, Moves(71)=0.4, Pins(0)=0.0, Dist=117.0
[2026-04-15 12:38:51] MOVE 144: Player2 (gray0) 82->81 [0.02ms]
[2026-04-15 12:38:51] SCORE Player1 (lawn green): Final=201.0, Time=85.6, Moves(72)=0.3, Pins(0)=0.0, Dist=115.0
[2026-04-15 12:38:51] SCORE Player2 (gray0): Final=202.2, Time=85.8, Moves(72)=0.3, Pins(0)=0.0, Dist=116.0
[2026-04-15 12:38:52] MOVE 145: Player1 (lawn green) 42->43 [0.02ms]
[2026-04-15 12:38:52] SCORE Player1 (lawn green): Final=199.8, Time=85.5, Moves(73)=0.3, Pins(0)=0.0, Dist=114.0
[2026-04-15 12:38:52] SCORE Player2 (gray0): Final=202.2, Time=85.8, Moves(72)=0.3, Pins(0)=0.0, Dist=116.0
[2026-04-15 12:38:52] MOVE 146: Player2 (gray0) 48->57 [0.02ms]
[2026-04-15 12:38:52] SCORE Player1 (lawn green): Final=199.8, Time=85.5, Moves(73)=0.3, Pins(0)=0.0, Dist=114.0
[2026-04-15 12:38:52] SCORE Player2 (gray0): Final=200.9, Time=85.6, Moves(73)=0.3, Pins(0)=0.0, Dist=115.0
[2026-04-15 12:38:52] MOVE 147: Player1 (lawn green) 22->21 [0.02ms]
[2026-04-15 12:38:52] SCORE Player1 (lawn green): Final=200.5, Time=85.2, Moves(74)=0.3, Pins(0)=0.0, Dist=115.0
[2026-04-15 12:38:52] SCORE Player2 (gray0): Final=200.9, Time=85.6, Moves(73)=0.3, Pins(0)=0.0, Dist=115.0
[2026-04-15 12:38:52] MOVE 148: Player2 (gray0) 35->36 [0.02ms]
[2026-04-15 12:38:52] SCORE Player1 (lawn green): Final=200.5, Time=85.2, Moves(74)=0.3, Pins(0)=0.0, Dist=115.0
[2026-04-15 12:38:52] SCORE Player2 (gray0): Final=201.7, Time=85.4, Moves(74)=0.3, Pins(0)=0.0, Dist=116.0
[2026-04-15 12:38:52] MOVE 149: Player1 (lawn green) 6->14 [0.02ms]
[2026-04-15 12:38:52] SCORE Player1 (lawn green): Final=201.3, Time=85.1, Moves(75)=0.2, Pins(0)=0.0, Dist=116.0
[2026-04-15 12:38:52] SCORE Player2 (gray0): Final=201.7, Time=85.4, Moves(74)=0.3, Pins(0)=0.0, Dist=116.0
[2026-04-15 12:38:53] MOVE 150: Player2 (gray0) 76->66 [0.02ms]
[2026-04-15 12:38:53] SCORE Player1 (lawn green): Final=201.3, Time=85.1, Moves(75)=0.2, Pins(0)=0.0, Dist=116.0
[2026-04-15 12:38:53] SCORE Player2 (gray0): Final=202.4, Time=85.2, Moves(75)=0.2, Pins(0)=0.0, Dist=117.0
[2026-04-15 12:38:53] MOVE 151: Player1 (lawn green) 14->6 [0.02ms]
[2026-04-15 12:38:53] SCORE Player1 (lawn green): Final=200.2, Time=84.9, Moves(76)=0.2, Pins(0)=0.0, Dist=115.0
[2026-04-15 12:38:53] SCORE Player2 (gray0): Final=202.4, Time=85.2, Moves(75)=0.2, Pins(0)=0.0, Dist=117.0
[2026-04-15 12:38:53] MOVE 152: Player2 (gray0) 66->76 [0.02ms]
[2026-04-15 12:38:53] SCORE Player1 (lawn green): Final=200.2, Time=84.9, Moves(76)=0.2, Pins(0)=0.0, Dist=115.0
[2026-04-15 12:38:53] SCORE Player2 (gray0): Final=201.2, Time=85.0, Moves(76)=0.2, Pins(0)=0.0, Dist=116.0
[2026-04-15 12:38:53] MOVE 153: Player1 (lawn green) 6->3 [0.03ms]
[2026-04-15 12:38:53] SCORE Player1 (lawn green): Final=198.9, Time=84.7, Moves(77)=0.2, Pins(0)=0.0, Dist=114.0
[2026-04-15 12:38:53] SCORE Player2 (gray0): Final=201.2, Time=85.0, Moves(76)=0.2, Pins(0)=0.0, Dist=116.0
[2026-04-15 12:38:53] MOVE 154: Player2 (gray0) 76->65 [0.02ms]
[2026-04-15 12:38:53] SCORE Player1 (lawn green): Final=198.9, Time=84.7, Moves(77)=0.2, Pins(0)=0.0, Dist=114.0
[2026-04-15 12:38:53] SCORE Player2 (gray0): Final=201.1, Time=84.9, Moves(77)=0.2, Pins(0)=0.0, Dist=116.0
[2026-04-15 12:38:54] MOVE 155: Player1 (lawn green) 3->6 [0.02ms]
[2026-04-15 12:38:54] SCORE Player1 (lawn green): Final=199.7, Time=84.5, Moves(78)=0.2, Pins(0)=0.0, Dist=115.0
[2026-04-15 12:38:54] SCORE Player2 (gray0): Final=201.1, Time=84.9, Moves(77)=0.2, Pins(0)=0.0, Dist=116.0
[2026-04-15 12:38:54] MOVE 156: Player2 (gray0) 65->75 [0.02ms]
[2026-04-15 12:38:54] SCORE Player1 (lawn green): Final=199.7, Time=84.5, Moves(78)=0.2, Pins(0)=0.0, Dist=115.0
[2026-04-15 12:38:54] SCORE Player2 (gray0): Final=199.9, Time=84.7, Moves(78)=0.2, Pins(0)=0.0, Dist=115.0
[2026-04-15 12:38:54] MOVE 157: Player1 (lawn green) 44->55 [0.02ms]
[2026-04-15 12:38:54] SCORE Player1 (lawn green): Final=199.5, Time=84.3, Moves(79)=0.2, Pins(0)=0.0, Dist=115.0
[2026-04-15 12:38:54] SCORE Player2 (gray0): Final=199.9, Time=84.7, Moves(78)=0.2, Pins(0)=0.0, Dist=115.0
[2026-04-15 12:38:54] MOVE 158: Player2 (gray0) 87->89 [0.03ms]
[2026-04-15 12:38:54] SCORE Player1 (lawn green): Final=199.5, Time=84.3, Moves(79)=0.2, Pins(0)=0.0, Dist=115.0
[2026-04-15 12:38:54] SCORE Player2 (gray0): Final=201.7, Time=84.5, Moves(79)=0.2, Pins(0)=0.0, Dist=117.0
[2026-04-15 12:38:54] MOVE 159: Player1 (lawn green) 96->97 [0.02ms]
[2026-04-15 12:38:54] SCORE Player1 (lawn green): Final=198.2, Time=84.1, Moves(80)=0.2, Pins(0)=0.0, Dist=114.0
[2026-04-15 12:38:54] SCORE Player2 (gray0): Final=201.7, Time=84.5, Moves(79)=0.2, Pins(0)=0.0, Dist=117.0
[2026-04-15 12:38:55] MOVE 160: Player2 (gray0) 112->116 [0.02ms]
[2026-04-15 12:38:55] SCORE Player1 (lawn green): Final=198.2, Time=84.1, Moves(80)=0.2, Pins(0)=0.0, Dist=114.0
[2026-04-15 12:38:55] SCORE Player2 (gray0): Final=201.4, Time=84.3, Moves(80)=0.2, Pins(0)=0.0, Dist=117.0
[2026-04-15 12:38:55] MOVE 161: Player1 (lawn green) 21->20 [0.02ms]
[2026-04-15 12:38:55] SCORE Player1 (lawn green): Final=199.0, Time=83.9, Moves(81)=0.1, Pins(0)=0.0, Dist=115.0
[2026-04-15 12:38:55] SCORE Player2 (gray0): Final=201.4, Time=84.3, Moves(80)=0.2, Pins(0)=0.0, Dist=117.0
[2026-04-15 12:38:55] MOVE 162: Player2 (gray0) 36->35 [0.03ms]
[2026-04-15 12:38:55] SCORE Player1 (lawn green): Final=199.0, Time=83.9, Moves(81)=0.1, Pins(0)=0.0, Dist=115.0
[2026-04-15 12:38:55] SCORE Player2 (gray0): Final=200.2, Time=84.0, Moves(81)=0.1, Pins(0)=0.0, Dist=116.0
[2026-04-15 12:38:55] MOVE 163: Player1 (lawn green) 45->33 [0.02ms]
[2026-04-15 12:38:55] SCORE Player1 (lawn green): Final=198.7, Time=83.6, Moves(82)=0.1, Pins(0)=0.0, Dist=115.0
[2026-04-15 12:38:55] SCORE Player2 (gray0): Final=200.2, Time=84.0, Moves(81)=0.1, Pins(0)=0.0, Dist=116.0
[2026-04-15 12:38:56] MOVE 164: Player2 (gray0) 81->93 [0.03ms]
[2026-04-15 12:38:56] SCORE Player1 (lawn green): Final=198.7, Time=83.6, Moves(82)=0.1, Pins(0)=0.0, Dist=115.0
[2026-04-15 12:38:56] SCORE Player2 (gray0): Final=199.9, Time=83.8, Moves(82)=0.1, Pins(0)=0.0, Dist=116.0
[2026-04-15 12:38:56] MOVE 165: Player1 (lawn green) 6->7 [0.02ms]
[2026-04-15 12:38:56] SCORE Player1 (lawn green): Final=197.6, Time=83.4, Moves(83)=0.1, Pins(0)=0.0, Dist=114.0
[2026-04-15 12:38:56] SCORE Player2 (gray0): Final=199.9, Time=83.8, Moves(82)=0.1, Pins(0)=0.0, Dist=116.0
[2026-04-15 12:38:56] MOVE 166: Player2 (gray0) 57->66 [0.02ms]
[2026-04-15 12:38:56] SCORE Player1 (lawn green): Final=197.6, Time=83.4, Moves(83)=0.1, Pins(0)=0.0, Dist=114.0
[2026-04-15 12:38:56] SCORE Player2 (gray0): Final=198.7, Time=83.6, Moves(83)=0.1, Pins(0)=0.0, Dist=115.0
[2026-04-15 12:38:56] MOVE 167: Player1 (lawn green) 60->50 [0.03ms]
[2026-04-15 12:38:56] SCORE Player1 (lawn green): Final=197.3, Time=83.2, Moves(84)=0.1, Pins(0)=0.0, Dist=114.0
[2026-04-15 12:38:56] SCORE Player2 (gray0): Final=198.7, Time=83.6, Moves(83)=0.1, Pins(0)=0.0, Dist=115.0
[2026-04-15 12:38:56] MOVE 168: Player2 (gray0) 88->90 [0.02ms]
[2026-04-15 12:38:56] SCORE Player1 (lawn green): Final=197.3, Time=83.2, Moves(84)=0.1, Pins(0)=0.0, Dist=114.0
[2026-04-15 12:38:56] SCORE Player2 (gray0): Final=200.5, Time=83.4, Moves(84)=0.1, Pins(0)=0.0, Dist=117.0
[2026-04-15 12:38:56] MOVE 169: Player1 (lawn green) 7->8 [0.02ms]
[2026-04-15 12:38:56] SCORE Player1 (lawn green): Final=196.1, Time=83.1, Moves(85)=0.1, Pins(0)=0.0, Dist=113.0
[2026-04-15 12:38:56] SCORE Player2 (gray0): Final=200.5, Time=83.4, Moves(84)=0.1, Pins(0)=0.0, Dist=117.0
[2026-04-15 12:38:57] MOVE 170: Player2 (gray0) 89->77 [0.03ms]
[2026-04-15 12:38:57] SCORE Player1 (lawn green): Final=196.1, Time=83.1, Moves(85)=0.1, Pins(0)=0.0, Dist=113.0
[2026-04-15 12:38:57] SCORE Player2 (gray0): Final=200.3, Time=83.2, Moves(85)=0.1, Pins(0)=0.0, Dist=117.0
[2026-04-15 12:38:57] MOVE 171: Player1 (lawn green) 50->59 [0.02ms]
[2026-04-15 12:38:57] SCORE Player1 (lawn green): Final=196.9, Time=82.8, Moves(86)=0.1, Pins(0)=0.0, Dist=114.0
[2026-04-15 12:38:57] SCORE Player2 (gray0): Final=200.3, Time=83.2, Moves(85)=0.1, Pins(0)=0.0, Dist=117.0
[2026-04-15 12:38:57] MOVE 172: Player2 (gray0) 116->117 [0.02ms]
[2026-04-15 12:38:57] SCORE Player1 (lawn green): Final=196.9, Time=82.8, Moves(86)=0.1, Pins(0)=0.0, Dist=114.0
[2026-04-15 12:38:57] SCORE Player2 (gray0): Final=201.0, Time=83.0, Moves(86)=0.1, Pins(0)=0.0, Dist=118.0
[2026-04-15 12:38:57] MOVE 173: Player1 (lawn green) 8->7 [0.02ms]
[2026-04-15 12:38:57] SCORE Player1 (lawn green): Final=197.7, Time=82.6, Moves(87)=0.1, Pins(0)=0.0, Dist=115.0
[2026-04-15 12:38:57] SCORE Player2 (gray0): Final=201.0, Time=83.0, Moves(86)=0.1, Pins(0)=0.0, Dist=118.0
[2026-04-15 12:38:58] MOVE 174: Player2 (gray0) 93->81 [0.02ms]
[2026-04-15 12:38:58] SCORE Player1 (lawn green): Final=197.7, Time=82.6, Moves(87)=0.1, Pins(0)=0.0, Dist=115.0
[2026-04-15 12:38:58] SCORE Player2 (gray0): Final=200.8, Time=82.8, Moves(87)=0.1, Pins(0)=0.0, Dist=118.0
[2026-04-15 12:38:58] MOVE 175: Player1 (lawn green) 55->53 [0.02ms]
[2026-04-15 12:38:58] SCORE Player1 (lawn green): Final=199.5, Time=82.4, Moves(88)=0.1, Pins(0)=0.0, Dist=117.0
[2026-04-15 12:38:58] SCORE Player2 (gray0): Final=200.8, Time=82.8, Moves(87)=0.1, Pins(0)=0.0, Dist=118.0
[2026-04-15 12:38:58] MOVE 176: Player2 (gray0) 117->113 [0.02ms]
[2026-04-15 12:38:58] SCORE Player1 (lawn green): Final=199.5, Time=82.4, Moves(88)=0.1, Pins(0)=0.0, Dist=117.0
[2026-04-15 12:38:58] SCORE Player2 (gray0): Final=200.7, Time=82.6, Moves(88)=0.1, Pins(0)=0.0, Dist=118.0
[2026-04-15 12:38:58] MOVE 177: Player1 (lawn green) 39->50 [0.02ms]
[2026-04-15 12:38:58] SCORE Player1 (lawn green): Final=199.3, Time=82.2, Moves(89)=0.1, Pins(0)=0.0, Dist=117.0
[2026-04-15 12:38:58] SCORE Player2 (gray0): Final=200.7, Time=82.6, Moves(88)=0.1, Pins(0)=0.0, Dist=118.0
[2026-04-15 12:38:58] MOVE 178: Player2 (gray0) 66->65 [0.02ms]
[2026-04-15 12:38:58] SCORE Player1 (lawn green): Final=199.3, Time=82.2, Moves(89)=0.1, Pins(0)=0.0, Dist=117.0
[2026-04-15 12:38:58] SCORE Player2 (gray0): Final=199.5, Time=82.4, Moves(89)=0.1, Pins(0)=0.0, Dist=117.0
[2026-04-15 12:38:58] MOVE 179: Player1 (lawn green) 50->40 [0.02ms]
[2026-04-15 12:38:58] SCORE Player1 (lawn green): Final=198.1, Time=82.1, Moves(90)=0.0, Pins(0)=0.0, Dist=116.0
[2026-04-15 12:38:58] SCORE Player2 (gray0): Final=199.5, Time=82.4, Moves(89)=0.1, Pins(0)=0.0, Dist=117.0
[2026-04-15 12:38:59] MOVE 180: Player2 (gray0) 49->69 [0.02ms]
[2026-04-15 12:38:59] SCORE Player1 (lawn green): Final=198.1, Time=82.1, Moves(90)=0.0, Pins(0)=0.0, Dist=116.0
[2026-04-15 12:38:59] SCORE Player2 (gray0): Final=199.2, Time=82.2, Moves(90)=0.0, Pins(0)=0.0, Dist=117.0
[2026-04-15 12:38:59] MOVE 181: Player1 (lawn green) 40->28 [0.03ms]
[2026-04-15 12:38:59] SCORE Player1 (lawn green): Final=197.9, Time=81.8, Moves(91)=0.0, Pins(0)=0.0, Dist=116.0
[2026-04-15 12:38:59] SCORE Player2 (gray0): Final=199.2, Time=82.2, Moves(90)=0.0, Pins(0)=0.0, Dist=117.0
[2026-04-15 12:38:59] MOVE 182: Player2 (gray0) 69->92 [0.02ms]
[2026-04-15 12:38:59] SCORE Player1 (lawn green): Final=197.9, Time=81.8, Moves(91)=0.0, Pins(0)=0.0, Dist=116.0
[2026-04-15 12:38:59] SCORE Player2 (gray0): Final=199.1, Time=82.0, Moves(91)=0.0, Pins(0)=0.0, Dist=117.0
[2026-04-15 12:38:59] MOVE 183: Player1 (lawn green) 97->109 [0.02ms]
[2026-04-15 12:38:59] SCORE Player1 (lawn green): Final=198.7, Time=81.7, Moves(92)=0.0, Pins(0)=0.0, Dist=117.0
[2026-04-15 12:38:59] SCORE Player2 (gray0): Final=199.1, Time=82.0, Moves(91)=0.0, Pins(0)=0.0, Dist=117.0
[2026-04-15 12:38:59] MOVE 184: Player2 (gray0) 90->79 [0.02ms]
[2026-04-15 12:38:59] SCORE Player1 (lawn green): Final=198.7, Time=81.7, Moves(92)=0.0, Pins(0)=0.0, Dist=117.0
[2026-04-15 12:38:59] SCORE Player2 (gray0): Final=199.8, Time=81.8, Moves(92)=0.0, Pins(0)=0.0, Dist=118.0
[2026-04-15 12:39:00] MOVE 185: Player1 (lawn green) 32->31 [0.04ms]
[2026-04-15 12:39:00] SCORE Player1 (lawn green): Final=199.5, Time=81.5, Moves(93)=0.0, Pins(0)=0.0, Dist=118.0
[2026-04-15 12:39:00] SCORE Player2 (gray0): Final=199.8, Time=81.8, Moves(92)=0.0, Pins(0)=0.0, Dist=118.0
[2026-04-15 12:39:00] MOVE 186: Player2 (gray0) 79->68 [0.02ms]
[2026-04-15 12:39:00] SCORE Player1 (lawn green): Final=199.5, Time=81.5, Moves(93)=0.0, Pins(0)=0.0, Dist=118.0
[2026-04-15 12:39:00] SCORE Player2 (gray0): Final=199.6, Time=81.5, Moves(93)=0.0, Pins(0)=0.0, Dist=118.0
[2026-04-15 12:39:00] MOVE 187: Player1 (lawn green) 54->52 [0.02ms]
[2026-04-15 12:39:00] SCORE Player1 (lawn green): Final=201.2, Time=81.2, Moves(94)=0.0, Pins(0)=0.0, Dist=120.0
[2026-04-15 12:39:00] SCORE Player2 (gray0): Final=199.6, Time=81.5, Moves(93)=0.0, Pins(0)=0.0, Dist=118.0
[2026-04-15 12:39:00] MOVE 188: Player2 (gray0) 35->24 [0.02ms]
[2026-04-15 12:39:00] SCORE Player1 (lawn green): Final=201.2, Time=81.2, Moves(94)=0.0, Pins(0)=0.0, Dist=120.0
[2026-04-15 12:39:00] SCORE Player2 (gray0): Final=200.3, Time=81.3, Moves(94)=0.0, Pins(0)=0.0, Dist=119.0
[2026-04-15 12:39:01] MOVE 189: Player1 (lawn green) 43->18 [0.02ms]
[2026-04-15 12:39:01] SCORE Player1 (lawn green): Final=201.0, Time=81.0, Moves(95)=0.0, Pins(0)=0.0, Dist=120.0
[2026-04-15 12:39:01] SCORE Player2 (gray0): Final=200.3, Time=81.3, Moves(94)=0.0, Pins(0)=0.0, Dist=119.0
[2026-04-15 12:39:01] MOVE 190: Player2 (gray0) 68->69 [0.03ms]
[2026-04-15 12:39:01] SCORE Player1 (lawn green): Final=201.0, Time=81.0, Moves(95)=0.0, Pins(0)=0.0, Dist=120.0
[2026-04-15 12:39:01] SCORE Player2 (gray0): Final=201.1, Time=81.1, Moves(95)=0.0, Pins(0)=0.0, Dist=120.0
[2026-04-15 12:39:01] MOVE 191: Player1 (lawn green) 33->21 [0.02ms]
[2026-04-15 12:39:01] SCORE Player1 (lawn green): Final=199.9, Time=80.9, Moves(96)=0.0, Pins(0)=0.0, Dist=119.0
[2026-04-15 12:39:01] SCORE Player2 (gray0): Final=201.1, Time=81.1, Moves(95)=0.0, Pins(0)=0.0, Dist=120.0
[2026-04-15 12:39:01] MOVE 192: Player2 (gray0) 75->56 [0.02ms]
[2026-04-15 12:39:01] SCORE Player1 (lawn green): Final=199.9, Time=80.9, Moves(96)=0.0, Pins(0)=0.0, Dist=119.0
[2026-04-15 12:39:01] SCORE Player2 (gray0): Final=203.0, Time=80.9, Moves(96)=0.0, Pins(0)=0.0, Dist=122.0
[2026-04-15 12:39:01] MOVE 193: Player1 (lawn green) 20->22 [0.02ms]
[2026-04-15 12:39:01] SCORE Player1 (lawn green): Final=197.6, Time=80.6, Moves(97)=0.0, Pins(0)=0.0, Dist=117.0
[2026-04-15 12:39:01] SCORE Player2 (gray0): Final=203.0, Time=80.9, Moves(96)=0.0, Pins(0)=0.0, Dist=122.0
[2026-04-15 12:39:02] MOVE 194: Player2 (gray0) 113->114 [0.02ms]
[2026-04-15 12:39:02] SCORE Player1 (lawn green): Final=197.6, Time=80.6, Moves(97)=0.0, Pins(0)=0.0, Dist=117.0
[2026-04-15 12:39:02] SCORE Player2 (gray0): Final=203.8, Time=80.7, Moves(97)=0.0, Pins(0)=0.0, Dist=123.0
[2026-04-15 12:39:02] MOVE 195: Player1 (lawn green) 53->42 [0.02ms]
[2026-04-15 12:39:02] SCORE Player1 (lawn green): Final=197.4, Time=80.4, Moves(98)=0.0, Pins(0)=0.0, Dist=117.0
[2026-04-15 12:39:02] SCORE Player2 (gray0): Final=203.8, Time=80.7, Moves(97)=0.0, Pins(0)=0.0, Dist=123.0
[2026-04-15 12:39:02] MOVE 196: Player2 (gray0) 77->66 [0.02ms]
[2026-04-15 12:39:02] SCORE Player1 (lawn green): Final=197.4, Time=80.4, Moves(98)=0.0, Pins(0)=0.0, Dist=117.0
[2026-04-15 12:39:02] SCORE Player2 (gray0): Final=203.6, Time=80.6, Moves(98)=0.0, Pins(0)=0.0, Dist=123.0
[2026-04-15 12:39:02] MOVE 197: Player1 (lawn green) 42->41 [0.02ms]
[2026-04-15 12:39:02] SCORE Player1 (lawn green): Final=198.2, Time=80.2, Moves(99)=0.0, Pins(0)=0.0, Dist=118.0
[2026-04-15 12:39:02] SCORE Player2 (gray0): Final=203.6, Time=80.6, Moves(98)=0.0, Pins(0)=0.0, Dist=123.0
[2026-04-15 12:39:02] MOVE 198: Player2 (gray0) 24->36 [0.02ms]
[2026-04-15 12:39:02] SCORE Player1 (lawn green): Final=198.2, Time=80.2, Moves(99)=0.0, Pins(0)=0.0, Dist=118.0
[2026-04-15 12:39:02] SCORE Player2 (gray0): Final=203.4, Time=80.4, Moves(99)=0.0, Pins(0)=0.0, Dist=123.0
[2026-04-15 12:39:03] MOVE 199: Player1 (lawn green) 21->34 [0.02ms]
[2026-04-15 12:39:03] SCORE Player1 (lawn green): Final=198.0, Time=80.0, Moves(100)=0.0, Pins(0)=0.0, Dist=118.0
[2026-04-15 12:39:03] SCORE Player2 (gray0): Final=203.4, Time=80.4, Moves(99)=0.0, Pins(0)=0.0, Dist=123.0
[2026-04-15 12:39:03] MOVE 200: Player2 (gray0) 92->105 [0.02ms]
[2026-04-15 12:39:03] SCORE Player1 (lawn green): Final=198.0, Time=80.0, Moves(100)=0.0, Pins(0)=0.0, Dist=118.0
[2026-04-15 12:39:03] SCORE Player2 (gray0): Final=203.2, Time=80.2, Moves(100)=0.0, Pins(0)=0.0, Dist=123.0
[2026-04-15 12:39:03] MOVE 201: Player1 (lawn green) 31->30 [0.02ms]
[2026-04-15 12:39:03] SCORE Player1 (lawn green): Final=198.9, Time=79.9, Moves(101)=0.0, Pins(0)=0.0, Dist=119.0
[2026-04-15 12:39:03] SCORE Player2 (gray0): Final=203.2, Time=80.2, Moves(100)=0.0, Pins(0)=0.0, Dist=123.0
[2026-04-15 12:39:03] MOVE 202: Player2 (gray0) 105->113 [0.02ms]
[2026-04-15 12:39:03] SCORE Player1 (lawn green): Final=198.9, Time=79.9, Moves(101)=0.0, Pins(0)=0.0, Dist=119.0
[2026-04-15 12:39:03] SCORE Player2 (gray0): Final=202.1, Time=80.1, Moves(101)=0.0, Pins(0)=0.0, Dist=122.0
[2026-04-15 12:39:03] MOVE 203: Player1 (lawn green) 28->15 [0.02ms]
[2026-04-15 12:39:03] SCORE Player1 (lawn green): Final=198.7, Time=79.7, Moves(102)=0.0, Pins(0)=0.0, Dist=119.0
[2026-04-15 12:39:03] SCORE Player2 (gray0): Final=202.1, Time=80.1, Moves(101)=0.0, Pins(0)=0.0, Dist=122.0
[2026-04-15 12:39:03] MOVE 204: Player2 (gray0) 113->105 [0.02ms]
[2026-04-15 12:39:03] SCORE Player1 (lawn green): Final=198.7, Time=79.7, Moves(102)=0.0, Pins(0)=0.0, Dist=119.0
[2026-04-15 12:39:03] SCORE Player2 (gray0): Final=202.9, Time=79.9, Moves(102)=0.0, Pins(0)=0.0, Dist=123.0
[2026-04-15 12:39:04] MOVE 205: Player1 (lawn green) 59->60 [0.02ms]
[2026-04-15 12:39:04] SCORE Player1 (lawn green): Final=197.5, Time=79.5, Moves(103)=0.0, Pins(0)=0.0, Dist=118.0
[2026-04-15 12:39:04] SCORE Player2 (gray0): Final=202.9, Time=79.9, Moves(102)=0.0, Pins(0)=0.0, Dist=123.0
[2026-04-15 12:39:04] MOVE 206: Player2 (gray0) 69->70 [0.02ms]
[2026-04-15 12:39:04] SCORE Player1 (lawn green): Final=197.5, Time=79.5, Moves(103)=0.0, Pins(0)=0.0, Dist=118.0
[2026-04-15 12:39:04] SCORE Player2 (gray0): Final=203.6, Time=79.6, Moves(103)=0.0, Pins(0)=0.0, Dist=124.0
[2026-04-15 12:39:04] MOVE 207: Player1 (lawn green) 15->14 [0.02ms]
[2026-04-15 12:39:04] SCORE Player1 (lawn green): Final=198.3, Time=79.3, Moves(104)=0.0, Pins(0)=0.0, Dist=119.0
[2026-04-15 12:39:04] SCORE Player2 (gray0): Final=203.6, Time=79.6, Moves(103)=0.0, Pins(0)=0.0, Dist=124.0
[2026-04-15 12:39:04] MOVE 208: Player2 (gray0) 70->50 [0.02ms]
[2026-04-15 12:39:04] SCORE Player1 (lawn green): Final=198.3, Time=79.3, Moves(104)=0.0, Pins(0)=0.0, Dist=119.0
[2026-04-15 12:39:04] SCORE Player2 (gray0): Final=203.4, Time=79.4, Moves(104)=0.0, Pins(0)=0.0, Dist=124.0
[2026-04-15 12:39:04] MOVE 209: Player1 (lawn green) 14->15 [0.02ms]
[2026-04-15 12:39:04] SCORE Player1 (lawn green): Final=197.1, Time=79.1, Moves(105)=0.0, Pins(0)=0.0, Dist=118.0
[2026-04-15 12:39:04] SCORE Player2 (gray0): Final=203.4, Time=79.4, Moves(104)=0.0, Pins(0)=0.0, Dist=124.0
[2026-04-15 12:39:05] MOVE 210: Player2 (gray0) 81->71 [0.02ms]
[2026-04-15 12:39:05] SCORE Player1 (lawn green): Final=197.1, Time=79.1, Moves(105)=0.0, Pins(0)=0.0, Dist=118.0
[2026-04-15 12:39:05] SCORE Player2 (gray0): Final=204.2, Time=79.2, Moves(105)=0.0, Pins(0)=0.0, Dist=125.0
[2026-04-15 12:39:05] MOVE 211: Player1 (lawn green) 22->45 [0.02ms]
[2026-04-15 12:39:05] SCORE Player1 (lawn green): Final=199.0, Time=79.0, Moves(106)=0.0, Pins(0)=0.0, Dist=120.0
[2026-04-15 12:39:05] SCORE Player2 (gray0): Final=204.2, Time=79.2, Moves(105)=0.0, Pins(0)=0.0, Dist=125.0
[2026-04-15 12:39:05] MOVE 212: Player2 (gray0) 36->37 [0.02ms]
[2026-04-15 12:39:05] SCORE Player1 (lawn green): Final=199.0, Time=79.0, Moves(106)=0.0, Pins(0)=0.0, Dist=120.0
[2026-04-15 12:39:05] SCORE Player2 (gray0): Final=205.0, Time=79.0, Moves(106)=0.0, Pins(0)=0.0, Dist=126.0
[2026-04-15 12:39:05] MOVE 213: Player1 (lawn green) 18->17 [0.02ms]
[2026-04-15 12:39:05] SCORE Player1 (lawn green): Final=199.8, Time=78.8, Moves(107)=0.0, Pins(0)=0.0, Dist=121.0
[2026-04-15 12:39:05] SCORE Player2 (gray0): Final=205.0, Time=79.0, Moves(106)=0.0, Pins(0)=0.0, Dist=126.0
[2026-04-15 12:39:05] MOVE 214: Player2 (gray0) 105->106 [0.02ms]
[2026-04-15 12:39:05] SCORE Player1 (lawn green): Final=199.8, Time=78.8, Moves(107)=0.0, Pins(0)=0.0, Dist=121.0
[2026-04-15 12:39:05] SCORE Player2 (gray0): Final=205.8, Time=78.8, Moves(107)=0.0, Pins(0)=0.0, Dist=127.0
[2026-04-15 12:39:06] MOVE 215: Player1 (lawn green) 109->108 [0.02ms]
[2026-04-15 12:39:06] SCORE Player1 (lawn green): Final=200.5, Time=78.5, Moves(108)=0.0, Pins(0)=0.0, Dist=122.0
[2026-04-15 12:39:06] SCORE Player2 (gray0): Final=205.8, Time=78.8, Moves(107)=0.0, Pins(0)=0.0, Dist=127.0
[2026-04-15 12:39:06] MOVE 216: Player2 (gray0) 37->47 [0.02ms]
[2026-04-15 12:39:06] SCORE Player1 (lawn green): Final=200.5, Time=78.5, Moves(108)=0.0, Pins(0)=0.0, Dist=122.0
[2026-04-15 12:39:06] SCORE Player2 (gray0): Final=204.6, Time=78.6, Moves(108)=0.0, Pins(0)=0.0, Dist=126.0
[2026-04-15 12:39:06] MOVE 217: Player1 (lawn green) 52->61 [0.02ms]
[2026-04-15 12:39:06] SCORE Player1 (lawn green): Final=201.3, Time=78.3, Moves(109)=0.0, Pins(0)=0.0, Dist=123.0
[2026-04-15 12:39:06] SCORE Player2 (gray0): Final=204.6, Time=78.6, Moves(108)=0.0, Pins(0)=0.0, Dist=126.0
[2026-04-15 12:39:06] MOVE 218: Player2 (gray0) 56->37 [0.02ms]
[2026-04-15 12:39:06] SCORE Player1 (lawn green): Final=201.3, Time=78.3, Moves(109)=0.0, Pins(0)=0.0, Dist=123.0
[2026-04-15 12:39:06] SCORE Player2 (gray0): Final=206.4, Time=78.4, Moves(109)=0.0, Pins(0)=0.0, Dist=128.0
[2026-04-15 12:39:06] MOVE 219: Player1 (lawn green) 15->28 [0.02ms]
[2026-04-15 12:39:06] SCORE Player1 (lawn green): Final=201.1, Time=78.1, Moves(110)=0.0, Pins(0)=0.0, Dist=123.0
[2026-04-15 12:39:06] SCORE Player2 (gray0): Final=206.4, Time=78.4, Moves(109)=0.0, Pins(0)=0.0, Dist=128.0
[2026-04-15 12:39:07] MOVE 220: Player2 (gray0) 99->87 [0.02ms]
[2026-04-15 12:39:07] SCORE Player1 (lawn green): Final=201.1, Time=78.1, Moves(110)=0.0, Pins(0)=0.0, Dist=123.0
[2026-04-15 12:39:07] SCORE Player2 (gray0): Final=207.2, Time=78.2, Moves(110)=0.0, Pins(0)=0.0, Dist=129.0
[2026-04-15 12:39:07] MOVE 221: Player1 (lawn green) 108->109 [0.02ms]
[2026-04-15 12:39:07] SCORE Player1 (lawn green): Final=199.9, Time=77.9, Moves(111)=0.0, Pins(0)=0.0, Dist=122.0
[2026-04-15 12:39:07] SCORE Player2 (gray0): Final=207.2, Time=78.2, Moves(110)=0.0, Pins(0)=0.0, Dist=129.0
[2026-04-15 12:39:07] MOVE 222: Player2 (gray0) 106->117 [0.02ms]
[2026-04-15 12:39:07] SCORE Player1 (lawn green): Final=199.9, Time=77.9, Moves(111)=0.0, Pins(0)=0.0, Dist=122.0
[2026-04-15 12:39:07] SCORE Player2 (gray0): Final=205.0, Time=78.0, Moves(111)=0.0, Pins(0)=0.0, Dist=127.0
[2026-04-15 12:39:07] MOVE 223: Player1 (lawn green) 109->108 [0.02ms]
[2026-04-15 12:39:07] SCORE Player1 (lawn green): Final=200.7, Time=77.7, Moves(112)=0.0, Pins(0)=0.0, Dist=123.0
[2026-04-15 12:39:07] SCORE Player2 (gray0): Final=205.0, Time=78.0, Moves(111)=0.0, Pins(0)=0.0, Dist=127.0
[2026-04-15 12:39:07] MOVE 224: Player2 (gray0) 65->75 [0.02ms]
[2026-04-15 12:39:07] SCORE Player1 (lawn green): Final=200.7, Time=77.7, Moves(112)=0.0, Pins(0)=0.0, Dist=123.0
[2026-04-15 12:39:07] SCORE Player2 (gray0): Final=203.7, Time=77.7, Moves(112)=0.0, Pins(0)=0.0, Dist=126.0
[2026-04-15 12:39:08] MOVE 225: Player1 (lawn green) 60->39 [0.05ms]
[2026-04-15 12:39:08] SCORE Player1 (lawn green): Final=200.6, Time=77.6, Moves(113)=0.0, Pins(0)=0.0, Dist=123.0
[2026-04-15 12:39:08] SCORE Player2 (gray0): Final=203.7, Time=77.7, Moves(112)=0.0, Pins(0)=0.0, Dist=126.0
[2026-04-15 12:39:08] MOVE 226: Player2 (gray0) 80->81 [0.02ms]
[2026-04-15 12:39:08] SCORE Player1 (lawn green): Final=200.6, Time=77.6, Moves(113)=0.0, Pins(0)=0.0, Dist=123.0
[2026-04-15 12:39:08] SCORE Player2 (gray0): Final=204.6, Time=77.6, Moves(113)=0.0, Pins(0)=0.0, Dist=127.0
[2026-04-15 12:39:08] MOVE 227: Player1 (lawn green) 45->33 [0.02ms]
[2026-04-15 12:39:08] SCORE Player1 (lawn green): Final=200.3, Time=77.3, Moves(114)=0.0, Pins(0)=0.0, Dist=123.0
[2026-04-15 12:39:08] SCORE Player2 (gray0): Final=204.6, Time=77.6, Moves(113)=0.0, Pins(0)=0.0, Dist=127.0
[2026-04-15 12:39:08] MOVE 228: Player2 (gray0) 81->60 [0.02ms]
[2026-04-15 12:39:08] SCORE Player1 (lawn green): Final=200.3, Time=77.3, Moves(114)=0.0, Pins(0)=0.0, Dist=123.0
[2026-04-15 12:39:08] SCORE Player2 (gray0): Final=204.3, Time=77.3, Moves(114)=0.0, Pins(0)=0.0, Dist=127.0
[2026-04-15 12:39:09] MOVE 229: Player1 (lawn green) 33->32 [0.02ms]
[2026-04-15 12:39:09] SCORE Player1 (lawn green): Final=201.1, Time=77.1, Moves(115)=0.0, Pins(0)=0.0, Dist=124.0
[2026-04-15 12:39:09] SCORE Player2 (gray0): Final=204.3, Time=77.3, Moves(114)=0.0, Pins(0)=0.0, Dist=127.0
[2026-04-15 12:39:09] MOVE 230: Player2 (gray0) 47->57 [0.02ms]
[2026-04-15 12:39:09] SCORE Player1 (lawn green): Final=201.1, Time=77.1, Moves(115)=0.0, Pins(0)=0.0, Dist=124.0
[2026-04-15 12:39:09] SCORE Player2 (gray0): Final=204.1, Time=77.1, Moves(115)=0.0, Pins(0)=0.0, Dist=127.0
[2026-04-15 12:39:09] MOVE 231: Player1 (lawn green) 61->59 [0.02ms]
[2026-04-15 12:39:09] SCORE Player1 (lawn green): Final=202.9, Time=76.9, Moves(116)=0.0, Pins(0)=0.0, Dist=126.0
[2026-04-15 12:39:09] SCORE Player2 (gray0): Final=204.1, Time=77.1, Moves(115)=0.0, Pins(0)=0.0, Dist=127.0
[2026-04-15 12:39:09] MOVE 232: Player2 (gray0) 71->81 [0.02ms]
[2026-04-15 12:39:09] SCORE Player1 (lawn green): Final=202.9, Time=76.9, Moves(116)=0.0, Pins(0)=0.0, Dist=126.0
[2026-04-15 12:39:09] SCORE Player2 (gray0): Final=203.0, Time=77.0, Moves(116)=0.0, Pins(0)=0.0, Dist=126.0
[2026-04-15 12:39:09] MOVE 233: Player1 (lawn green) 17->9 [0.02ms]
[2026-04-15 12:39:09] SCORE Player1 (lawn green): Final=201.8, Time=76.8, Moves(117)=0.0, Pins(0)=0.0, Dist=125.0
[2026-04-15 12:39:09] SCORE Player2 (gray0): Final=203.0, Time=77.0, Moves(116)=0.0, Pins(0)=0.0, Dist=126.0
[2026-04-15 12:39:09] MOVE 234: Player2 (gray0) 37->25 [0.02ms]
[2026-04-15 12:39:09] SCORE Player1 (lawn green): Final=201.8, Time=76.8, Moves(117)=0.0, Pins(0)=0.0, Dist=125.0
[2026-04-15 12:39:09] SCORE Player2 (gray0): Final=202.8, Time=76.8, Moves(117)=0.0, Pins(0)=0.0, Dist=126.0
[2026-04-15 12:39:10] MOVE 235: Player1 (lawn green) 59->40 [0.02ms]
[2026-04-15 12:39:10] SCORE Player1 (lawn green): Final=199.6, Time=76.6, Moves(118)=0.0, Pins(0)=0.0, Dist=123.0
[2026-04-15 12:39:10] SCORE Player2 (gray0): Final=202.8, Time=76.8, Moves(117)=0.0, Pins(0)=0.0, Dist=126.0
[2026-04-15 12:39:10] MOVE 236: Player2 (gray0) 117->119 [0.02ms]
[2026-04-15 12:39:10] SCORE Player1 (lawn green): Final=199.6, Time=76.6, Moves(118)=0.0, Pins(0)=0.0, Dist=123.0
[2026-04-15 12:39:10] SCORE Player2 (gray0): Final=201.6, Time=76.6, Moves(118)=0.0, Pins(0)=0.0, Dist=125.0
[2026-04-15 12:39:10] MOVE 237: Player1 (lawn green) 41->5 [0.02ms]
[2026-04-15 12:39:10] SCORE Player1 (lawn green): Final=197.4, Time=76.4, Moves(119)=0.0, Pins(0)=0.0, Dist=121.0
[2026-04-15 12:39:10] SCORE Player2 (gray0): Final=201.6, Time=76.6, Moves(118)=0.0, Pins(0)=0.0, Dist=125.0
[2026-04-15 12:39:10] MOVE 238: Player2 (gray0) 60->59 [0.02ms]
[2026-04-15 12:39:10] SCORE Player1 (lawn green): Final=197.4, Time=76.4, Moves(119)=0.0, Pins(0)=0.0, Dist=121.0
[2026-04-15 12:39:10] SCORE Player2 (gray0): Final=200.4, Time=76.4, Moves(119)=0.0, Pins(0)=0.0, Dist=124.0
[2026-04-15 12:39:10] MOVE 239: Player1 (lawn green) 39->41 [0.02ms]
[2026-04-15 12:39:10] SCORE Player1 (lawn green): Final=195.3, Time=76.3, Moves(120)=0.0, Pins(0)=0.0, Dist=119.0
[2026-04-15 12:39:10] SCORE Player2 (gray0): Final=200.4, Time=76.4, Moves(119)=0.0, Pins(0)=0.0, Dist=124.0
[2026-04-15 12:39:11] MOVE 240: Player2 (gray0) 114->117 [0.02ms]
[2026-04-15 12:39:11] SCORE Player1 (lawn green): Final=195.3, Time=76.3, Moves(120)=0.0, Pins(0)=0.0, Dist=119.0
[2026-04-15 12:39:11] SCORE Player2 (gray0): Final=199.1, Time=76.1, Moves(120)=0.0, Pins(0)=0.0, Dist=123.0
[2026-04-15 12:39:11] MOVE 241: Player1 (lawn green) 28->49 [0.02ms]
[2026-04-15 12:39:11] SCORE Player1 (lawn green): Final=197.1, Time=76.1, Moves(121)=0.0, Pins(0)=0.0, Dist=121.0
[2026-04-15 12:39:11] SCORE Player2 (gray0): Final=199.1, Time=76.1, Moves(120)=0.0, Pins(0)=0.0, Dist=123.0
[2026-04-15 12:39:11] MOVE 242: Player2 (gray0) 59->58 [0.02ms]
[2026-04-15 12:39:11] SCORE Player1 (lawn green): Final=197.1, Time=76.1, Moves(121)=0.0, Pins(0)=0.0, Dist=121.0
[2026-04-15 12:39:11] SCORE Player2 (gray0): Final=198.0, Time=76.0, Moves(121)=0.0, Pins(0)=0.0, Dist=122.0
[2026-04-15 12:39:11] MOVE 243: Player1 (lawn green) 5->4 [0.02ms]
[2026-04-15 12:39:11] SCORE Player1 (lawn green): Final=197.9, Time=75.9, Moves(122)=0.0, Pins(0)=0.0, Dist=122.0
[2026-04-15 12:39:11] SCORE Player2 (gray0): Final=198.0, Time=76.0, Moves(121)=0.0, Pins(0)=0.0, Dist=122.0
[2026-04-15 12:39:11] MOVE 244: Player2 (gray0) 117->120 [0.02ms]
[2026-04-15 12:39:11] SCORE Player1 (lawn green): Final=197.9, Time=75.9, Moves(122)=0.0, Pins(0)=0.0, Dist=122.0
[2026-04-15 12:39:11] SCORE Player2 (gray0): Final=195.8, Time=75.8, Moves(122)=0.0, Pins(0)=0.0, Dist=120.0
[2026-04-15 12:39:12] MOVE 245: Player1 (lawn green) 41->29 [0.02ms]
[2026-04-15 12:39:12] SCORE Player1 (lawn green): Final=197.7, Time=75.7, Moves(123)=0.0, Pins(0)=0.0, Dist=122.0
[2026-04-15 12:39:12] SCORE Player2 (gray0): Final=195.8, Time=75.8, Moves(122)=0.0, Pins(0)=0.0, Dist=120.0
[2026-04-15 12:39:12] MOVE 246: Player2 (gray0) 81->70 [0.02ms]
[2026-04-15 12:39:12] SCORE Player1 (lawn green): Final=197.7, Time=75.7, Moves(123)=0.0, Pins(0)=0.0, Dist=122.0
[2026-04-15 12:39:12] SCORE Player2 (gray0): Final=195.6, Time=75.6, Moves(123)=0.0, Pins(0)=0.0, Dist=120.0
[2026-04-15 12:39:12] MOVE 247: Player1 (lawn green) 49->28 [0.02ms]
[2026-04-15 12:39:12] SCORE Player1 (lawn green): Final=195.5, Time=75.5, Moves(124)=0.0, Pins(0)=0.0, Dist=120.0
[2026-04-15 12:39:12] SCORE Player2 (gray0): Final=195.6, Time=75.6, Moves(123)=0.0, Pins(0)=0.0, Dist=120.0
[2026-04-15 12:39:12] MOVE 248: Player2 (gray0) 119->117 [0.02ms]
[2026-04-15 12:39:12] SCORE Player1 (lawn green): Final=195.5, Time=75.5, Moves(124)=0.0, Pins(0)=0.0, Dist=120.0
[2026-04-15 12:39:12] SCORE Player2 (gray0): Final=196.4, Time=75.4, Moves(124)=0.0, Pins(0)=0.0, Dist=121.0
[2026-04-15 12:39:12] MOVE 249: Player1 (lawn green) 40->42 [0.02ms]
[2026-04-15 12:39:12] SCORE Player1 (lawn green): Final=193.3, Time=75.3, Moves(125)=0.0, Pins(0)=0.0, Dist=118.0
[2026-04-15 12:39:12] SCORE Player2 (gray0): Final=196.4, Time=75.4, Moves(124)=0.0, Pins(0)=0.0, Dist=121.0
[2026-04-15 12:39:13] MOVE 250: Player2 (gray0) 75->76 [0.02ms]
[2026-04-15 12:39:13] SCORE Player1 (lawn green): Final=193.3, Time=75.3, Moves(125)=0.0, Pins(0)=0.0, Dist=118.0
[2026-04-15 12:39:13] SCORE Player2 (gray0): Final=197.2, Time=75.2, Moves(125)=0.0, Pins(0)=0.0, Dist=122.0
[2026-04-15 12:39:13] MOVE 251: Player1 (lawn green) 7->15 [0.02ms]
[2026-04-15 12:39:13] SCORE Player1 (lawn green): Final=194.0, Time=75.0, Moves(126)=0.0, Pins(0)=0.0, Dist=119.0
[2026-04-15 12:39:13] SCORE Player2 (gray0): Final=197.2, Time=75.2, Moves(125)=0.0, Pins(0)=0.0, Dist=122.0
[2026-04-15 12:39:13] MOVE 252: Player2 (gray0) 25->26 [0.02ms]
[2026-04-15 12:39:13] SCORE Player1 (lawn green): Final=194.0, Time=75.0, Moves(126)=0.0, Pins(0)=0.0, Dist=119.0
[2026-04-15 12:39:13] SCORE Player2 (gray0): Final=197.9, Time=74.9, Moves(126)=0.0, Pins(0)=0.0, Dist=123.0
[2026-04-15 12:39:13] MOVE 253: Player1 (lawn green) 32->33 [0.02ms]
[2026-04-15 12:39:13] SCORE Player1 (lawn green): Final=192.9, Time=74.9, Moves(127)=0.0, Pins(0)=0.0, Dist=118.0
[2026-04-15 12:39:13] SCORE Player2 (gray0): Final=197.9, Time=74.9, Moves(126)=0.0, Pins(0)=0.0, Dist=123.0
[2026-04-15 12:39:13] MOVE 254: Player2 (gray0) 58->68 [0.02ms]
[2026-04-15 12:39:13] SCORE Player1 (lawn green): Final=192.9, Time=74.9, Moves(127)=0.0, Pins(0)=0.0, Dist=118.0
[2026-04-15 12:39:13] SCORE Player2 (gray0): Final=197.7, Time=74.7, Moves(127)=0.0, Pins(0)=0.0, Dist=123.0
[2026-04-15 12:39:14] MOVE 255: Player1 (lawn green) 30->53 [0.02ms]
[2026-04-15 12:39:14] SCORE Player1 (lawn green): Final=192.6, Time=74.6, Moves(128)=0.0, Pins(0)=0.0, Dist=118.0
[2026-04-15 12:39:14] SCORE Player2 (gray0): Final=197.7, Time=74.7, Moves(127)=0.0, Pins(0)=0.0, Dist=123.0
[2026-04-15 12:39:14] MOVE 256: Player2 (gray0) 26->14 [0.02ms]
[2026-04-15 12:39:14] SCORE Player1 (lawn green): Final=192.6, Time=74.6, Moves(128)=0.0, Pins(0)=0.0, Dist=118.0
[2026-04-15 12:39:14] SCORE Player2 (gray0): Final=198.5, Time=74.5, Moves(128)=0.0, Pins(0)=0.0, Dist=124.0
[2026-04-15 12:39:14] MOVE 257: Player1 (lawn green) 9->8 [0.02ms]
[2026-04-15 12:39:14] SCORE Player1 (lawn green): Final=193.4, Time=74.4, Moves(129)=0.0, Pins(0)=0.0, Dist=119.0
[2026-04-15 12:39:14] SCORE Player2 (gray0): Final=198.5, Time=74.5, Moves(128)=0.0, Pins(0)=0.0, Dist=124.0
[2026-04-15 12:39:14] MOVE 258: Player2 (gray0) 57->56 [0.02ms]
[2026-04-15 12:39:14] SCORE Player1 (lawn green): Final=193.4, Time=74.4, Moves(129)=0.0, Pins(0)=0.0, Dist=119.0
[2026-04-15 12:39:14] SCORE Player2 (gray0): Final=197.3, Time=74.3, Moves(129)=0.0, Pins(0)=0.0, Dist=123.0
[2026-04-15 12:39:14] MOVE 259: Player1 (lawn green) 8->7 [0.02ms]
[2026-04-15 12:39:14] SCORE Player1 (lawn green): Final=194.2, Time=74.2, Moves(130)=0.0, Pins(0)=0.0, Dist=120.0
[2026-04-15 12:39:14] SCORE Player2 (gray0): Final=197.3, Time=74.3, Moves(129)=0.0, Pins(0)=0.0, Dist=123.0
[2026-04-15 12:39:15] MOVE 260: Player2 (gray0) 50->60 [0.02ms]
[2026-04-15 12:39:15] SCORE Player1 (lawn green): Final=194.2, Time=74.2, Moves(130)=0.0, Pins(0)=0.0, Dist=120.0
[2026-04-15 12:39:15] SCORE Player2 (gray0): Final=197.1, Time=74.1, Moves(130)=0.0, Pins(0)=0.0, Dist=123.0
[2026-04-15 12:39:15] MOVE 261: Player1 (lawn green) 53->43 [0.02ms]
[2026-04-15 12:39:15] SCORE Player1 (lawn green): Final=193.0, Time=74.0, Moves(131)=0.0, Pins(0)=0.0, Dist=119.0
[2026-04-15 12:39:15] SCORE Player2 (gray0): Final=197.1, Time=74.1, Moves(130)=0.0, Pins(0)=0.0, Dist=123.0
[2026-04-15 12:39:15] MOVE 262: Player2 (gray0) 117->116 [0.02ms]
[2026-04-15 12:39:15] SCORE Player1 (lawn green): Final=193.0, Time=74.0, Moves(131)=0.0, Pins(0)=0.0, Dist=119.0
[2026-04-15 12:39:15] SCORE Player2 (gray0): Final=195.9, Time=73.9, Moves(131)=0.0, Pins(0)=0.0, Dist=122.0
[2026-04-15 12:39:15] MOVE 263: Player1 (lawn green) 34->53 [0.02ms]
[2026-04-15 12:39:15] SCORE Player1 (lawn green): Final=196.8, Time=73.8, Moves(132)=0.0, Pins(0)=0.0, Dist=123.0
[2026-04-15 12:39:15] SCORE Player2 (gray0): Final=195.9, Time=73.9, Moves(131)=0.0, Pins(0)=0.0, Dist=122.0
[2026-04-15 12:39:15] MOVE 264: Player2 (gray0) 14->6 [0.02ms]
[2026-04-15 12:39:15] SCORE Player1 (lawn green): Final=196.8, Time=73.8, Moves(132)=0.0, Pins(0)=0.0, Dist=123.0
[2026-04-15 12:39:15] SCORE Player2 (gray0): Final=195.7, Time=73.7, Moves(132)=0.0, Pins(0)=0.0, Dist=122.0
[2026-04-15 12:39:16] MOVE 265: Player1 (lawn green) 4->2 [0.02ms]
[2026-04-15 12:39:16] SCORE Player1 (lawn green): Final=195.5, Time=73.5, Moves(133)=0.0, Pins(0)=0.0, Dist=122.0
[2026-04-15 12:39:16] SCORE Player2 (gray0): Final=195.7, Time=73.7, Moves(132)=0.0, Pins(0)=0.0, Dist=122.0
[2026-04-15 12:39:16] MOVE 266: Player2 (gray0) 76->77 [0.02ms]
[2026-04-15 12:39:16] SCORE Player1 (lawn green): Final=195.5, Time=73.5, Moves(133)=0.0, Pins(0)=0.0, Dist=122.0
[2026-04-15 12:39:16] SCORE Player2 (gray0): Final=196.6, Time=73.6, Moves(133)=0.0, Pins(0)=0.0, Dist=123.0
[2026-04-15 12:39:16] MOVE 267: Player1 (lawn green) 53->34 [0.03ms]
[2026-04-15 12:39:16] SCORE Player1 (lawn green): Final=191.3, Time=73.3, Moves(134)=0.0, Pins(0)=0.0, Dist=118.0
[2026-04-15 12:39:16] SCORE Player2 (gray0): Final=196.6, Time=73.6, Moves(133)=0.0, Pins(0)=0.0, Dist=123.0
[2026-04-15 12:39:16] MOVE 268: Player2 (gray0) 66->57 [0.02ms]
[2026-04-15 12:39:16] SCORE Player1 (lawn green): Final=191.3, Time=73.3, Moves(134)=0.0, Pins(0)=0.0, Dist=118.0
[2026-04-15 12:39:16] SCORE Player2 (gray0): Final=197.4, Time=73.4, Moves(134)=0.0, Pins(0)=0.0, Dist=124.0
[2026-04-15 12:39:16] MOVE 269: Player1 (lawn green) 2->4 [0.02ms]
[2026-04-15 12:39:16] SCORE Player1 (lawn green): Final=192.1, Time=73.1, Moves(135)=0.0, Pins(0)=0.0, Dist=119.0
[2026-04-15 12:39:16] SCORE Player2 (gray0): Final=197.4, Time=73.4, Moves(134)=0.0, Pins(0)=0.0, Dist=124.0
[2026-04-15 12:39:17] MOVE 270: Player2 (gray0) 60->50 [0.02ms]
[2026-04-15 12:39:17] SCORE Player1 (lawn green): Final=192.1, Time=73.1, Moves(135)=0.0, Pins(0)=0.0, Dist=119.0
[2026-04-15 12:39:17] SCORE Player2 (gray0): Final=197.2, Time=73.2, Moves(135)=0.0, Pins(0)=0.0, Dist=124.0
[2026-04-15 12:39:17] MOVE 271: Player1 (lawn green) 34->45 [0.02ms]
[2026-04-15 12:39:17] SCORE Player1 (lawn green): Final=192.9, Time=72.9, Moves(136)=0.0, Pins(0)=0.0, Dist=120.0
[2026-04-15 12:39:17] SCORE Player2 (gray0): Final=197.2, Time=73.2, Moves(135)=0.0, Pins(0)=0.0, Dist=124.0
[2026-04-15 12:39:17] MOVE 272: Player2 (gray0) 56->65 [0.02ms]
[2026-04-15 12:39:17] SCORE Player1 (lawn green): Final=192.9, Time=72.9, Moves(136)=0.0, Pins(0)=0.0, Dist=120.0
[2026-04-15 12:39:17] SCORE Player2 (gray0): Final=196.1, Time=73.1, Moves(136)=0.0, Pins(0)=0.0, Dist=123.0
[2026-04-15 12:39:17] MOVE 273: Player1 (lawn green) 45->44 [0.02ms]
[2026-04-15 12:39:17] SCORE Player1 (lawn green): Final=193.7, Time=72.7, Moves(137)=0.0, Pins(0)=0.0, Dist=121.0
[2026-04-15 12:39:17] SCORE Player2 (gray0): Final=196.1, Time=73.1, Moves(136)=0.0, Pins(0)=0.0, Dist=123.0
[2026-04-15 12:39:17] MOVE 274: Player2 (gray0) 68->67 [0.02ms]
[2026-04-15 12:39:17] SCORE Player1 (lawn green): Final=193.7, Time=72.7, Moves(137)=0.0, Pins(0)=0.0, Dist=121.0
[2026-04-15 12:39:17] SCORE Player2 (gray0): Final=194.8, Time=72.8, Moves(137)=0.0, Pins(0)=0.0, Dist=122.0
[2026-04-15 12:39:18] MOVE 275: Player1 (lawn green) 15->17 [0.02ms]
[2026-04-15 12:39:18] SCORE Player1 (lawn green): Final=191.5, Time=72.5, Moves(138)=0.0, Pins(0)=0.0, Dist=119.0
[2026-04-15 12:39:18] SCORE Player2 (gray0): Final=194.8, Time=72.8, Moves(137)=0.0, Pins(0)=0.0, Dist=122.0
[2026-04-15 12:39:18] MOVE 276: Player2 (gray0) 116->112 [0.02ms]
[2026-04-15 12:39:18] SCORE Player1 (lawn green): Final=191.5, Time=72.5, Moves(138)=0.0, Pins(0)=0.0, Dist=119.0
[2026-04-15 12:39:18] SCORE Player2 (gray0): Final=194.6, Time=72.6, Moves(138)=0.0, Pins(0)=0.0, Dist=122.0
[2026-04-15 12:39:18] MOVE 277: Player1 (lawn green) 42->53 [0.02ms]
[2026-04-15 12:39:18] SCORE Player1 (lawn green): Final=191.4, Time=72.4, Moves(139)=0.0, Pins(0)=0.0, Dist=119.0
[2026-04-15 12:39:18] SCORE Player2 (gray0): Final=194.6, Time=72.6, Moves(138)=0.0, Pins(0)=0.0, Dist=122.0
[2026-04-15 12:39:18] MOVE 278: Player2 (gray0) 87->86 [0.02ms]
[2026-04-15 12:39:18] SCORE Player1 (lawn green): Final=191.4, Time=72.4, Moves(139)=0.0, Pins(0)=0.0, Dist=119.0
[2026-04-15 12:39:18] SCORE Player2 (gray0): Final=193.4, Time=72.4, Moves(139)=0.0, Pins(0)=0.0, Dist=121.0
[2026-04-15 12:39:18] MOVE 279: Player1 (lawn green) 28->27 [0.02ms]
[2026-04-15 12:39:18] SCORE Player1 (lawn green): Final=192.2, Time=72.2, Moves(140)=0.0, Pins(0)=0.0, Dist=120.0
[2026-04-15 12:39:18] SCORE Player2 (gray0): Final=193.4, Time=72.4, Moves(139)=0.0, Pins(0)=0.0, Dist=121.0
[2026-04-15 12:39:19] MOVE 280: Player2 (gray0) 112->103 [0.02ms]
[2026-04-15 12:39:19] SCORE Player1 (lawn green): Final=192.2, Time=72.2, Moves(140)=0.0, Pins(0)=0.0, Dist=120.0
[2026-04-15 12:39:19] SCORE Player2 (gray0): Final=193.2, Time=72.2, Moves(140)=0.0, Pins(0)=0.0, Dist=121.0
[2026-04-15 12:39:19] MOVE 281: Player1 (lawn green) 29->30 [0.02ms]
[2026-04-15 12:39:19] SCORE Player1 (lawn green): Final=191.0, Time=72.0, Moves(141)=0.0, Pins(0)=0.0, Dist=119.0
[2026-04-15 12:39:19] SCORE Player2 (gray0): Final=193.2, Time=72.2, Moves(140)=0.0, Pins(0)=0.0, Dist=121.0
[2026-04-15 12:39:19] MOVE 282: Player2 (gray0) 120->118 [0.02ms]
[2026-04-15 12:39:19] SCORE Player1 (lawn green): Final=191.0, Time=72.0, Moves(141)=0.0, Pins(0)=0.0, Dist=119.0
[2026-04-15 12:39:19] SCORE Player2 (gray0): Final=193.0, Time=72.0, Moves(141)=0.0, Pins(0)=0.0, Dist=121.0
[2026-04-15 12:39:19] MOVE 283: Player1 (lawn green) 44->21 [0.02ms]
[2026-04-15 12:39:19] SCORE Player1 (lawn green): Final=188.8, Time=71.8, Moves(142)=0.0, Pins(0)=0.0, Dist=117.0
[2026-04-15 12:39:19] SCORE Player2 (gray0): Final=193.0, Time=72.0, Moves(141)=0.0, Pins(0)=0.0, Dist=121.0
[2026-04-15 12:39:19] MOVE 284: Player2 (gray0) 118->120 [0.02ms]
[2026-04-15 12:39:19] SCORE Player1 (lawn green): Final=188.8, Time=71.8, Moves(142)=0.0, Pins(0)=0.0, Dist=117.0
[2026-04-15 12:39:19] SCORE Player2 (gray0): Final=192.8, Time=71.8, Moves(142)=0.0, Pins(0)=0.0, Dist=121.0
[2026-04-15 12:39:20] MOVE 285: Player1 (lawn green) 53->32 [0.02ms]
[2026-04-15 12:39:20] SCORE Player1 (lawn green): Final=186.6, Time=71.6, Moves(143)=0.0, Pins(0)=0.0, Dist=115.0
[2026-04-15 12:39:20] SCORE Player2 (gray0): Final=192.8, Time=71.8, Moves(142)=0.0, Pins(0)=0.0, Dist=121.0
[2026-04-15 12:39:20] MOVE 286: Player2 (gray0) 70->69 [0.02ms]
[2026-04-15 12:39:20] SCORE Player1 (lawn green): Final=186.6, Time=71.6, Moves(143)=0.0, Pins(0)=0.0, Dist=115.0
[2026-04-15 12:39:20] SCORE Player2 (gray0): Final=191.6, Time=71.6, Moves(143)=0.0, Pins(0)=0.0, Dist=120.0
[2026-04-15 12:39:20] MOVE 287: Player1 (lawn green) 108->109 [0.02ms]
[2026-04-15 12:39:20] SCORE Player1 (lawn green): Final=185.4, Time=71.4, Moves(144)=0.0, Pins(0)=0.0, Dist=114.0
[2026-04-15 12:39:20] SCORE Player2 (gray0): Final=191.6, Time=71.6, Moves(143)=0.0, Pins(0)=0.0, Dist=120.0
[2026-04-15 12:39:20] MOVE 288: Player2 (gray0) 50->49 [0.02ms]
[2026-04-15 12:39:20] SCORE Player1 (lawn green): Final=185.4, Time=71.4, Moves(144)=0.0, Pins(0)=0.0, Dist=114.0
[2026-04-15 12:39:20] SCORE Player2 (gray0): Final=190.4, Time=71.4, Moves(144)=0.0, Pins(0)=0.0, Dist=119.0
[2026-04-15 12:39:20] MOVE 289: Player1 (lawn green) 43->22 [0.02ms]
[2026-04-15 12:39:20] SCORE Player1 (lawn green): Final=181.2, Time=71.2, Moves(145)=0.0, Pins(0)=0.0, Dist=110.0
[2026-04-15 12:39:20] SCORE Player2 (gray0): Final=190.4, Time=71.4, Moves(144)=0.0, Pins(0)=0.0, Dist=119.0
[2026-04-15 12:39:21] MOVE 290: Player2 (gray0) 6->14 [0.02ms]
[2026-04-15 12:39:21] SCORE Player1 (lawn green): Final=181.2, Time=71.2, Moves(145)=0.0, Pins(0)=0.0, Dist=110.0
[2026-04-15 12:39:21] SCORE Player2 (gray0): Final=190.2, Time=71.2, Moves(145)=0.0, Pins(0)=0.0, Dist=119.0
[2026-04-15 12:39:21] MOVE 291: Player1 (lawn green) 109->108 [0.02ms]
[2026-04-15 12:39:21] SCORE Player1 (lawn green): Final=182.0, Time=71.0, Moves(146)=0.0, Pins(0)=0.0, Dist=111.0
[2026-04-15 12:39:21] SCORE Player2 (gray0): Final=190.2, Time=71.2, Moves(145)=0.0, Pins(0)=0.0, Dist=119.0
[2026-04-15 12:39:21] MOVE 292: Player2 (gray0) 57->56 [0.02ms]
[2026-04-15 12:39:21] SCORE Player1 (lawn green): Final=182.0, Time=71.0, Moves(146)=0.0, Pins(0)=0.0, Dist=111.0
[2026-04-15 12:39:21] SCORE Player2 (gray0): Final=188.9, Time=70.9, Moves(146)=0.0, Pins(0)=0.0, Dist=118.0
[2026-04-15 12:39:21] MOVE 293: Player1 (lawn green) 32->44 [0.02ms]
[2026-04-15 12:39:21] SCORE Player1 (lawn green): Final=181.8, Time=70.8, Moves(147)=0.0, Pins(0)=0.0, Dist=111.0
[2026-04-15 12:39:21] SCORE Player2 (gray0): Final=188.9, Time=70.9, Moves(146)=0.0, Pins(0)=0.0, Dist=118.0
[2026-04-15 12:39:21] MOVE 294: Player2 (gray0) 49->50 [0.02ms]
[2026-04-15 12:39:21] SCORE Player1 (lawn green): Final=181.8, Time=70.8, Moves(147)=0.0, Pins(0)=0.0, Dist=111.0
[2026-04-15 12:39:21] SCORE Player2 (gray0): Final=189.8, Time=70.8, Moves(147)=0.0, Pins(0)=0.0, Dist=119.0
[2026-04-15 12:39:22] MOVE 295: Player1 (lawn green) 17->42 [0.02ms]
[2026-04-15 12:39:22] SCORE Player1 (lawn green): Final=181.5, Time=70.5, Moves(148)=0.0, Pins(0)=0.0, Dist=111.0
[2026-04-15 12:39:22] SCORE Player2 (gray0): Final=189.8, Time=70.8, Moves(147)=0.0, Pins(0)=0.0, Dist=119.0
[2026-04-15 12:39:22] MOVE 296: Player2 (gray0) 67->58 [0.02ms]
[2026-04-15 12:39:22] SCORE Player1 (lawn green): Final=181.5, Time=70.5, Moves(148)=0.0, Pins(0)=0.0, Dist=111.0
[2026-04-15 12:39:22] SCORE Player2 (gray0): Final=190.6, Time=70.6, Moves(148)=0.0, Pins(0)=0.0, Dist=120.0
[2026-04-15 12:39:22] MOVE 297: Player1 (lawn green) 21->20 [0.02ms]
[2026-04-15 12:39:22] SCORE Player1 (lawn green): Final=182.3, Time=70.3, Moves(149)=0.0, Pins(0)=0.0, Dist=112.0
[2026-04-15 12:39:22] SCORE Player2 (gray0): Final=190.6, Time=70.6, Moves(148)=0.0, Pins(0)=0.0, Dist=120.0
[2026-04-15 12:39:22] MOVE 298: Player2 (gray0) 65->47 [0.02ms]
[2026-04-15 12:39:22] SCORE Player1 (lawn green): Final=182.3, Time=70.3, Moves(149)=0.0, Pins(0)=0.0, Dist=112.0
[2026-04-15 12:39:22] SCORE Player2 (gray0): Final=192.4, Time=70.4, Moves(149)=0.0, Pins(0)=0.0, Dist=122.0
[2026-04-15 12:39:22] MOVE 299: Player1 (lawn green) 7->3 [0.02ms]
[2026-04-15 12:39:22] SCORE Player1 (lawn green): Final=182.1, Time=70.1, Moves(150)=0.0, Pins(0)=0.0, Dist=112.0
[2026-04-15 12:39:22] SCORE Player2 (gray0): Final=192.4, Time=70.4, Moves(149)=0.0, Pins(0)=0.0, Dist=122.0
[2026-04-15 12:39:23] MOVE 300: Player2 (gray0) 77->67 [0.02ms]
[2026-04-15 12:39:23] SCORE Player1 (lawn green): Final=182.1, Time=70.1, Moves(150)=0.0, Pins(0)=0.0, Dist=112.0
[2026-04-15 12:39:23] SCORE Player2 (gray0): Final=193.3, Time=70.3, Moves(150)=0.0, Pins(0)=0.0, Dist=123.0
[2026-04-15 12:39:23] MOVE 301: Player1 (lawn green) 22->21 [0.02ms]
[2026-04-15 12:39:23] SCORE Player1 (lawn green): Final=182.9, Time=69.9, Moves(151)=0.0, Pins(0)=0.0, Dist=113.0
[2026-04-15 12:39:23] SCORE Player2 (gray0): Final=193.3, Time=70.3, Moves(150)=0.0, Pins(0)=0.0, Dist=123.0
[2026-04-15 12:39:23] SCORE Player1 (lawn green): Final=182.9, Time=69.9, Moves(151)=0.0, Pins(0)=0.0, Dist=113.0
[2026-04-15 12:39:23] SCORE Player2 (gray0): Final=193.3, Time=70.3, Moves(150)=0.0, Pins(0)=0.0, Dist=123.0
[2026-04-15 12:39:23] GAME TIME LIMIT REACHED.
[2026-04-15 12:39:23] SCORE Player1 (lawn green): Final=182.9, Time=69.9, Moves(151)=0.0, Pins(0)=0.0, Dist=113.0
[2026-04-15 12:39:23] SCORE Player2 (gray0): Final=193.3, Time=70.3, Moves(150)=0.0, Pins(0)=0.0, Dist=123.0
[2026-04-15 12:39:23] GAME TIME LIMIT REACHED.
[2026-04-15 12:39:23] SCORE Player1 (lawn green): Final=182.9, Time=69.9, Moves(151)=0.0, Pins(0)=0.0, Dist=113.0
[2026-04-15 12:39:23] SCORE Player2 (gray0): Final=193.3, Time=70.3, Moves(150)=0.0, Pins(0)=0.0, Dist=123.0
[2026-04-15 12:39:23] GAME TIME LIMIT REACHED.
