[2026-04-13 13:11:49] GAME CREATED
[2026-04-13 13:11:49] PLAYER JOINED: Player1 as yellow
[2026-04-13 13:11:50] PLAYER JOINED: Player2 as purple
[2026-04-13 13:11:50] PLAYER START: Player2 (purple)
[2026-04-13 13:11:50] PLAYER START: Player1 (yellow)
[2026-04-13 13:11:50] GAME START — turn order ['yellow', 'purple']
[2026-04-13 13:11:51] MOVE 1: Player1 (yellow) 12->37 [0.03ms]
[2026-04-13 13:11:51] SCORE Player1 (yellow): Final=191.0, Time=99.0, Moves(1)=0.0, Pins(0)=0.0, Dist=92.0
[2026-04-13 13:11:51] SCORE Player2 (purple): Final=0.0, Time=0.0, Moves(0)=0.0, Pins(0)=0.0, Dist=0.0
[2026-04-13 13:11:52] MOVE 2: Player2 (purple) 85->64 [0.02ms]
[2026-04-13 13:11:52] SCORE Player1 (yellow): Final=191.0, Time=99.0, Moves(1)=0.0, Pins(0)=0.0, Dist=92.0
[2026-04-13 13:11:52] SCORE Player2 (purple): Final=190.5, Time=98.5, Moves(1)=0.0, Pins(0)=0.0, Dist=92.0
[2026-04-13 13:11:53] MOVE 3: Player1 (yellow) 11->12 [0.02ms]
[2026-04-13 13:11:53] SCORE Player1 (yellow): Final=191.0, Time=98.0, Moves(2)=0.0, Pins(0)=0.0, Dist=93.0
[2026-04-13 13:11:53] SCORE Player2 (purple): Final=190.5, Time=98.5, Moves(1)=0.0, Pins(0)=0.0, Dist=92.0
[2026-04-13 13:11:55] MOVE 4: Player2 (purple) 107->94 [0.02ms]
[2026-04-13 13:11:55] SCORE Player1 (yellow): Final=191.0, Time=98.0, Moves(2)=0.0, Pins(0)=0.0, Dist=93.0
[2026-04-13 13:11:55] SCORE Player2 (purple): Final=190.0, Time=97.0, Moves(2)=0.0, Pins(0)=0.0, Dist=93.0
[2026-04-13 13:11:56] MOVE 5: Player1 (yellow) 25->48 [0.02ms]
[2026-04-13 13:11:56] SCORE Player1 (yellow): Final=192.0, Time=97.0, Moves(3)=0.0, Pins(0)=0.0, Dist=95.0
[2026-04-13 13:11:56] SCORE Player2 (purple): Final=190.0, Time=97.0, Moves(2)=0.0, Pins(0)=0.0, Dist=93.0
[2026-04-13 13:11:57] MOVE 6: Player2 (purple) 108->107 [0.02ms]
[2026-04-13 13:11:57] SCORE Player1 (yellow): Final=192.0, Time=97.0, Moves(3)=0.0, Pins(0)=0.0, Dist=95.0
[2026-04-13 13:11:57] SCORE Player2 (purple): Final=189.5, Time=95.5, Moves(3)=0.0, Pins(0)=0.0, Dist=94.0
[2026-04-13 13:11:58] MOVE 7: Player1 (yellow) 23->11 [0.02ms]
[2026-04-13 13:11:58] SCORE Player1 (yellow): Final=191.0, Time=96.0, Moves(4)=0.0, Pins(0)=0.0, Dist=95.0
[2026-04-13 13:11:58] SCORE Player2 (purple): Final=189.5, Time=95.5, Moves(3)=0.0, Pins(0)=0.0, Dist=94.0
[2026-04-13 13:12:00] MOVE 8: Player2 (purple) 107->82 [0.02ms]
[2026-04-13 13:12:00] SCORE Player1 (yellow): Final=191.0, Time=96.0, Moves(4)=0.0, Pins(0)=0.0, Dist=95.0
[2026-04-13 13:12:00] SCORE Player2 (purple): Final=190.0, Time=94.0, Moves(4)=0.0, Pins(0)=0.0, Dist=96.0
[2026-04-13 13:12:01] MOVE 9: Player1 (yellow) 37->38 [0.02ms]
[2026-04-13 13:12:01] SCORE Player1 (yellow): Final=190.9, Time=94.9, Moves(5)=0.0, Pins(0)=0.0, Dist=96.0
[2026-04-13 13:12:01] SCORE Player2 (purple): Final=190.0, Time=94.0, Moves(4)=0.0, Pins(0)=0.0, Dist=96.0
[2026-04-13 13:12:02] MOVE 10: Player2 (purple) 94->106 [0.02ms]
[2026-04-13 13:12:02] SCORE Player1 (yellow): Final=190.9, Time=94.9, Moves(5)=0.0, Pins(0)=0.0, Dist=96.0
[2026-04-13 13:12:02] SCORE Player2 (purple): Final=188.5, Time=92.5, Moves(5)=0.0, Pins(0)=0.0, Dist=96.0
[2026-04-13 13:12:03] MOVE 11: Player1 (yellow) 36->25 [0.02ms]
[2026-04-13 13:12:03] SCORE Player1 (yellow): Final=189.9, Time=93.9, Moves(6)=0.0, Pins(0)=0.0, Dist=96.0
[2026-04-13 13:12:03] SCORE Player2 (purple): Final=188.5, Time=92.5, Moves(5)=0.0, Pins(0)=0.0, Dist=96.0
[2026-04-13 13:12:05] MOVE 12: Player2 (purple) 96->73 [0.02ms]
[2026-04-13 13:12:05] SCORE Player1 (yellow): Final=189.9, Time=93.9, Moves(6)=0.0, Pins(0)=0.0, Dist=96.0
[2026-04-13 13:12:05] SCORE Player2 (purple): Final=189.1, Time=91.1, Moves(6)=0.0, Pins(0)=0.0, Dist=98.0
[2026-04-13 13:12:06] MOVE 13: Player1 (yellow) 48->58 [0.02ms]
[2026-04-13 13:12:06] SCORE Player1 (yellow): Final=189.9, Time=92.9, Moves(7)=0.0, Pins(0)=0.0, Dist=97.0
[2026-04-13 13:12:06] SCORE Player2 (purple): Final=189.1, Time=91.1, Moves(6)=0.0, Pins(0)=0.0, Dist=98.0
[2026-04-13 13:12:07] MOVE 14: Player2 (purple) 110->85 [0.02ms]
[2026-04-13 13:12:07] SCORE Player1 (yellow): Final=189.9, Time=92.9, Moves(7)=0.0, Pins(0)=0.0, Dist=97.0
[2026-04-13 13:12:07] SCORE Player2 (purple): Final=189.6, Time=89.6, Moves(7)=0.0, Pins(0)=0.0, Dist=100.0
[2026-04-13 13:12:08] MOVE 15: Player1 (yellow) 25->36 [0.02ms]
[2026-04-13 13:12:08] SCORE Player1 (yellow): Final=188.9, Time=91.9, Moves(8)=0.0, Pins(0)=0.0, Dist=97.0
[2026-04-13 13:12:08] SCORE Player2 (purple): Final=189.6, Time=89.6, Moves(7)=0.0, Pins(0)=0.0, Dist=100.0
[2026-04-13 13:12:10] MOVE 16: Player2 (purple) 109->96 [0.03ms]
[2026-04-13 13:12:10] SCORE Player1 (yellow): Final=188.9, Time=91.9, Moves(8)=0.0, Pins(0)=0.0, Dist=97.0
[2026-04-13 13:12:10] SCORE Player2 (purple): Final=189.1, Time=88.1, Moves(8)=0.0, Pins(0)=0.0, Dist=101.0
[2026-04-13 13:12:11] MOVE 17: Player1 (yellow) 13->26 [0.02ms]
[2026-04-13 13:12:11] SCORE Player1 (yellow): Final=188.9, Time=90.9, Moves(9)=0.0, Pins(0)=0.0, Dist=98.0
[2026-04-13 13:12:11] SCORE Player2 (purple): Final=189.1, Time=88.1, Moves(8)=0.0, Pins(0)=0.0, Dist=101.0
[2026-04-13 13:12:12] MOVE 18: Player2 (purple) 85->108 [0.02ms]
[2026-04-13 13:12:12] SCORE Player1 (yellow): Final=188.9, Time=90.9, Moves(9)=0.0, Pins(0)=0.0, Dist=98.0
[2026-04-13 13:12:12] SCORE Player2 (purple): Final=187.6, Time=86.6, Moves(9)=0.0, Pins(0)=0.0, Dist=101.0
[2026-04-13 13:12:13] MOVE 19: Player1 (yellow) 35->37 [0.02ms]
[2026-04-13 13:12:13] SCORE Player1 (yellow): Final=189.9, Time=89.9, Moves(10)=0.0, Pins(0)=0.0, Dist=100.0
[2026-04-13 13:12:13] SCORE Player2 (purple): Final=187.6, Time=86.6, Moves(9)=0.0, Pins(0)=0.0, Dist=101.0
[2026-04-13 13:12:15] MOVE 20: Player2 (purple) 82->81 [0.02ms]
[2026-04-13 13:12:15] SCORE Player1 (yellow): Final=189.9, Time=89.9, Moves(10)=0.0, Pins(0)=0.0, Dist=100.0
[2026-04-13 13:12:15] SCORE Player2 (purple): Final=187.1, Time=85.1, Moves(10)=0.0, Pins(0)=0.0, Dist=102.0
[2026-04-13 13:12:16] MOVE 21: Player1 (yellow) 24->23 [0.02ms]
[2026-04-13 13:12:16] SCORE Player1 (yellow): Final=187.8, Time=88.8, Moves(11)=0.0, Pins(0)=0.0, Dist=99.0
[2026-04-13 13:12:16] SCORE Player2 (purple): Final=187.1, Time=85.1, Moves(10)=0.0, Pins(0)=0.0, Dist=102.0
[2026-04-13 13:12:17] MOVE 22: Player2 (purple) 96->109 [0.02ms]
[2026-04-13 13:12:17] SCORE Player1 (yellow): Final=187.8, Time=88.8, Moves(11)=0.0, Pins(0)=0.0, Dist=99.0
[2026-04-13 13:12:17] SCORE Player2 (purple): Final=184.6, Time=83.6, Moves(11)=0.0, Pins(0)=0.0, Dist=101.0
[2026-04-13 13:12:18] MOVE 23: Player1 (yellow) 37->47 [0.02ms]
[2026-04-13 13:12:18] SCORE Player1 (yellow): Final=186.8, Time=87.8, Moves(12)=0.0, Pins(0)=0.0, Dist=99.0
[2026-04-13 13:12:18] SCORE Player2 (purple): Final=184.6, Time=83.6, Moves(11)=0.0, Pins(0)=0.0, Dist=101.0
[2026-04-13 13:12:20] MOVE 24: Player2 (purple) 108->85 [0.02ms]
[2026-04-13 13:12:20] SCORE Player1 (yellow): Final=186.8, Time=87.8, Moves(12)=0.0, Pins(0)=0.0, Dist=99.0
[2026-04-13 13:12:20] SCORE Player2 (purple): Final=183.2, Time=82.2, Moves(12)=0.0, Pins(0)=0.0, Dist=101.0
[2026-04-13 13:12:21] MOVE 25: Player1 (yellow) 11->24 [0.02ms]
[2026-04-13 13:12:21] SCORE Player1 (yellow): Final=186.8, Time=86.8, Moves(13)=0.0, Pins(0)=0.0, Dist=100.0
[2026-04-13 13:12:21] SCORE Player2 (purple): Final=183.2, Time=82.2, Moves(12)=0.0, Pins(0)=0.0, Dist=101.0
[2026-04-13 13:12:22] MOVE 26: Player2 (purple) 73->83 [0.02ms]
[2026-04-13 13:12:22] SCORE Player1 (yellow): Final=186.8, Time=86.8, Moves(13)=0.0, Pins(0)=0.0, Dist=100.0
[2026-04-13 13:12:22] SCORE Player2 (purple): Final=181.7, Time=80.7, Moves(13)=0.0, Pins(0)=0.0, Dist=101.0
[2026-04-13 13:12:23] MOVE 27: Player1 (yellow) 36->59 [0.02ms]
[2026-04-13 13:12:23] SCORE Player1 (yellow): Final=189.8, Time=85.8, Moves(14)=0.0, Pins(0)=0.0, Dist=104.0
[2026-04-13 13:12:23] SCORE Player2 (purple): Final=181.7, Time=80.7, Moves(13)=0.0, Pins(0)=0.0, Dist=101.0
[2026-04-13 13:12:25] MOVE 28: Player2 (purple) 85->108 [0.02ms]
[2026-04-13 13:12:25] SCORE Player1 (yellow): Final=189.8, Time=85.8, Moves(14)=0.0, Pins(0)=0.0, Dist=104.0
[2026-04-13 13:12:25] SCORE Player2 (purple): Final=180.2, Time=79.2, Moves(14)=0.0, Pins(0)=0.0, Dist=101.0
[2026-04-13 13:12:26] MOVE 29: Player1 (yellow) 47->48 [0.02ms]
[2026-04-13 13:12:26] SCORE Player1 (yellow): Final=189.8, Time=84.8, Moves(15)=0.0, Pins(0)=0.0, Dist=105.0
[2026-04-13 13:12:26] SCORE Player2 (purple): Final=180.2, Time=79.2, Moves(14)=0.0, Pins(0)=0.0, Dist=101.0
[2026-04-13 13:12:27] MOVE 30: Player2 (purple) 74->73 [0.02ms]
[2026-04-13 13:12:27] SCORE Player1 (yellow): Final=189.8, Time=84.8, Moves(15)=0.0, Pins(0)=0.0, Dist=105.0
[2026-04-13 13:12:27] SCORE Player2 (purple): Final=179.7, Time=77.7, Moves(15)=0.0, Pins(0)=0.0, Dist=102.0
[2026-04-13 13:12:28] MOVE 31: Player1 (yellow) 23->25 [0.02ms]
[2026-04-13 13:12:28] SCORE Player1 (yellow): Final=190.7, Time=83.7, Moves(16)=0.0, Pins(0)=0.0, Dist=107.0
[2026-04-13 13:12:28] SCORE Player2 (purple): Final=179.7, Time=77.7, Moves(15)=0.0, Pins(0)=0.0, Dist=102.0
[2026-04-13 13:12:30] MOVE 32: Player2 (purple) 81->93 [0.08ms]
[2026-04-13 13:12:30] SCORE Player1 (yellow): Final=190.7, Time=83.7, Moves(16)=0.0, Pins(0)=0.0, Dist=107.0
[2026-04-13 13:12:30] SCORE Player2 (purple): Final=177.2, Time=76.2, Moves(16)=0.0, Pins(0)=0.0, Dist=101.0
[2026-04-13 13:12:31] MOVE 33: Player1 (yellow) 58->14 [0.02ms]
[2026-04-13 13:12:31] SCORE Player1 (yellow): Final=187.7, Time=82.7, Moves(17)=0.0, Pins(0)=0.0, Dist=105.0
[2026-04-13 13:12:31] SCORE Player2 (purple): Final=177.2, Time=76.2, Moves(16)=0.0, Pins(0)=0.0, Dist=101.0
[2026-04-13 13:12:32] MOVE 34: Player2 (purple) 106->81 [0.02ms]
[2026-04-13 13:12:32] SCORE Player1 (yellow): Final=187.7, Time=82.7, Moves(17)=0.0, Pins(0)=0.0, Dist=105.0
[2026-04-13 13:12:32] SCORE Player2 (purple): Final=177.7, Time=74.7, Moves(17)=0.0, Pins(0)=0.0, Dist=103.0
[2026-04-13 13:12:33] MOVE 35: Player1 (yellow) 24->35 [0.02ms]
[2026-04-13 13:12:33] SCORE Player1 (yellow): Final=186.7, Time=81.7, Moves(18)=0.0, Pins(0)=0.0, Dist=105.0
[2026-04-13 13:12:33] SCORE Player2 (purple): Final=177.7, Time=74.7, Moves(17)=0.0, Pins(0)=0.0, Dist=103.0
[2026-04-13 13:12:35] MOVE 36: Player2 (purple) 83->85 [0.02ms]
[2026-04-13 13:12:35] SCORE Player1 (yellow): Final=186.7, Time=81.7, Moves(18)=0.0, Pins(0)=0.0, Dist=105.0
[2026-04-13 13:12:35] SCORE Player2 (purple): Final=174.2, Time=73.2, Moves(18)=0.0, Pins(0)=0.0, Dist=101.0
[2026-04-13 13:12:36] MOVE 37: Player1 (yellow) 10->23 [0.02ms]
[2026-04-13 13:12:36] SCORE Player1 (yellow): Final=186.7, Time=80.7, Moves(19)=0.0, Pins(0)=0.0, Dist=106.0
[2026-04-13 13:12:36] SCORE Player2 (purple): Final=174.2, Time=73.2, Moves(18)=0.0, Pins(0)=0.0, Dist=101.0
[2026-04-13 13:12:37] MOVE 38: Player2 (purple) 93->70 [0.02ms]
[2026-04-13 13:12:37] SCORE Player1 (yellow): Final=186.7, Time=80.7, Moves(19)=0.0, Pins(0)=0.0, Dist=106.0
[2026-04-13 13:12:37] SCORE Player2 (purple): Final=174.8, Time=71.8, Moves(19)=0.0, Pins(0)=0.0, Dist=103.0
[2026-04-13 13:12:38] MOVE 39: Player1 (yellow) 35->56 [0.02ms]
[2026-04-13 13:12:38] SCORE Player1 (yellow): Final=187.7, Time=79.7, Moves(20)=0.0, Pins(0)=0.0, Dist=108.0
[2026-04-13 13:12:38] SCORE Player2 (purple): Final=174.8, Time=71.8, Moves(19)=0.0, Pins(0)=0.0, Dist=103.0
[2026-04-13 13:12:40] MOVE 40: Player2 (purple) 64->54 [0.02ms]
[2026-04-13 13:12:40] SCORE Player1 (yellow): Final=187.7, Time=79.7, Moves(20)=0.0, Pins(0)=0.0, Dist=108.0
[2026-04-13 13:12:40] SCORE Player2 (purple): Final=174.3, Time=70.3, Moves(20)=0.0, Pins(0)=0.0, Dist=104.0
[2026-04-13 13:12:41] MOVE 41: Player1 (yellow) 56->66 [0.02ms]
[2026-04-13 13:12:41] SCORE Player1 (yellow): Final=187.7, Time=78.7, Moves(21)=0.0, Pins(0)=0.0, Dist=109.0
[2026-04-13 13:12:41] SCORE Player2 (purple): Final=174.3, Time=70.3, Moves(20)=0.0, Pins(0)=0.0, Dist=104.0
[2026-04-13 13:12:42] MOVE 42: Player2 (purple) 54->44 [0.02ms]
[2026-04-13 13:12:42] SCORE Player1 (yellow): Final=187.7, Time=78.7, Moves(21)=0.0, Pins(0)=0.0, Dist=109.0
[2026-04-13 13:12:42] SCORE Player2 (purple): Final=173.2, Time=69.2, Moves(21)=0.0, Pins(0)=0.0, Dist=104.0
[2026-04-13 13:12:43] MOVE 43: Player1 (yellow) 12->11 [0.02ms]
[2026-04-13 13:12:43] SCORE Player1 (yellow): Final=185.2, Time=77.2, Moves(22)=0.0, Pins(0)=0.0, Dist=108.0
[2026-04-13 13:12:43] SCORE Player2 (purple): Final=173.2, Time=69.2, Moves(21)=0.0, Pins(0)=0.0, Dist=104.0
[2026-04-13 13:12:44] MOVE 44: Player2 (purple) 84->83 [0.02ms]
[2026-04-13 13:12:44] SCORE Player1 (yellow): Final=185.2, Time=77.2, Moves(22)=0.0, Pins(0)=0.0, Dist=108.0
[2026-04-13 13:12:44] SCORE Player2 (purple): Final=173.2, Time=68.2, Moves(22)=0.0, Pins(0)=0.0, Dist=105.0
[2026-04-13 13:12:46] MOVE 45: Player1 (yellow) 48->49 [0.02ms]
[2026-04-13 13:12:46] SCORE Player1 (yellow): Final=184.7, Time=75.7, Moves(23)=0.0, Pins(0)=0.0, Dist=109.0
[2026-04-13 13:12:46] SCORE Player2 (purple): Final=173.2, Time=68.2, Moves(22)=0.0, Pins(0)=0.0, Dist=105.0
[2026-04-13 13:12:47] MOVE 46: Player2 (purple) 44->33 [0.02ms]
[2026-04-13 13:12:47] SCORE Player1 (yellow): Final=184.7, Time=75.7, Moves(23)=0.0, Pins(0)=0.0, Dist=109.0
[2026-04-13 13:12:47] SCORE Player2 (purple): Final=172.2, Time=67.2, Moves(23)=0.0, Pins(0)=0.0, Dist=105.0
[2026-04-13 13:12:48] MOVE 47: Player1 (yellow) 66->56 [0.02ms]
[2026-04-13 13:12:48] SCORE Player1 (yellow): Final=182.7, Time=74.7, Moves(24)=0.0, Pins(0)=0.0, Dist=108.0
[2026-04-13 13:12:48] SCORE Player2 (purple): Final=172.2, Time=67.2, Moves(23)=0.0, Pins(0)=0.0, Dist=105.0
[2026-04-13 13:12:49] MOVE 48: Player2 (purple) 70->69 [0.02ms]
[2026-04-13 13:12:49] SCORE Player1 (yellow): Final=182.7, Time=74.7, Moves(24)=0.0, Pins(0)=0.0, Dist=108.0
[2026-04-13 13:12:49] SCORE Player2 (purple): Final=171.7, Time=65.7, Moves(24)=0.0, Pins(0)=0.0, Dist=106.0
[2026-04-13 13:12:50] SCORE Player1 (yellow): Final=182.7, Time=74.7, Moves(24)=0.0, Pins(0)=0.0, Dist=108.0
[2026-04-13 13:12:50] SCORE Player2 (purple): Final=171.7, Time=65.7, Moves(24)=0.0, Pins(0)=0.0, Dist=106.0
[2026-04-13 13:12:50] GAME TIME LIMIT REACHED.
[2026-04-13 13:12:50] SCORE Player1 (yellow): Final=182.7, Time=74.7, Moves(24)=0.0, Pins(0)=0.0, Dist=108.0
[2026-04-13 13:12:50] SCORE Player2 (purple): Final=171.7, Time=65.7, Moves(24)=0.0, Pins(0)=0.0, Dist=106.0
[2026-04-13 13:12:50] GAME TIME LIMIT REACHED.
[2026-04-13 13:12:51] SCORE Player1 (yellow): Final=182.7, Time=74.7, Moves(24)=0.0, Pins(0)=0.0, Dist=108.0
[2026-04-13 13:12:51] SCORE Player2 (purple): Final=171.7, Time=65.7, Moves(24)=0.0, Pins(0)=0.0, Dist=106.0
[2026-04-13 13:12:51] GAME TIME LIMIT REACHED.
