[2026-03-17 11:03:07] GAME CREATED
[2026-03-17 11:03:11] PLAYER JOINED: dfa as red
[2026-03-17 11:03:15] PLAYER JOINED: sdfl as blue
[2026-03-17 11:03:20] PLAYER START: dfa (red)
[2026-03-17 11:03:21] PLAYER START: sdfl (blue)
[2026-03-17 11:03:21] GAME START — turn order ['red', 'blue']
[2026-03-17 11:03:26] MOVE 1: dfa (red) 116->103 [0.15ms]
[2026-03-17 11:03:26] SCORE dfa (red): Final=95.6, Time=95.6, Moves(1)=0.0, Pins(0)=0.0, Dist=0.0
[2026-03-17 11:03:26] SCORE sdfl (blue): Final=0.0, Time=0.0, Moves(0)=0.0, Pins(0)=0.0, Dist=0.0
[2026-03-17 11:03:27] MOVE 2: sdfl (blue) 3->16 [0.09ms]
[2026-03-17 11:03:27] SCORE dfa (red): Final=95.6, Time=95.6, Moves(1)=0.0, Pins(0)=0.0, Dist=0.0
[2026-03-17 11:03:27] SCORE sdfl (blue): Final=98.7, Time=98.7, Moves(1)=0.0, Pins(0)=0.0, Dist=0.0
[2026-03-17 11:03:31] MOVE 3: dfa (red) 115->116 [0.23ms]
[2026-03-17 11:03:31] SCORE dfa (red): Final=91.3, Time=91.3, Moves(2)=0.0, Pins(0)=0.0, Dist=0.0
[2026-03-17 11:03:31] SCORE sdfl (blue): Final=98.7, Time=98.7, Moves(1)=0.0, Pins(0)=0.0, Dist=0.0
[2026-03-17 11:03:36] MOVE 4: sdfl (blue) 4->15 [0.15ms]
[2026-03-17 11:03:36] SCORE dfa (red): Final=91.3, Time=91.3, Moves(2)=0.0, Pins(0)=0.0, Dist=0.0
[2026-03-17 11:03:36] SCORE sdfl (blue): Final=94.4, Time=94.4, Moves(2)=0.0, Pins(0)=0.0, Dist=0.0
[2026-03-17 11:03:46] SCORE dfa (red): Final=91.3, Time=91.3, Moves(2)=0.0, Pins(0)=0.0, Dist=0.0
[2026-03-17 11:03:46] SCORE sdfl (blue): Final=94.4, Time=94.4, Moves(2)=0.0, Pins(0)=0.0, Dist=0.0
[2026-03-17 11:03:46] TURN TIMEOUT: Player with colour red exceeded 10s at move 4. Turn skipped.
[2026-03-17 11:03:54] MOVE 5: sdfl (blue) 7->27 [0.09ms]
[2026-03-17 11:03:54] SCORE dfa (red): Final=91.3, Time=91.3, Moves(2)=0.0, Pins(0)=0.0, Dist=0.0
[2026-03-17 11:03:54] SCORE sdfl (blue): Final=86.4, Time=86.4, Moves(3)=0.0, Pins(0)=0.0, Dist=0.0
[2026-03-17 11:04:02] MOVE 6: dfa (red) 118->115 [0.19ms]
[2026-03-17 11:04:02] SCORE dfa (red): Final=83.2, Time=83.2, Moves(3)=0.0, Pins(0)=0.0, Dist=0.0
[2026-03-17 11:04:02] SCORE sdfl (blue): Final=86.4, Time=86.4, Moves(3)=0.0, Pins(0)=0.0, Dist=0.0
[2026-03-17 11:04:05] MOVE 7: sdfl (blue) 15->28 [0.17ms]
[2026-03-17 11:04:05] SCORE dfa (red): Final=83.2, Time=83.2, Moves(3)=0.0, Pins(0)=0.0, Dist=0.0
[2026-03-17 11:04:05] SCORE sdfl (blue): Final=83.3, Time=83.3, Moves(4)=0.0, Pins(0)=0.0, Dist=0.0
[2026-03-17 11:04:11] MOVE 8: dfa (red) 115->118 [0.23ms]
[2026-03-17 11:04:11] SCORE dfa (red): Final=77.7, Time=77.7, Moves(4)=0.0, Pins(0)=0.0, Dist=0.0
[2026-03-17 11:04:11] SCORE sdfl (blue): Final=83.3, Time=83.3, Moves(4)=0.0, Pins(0)=0.0, Dist=0.0
[2026-03-17 11:04:18] MOVE 9: sdfl (blue) 2->4 [0.11ms]
[2026-03-17 11:04:18] SCORE dfa (red): Final=77.7, Time=77.7, Moves(4)=0.0, Pins(0)=0.0, Dist=0.0
[2026-03-17 11:04:18] SCORE sdfl (blue): Final=76.0, Time=76.0, Moves(5)=0.0, Pins(0)=0.0, Dist=0.0
[2026-03-17 11:04:21] MOVE 10: dfa (red) 118->115 [0.07ms]
[2026-03-17 11:04:21] SCORE dfa (red): Final=74.3, Time=74.3, Moves(5)=0.0, Pins(0)=0.0, Dist=0.0
[2026-03-17 11:04:21] SCORE sdfl (blue): Final=76.0, Time=76.0, Moves(5)=0.0, Pins(0)=0.0, Dist=0.0
[2026-03-17 11:04:22] SCORE dfa (red): Final=74.3, Time=74.3, Moves(5)=0.0, Pins(0)=0.0, Dist=0.0
[2026-03-17 11:04:22] SCORE sdfl (blue): Final=76.0, Time=76.0, Moves(5)=0.0, Pins(0)=0.0, Dist=0.0
[2026-03-17 11:04:22] GAME TIME LIMIT REACHED. Terminating game.
[2026-03-17 11:04:22] SCORE dfa (red): Final=74.3, Time=74.3, Moves(5)=0.0, Pins(0)=0.0, Dist=0.0
[2026-03-17 11:04:22] SCORE sdfl (blue): Final=76.0, Time=76.0, Moves(5)=0.0, Pins(0)=0.0, Dist=0.0
[2026-03-17 11:04:22] GAME TIME LIMIT REACHED. Terminating game.
