[2026-03-16 14:09:27] GAME CREATED
[2026-03-16 14:09:32] PLAYER JOINED: rs as red
[2026-03-16 14:09:36] PLAYER JOINED: ly as blue
[2026-03-16 14:09:39] PLAYER START: ly (blue)
[2026-03-16 14:09:41] PLAYER START: rs (red)
[2026-03-16 14:09:41] GAME START: turn order ['red', 'blue']
[2026-03-16 14:09:41] MOVE #1: rs (red) 115->102 [0.05ms]
[2026-03-16 14:09:41] MOVE #2: ly (blue) 4->17 [0.07ms]
[2026-03-16 14:09:42] MOVE #3: rs (red) 117->115 [0.04ms]
[2026-03-16 14:09:42] MOVE #4: ly (blue) 17->30 [0.06ms]
[2026-03-16 14:09:42] MOVE #5: rs (red) 116->103 [0.06ms]
[2026-03-16 14:09:42] MOVE #6: ly (blue) 7->4 [0.10ms]
[2026-03-16 14:09:43] MOVE #7: rs (red) 118->116 [0.08ms]
[2026-03-16 14:09:43] MOVE #8: ly (blue) 5->18 [0.05ms]
[2026-03-16 14:09:43] MOVE #9: rs (red) 114->105 [0.06ms]
[2026-03-16 14:09:43] MOVE #10: ly (blue) 18->41 [0.07ms]
[2026-03-16 14:09:44] MOVE #11: rs (red) 113->93 [0.07ms]
[2026-03-16 14:09:44] MOVE #12: ly (blue) 41->52 [0.05ms]
[2026-03-16 14:09:44] MOVE #13: rs (red) 119->118 [0.24ms]
[2026-03-16 14:09:44] MOVE #14: ly (blue) 52->42 [0.18ms]
[2026-03-16 14:09:45] MOVE #15: rs (red) 116->119 [0.05ms]
[2026-03-16 14:09:45] MOVE #16: ly (blue) 6->15 [0.05ms]
[2026-03-16 14:09:45] MOVE #17: rs (red) 103->91 [0.04ms]
[2026-03-16 14:09:45] MOVE #18: ly (blue) 4->17 [0.06ms]
[2026-03-16 14:09:46] MOVE #19: rs (red) 115->106 [0.05ms]
[2026-03-16 14:09:46] MOVE #20: ly (blue) 17->29 [0.07ms]
[2026-03-16 14:09:46] MOVE #21: rs (red) 112->115 [0.06ms]
[2026-03-16 14:09:47] MOVE #22: ly (blue) 1->4 [0.06ms]
[2026-03-16 14:09:47] MOVE #23: rs (red) 93->94 [0.05ms]
[2026-03-16 14:09:47] MOVE #24: ly (blue) 8->7 [0.29ms]
[2026-03-16 14:09:47] MOVE #25: rs (red) 115->112 [0.08ms]
[2026-03-16 14:09:48] MOVE #26: ly (blue) 15->27 [0.06ms]
[2026-03-16 14:09:48] MOVE #27: rs (red) 102->104 [0.08ms]
[2026-03-16 14:09:48] MOVE #28: ly (blue) 2->1 [0.06ms]
[2026-03-16 14:09:48] MOVE #29: rs (red) 94->93 [0.07ms]
[2026-03-16 14:09:49] MOVE #30: ly (blue) 0->2 [0.15ms]
[2026-03-16 14:09:49] MOVE #31: rs (red) 119->116 [0.06ms]
[2026-03-16 14:09:49] MOVE #32: ly (blue) 2->0 [0.04ms]
[2026-03-16 14:09:50] MOVE #33: rs (red) 120->119 [0.04ms]
[2026-03-16 14:09:50] MOVE #34: ly (blue) 9->5 [0.12ms]
[2026-03-16 14:09:50] MOVE #35: rs (red) 93->113 [0.08ms]
[2026-03-16 14:09:50] MOVE #36: ly (blue) 0->2 [0.08ms]
[2026-03-16 14:09:51] MOVE #37: rs (red) 113->93 [0.16ms]
[2026-03-16 14:09:51] MOVE #38: ly (blue) 27->14 [0.05ms]
[2026-03-16 14:09:51] MOVE #39: rs (red) 106->81 [0.07ms]
[2026-03-16 14:09:51] MOVE #40: ly (blue) 42->53 [0.04ms]
[2026-03-16 14:09:52] MOVE #41: rs (red) 119->117 [0.07ms]
[2026-03-16 14:09:52] MOVE #42: ly (blue) 29->40 [0.23ms]
[2026-03-16 14:09:52] MOVE #43: rs (red) 118->119 [0.07ms]
[2026-03-16 14:09:52] MOVE #44: ly (blue) 1->26 [0.09ms]
[2026-03-16 14:09:53] MOVE #45: rs (red) 91->79 [0.07ms]
[2026-03-16 14:09:53] MOVE #46: ly (blue) 7->8 [0.04ms]
[2026-03-16 14:09:53] MOVE #47: rs (red) 81->106 [0.08ms]
[2026-03-16 14:09:54] MOVE #48: ly (blue) 40->29 [0.04ms]
[2026-03-16 14:09:54] MOVE #49: rs (red) 112->103 [0.11ms]
[2026-03-16 14:09:54] MOVE #50: ly (blue) 2->1 [0.04ms]
[2026-03-16 14:09:54] MOVE #51: rs (red) 103->91 [0.06ms]
[2026-03-16 14:09:55] MOVE #52: ly (blue) 53->62 [0.08ms]
[2026-03-16 14:09:55] MOVE #53: rs (red) 91->90 [0.15ms]
[2026-03-16 14:09:55] MOVE #54: ly (blue) 5->2 [0.05ms]
[2026-03-16 14:09:55] MOVE #55: rs (red) 105->78 [0.07ms]
[2026-03-16 14:09:56] MOVE #56: ly (blue) 4->40 [0.04ms]
[2026-03-16 14:09:56] MOVE #57: rs (red) 111->103 [0.06ms]
[2026-03-16 14:09:56] MOVE #58: ly (blue) 30->18 [0.06ms]
[2026-03-16 14:09:57] MOVE #59: rs (red) 79->68 [0.06ms]
[2026-03-16 14:09:57] MOVE #60: ly (blue) 62->61 [0.13ms]
[2026-03-16 14:09:57] MOVE #61: rs (red) 106->114 [0.04ms]
[2026-03-16 14:09:57] MOVE #62: ly (blue) 14->6 [0.05ms]
[2026-03-16 14:09:58] MOVE #63: rs (red) 104->102 [0.09ms]
[2026-03-16 14:09:58] MOVE #64: ly (blue) 61->70 [0.09ms]
[2026-03-16 14:09:58] MOVE #65: rs (red) 78->79 [0.13ms]
[2026-03-16 14:09:58] MOVE #66: ly (blue) 40->19 [0.07ms]
[2026-03-16 14:09:59] MOVE #67: rs (red) 114->106 [0.04ms]
[2026-03-16 14:09:59] MOVE #68: ly (blue) 2->5 [0.07ms]
[2026-03-16 14:09:59] MOVE #69: rs (red) 93->105 [0.17ms]
[2026-03-16 14:09:59] MOVE #70: ly (blue) 1->0 [0.07ms]
[2026-03-16 14:10:00] MOVE #71: rs (red) 79->69 [0.04ms]
[2026-03-16 14:10:00] MOVE #72: ly (blue) 5->16 [0.06ms]
[2026-03-16 14:10:00] MOVE #73: rs (red) 106->94 [0.14ms]
[2026-03-16 14:10:01] MOVE #74: ly (blue) 16->15 [0.08ms]
[2026-03-16 14:10:01] MOVE #75: rs (red) 90->112 [0.13ms]
[2026-03-16 14:10:01] MOVE #76: ly (blue) 6->14 [0.04ms]
[2026-03-16 14:10:02] MOVE #77: rs (red) 117->106 [0.19ms]
[2026-03-16 14:10:02] MOVE #78: ly (blue) 18->20 [0.04ms]
[2026-03-16 14:10:02] MOVE #79: rs (red) 103->91 [0.04ms]
[2026-03-16 14:10:02] MOVE #80: ly (blue) 20->18 [0.05ms]
[2026-03-16 14:10:03] MOVE #81: rs (red) 119->120 [0.04ms]
[2026-03-16 14:10:03] MOVE #82: ly (blue) 3->6 [0.05ms]
[2026-03-16 14:10:03] MOVE #83: rs (red) 102->103 [0.05ms]
[2026-03-16 14:10:03] MOVE #84: ly (blue) 70->60 [0.05ms]
[2026-03-16 14:10:04] MOVE #85: rs (red) 94->114 [0.05ms]
[2026-03-16 14:10:04] MOVE #86: ly (blue) 15->38 [0.04ms]
[2026-03-16 14:10:04] MOVE #87: rs (red) 112->90 [0.06ms]
[2026-03-16 14:10:04] MOVE #88: ly (blue) 18->30 [0.08ms]
[2026-03-16 14:10:05] MOVE #89: rs (red) 106->104 [0.13ms]
[2026-03-16 14:10:05] MOVE #90: ly (blue) 26->13 [0.05ms]
[2026-03-16 14:10:05] MOVE #91: rs (red) 104->79 [0.06ms]
[2026-03-16 14:10:05] MOVE #92: ly (blue) 19->20 [0.12ms]
[2026-03-16 14:10:06] MOVE #93: rs (red) 68->78 [0.08ms]
[2026-03-16 14:10:06] MOVE #94: ly (blue) 30->42 [0.09ms]
[2026-03-16 14:10:06] MOVE #95: rs (red) 91->68 [0.06ms]
[2026-03-16 14:10:07] MOVE #96: ly (blue) 60->59 [0.05ms]
[2026-03-16 14:10:07] MOVE #97: rs (red) 79->117 [0.06ms]
[2026-03-16 14:10:07] MOVE #98: ly (blue) 59->60 [0.05ms]
[2026-03-16 14:10:07] MOVE #99: rs (red) 114->112 [0.05ms]
[2026-03-16 14:10:08] MOVE #100: ly (blue) 6->7 [0.08ms]
[2026-03-16 14:10:08] MOVE #101: rs (red) 120->119 [0.07ms]
[2026-03-16 14:10:08] MOVE #102: ly (blue) 14->26 [0.08ms]
[2026-03-16 14:10:08] MOVE #103: rs (red) 105->114 [0.08ms]
[2026-03-16 14:10:09] MOVE #104: ly (blue) 0->1 [0.05ms]
[2026-03-16 14:10:09] MOVE #105: rs (red) 114->113 [0.08ms]
[2026-03-16 14:10:09] MOVE #106: ly (blue) 13->25 [0.08ms]
[2026-03-16 14:10:09] MOVE #107: rs (red) 117->114 [0.08ms]
[2026-03-16 14:10:10] MOVE #108: ly (blue) 7->9 [0.05ms]
[2026-03-16 14:10:10] MOVE #109: rs (red) 112->104 [0.07ms]
[2026-03-16 14:10:10] MOVE #110: ly (blue) 60->79 [0.07ms]
[2026-03-16 14:10:10] MOVE #111: rs (red) 119->118 [0.06ms]
[2026-03-16 14:10:11] MOVE #112: ly (blue) 1->0 [0.08ms]
[2026-03-16 14:10:11] MOVE #113: rs (red) 116->117 [0.08ms]
[2026-03-16 14:10:11] MOVE #114: ly (blue) 29->40 [0.06ms]
[2026-03-16 14:10:11] MOVE #115: rs (red) 104->102 [0.07ms]
[2026-03-16 14:10:12] MOVE #116: ly (blue) 25->27 [0.07ms]
[2026-03-16 14:10:12] MOVE #117: rs (red) 78->77 [0.06ms]
[2026-03-16 14:10:12] MOVE #118: ly (blue) 38->37 [0.07ms]
[2026-03-16 14:10:13] MOVE #119: rs (red) 69->88 [0.06ms]
[2026-03-16 14:10:13] MOVE #120: ly (blue) 27->39 [0.09ms]
[2026-03-16 14:10:13] MOVE #121: rs (red) 102->111 [0.06ms]
[2026-03-16 14:10:13] MOVE #122: ly (blue) 9->5 [0.12ms]
[2026-03-16 14:10:14] MOVE #123: rs (red) 111->87 [0.08ms]
[2026-03-16 14:10:14] MOVE #124: ly (blue) 42->52 [0.13ms]
[2026-03-16 14:10:14] MOVE #125: rs (red) 68->91 [0.05ms]
[2026-03-16 14:10:14] MOVE #126: ly (blue) 79->78 [0.09ms]
[2026-03-16 14:10:15] MOVE #127: rs (red) 91->68 [0.05ms]
[2026-03-16 14:10:15] MOVE #128: ly (blue) 26->38 [0.12ms]
[2026-03-16 14:10:15] MOVE #129: rs (red) 77->76 [0.06ms]
[2026-03-16 14:10:15] MOVE #130: ly (blue) 37->26 [0.05ms]
[2026-03-16 14:10:16] MOVE #131: rs (red) 87->75 [0.09ms]
[2026-03-16 14:10:16] MOVE #132: ly (blue) 78->67 [0.06ms]
[2026-03-16 14:10:16] MOVE #133: rs (red) 118->119 [0.11ms]
[2026-03-16 14:10:17] MOVE #134: ly (blue) 40->51 [0.16ms]
[2026-03-16 14:10:17] MOVE #135: rs (red) 117->116 [0.09ms]
[2026-03-16 14:10:17] MOVE #136: ly (blue) 39->28 [0.06ms]
[2026-03-16 14:10:17] MOVE #137: rs (red) 114->105 [0.05ms]
[2026-03-16 14:10:18] MOVE #138: ly (blue) 51->50 [0.09ms]
[2026-03-16 14:10:18] MOVE #139: rs (red) 90->102 [0.06ms]
[2026-03-16 14:10:18] MOVE #140: ly (blue) 38->13 [0.14ms]
[2026-03-16 14:10:18] MOVE #141: rs (red) 76->66 [0.06ms]
[2026-03-16 14:10:19] MOVE #142: ly (blue) 5->2 [0.08ms]
[2026-03-16 14:10:19] MOVE #143: rs (red) 88->101 [0.06ms]
[2026-03-16 14:10:19] MOVE #144: ly (blue) 20->21 [0.04ms]
[2026-03-16 14:10:19] MOVE #145: rs (red) 105->106 [0.08ms]
[2026-03-16 14:10:20] MOVE #146: ly (blue) 26->14 [0.06ms]
[2026-03-16 14:10:20] MOVE #147: rs (red) 66->65 [0.08ms]
[2026-03-16 14:10:20] MOVE #148: ly (blue) 2->4 [0.17ms]
[2026-03-16 14:10:20] MOVE #149: rs (red) 102->115 [0.08ms]
[2026-03-16 14:10:21] MOVE #150: ly (blue) 0->1 [0.04ms]
[2026-03-16 14:10:21] MOVE #151: rs (red) 119->112 [0.05ms]
[2026-03-16 14:10:21] MOVE #152: ly (blue) 13->26 [0.06ms]
[2026-03-16 14:10:21] MOVE #153: rs (red) 75->87 [0.06ms]
[2026-03-16 14:10:22] MOVE #154: ly (blue) 28->16 [0.22ms]
[2026-03-16 14:10:22] MOVE #155: rs (red) 103->104 [0.07ms]
[2026-03-16 14:10:22] MOVE #156: ly (blue) 16->15 [0.10ms]
[2026-03-16 14:10:22] MOVE #157: rs (red) 116->107 [0.05ms]
[2026-03-16 14:10:23] MOVE #158: ly (blue) 52->41 [0.08ms]
[2026-03-16 14:10:23] MOVE #159: rs (red) 106->114 [0.05ms]
[2026-03-16 14:10:23] MOVE #160: ly (blue) 1->0 [0.04ms]
[2026-03-16 14:10:24] MOVE #161: rs (red) 113->91 [0.05ms]
[2026-03-16 14:10:24] MOVE #162: ly (blue) 26->13 [0.04ms]
[2026-03-16 14:10:24] MOVE #163: rs (red) 101->89 [0.11ms]
[2026-03-16 14:10:25] MOVE #164: ly (blue) 8->9 [0.05ms]
[2026-03-16 14:10:25] MOVE #165: rs (red) 112->103 [0.07ms]
[2026-03-16 14:10:25] MOVE #166: ly (blue) 21->22 [0.05ms]
[2026-03-16 14:10:25] MOVE #167: rs (red) 65->76 [0.07ms]
[2026-03-16 14:10:26] MOVE #168: ly (blue) 15->28 [0.06ms]
[2026-03-16 14:10:26] MOVE #169: rs (red) 87->75 [0.09ms]
[2026-03-16 14:10:26] MOVE #170: ly (blue) 67->58 [0.04ms]
[2026-03-16 14:10:26] MOVE #171: rs (red) 75->86 [0.06ms]
[2026-03-16 14:10:27] MOVE #172: ly (blue) 14->27 [0.09ms]
[2026-03-16 14:10:27] MOVE #173: rs (red) 103->90 [0.07ms]
[2026-03-16 14:10:27] MOVE #174: ly (blue) 27->14 [0.05ms]
[2026-03-16 14:10:27] MOVE #175: rs (red) 90->102 [0.24ms]
[2026-03-16 14:10:28] MOVE #176: ly (blue) 22->21 [0.09ms]
[2026-03-16 14:10:28] MOVE #177: rs (red) 76->65 [0.08ms]
[2026-03-16 14:10:28] MOVE #178: ly (blue) 21->33 [0.05ms]
[2026-03-16 14:10:28] MOVE #179: rs (red) 115->116 [0.09ms]
[2026-03-16 14:10:29] MOVE #180: ly (blue) 33->44 [0.05ms]
[2026-03-16 14:10:29] MOVE #181: rs (red) 116->117 [0.05ms]
[2026-03-16 14:10:29] MOVE #182: ly (blue) 14->12 [0.05ms]
[2026-03-16 14:10:29] MOVE #183: rs (red) 114->113 [0.12ms]
[2026-03-16 14:10:30] MOVE #184: ly (blue) 58->48 [0.04ms]
[2026-03-16 14:10:30] MOVE #185: rs (red) 107->95 [0.11ms]
[2026-03-16 14:10:30] MOVE #186: ly (blue) 41->51 [0.04ms]
[2026-03-16 14:10:30] MOVE #187: rs (red) 117->114 [0.05ms]
[2026-03-16 14:10:31] MOVE #188: ly (blue) 9->18 [0.09ms]
[2026-03-16 14:10:31] MOVE #189: rs (red) 65->75 [0.07ms]
[2026-03-16 14:10:31] MOVE #190: ly (blue) 48->38 [0.04ms]
[2026-03-16 14:10:32] MOVE #191: rs (red) 102->90 [0.06ms]
[2026-03-16 14:10:32] MOVE #192: ly (blue) 38->49 [0.09ms]
[2026-03-16 14:10:32] MOVE #193: rs (red) 104->39 [0.07ms]
[2026-03-16 14:10:32] MOVE #194: ly (blue) 13->14 [0.42ms]
[2026-03-16 14:10:33] MOVE #195: rs (red) 75->65 [0.06ms]
[2026-03-16 14:10:33] MOVE #196: ly (blue) 18->19 [0.09ms]
[2026-03-16 14:10:33] MOVE #197: rs (red) 90->92 [0.12ms]
[2026-03-16 14:10:33] MOVE #198: ly (blue) 12->25 [0.07ms]
[2026-03-16 14:10:34] MOVE #199: rs (red) 95->108 [0.05ms]
[2026-03-16 14:10:34] MOVE #200: ly (blue) 44->32 [0.05ms]
[2026-03-16 14:10:34] MOVE #201: rs (red) 113->112 [0.10ms]
[2026-03-16 14:10:35] MOVE #202: ly (blue) 0->2 [0.08ms]
[2026-03-16 14:10:35] MOVE #203: rs (red) 68->78 [0.10ms]
[2026-03-16 14:10:35] MOVE #204: ly (blue) 49->58 [0.08ms]
[2026-03-16 14:10:35] MOVE #205: rs (red) 92->67 [0.04ms]
[2026-03-16 14:10:36] MOVE #206: ly (blue) 32->44 [0.07ms]
[2026-03-16 14:10:36] MOVE #207: rs (red) 39->60 [0.04ms]
[2026-03-16 14:10:36] MOVE #208: ly (blue) 51->52 [0.04ms]
[2026-03-16 14:10:36] MOVE #209: rs (red) 65->56 [0.10ms]
[2026-03-16 14:10:37] MOVE #210: ly (blue) 25->26 [0.05ms]
[2026-03-16 14:10:37] MOVE #211: rs (red) 112->113 [0.07ms]
[2026-03-16 14:10:37] MOVE #212: ly (blue) 44->32 [0.04ms]
[2026-03-16 14:10:37] MOVE #213: rs (red) 91->79 [0.07ms]
[2026-03-16 14:10:38] MOVE #214: ly (blue) 14->13 [0.08ms]
[2026-03-16 14:10:38] MOVE #215: rs (red) 67->57 [0.04ms]
[2026-03-16 14:10:38] MOVE #216: ly (blue) 13->25 [0.07ms]
[2026-03-16 14:10:38] MOVE #217: rs (red) 86->87 [0.05ms]
[2026-03-16 14:10:39] MOVE #218: ly (blue) 2->0 [0.04ms]
[2026-03-16 14:10:39] MOVE #219: rs (red) 89->68 [0.05ms]
[2026-03-16 14:10:39] MOVE #220: ly (blue) 50->40 [0.05ms]
[2026-03-16 14:10:39] MOVE #221: rs (red) 78->67 [0.04ms]
[2026-03-16 14:10:40] MOVE #222: ly (blue) 58->77 [0.04ms]
[2026-03-16 14:10:40] MOVE #223: rs (red) 87->88 [0.05ms]
[2026-03-16 14:10:40] MOVE #224: ly (blue) 52->51 [0.04ms]
[2026-03-16 14:10:40] MOVE #225: rs (red) 113->104 [0.04ms]
[2026-03-16 14:10:41] MOVE #226: ly (blue) 28->27 [0.04ms]
[2026-03-16 14:10:41] MOVE #227: rs (red) 68->59 [0.06ms]
[2026-03-16 14:10:41] MOVE #228: ly (blue) 4->8 [0.05ms]
[2026-03-16 14:10:42] MOVE #229: rs (red) 79->68 [0.05ms]
[2026-03-16 14:10:42] MOVE #230: ly (blue) 77->78 [0.09ms]
[2026-03-16 14:10:42] MOVE #231: rs (red) 68->69 [0.07ms]
[2026-03-16 14:10:42] MOVE #232: ly (blue) 0->1 [0.05ms]
[2026-03-16 14:10:43] MOVE #233: rs (red) 114->113 [0.05ms]
[2026-03-16 14:10:43] MOVE #234: ly (blue) 40->50 [0.04ms]
[2026-03-16 14:10:43] MOVE #235: rs (red) 69->70 [0.05ms]
[2026-03-16 14:10:43] MOVE #236: ly (blue) 25->36 [0.04ms]
[2026-03-16 14:10:44] MOVE #237: rs (red) 88->77 [0.06ms]
[2026-03-16 14:10:44] MOVE #238: ly (blue) 1->3 [0.09ms]
[2026-03-16 14:10:44] MOVE #239: rs (red) 113->91 [0.04ms]
[2026-03-16 14:10:44] MOVE #240: ly (blue) 3->1 [0.09ms]
[2026-03-16 14:10:45] MOVE #241: rs (red) 91->113 [0.06ms]
[2026-03-16 14:10:45] MOVE #242: ly (blue) 32->43 [0.06ms]
[2026-03-16 14:10:45] MOVE #243: rs (red) 57->48 [0.11ms]
[2026-03-16 14:10:45] MOVE #244: ly (blue) 43->42 [0.04ms]
[2026-03-16 14:10:46] MOVE #245: rs (red) 108->96 [0.04ms]
[2026-03-16 14:10:46] MOVE #246: ly (blue) 19->18 [0.52ms]
[2026-03-16 14:10:46] MOVE #247: rs (red) 104->103 [0.06ms]
[2026-03-16 14:10:47] MOVE #248: ly (blue) 42->53 [0.06ms]
[2026-03-16 14:10:47] MOVE #249: rs (red) 60->61 [0.08ms]
[2026-03-16 14:10:47] MOVE #250: ly (blue) 51->69 [0.05ms]
[2026-03-16 14:10:47] MOVE #251: rs (red) 70->68 [0.08ms]
[2026-03-16 14:10:48] MOVE #252: ly (blue) 1->2 [0.06ms]
[2026-03-16 14:10:48] MOVE #253: rs (red) 48->47 [0.06ms]
[2026-03-16 14:10:48] MOVE #254: ly (blue) 26->25 [0.08ms]
[2026-03-16 14:10:48] MOVE #255: rs (red) 68->66 [0.07ms]
[2026-03-16 14:10:49] MOVE #256: ly (blue) 25->12 [0.09ms]
[2026-03-16 14:10:49] MOVE #257: rs (red) 47->48 [0.06ms]
[2026-03-16 14:10:49] MOVE #258: ly (blue) 27->39 [0.05ms]
[2026-03-16 14:10:49] MOVE #259: rs (red) 113->116 [0.05ms]
[2026-03-16 14:10:50] MOVE #260: ly (blue) 36->37 [0.07ms]
[2026-03-16 14:10:50] MOVE #261: rs (red) 96->97 [0.13ms]
[2026-03-16 14:10:50] MOVE #262: ly (blue) 18->17 [0.05ms]
[2026-03-16 14:10:50] MOVE #263: rs (red) 77->58 [0.06ms]
[2026-03-16 14:10:51] MOVE #264: ly (blue) 12->25 [0.05ms]
[2026-03-16 14:10:51] MOVE #265: rs (red) 116->112 [0.05ms]
[2026-03-16 14:10:51] MOVE #266: ly (blue) 50->54 [0.09ms]
[2026-03-16 14:10:51] MOVE #267: rs (red) 59->13 [0.06ms]
[2026-03-16 14:10:52] MOVE #268: ly (blue) 69->70 [0.06ms]
[2026-03-16 14:10:52] MOVE #269: rs (red) 58->57 [0.07ms]
[2026-03-16 14:10:52] MOVE #270: ly (blue) 17->18 [0.12ms]
[2026-03-16 14:10:53] MOVE #271: rs (red) 67->49 [0.07ms]
[2026-03-16 14:10:53] MOVE #272: ly (blue) 25->26 [0.12ms]
[2026-03-16 14:10:53] MOVE #273: rs (red) 112->104 [0.13ms]
[2026-03-16 14:10:53] MOVE #274: ly (blue) 53->42 [0.03ms]
[2026-03-16 14:10:54] MOVE #275: rs (red) 103->102 [0.12ms]
[2026-03-16 14:10:54] MOVE #276: ly (blue) 37->58 [0.05ms]
[2026-03-16 14:10:54] MOVE #277: rs (red) 13->14 [0.04ms]
[2026-03-16 14:10:54] MOVE #278: ly (blue) 78->77 [0.05ms]
[2026-03-16 14:10:55] MOVE #279: rs (red) 57->13 [0.06ms]
[2026-03-16 14:10:55] MOVE #280: ly (blue) 18->30 [0.05ms]
[2026-03-16 14:10:55] MOVE #281: rs (red) 97->110 [0.06ms]
[2026-03-16 14:10:55] MOVE #282: ly (blue) 2->1 [0.05ms]
[2026-03-16 14:10:56] MOVE #283: rs (red) 48->37 [0.05ms]
[2026-03-16 14:10:56] MOVE #284: ly (blue) 70->80 [0.04ms]
[2026-03-16 14:10:56] MOVE #285: rs (red) 37->38 [0.04ms]
[2026-03-16 14:10:57] MOVE #286: ly (blue) 42->41 [0.12ms]
[2026-03-16 14:10:57] MOVE #287: rs (red) 66->76 [0.08ms]
[2026-03-16 14:10:57] MOVE #288: ly (blue) 30->42 [0.08ms]
[2026-03-16 14:10:57] MOVE #289: rs (red) 102->111 [0.05ms]
[2026-03-16 14:10:58] MOVE #290: ly (blue) 54->53 [0.10ms]
[2026-03-16 14:10:58] MOVE #291: rs (red) 111->112 [0.08ms]
[2026-03-16 14:10:58] MOVE #292: ly (blue) 58->68 [0.05ms]
[2026-03-16 14:10:58] MOVE #293: rs (red) 13->25 [0.04ms]
[2026-03-16 14:10:59] MOVE #294: ly (blue) 68->79 [0.05ms]
[2026-03-16 14:10:59] MOVE #295: rs (red) 104->103 [0.06ms]
[2026-03-16 14:10:59] MOVE #296: ly (blue) 42->31 [0.05ms]
[2026-03-16 14:10:59] MOVE #297: rs (red) 25->36 [0.04ms]
[2026-03-16 14:11:00] MOVE #298: ly (blue) 79->91 [0.04ms]
[2026-03-16 14:11:00] MOVE #299: rs (red) 112->90 [0.07ms]
[2026-03-16 14:11:00] MOVE #300: ly (blue) 53->52 [0.25ms]
[2026-03-16 14:11:00] MOVE #301: rs (red) 61->60 [0.09ms]
[2026-03-16 14:11:01] MOVE #302: ly (blue) 91->87 [0.04ms]
[2026-03-16 14:11:01] MOVE #303: rs (red) 14->15 [0.05ms]
[2026-03-16 14:11:01] MOVE #304: ly (blue) 31->42 [0.06ms]
[2026-03-16 14:11:01] MOVE #305: rs (red) 38->61 [0.06ms]
[2026-03-16 14:11:02] MOVE #306: ly (blue) 42->43 [0.07ms]
[2026-03-16 14:11:02] MOVE #307: rs (red) 76->65 [0.06ms]
[2026-03-16 14:11:02] MOVE #308: ly (blue) 26->27 [0.06ms]
[2026-03-16 14:11:02] MOVE #309: rs (red) 65->75 [0.08ms]
[2026-03-16 14:11:03] MOVE #310: ly (blue) 77->89 [0.13ms]
[2026-03-16 14:11:03] MOVE #311: rs (red) 15->38 [0.11ms]
[2026-03-16 14:11:03] MOVE #312: ly (blue) 43->31 [0.05ms]
[2026-03-16 14:11:04] MOVE #313: rs (red) 38->15 [0.39ms]
[2026-03-16 14:11:04] MOVE #314: ly (blue) 31->30 [0.07ms]
[2026-03-16 14:11:04] MOVE #315: rs (red) 56->46 [0.05ms]
[2026-03-16 14:11:04] MOVE #316: ly (blue) 39->50 [0.07ms]
[2026-03-16 14:11:05] MOVE #317: rs (red) 15->38 [0.07ms]
[2026-03-16 14:11:05] MOVE #318: ly (blue) 8->4 [0.07ms]
[2026-03-16 14:11:05] MOVE #319: rs (red) 90->65 [0.10ms]
[2026-03-16 14:11:06] MOVE #320: ly (blue) 4->2 [0.07ms]
[2026-03-16 14:11:06] MOVE #321: rs (red) 60->69 [0.12ms]
[2026-03-16 14:11:06] MOVE #322: ly (blue) 41->29 [0.05ms]
[2026-03-16 14:11:06] MOVE #323: rs (red) 69->59 [0.07ms]
[2026-03-16 14:11:07] MOVE #324: ly (blue) 50->60 [0.05ms]
[2026-03-16 14:11:07] MOVE #325: rs (red) 59->58 [0.05ms]
[2026-03-16 14:11:07] MOVE #326: ly (blue) 1->3 [0.05ms]
[2026-03-16 14:11:07] MOVE #327: rs (red) 61->17 [0.05ms]
[2026-03-16 14:11:08] MOVE #328: ly (blue) 27->70 [0.05ms]
[2026-03-16 14:11:08] MOVE #329: rs (red) 110->109 [0.08ms]
[2026-03-16 14:11:08] MOVE #330: ly (blue) 60->81 [0.04ms]
[2026-03-16 14:11:08] MOVE #331: rs (red) 58->56 [0.04ms]
[2026-03-16 14:11:09] MOVE #332: ly (blue) 52->42 [0.06ms]
[2026-03-16 14:11:09] MOVE #333: rs (red) 109->96 [0.05ms]
[2026-03-16 14:11:09] MOVE #334: ly (blue) 70->111 [0.09ms]
[2026-03-16 14:11:09] MOVE #335: rs (red) 65->76 [0.07ms]
[2026-03-16 14:11:10] MOVE #336: ly (blue) 87->100 [0.05ms]
[2026-03-16 14:11:10] MOVE #337: rs (red) 56->57 [0.05ms]
[2026-03-16 14:11:10] MOVE #338: ly (blue) 80->69 [0.05ms]
[2026-03-16 14:11:10] MOVE #339: rs (red) 38->37 [0.32ms]
[2026-03-16 14:11:11] MOVE #340: ly (blue) 69->79 [0.05ms]
[2026-03-16 14:11:11] MOVE #341: rs (red) 46->87 [0.10ms]
[2026-03-16 14:11:11] MOVE #342: ly (blue) 100->101 [0.05ms]
[2026-03-16 14:11:11] MOVE #343: rs (red) 103->112 [0.04ms]
[2026-03-16 14:11:12] MOVE #344: ly (blue) 2->1 [0.06ms]
[2026-03-16 14:11:12] MOVE #345: rs (red) 76->65 [0.11ms]
[2026-03-16 14:11:12] MOVE #346: ly (blue) 1->0 [0.05ms]
[2026-03-16 14:11:12] MOVE #347: rs (red) 57->48 [0.06ms]
[2026-03-16 14:11:13] MOVE #348: ly (blue) 89->88 [0.06ms]
[2026-03-16 14:11:13] MOVE #349: rs (red) 112->113 [0.06ms]
[2026-03-16 14:11:13] MOVE #350: ly (blue) 29->31 [0.07ms]
[2026-03-16 14:11:14] MOVE #351: rs (red) 48->50 [0.07ms]
[2026-03-16 14:11:14] MOVE #352: ly (blue) 0->2 [0.05ms]
[2026-03-16 14:11:14] MOVE #353: rs (red) 36->59 [0.06ms]
[2026-03-16 14:11:14] MOVE #354: ly (blue) 81->71 [0.05ms]
[2026-03-16 14:11:15] MOVE #355: rs (red) 96->84 [0.05ms]
[2026-03-16 14:11:15] MOVE #356: ly (blue) 71->72 [0.12ms]
[2026-03-16 14:11:15] MOVE #357: rs (red) 50->91 [0.06ms]
[2026-03-16 14:11:15] MOVE #358: ly (blue) 111->103 [0.04ms]
[2026-03-16 14:11:16] MOVE #359: rs (red) 87->99 [0.07ms]
[2026-03-16 14:11:16] MOVE #360: ly (blue) 30->41 [0.04ms]
[2026-03-16 14:11:16] MOVE #361: rs (red) 91->90 [0.06ms]
[2026-03-16 14:11:17] MOVE #362: ly (blue) 31->52 [0.05ms]
[2026-03-16 14:11:17] MOVE #363: rs (red) 49->38 [0.05ms]
[2026-03-16 14:11:17] MOVE #364: ly (blue) 88->77 [0.05ms]
[2026-03-16 14:11:17] MOVE #365: rs (red) 59->50 [0.12ms]
[2026-03-16 14:11:18] MOVE #366: ly (blue) 103->102 [0.06ms]
[2026-03-16 14:11:18] MOVE #367: rs (red) 37->39 [0.04ms]
[2026-03-16 14:11:18] MOVE #368: ly (blue) 42->59 [0.07ms]
[2026-03-16 14:11:18] MOVE #369: rs (red) 65->56 [0.04ms]
[2026-03-16 14:11:19] MOVE #370: ly (blue) 3->7 [0.05ms]
[2026-03-16 14:11:19] MOVE #371: rs (red) 99->87 [0.05ms]
[2026-03-16 14:11:19] MOVE #372: ly (blue) 41->83 [0.06ms]
[2026-03-16 14:11:19] MOVE #373: rs (red) 17->9 [0.04ms]
[2026-03-16 14:11:20] MOVE #374: ly (blue) 7->15 [0.05ms]
[2026-03-16 14:11:20] MOVE #375: rs (red) 75->86 [0.07ms]
[2026-03-16 14:11:20] MOVE #376: ly (blue) 83->95 [0.04ms]
[2026-03-16 14:11:20] MOVE #377: rs (red) 38->27 [0.05ms]
[2026-03-16 14:11:21] MOVE #378: ly (blue) 72->63 [0.05ms]
[2026-03-16 14:11:21] MOVE #379: rs (red) 27->38 [0.04ms]
[2026-03-16 14:11:21] MOVE #380: ly (blue) 15->6 [0.05ms]
[2026-03-16 14:11:21] MOVE #381: rs (red) 87->76 [0.14ms]
[2026-03-16 14:11:22] MOVE #382: ly (blue) 101->100 [0.05ms]
[2026-03-16 14:11:22] MOVE #383: rs (red) 39->49 [0.04ms]
[2026-03-16 14:11:22] MOVE #384: ly (blue) 6->3 [0.05ms]
[2026-03-16 14:11:23] MOVE #385: rs (red) 113->117 [0.05ms]
[2026-03-16 14:11:23] MOVE #386: ly (blue) 102->111 [0.10ms]
[2026-03-16 14:11:23] MOVE #387: rs (red) 9->8 [0.10ms]
[2026-03-16 14:11:23] MOVE #388: ly (blue) 2->1 [0.06ms]
[2026-03-16 14:11:24] MOVE #389: rs (red) 86->98 [0.07ms]
[2026-03-16 14:11:24] MOVE #390: ly (blue) 111->103 [0.05ms]
[2026-03-16 14:11:24] MOVE #391: rs (red) 76->80 [0.06ms]
[2026-03-16 14:11:24] MOVE #392: ly (blue) 52->62 [0.08ms]
[2026-03-16 14:11:25] MOVE #393: rs (red) 117->119 [0.10ms]
[2026-03-16 14:11:25] MOVE #394: ly (blue) 95->94 [0.06ms]
[2026-03-16 14:11:25] MOVE #395: rs (red) 56->66 [0.07ms]
[2026-03-16 14:11:25] MOVE #396: ly (blue) 62->53 [0.06ms]
[2026-03-16 14:11:26] MOVE #397: rs (red) 50->51 [0.28ms]
[2026-03-16 14:11:26] MOVE #398: ly (blue) 77->78 [0.05ms]
[2026-03-16 14:11:26] MOVE #399: rs (red) 119->120 [0.29ms]
[2026-03-16 14:11:26] MOVE #400: ly (blue) 59->69 [0.09ms]
[2026-03-16 14:11:27] MOVE #401: rs (red) 8->16 [0.08ms]
[2026-03-16 14:11:27] MOVE #402: ly (blue) 69->59 [0.06ms]
[2026-03-16 14:11:27] MOVE #403: rs (red) 90->91 [0.06ms]
[2026-03-16 14:11:27] MOVE #404: ly (blue) 1->6 [0.12ms]
[2026-03-16 14:11:28] MOVE #405: rs (red) 98->86 [0.05ms]
[2026-03-16 14:11:28] MOVE #406: ly (blue) 94->82 [0.05ms]
[2026-03-16 14:11:28] MOVE #407: rs (red) 86->87 [0.06ms]
[2026-03-16 14:11:29] MOVE #408: ly (blue) 100->88 [0.06ms]
[2026-03-16 14:11:29] MOVE #409: rs (red) 80->69 [0.05ms]
[2026-03-16 14:11:29] MOVE #410: ly (blue) 78->77 [0.04ms]
[2026-03-16 14:11:29] MOVE #411: rs (red) 91->104 [0.05ms]
[2026-03-16 14:11:30] MOVE #412: ly (blue) 59->99 [0.06ms]
[2026-03-16 14:11:30] MOVE #413: rs (red) 104->91 [0.05ms]
[2026-03-16 14:11:30] MOVE #414: ly (blue) 103->112 [0.22ms]
[2026-03-16 14:11:30] MOVE #415: rs (red) 16->15 [0.05ms]
[2026-03-16 14:11:31] MOVE #416: ly (blue) 79->68 [0.04ms]
[2026-03-16 14:11:31] MOVE #417: rs (red) 66->57 [0.05ms]
[2026-03-16 14:11:31] MOVE #418: ly (blue) 82->72 [0.05ms]
[2026-03-16 14:11:31] MOVE #419: rs (red) 87->75 [0.10ms]
[2026-03-16 14:11:32] MOVE #420: ly (blue) 3->7 [0.09ms]
[2026-03-16 14:11:32] MOVE #421: rs (red) 15->4 [0.06ms]
[2026-03-16 14:11:32] MOVE #422: ly (blue) 112->103 [0.05ms]
[2026-03-16 14:11:32] MOVE #423: rs (red) 91->90 [0.05ms]
[2026-03-16 14:11:33] MOVE #424: ly (blue) 6->14 [0.06ms]
[2026-03-16 14:11:33] MOVE #425: rs (red) 51->52 [0.05ms]
[2026-03-16 14:11:33] MOVE #426: ly (blue) 77->98 [0.08ms]
[2026-03-16 14:11:34] MOVE #427: rs (red) 69->60 [0.04ms]
[2026-03-16 14:11:34] MOVE #428: ly (blue) 99->100 [0.05ms]
[2026-03-16 14:11:34] MOVE #429: rs (red) 90->79 [0.07ms]
[2026-03-16 14:11:34] MOVE #430: ly (blue) 88->87 [0.05ms]
[2026-03-16 14:11:35] MOVE #431: rs (red) 38->59 [0.05ms]
[2026-03-16 14:11:35] MOVE #432: ly (blue) 68->66 [0.06ms]
[2026-03-16 14:11:35] MOVE #433: rs (red) 57->58 [0.05ms]
[2026-03-16 14:11:35] MOVE #434: ly (blue) 103->90 [0.05ms]
[2026-03-16 14:11:36] MOVE #435: rs (red) 60->61 [0.07ms]
[2026-03-16 14:11:36] MOVE #436: ly (blue) 90->91 [0.05ms]
[2026-03-16 14:11:36] MOVE #437: rs (red) 84->85 [0.04ms]
[2026-03-16 14:11:36] MOVE #438: ly (blue) 98->99 [0.05ms]
[2026-03-16 14:11:37] MOVE #439: rs (red) 75->86 [0.07ms]
[2026-03-16 14:11:37] MOVE #440: ly (blue) 66->57 [0.08ms]
[2026-03-16 14:11:37] MOVE #441: rs (red) 52->51 [0.12ms]
[2026-03-16 14:11:37] MOVE #442: ly (blue) 87->76 [0.26ms]
[2026-03-16 14:11:38] MOVE #443: rs (red) 51->60 [0.05ms]
[2026-03-16 14:11:38] MOVE #444: ly (blue) 7->6 [0.05ms]
[2026-03-16 14:11:38] MOVE #445: rs (red) 120->118 [0.05ms]
[2026-03-16 14:11:39] MOVE #446: ly (blue) 63->73 [0.05ms]
[2026-03-16 14:11:39] MOVE #447: rs (red) 61->70 [0.05ms]
[2026-03-16 14:11:39] MOVE #448: ly (blue) 76->66 [0.06ms]
[2026-03-16 14:11:39] MOVE #449: rs (red) 70->80 [0.07ms]
[2026-03-16 14:11:40] MOVE #450: ly (blue) 53->62 [0.15ms]
[2026-03-16 14:11:40] MOVE #451: rs (red) 85->96 [0.04ms]
[2026-03-16 14:11:40] MOVE #452: ly (blue) 62->61 [0.09ms]
[2026-03-16 14:11:40] MOVE #453: rs (red) 59->68 [0.07ms]
[2026-03-16 14:11:41] MOVE #454: ly (blue) 91->104 [0.05ms]
[2026-03-16 14:11:41] MOVE #455: rs (red) 80->91 [0.05ms]
[2026-03-16 14:11:41] MOVE #456: ly (blue) 73->64 [0.07ms]
[2026-03-16 14:11:41] MOVE #457: rs (red) 79->80 [0.04ms]
[2026-03-16 14:11:42] MOVE #458: ly (blue) 61->59 [0.09ms]
[2026-03-16 14:11:42] MOVE #459: rs (red) 86->98 [0.06ms]
[2026-03-16 14:11:42] MOVE #460: ly (blue) 66->50 [0.11ms]
[2026-03-16 14:11:42] MOVE #461: rs (red) 91->113 [0.16ms]
[2026-03-16 14:11:43] MOVE #462: ly (blue) 50->39 [0.06ms]
[2026-03-16 14:11:43] MOVE #463: rs (red) 68->67 [0.04ms]
[2026-03-16 14:11:43] MOVE #464: ly (blue) 104->91 [0.04ms]
[2026-03-16 14:11:43] MOVE #465: rs (red) 60->61 [0.04ms]
[2026-03-16 14:11:44] MOVE #466: ly (blue) 64->73 [0.05ms]
[2026-03-16 14:11:44] MOVE #467: rs (red) 118->119 [0.05ms]
[2026-03-16 14:11:44] MOVE #468: ly (blue) 73->63 [0.05ms]
[2026-03-16 14:11:44] MOVE #469: rs (red) 98->86 [0.10ms]
[2026-03-16 14:11:45] MOVE #470: ly (blue) 39->28 [0.05ms]
[2026-03-16 14:11:45] MOVE #471: rs (red) 96->97 [0.05ms]
[2026-03-16 14:11:45] MOVE #472: ly (blue) 91->90 [0.05ms]
[2026-03-16 14:11:45] MOVE #473: rs (red) 58->83 [0.06ms]
[2026-03-16 14:11:46] MOVE #474: ly (blue) 28->39 [0.05ms]
[2026-03-16 14:11:46] MOVE #475: rs (red) 4->1 [0.05ms]
[2026-03-16 14:11:46] MOVE #476: ly (blue) 57->56 [0.05ms]
[2026-03-16 14:11:47] MOVE #477: rs (red) 61->60 [0.06ms]
[2026-03-16 14:11:47] MOVE #478: ly (blue) 59->38 [0.05ms]
[2026-03-16 14:11:47] MOVE #479: rs (red) 119->116 [0.06ms]
[2026-03-16 14:11:47] MOVE #480: ly (blue) 72->82 [0.05ms]
[2026-03-16 14:11:48] MOVE #481: rs (red) 60->51 [0.11ms]
[2026-03-16 14:11:48] MOVE #482: ly (blue) 6->7 [0.05ms]
[2026-03-16 14:11:48] MOVE #483: rs (red) 86->75 [0.05ms]
[2026-03-16 14:11:48] MOVE #484: ly (blue) 82->81 [0.05ms]
[2026-03-16 14:11:49] MOVE #485: rs (red) 116->112 [0.05ms]
[2026-03-16 14:11:49] MOVE #486: ly (blue) 14->13 [0.05ms]
[2026-03-16 14:11:49] MOVE #487: rs (red) 67->78 [0.06ms]
[2026-03-16 14:11:50] MOVE #488: ly (blue) 81->71 [0.05ms]
[2026-03-16 14:11:50] MOVE #489: rs (red) 80->69 [0.04ms]
[2026-03-16 14:11:50] MOVE #490: ly (blue) 63->64 [0.05ms]
[2026-03-16 14:11:50] MOVE #491: rs (red) 78->103 [0.07ms]
[2026-03-16 14:11:51] MOVE #492: ly (blue) 38->48 [0.05ms]
[2026-03-16 14:11:51] MOVE #493: rs (red) 75->76 [0.05ms]
[2026-03-16 14:11:51] MOVE #494: ly (blue) 64->74 [0.07ms]
[2026-03-16 14:11:51] MOVE #495: rs (red) 83->72 [0.08ms]
[2026-03-16 14:11:52] MOVE #496: ly (blue) 13->25 [0.05ms]
[2026-03-16 14:11:52] MOVE #497: rs (red) 112->114 [0.08ms]
[2026-03-16 14:11:52] MOVE #498: ly (blue) 100->87 [0.06ms]
[2026-03-16 14:11:52] MOVE #499: rs (red) 76->88 [0.05ms]
[2026-03-16 14:11:53] MOVE #500: ly (blue) 7->16 [0.05ms]
[2026-03-16 14:11:53] MOVE #501: rs (red) 97->109 [0.04ms]
[2026-03-16 14:11:53] MOVE #502: ly (blue) 87->89 [0.05ms]
[2026-03-16 14:11:53] MOVE #503: rs (red) 109->97 [0.05ms]
[2026-03-16 14:11:54] MOVE #504: ly (blue) 71->81 [0.05ms]
[2026-03-16 14:11:54] MOVE #505: rs (red) 1->2 [0.05ms]
[2026-03-16 14:11:54] MOVE #506: ly (blue) 90->78 [0.06ms]
[2026-03-16 14:11:54] MOVE #507: rs (red) 51->40 [0.04ms]
[2026-03-16 14:11:55] MOVE #508: ly (blue) 48->38 [0.05ms]
[2026-03-16 14:11:55] MOVE #509: rs (red) 88->87 [0.04ms]
[2026-03-16 14:11:55] MOVE #510: ly (blue) 38->82 [0.10ms]
[2026-03-16 14:11:55] MOVE #511: rs (red) 97->109 [0.05ms]
[2026-03-16 14:11:56] MOVE #512: ly (blue) 78->77 [0.05ms]
[2026-03-16 14:11:56] MOVE #513: rs (red) 69->70 [0.07ms]
[2026-03-16 14:11:56] MOVE #514: ly (blue) 82->71 [0.06ms]
[2026-03-16 14:11:56] MOVE #515: rs (red) 113->112 [0.10ms]
[2026-03-16 14:11:57] MOVE #516: ly (blue) 74->84 [0.05ms]
[2026-03-16 14:11:57] MOVE #517: rs (red) 40->51 [0.04ms]
[2026-03-16 14:11:57] MOVE #518: ly (blue) 16->28 [0.05ms]
[2026-03-16 14:11:58] MOVE #519: rs (red) 114->117 [0.05ms]
[2026-03-16 14:11:58] MOVE #520: ly (blue) 77->88 [0.07ms]
[2026-03-16 14:11:58] MOVE #521: rs (red) 87->100 [0.08ms]
[2026-03-16 14:11:58] MOVE #522: ly (blue) 56->57 [0.04ms]
[2026-03-16 14:11:59] MOVE #523: rs (red) 117->114 [0.05ms]
[2026-03-16 14:11:59] MOVE #524: ly (blue) 25->24 [0.05ms]
[2026-03-16 14:11:59] MOVE #525: rs (red) 49->48 [0.05ms]
[2026-03-16 14:11:59] MOVE #526: ly (blue) 71->96 [0.10ms]
[2026-03-16 14:12:00] MOVE #527: rs (red) 112->90 [0.08ms]
[2026-03-16 14:12:00] MOVE #528: ly (blue) 89->77 [0.09ms]
[2026-03-16 14:12:00] MOVE #529: rs (red) 51->52 [0.04ms]
[2026-03-16 14:12:01] MOVE #530: ly (blue) 39->16 [0.09ms]
[2026-03-16 14:12:01] MOVE #531: rs (red) 2->1 [0.05ms]
[2026-03-16 14:12:01] MOVE #532: ly (blue) 57->47 [0.05ms]
[2026-03-16 14:12:01] MOVE #533: rs (red) 100->98 [0.08ms]
[2026-03-16 14:12:02] MOVE #534: ly (blue) 96->73 [0.08ms]
[2026-03-16 14:12:02] MOVE #535: rs (red) 109->96 [0.05ms]
[2026-03-16 14:12:02] MOVE #536: ly (blue) 73->71 [0.05ms]
[2026-03-16 14:12:02] MOVE #537: rs (red) 103->112 [0.10ms]
[2026-03-16 14:12:03] MOVE #538: ly (blue) 77->66 [0.08ms]
[2026-03-16 14:12:03] MOVE #539: rs (red) 48->58 [0.07ms]
[2026-03-16 14:12:03] MOVE #540: ly (blue) 99->87 [0.08ms]
[2026-03-16 14:12:03] MOVE #541: rs (red) 90->89 [0.06ms]
[2026-03-16 14:12:04] MOVE #542: ly (blue) 87->99 [0.04ms]
[2026-03-16 14:12:04] MOVE #543: rs (red) 114->117 [0.04ms]
[2026-03-16 14:12:04] MOVE #544: ly (blue) 88->77 [0.06ms]
[2026-03-16 14:12:04] MOVE #545: rs (red) 58->59 [0.04ms]
[2026-03-16 14:12:05] MOVE #546: ly (blue) 99->86 [0.07ms]
[2026-03-16 14:12:05] MOVE #547: rs (red) 98->75 [0.08ms]
[2026-03-16 14:12:05] MOVE #548: ly (blue) 47->56 [0.06ms]
[2026-03-16 14:12:05] MOVE #549: rs (red) 89->90 [0.05ms]
[2026-03-16 14:12:06] MOVE #550: ly (blue) 71->61 [0.05ms]
[2026-03-16 14:12:06] MOVE #551: rs (red) 1->0 [0.10ms]
[2026-03-16 14:12:06] MOVE #552: ly (blue) 84->95 [0.05ms]
[2026-03-16 14:12:06] MOVE #553: rs (red) 70->69 [0.09ms]
[2026-03-16 14:12:07] MOVE #554: ly (blue) 81->70 [0.06ms]
[2026-03-16 14:12:07] MOVE #555: rs (red) 59->68 [0.04ms]
[2026-03-16 14:12:07] MOVE #556: ly (blue) 66->46 [0.07ms]
[2026-03-16 14:12:07] MOVE #557: rs (red) 112->104 [0.04ms]
[2026-03-16 14:12:08] MOVE #558: ly (blue) 24->35 [0.09ms]
[2026-03-16 14:12:08] MOVE #559: rs (red) 69->59 [0.06ms]
[2026-03-16 14:12:08] MOVE #560: ly (blue) 95->107 [0.05ms]
[2026-03-16 14:12:09] MOVE #561: rs (red) 52->42 [0.04ms]
[2026-03-16 14:12:09] MOVE #562: ly (blue) 77->88 [0.06ms]
[2026-03-16 14:12:09] MOVE #563: rs (red) 75->87 [0.10ms]
[2026-03-16 14:12:09] MOVE #564: ly (blue) 28->40 [0.06ms]
[2026-03-16 14:12:10] MOVE #565: rs (red) 68->79 [0.05ms]
[2026-03-16 14:12:10] MOVE #566: ly (blue) 107->94 [0.10ms]
[2026-03-16 14:12:10] MOVE #567: rs (red) 87->29 [0.09ms]
[2026-03-16 14:12:10] MOVE #568: ly (blue) 40->41 [0.05ms]
[2026-03-16 14:12:11] MOVE #569: rs (red) 72->63 [0.13ms]
[2026-03-16 14:12:11] MOVE #570: ly (blue) 86->99 [0.06ms]
[2026-03-16 14:12:11] MOVE #571: rs (red) 0->1 [0.06ms]
[2026-03-16 14:12:12] MOVE #572: ly (blue) 70->60 [0.09ms]
[2026-03-16 14:12:12] MOVE #573: rs (red) 90->71 [0.06ms]
[2026-03-16 14:12:12] MOVE #574: ly (blue) 61->70 [0.06ms]
[2026-03-16 14:12:12] MOVE #575: rs (red) 29->17 [0.06ms]
[2026-03-16 14:12:13] MOVE #576: ly (blue) 94->83 [0.11ms]
[2026-03-16 14:12:13] MOVE #577: rs (red) 104->113 [0.05ms]
[2026-03-16 14:12:13] MOVE #578: ly (blue) 41->43 [0.09ms]
[2026-03-16 14:12:13] MOVE #579: rs (red) 59->58 [0.08ms]
[2026-03-16 14:12:14] MOVE #580: ly (blue) 70->95 [0.06ms]
[2026-03-16 14:12:14] MOVE #581: rs (red) 71->70 [0.05ms]
[2026-03-16 14:12:14] MOVE #582: ly (blue) 60->50 [0.11ms]
[2026-03-16 14:12:14] MOVE #583: rs (red) 1->2 [0.04ms]
[2026-03-16 14:12:15] MOVE #584: ly (blue) 83->85 [0.05ms]
[2026-03-16 14:12:15] MOVE #585: rs (red) 117->114 [0.05ms]
[2026-03-16 14:12:15] MOVE #586: ly (blue) 43->44 [0.06ms]
[2026-03-16 14:12:15] MOVE #587: rs (red) 2->5 [0.05ms]
[2026-03-16 14:12:16] MOVE #588: ly (blue) 44->33 [0.12ms]
[2026-03-16 14:12:16] MOVE #589: rs (red) 96->94 [0.06ms]
[2026-03-16 14:12:16] MOVE #590: ly (blue) 56->57 [0.05ms]
[2026-03-16 14:12:16] MOVE #591: rs (red) 42->31 [0.06ms]
[2026-03-16 14:12:17] MOVE #592: ly (blue) 57->48 [0.05ms]
[2026-03-16 14:12:17] MOVE #593: rs (red) 31->32 [0.04ms]
[2026-03-16 14:12:17] MOVE #594: ly (blue) 50->49 [0.11ms]
[2026-03-16 14:12:17] MOVE #595: rs (red) 70->81 [0.08ms]
[2026-03-16 14:12:18] MOVE #596: ly (blue) 46->47 [0.04ms]
[2026-03-16 14:12:18] MOVE #597: rs (red) 5->2 [0.11ms]
[2026-03-16 14:12:18] MOVE #598: ly (blue) 88->100 [0.04ms]
[2026-03-16 14:12:18] MOVE #599: rs (red) 2->0 [0.04ms]
[2026-03-16 14:12:19] MOVE #600: ly (blue) 35->24 [0.04ms]
[2026-03-16 14:12:19] MOVE #601: rs (red) 94->93 [0.05ms]
[2026-03-16 14:12:19] MOVE #602: ly (blue) 99->86 [0.08ms]
[2026-03-16 14:12:19] MOVE #603: rs (red) 114->105 [0.07ms]
[2026-03-16 14:12:20] MOVE #604: ly (blue) 47->37 [0.09ms]
[2026-03-16 14:12:20] MOVE #605: rs (red) 58->59 [0.13ms]
[2026-03-16 14:12:20] MOVE #606: ly (blue) 100->87 [0.09ms]
[2026-03-16 14:12:21] MOVE #607: rs (red) 105->104 [0.10ms]
[2026-03-16 14:12:21] MOVE #608: ly (blue) 24->25 [0.08ms]
[2026-03-16 14:12:21] MOVE #609: rs (red) 63->73 [0.08ms]
[2026-03-16 14:12:22] MOVE #610: ly (blue) 87->100 [0.08ms]
[2026-03-16 14:12:22] MOVE #611: rs (red) 104->112 [0.06ms]
[2026-03-16 14:12:22] MOVE #612: ly (blue) 25->13 [0.14ms]
[2026-03-16 14:12:22] MOVE #613: rs (red) 79->69 [0.29ms]
[2026-03-16 14:12:23] MOVE #614: ly (blue) 95->94 [0.05ms]
[2026-03-16 14:12:23] MOVE #615: rs (red) 17->18 [0.10ms]
[2026-03-16 14:12:23] MOVE #616: ly (blue) 13->25 [0.05ms]
[2026-03-16 14:12:23] MOVE #617: rs (red) 113->117 [0.04ms]
[2026-03-16 14:12:24] MOVE #618: ly (blue) 94->106 [0.07ms]
[2026-03-16 14:12:24] MOVE #619: rs (red) 18->17 [0.06ms]
[2026-03-16 14:12:24] MOVE #620: ly (blue) 86->98 [0.04ms]
[2026-03-16 14:12:24] MOVE #621: rs (red) 0->2 [0.12ms]
[2026-03-16 14:12:25] MOVE #622: ly (blue) 33->20 [0.05ms]
[2026-03-16 14:12:25] MOVE #623: rs (red) 117->116 [0.05ms]
[2026-03-16 14:12:25] MOVE #624: ly (blue) 106->105 [0.05ms]
[2026-03-16 14:12:25] MOVE #625: rs (red) 69->80 [0.08ms]
[2026-03-16 14:12:26] MOVE #626: ly (blue) 16->18 [0.04ms]
[2026-03-16 14:12:26] MOVE #627: rs (red) 116->113 [0.03ms]
[2026-03-16 14:12:26] MOVE #628: ly (blue) 18->19 [0.04ms]
[2026-03-16 14:12:26] MOVE #629: rs (red) 17->8 [0.04ms]
[2026-03-16 14:12:27] MOVE #630: ly (blue) 48->58 [0.04ms]
[2026-03-16 14:12:27] MOVE #631: rs (red) 80->79 [0.05ms]
[2026-03-16 14:12:27] MOVE #632: ly (blue) 98->99 [0.04ms]
[2026-03-16 14:12:27] MOVE #633: rs (red) 81->82 [0.15ms]
[2026-03-16 14:12:28] MOVE #634: ly (blue) 100->101 [0.04ms]
[2026-03-16 14:12:28] MOVE #635: rs (red) 113->116 [0.08ms]
[2026-03-16 14:12:28] MOVE #636: ly (blue) 99->87 [0.08ms]
[2026-03-16 14:12:29] MOVE #637: rs (red) 59->38 [0.08ms]
[2026-03-16 14:12:29] MOVE #638: ly (blue) 105->114 [0.05ms]
[2026-03-16 14:12:29] MOVE #639: rs (red) 8->16 [0.05ms]
[2026-03-16 14:12:29] MOVE #640: ly (blue) 87->76 [0.09ms]
[2026-03-16 14:12:30] MOVE #641: rs (red) 116->118 [0.06ms]
[2026-03-16 14:12:30] MOVE #642: ly (blue) 20->18 [0.05ms]
[2026-03-16 14:12:30] MOVE #643: rs (red) 38->59 [0.08ms]
[2026-03-16 14:12:31] MOVE #644: ly (blue) 18->17 [0.05ms]
[2026-03-16 14:12:31] MOVE #645: rs (red) 32->44 [0.05ms]
[2026-03-16 14:12:31] MOVE #646: ly (blue) 76->65 [0.07ms]
[2026-03-16 14:12:31] MOVE #647: rs (red) 2->5 [0.04ms]
[2026-03-16 14:12:32] MOVE #648: ly (blue) 101->100 [0.05ms]
[2026-03-16 14:12:32] MOVE #649: rs (red) 82->72 [0.04ms]
[2026-03-16 14:12:32] MOVE #650: ly (blue) 17->30 [0.04ms]
[2026-03-16 14:12:32] MOVE #651: rs (red) 5->8 [0.11ms]
[2026-03-16 14:12:33] MOVE #652: ly (blue) 100->101 [0.05ms]
[2026-03-16 14:12:33] MOVE #653: rs (red) 16->29 [0.08ms]
[2026-03-16 14:12:33] MOVE #654: ly (blue) 30->42 [0.08ms]
[2026-03-16 14:12:33] MOVE #655: rs (red) 8->4 [0.06ms]
[2026-03-16 14:12:34] MOVE #656: ly (blue) 37->47 [0.04ms]
[2026-03-16 14:12:34] MOVE #657: rs (red) 79->68 [0.04ms]
[2026-03-16 14:12:34] MOVE #658: ly (blue) 114->105 [0.04ms]
[2026-03-16 14:12:34] MOVE #659: rs (red) 93->82 [0.05ms]
[2026-03-16 14:12:35] MOVE #660: ly (blue) 47->56 [0.04ms]
[2026-03-16 14:12:35] MOVE #661: rs (red) 118->115 [0.07ms]
[2026-03-16 14:12:35] MOVE #662: ly (blue) 49->38 [0.04ms]
[2026-03-16 14:12:35] MOVE #663: rs (red) 59->49 [0.10ms]
[2026-03-16 14:12:36] MOVE #664: ly (blue) 105->104 [0.06ms]
[2026-03-16 14:12:36] MOVE #665: rs (red) 73->94 [0.07ms]
[2026-03-16 14:12:36] MOVE #666: ly (blue) 42->41 [0.04ms]
[2026-03-16 14:12:36] MOVE #667: rs (red) 4->2 [0.04ms]
[2026-03-16 14:12:37] MOVE #668: ly (blue) 65->47 [0.04ms]
[2026-03-16 14:12:37] MOVE #669: rs (red) 68->66 [0.05ms]
[2026-03-16 14:12:37] MOVE #670: ly (blue) 38->36 [0.04ms]
[2026-03-16 14:12:37] MOVE #671: rs (red) 44->32 [0.05ms]
[2026-03-16 14:12:38] MOVE #672: ly (blue) 19->31 [0.10ms]
[2026-03-16 14:12:38] MOVE #673: rs (red) 72->71 [0.12ms]
[2026-03-16 14:12:38] MOVE #674: ly (blue) 58->67 [0.09ms]
[2026-03-16 14:12:38] MOVE #675: rs (red) 71->62 [0.05ms]
[2026-03-16 14:12:39] MOVE #676: ly (blue) 36->46 [0.05ms]
[2026-03-16 14:12:39] MOVE #677: rs (red) 62->72 [0.04ms]
[2026-03-16 14:12:39] MOVE #678: ly (blue) 101->102 [0.10ms]
[2026-03-16 14:12:40] MOVE #679: rs (red) 94->71 [0.07ms]
[2026-03-16 14:12:40] MOVE #680: ly (blue) 41->40 [0.08ms]
[2026-03-16 14:12:40] MOVE #681: rs (red) 32->51 [0.05ms]
[2026-03-16 14:12:40] MOVE #682: ly (blue) 46->35 [0.08ms]
[2026-03-16 14:12:41] MOVE #683: rs (red) 71->61 [0.07ms]
[2026-03-16 14:12:41] MOVE #684: ly (blue) 102->111 [0.08ms]
[2026-03-16 14:12:41] MOVE #685: rs (red) 51->73 [0.07ms]
[2026-03-16 14:12:42] MOVE #686: ly (blue) 35->36 [0.19ms]
[2026-03-16 14:12:42] MOVE #687: rs (red) 66->46 [0.06ms]
[2026-03-16 14:12:42] MOVE #688: ly (blue) 111->91 [0.09ms]
[2026-03-16 14:12:42] MOVE #689: rs (red) 72->71 [0.05ms]
[2026-03-16 14:12:43] MOVE #690: ly (blue) 36->35 [0.06ms]
[2026-03-16 14:12:43] MOVE #691: rs (red) 82->72 [0.14ms]
[2026-03-16 14:12:43] MOVE #692: ly (blue) 91->90 [0.06ms]
[2026-03-16 14:12:43] MOVE #693: rs (red) 49->50 [0.04ms]
[2026-03-16 14:12:44] MOVE #694: ly (blue) 25->26 [0.16ms]
[2026-03-16 14:12:44] MOVE #695: rs (red) 73->84 [0.05ms]
[2026-03-16 14:12:44] MOVE #696: ly (blue) 35->23 [0.08ms]
[2026-03-16 14:12:44] MOVE #697: rs (red) 46->35 [0.06ms]
[2026-03-16 14:12:45] MOVE #698: ly (blue) 56->65 [0.06ms]
[2026-03-16 14:12:45] MOVE #699: rs (red) 84->74 [0.05ms]
[2026-03-16 14:12:45] MOVE #700: ly (blue) 47->56 [0.05ms]
[2026-03-16 14:12:45] MOVE #701: rs (red) 71->62 [0.08ms]
[2026-03-16 14:12:46] MOVE #702: ly (blue) 31->19 [0.05ms]
[2026-03-16 14:12:46] MOVE #703: rs (red) 74->64 [0.06ms]
[2026-03-16 14:12:46] MOVE #704: ly (blue) 104->113 [0.05ms]
[2026-03-16 14:12:46] MOVE #705: rs (red) 61->70 [0.05ms]
[2026-03-16 14:12:47] MOVE #706: ly (blue) 26->38 [0.07ms]
[2026-03-16 14:12:47] MOVE #707: rs (red) 115->117 [0.10ms]
[2026-03-16 14:12:47] MOVE #708: ly (blue) 56->46 [0.05ms]
[2026-03-16 14:12:47] MOVE #709: rs (red) 62->53 [0.06ms]
[2026-03-16 14:12:48] MOVE #710: ly (blue) 40->39 [0.05ms]
[2026-03-16 14:12:48] MOVE #711: rs (red) 72->73 [0.05ms]
[2026-03-16 14:12:48] MOVE #712: ly (blue) 90->79 [0.05ms]
[2026-03-16 14:12:48] MOVE #713: rs (red) 35->36 [0.06ms]
[2026-03-16 14:12:49] MOVE #714: ly (blue) 113->116 [0.05ms]
[2026-03-16 14:12:49] MOVE #715: rs (red) 64->83 [0.06ms]
[2026-03-16 14:12:49] MOVE #716: ly (blue) 39->10 [0.08ms]
[2026-03-16 14:12:49] MOVE #717: rs (red) 117->113 [0.08ms]
[2026-03-16 14:12:50] MOVE #718: ly (blue) 19->20 [0.06ms]
[2026-03-16 14:12:50] MOVE #719: rs (red) 53->63 [0.06ms]
[2026-03-16 14:12:50] MOVE #720: ly (blue) 79->78 [0.06ms]
[2026-03-16 14:12:51] MOVE #721: rs (red) 36->37 [0.06ms]
[2026-03-16 14:12:51] MOVE #722: ly (blue) 23->24 [0.05ms]
[2026-03-16 14:12:51] MOVE #723: rs (red) 113->104 [0.05ms]
[2026-03-16 14:12:52] MOVE #724: ly (blue) 46->36 [0.05ms]
[2026-03-16 14:12:52] MOVE #725: rs (red) 112->119 [0.60ms]
[2026-03-16 14:12:52] MOVE #726: ly (blue) 85->96 [0.05ms]
[2026-03-16 14:12:53] MOVE #727: rs (red) 37->35 [0.06ms]
[2026-03-16 14:12:53] MOVE #728: ly (blue) 10->11 [0.07ms]
[2026-03-16 14:12:53] MOVE #729: rs (red) 83->95 [0.05ms]
[2026-03-16 14:12:53] MOVE #730: ly (blue) 11->12 [0.08ms]
[2026-03-16 14:12:54] MOVE #731: rs (red) 63->64 [0.08ms]
[2026-03-16 14:12:54] MOVE #732: ly (blue) 78->89 [0.05ms]
[2026-03-16 14:12:54] MOVE #733: rs (red) 35->39 [0.06ms]
[2026-03-16 14:12:54] MOVE #734: ly (blue) 24->11 [0.05ms]
[2026-03-16 14:12:55] MOVE #735: rs (red) 29->30 [0.05ms]
[2026-03-16 14:12:55] MOVE #736: ly (blue) 20->19 [0.06ms]
[2026-03-16 14:12:55] MOVE #737: rs (red) 70->81 [0.04ms]
[2026-03-16 14:12:55] MOVE #738: ly (blue) 89->101 [0.07ms]
[2026-03-16 14:12:56] MOVE #739: rs (red) 73->72 [0.05ms]
[2026-03-16 14:12:56] MOVE #740: ly (blue) 96->84 [0.05ms]
[2026-03-16 14:12:56] MOVE #741: rs (red) 50->51 [0.07ms]
[2026-03-16 14:12:56] MOVE #742: ly (blue) 36->46 [0.09ms]
[2026-03-16 14:12:57] MOVE #743: rs (red) 95->107 [0.05ms]
[2026-03-16 14:12:57] MOVE #744: ly (blue) 46->35 [0.15ms]
[2026-03-16 14:12:57] MOVE #745: rs (red) 30->31 [0.07ms]
[2026-03-16 14:12:57] MOVE #746: ly (blue) 19->32 [0.05ms]
[2026-03-16 14:12:58] MOVE #747: rs (red) 31->33 [0.07ms]
[2026-03-16 14:12:58] MOVE #748: ly (blue) 35->24 [0.05ms]
[2026-03-16 14:12:58] MOVE #749: rs (red) 104->113 [0.05ms]
[2026-03-16 14:12:58] MOVE #750: ly (blue) 65->66 [0.05ms]
[2026-03-16 14:12:59] MOVE #751: rs (red) 64->54 [0.06ms]
[2026-03-16 14:12:59] MOVE #752: ly (blue) 67->68 [0.05ms]
[2026-03-16 14:12:59] MOVE #753: rs (red) 107->108 [0.07ms]
[2026-03-16 14:12:59] MOVE #754: ly (blue) 101->88 [0.10ms]
[2026-03-16 14:13:00] MOVE #755: rs (red) 119->117 [0.05ms]
[2026-03-16 14:13:00] MOVE #756: ly (blue) 32->31 [0.06ms]
[2026-03-16 14:13:00] MOVE #757: rs (red) 51->61 [0.05ms]
[2026-03-16 14:13:00] MOVE #758: ly (blue) 68->58 [0.05ms]
[2026-03-16 14:13:01] MOVE #759: rs (red) 117->104 [0.06ms]
[2026-03-16 14:13:01] MOVE #760: ly (blue) 11->13 [0.08ms]
[2026-03-16 14:13:01] MOVE #761: rs (red) 39->37 [0.06ms]
[2026-03-16 14:13:02] MOVE #762: ly (blue) 66->57 [0.07ms]
[2026-03-16 14:13:02] MOVE #763: rs (red) 33->21 [0.10ms]
[2026-03-16 14:13:02] MOVE #764: ly (blue) 38->27 [0.09ms]
[2026-03-16 14:13:02] MOVE #765: rs (red) 21->33 [0.08ms]
[2026-03-16 14:13:03] MOVE #766: ly (blue) 58->67 [0.05ms]
[2026-03-16 14:13:03] MOVE #767: rs (red) 108->107 [0.06ms]
[2026-03-16 14:13:03] MOVE #768: ly (blue) 31->18 [0.15ms]
[2026-03-16 14:13:04] MOVE #769: rs (red) 54->44 [0.07ms]
[2026-03-16 14:13:04] MOVE #770: ly (blue) 24->23 [0.10ms]
[2026-03-16 14:13:04] MOVE #771: rs (red) 113->117 [0.04ms]
[2026-03-16 14:13:04] MOVE #772: ly (blue) 13->25 [0.13ms]
[2026-03-16 14:13:05] MOVE #773: rs (red) 117->113 [0.05ms]
[2026-03-16 14:13:05] MOVE #774: ly (blue) 27->26 [0.05ms]
[2026-03-16 14:13:05] MOVE #775: rs (red) 72->83 [0.04ms]
[2026-03-16 14:13:05] MOVE #776: ly (blue) 88->87 [0.05ms]
[2026-03-16 14:13:06] MOVE #777: rs (red) 83->73 [0.07ms]
[2026-03-16 14:13:06] MOVE #778: ly (blue) 25->68 [0.05ms]
[2026-03-16 14:13:06] MOVE #779: rs (red) 104->105 [0.09ms]
[2026-03-16 14:13:06] MOVE #780: ly (blue) 116->119 [0.06ms]
[2026-03-16 14:13:07] MOVE #781: rs (red) 44->32 [0.05ms]
[2026-03-16 14:13:07] MOVE #782: ly (blue) 68->25 [0.06ms]
[2026-03-16 14:13:07] MOVE #783: rs (red) 61->60 [0.10ms]
[2026-03-16 14:13:07] MOVE #784: ly (blue) 84->85 [0.10ms]
[2026-03-16 14:13:08] MOVE #785: rs (red) 33->31 [0.09ms]
[2026-03-16 14:13:08] MOVE #786: ly (blue) 26->47 [0.09ms]
[2026-03-16 14:13:08] MOVE #787: rs (red) 37->26 [0.11ms]
[2026-03-16 14:13:08] MOVE #788: ly (blue) 47->48 [0.11ms]
[2026-03-16 14:13:09] MOVE #789: rs (red) 113->50 [0.06ms]
[2026-03-16 14:13:09] MOVE #790: ly (blue) 57->58 [0.05ms]
[2026-03-16 14:13:09] MOVE #791: rs (red) 60->61 [0.05ms]
[2026-03-16 14:13:09] MOVE #792: ly (blue) 119->116 [0.15ms]
[2026-03-16 14:13:10] MOVE #793: rs (red) 32->43 [0.07ms]
[2026-03-16 14:13:10] MOVE #794: ly (blue) 87->75 [0.07ms]
[2026-03-16 14:13:10] MOVE #795: rs (red) 81->92 [0.06ms]
[2026-03-16 14:13:11] MOVE #796: ly (blue) 25->37 [0.08ms]
[2026-03-16 14:13:11] MOVE #797: rs (red) 73->64 [0.05ms]
[2026-03-16 14:13:11] MOVE #798: ly (blue) 48->66 [0.05ms]
[2026-03-16 14:13:11] MOVE #799: rs (red) 43->42 [0.07ms]
[2026-03-16 14:13:12] MOVE #800: ly (blue) 37->36 [0.06ms]
[2026-03-16 14:13:12] MOVE #801: rs (red) 42->53 [0.07ms]
[2026-03-16 14:13:12] MOVE #802: ly (blue) 18->9 [0.05ms]
[2026-03-16 14:13:12] MOVE #803: rs (red) 31->32 [0.08ms]
[2026-03-16 14:13:13] MOVE #804: ly (blue) 75->87 [0.05ms]
[2026-03-16 14:13:13] MOVE #805: rs (red) 61->60 [0.05ms]
[2026-03-16 14:13:13] MOVE #806: ly (blue) 36->24 [0.05ms]
[2026-03-16 14:13:14] MOVE #807: rs (red) 105->80 [0.05ms]
[2026-03-16 14:13:14] MOVE #808: ly (blue) 66->56 [0.09ms]
[2026-03-16 14:13:14] MOVE #809: rs (red) 92->51 [0.06ms]
[2026-03-16 14:13:14] MOVE #810: ly (blue) 12->13 [0.07ms]
[2026-03-16 14:13:15] MOVE #811: rs (red) 64->55 [0.09ms]
[2026-03-16 14:13:15] MOVE #812: ly (blue) 9->17 [0.05ms]
[2026-03-16 14:13:15] MOVE #813: rs (red) 80->91 [0.06ms]
[2026-03-16 14:13:15] MOVE #814: ly (blue) 23->11 [0.05ms]
[2026-03-16 14:13:16] MOVE #815: rs (red) 55->44 [0.05ms]
[2026-03-16 14:13:16] MOVE #816: ly (blue) 116->119 [0.05ms]
[2026-03-16 14:13:16] MOVE #817: rs (red) 44->45 [0.06ms]
[2026-03-16 14:13:16] MOVE #818: ly (blue) 119->120 [0.06ms]
[2026-03-16 14:13:17] MOVE #819: rs (red) 2->5 [0.05ms]
[2026-03-16 14:13:17] MOVE #820: ly (blue) 58->68 [0.06ms]
[2026-03-16 14:13:17] MOVE #821: rs (red) 60->41 [0.05ms]
[2026-03-16 14:13:17] MOVE #822: ly (blue) 85->97 [0.09ms]
[2026-03-16 14:13:18] MOVE #823: rs (red) 26->38 [0.07ms]
[2026-03-16 14:13:18] MOVE #824: ly (blue) 56->46 [0.07ms]
[2026-03-16 14:13:18] MOVE #825: rs (red) 38->26 [0.34ms]
[2026-03-16 14:13:18] MOVE #826: ly (blue) 87->75 [0.05ms]
[2026-03-16 14:13:19] MOVE #827: rs (red) 50->39 [0.06ms]
[2026-03-16 14:13:19] MOVE #828: ly (blue) 17->18 [0.05ms]
[2026-03-16 14:13:19] MOVE #829: rs (red) 32->33 [0.07ms]
[2026-03-16 14:13:19] MOVE #830: ly (blue) 68->58 [0.06ms]
[2026-03-16 14:13:20] MOVE #831: rs (red) 91->90 [0.04ms]
[2026-03-16 14:13:20] MOVE #832: ly (blue) 18->31 [0.06ms]
[2026-03-16 14:13:20] MOVE #833: rs (red) 45->34 [0.08ms]
[2026-03-16 14:13:20] MOVE #834: ly (blue) 75->87 [0.05ms]
[2026-03-16 14:13:21] MOVE #835: rs (red) 34->32 [0.07ms]
[2026-03-16 14:13:21] MOVE #836: ly (blue) 11->10 [0.10ms]
[2026-03-16 14:13:21] MOVE #837: rs (red) 41->52 [0.06ms]
[2026-03-16 14:13:22] MOVE #838: ly (blue) 13->40 [0.05ms]
[2026-03-16 14:13:22] MOVE #839: rs (red) 52->62 [0.07ms]
[2026-03-16 14:13:22] MOVE #840: ly (blue) 10->11 [0.06ms]
[2026-03-16 14:13:23] MOVE #841: rs (red) 33->45 [0.09ms]
[2026-03-16 14:13:23] MOVE #842: ly (blue) 46->36 [0.09ms]
[2026-03-16 14:13:23] MOVE #843: rs (red) 39->49 [0.06ms]
[2026-03-16 14:13:23] MOVE #844: ly (blue) 58->77 [0.08ms]
[2026-03-16 14:13:24] MOVE #845: rs (red) 53->43 [0.07ms]
[2026-03-16 14:13:24] MOVE #846: ly (blue) 24->35 [0.05ms]
[2026-03-16 14:13:24] MOVE #847: rs (red) 26->25 [0.09ms]
[2026-03-16 14:13:24] MOVE #848: ly (blue) 77->88 [0.17ms]
[2026-03-16 14:13:25] MOVE #849: rs (red) 90->79 [0.05ms]
[2026-03-16 14:13:25] MOVE #850: ly (blue) 11->24 [0.09ms]
[2026-03-16 14:13:25] MOVE #851: rs (red) 49->59 [0.07ms]
[2026-03-16 14:13:25] MOVE #852: ly (blue) 24->12 [0.10ms]
[2026-03-16 14:13:26] MOVE #853: rs (red) 32->53 [0.07ms]
[2026-03-16 14:13:26] MOVE #854: ly (blue) 36->46 [0.06ms]
[2026-03-16 14:13:26] MOVE #855: rs (red) 43->54 [0.05ms]
[2026-03-16 14:13:26] MOVE #856: ly (blue) 120->118 [0.05ms]
[2026-03-16 14:13:27] MOVE #857: rs (red) 79->68 [0.08ms]
[2026-03-16 14:13:27] MOVE #858: ly (blue) 12->11 [0.06ms]
[2026-03-16 14:13:27] MOVE #859: rs (red) 45->44 [0.05ms]
[2026-03-16 14:13:27] MOVE #860: ly (blue) 35->36 [0.05ms]
[2026-03-16 14:13:28] MOVE #861: rs (red) 25->13 [0.04ms]
[2026-03-16 14:13:28] MOVE #862: ly (blue) 88->101 [0.05ms]
[2026-03-16 14:13:28] MOVE #863: rs (red) 107->108 [0.05ms]
[2026-03-16 14:13:28] MOVE #864: ly (blue) 31->19 [0.07ms]
[2026-03-16 14:13:29] MOVE #865: rs (red) 13->12 [0.05ms]
[2026-03-16 14:13:29] MOVE #866: ly (blue) 40->63 [0.08ms]
[2026-03-16 14:13:29] MOVE #867: rs (red) 62->71 [0.11ms]
[2026-03-16 14:13:29] MOVE #868: ly (blue) 97->96 [0.09ms]
[2026-03-16 14:13:30] MOVE #869: rs (red) 108->109 [0.07ms]
[2026-03-16 14:13:30] MOVE #870: ly (blue) 101->102 [0.07ms]
[2026-03-16 14:13:30] MOVE #871: rs (red) 59->69 [0.09ms]
[2026-03-16 14:13:31] MOVE #872: ly (blue) 67->78 [0.08ms]
[2026-03-16 14:13:31] MOVE #873: rs (red) 5->8 [0.06ms]
[2026-03-16 14:13:31] MOVE #874: ly (blue) 36->35 [0.05ms]
[2026-03-16 14:13:31] MOVE #875: rs (red) 8->7 [0.06ms]
[2026-03-16 14:13:32] MOVE #876: ly (blue) 63->73 [0.09ms]
[2026-03-16 14:13:32] MOVE #877: rs (red) 68->67 [0.09ms]
[2026-03-16 14:13:32] MOVE #878: ly (blue) 87->100 [0.05ms]
[2026-03-16 14:13:33] MOVE #879: rs (red) 12->10 [0.06ms]
[2026-03-16 14:13:33] MOVE #880: ly (blue) 102->111 [0.05ms]
[2026-03-16 14:13:33] MOVE #881: rs (red) 44->84 [0.05ms]
[2026-03-16 14:13:33] MOVE #882: ly (blue) 19->20 [0.05ms]
[2026-03-16 14:13:34] MOVE #883: rs (red) 7->6 [0.08ms]
[2026-03-16 14:13:34] MOVE #884: ly (blue) 35->56 [0.05ms]
[2026-03-16 14:13:34] MOVE #885: rs (red) 67->68 [0.04ms]
[2026-03-16 14:13:34] MOVE #886: ly (blue) 100->87 [0.08ms]
[2026-03-16 14:13:35] MOVE #887: rs (red) 10->23 [0.07ms]
[2026-03-16 14:13:35] MOVE #888: ly (blue) 118->120 [0.05ms]
[2026-03-16 14:13:35] MOVE #889: rs (red) 51->50 [0.05ms]
[2026-03-16 14:13:35] MOVE #890: ly (blue) 87->86 [0.05ms]
[2026-03-16 14:13:36] MOVE #891: rs (red) 69->90 [0.14ms]
[2026-03-16 14:13:36] MOVE #892: ly (blue) 111->102 [0.06ms]
[2026-03-16 14:13:36] MOVE #893: rs (red) 50->39 [0.05ms]
[2026-03-16 14:13:36] MOVE #894: ly (blue) 102->89 [0.09ms]
[2026-03-16 14:13:37] MOVE #895: rs (red) 90->88 [0.07ms]
[2026-03-16 14:13:37] MOVE #896: ly (blue) 73->72 [0.09ms]
[2026-03-16 14:13:37] MOVE #897: rs (red) 88->76 [0.05ms]
[2026-03-16 14:13:37] MOVE #898: ly (blue) 20->19 [0.05ms]
[2026-03-16 14:13:38] MOVE #899: rs (red) 23->35 [0.05ms]
[2026-03-16 14:13:38] MOVE #900: ly (blue) 86->87 [0.06ms]
[2026-03-16 14:13:38] MOVE #901: rs (red) 84->95 [0.05ms]
[2026-03-16 14:13:38] MOVE #902: ly (blue) 96->94 [0.05ms]
[2026-03-16 14:13:39] MOVE #903: rs (red) 109->97 [0.05ms]
[2026-03-16 14:13:39] MOVE #904: ly (blue) 72->70 [0.04ms]
[2026-03-16 14:13:39] MOVE #905: rs (red) 35->23 [0.04ms]
[2026-03-16 14:13:39] MOVE #906: ly (blue) 87->99 [0.04ms]
[2026-03-16 14:13:40] MOVE #907: rs (red) 54->52 [0.08ms]
[2026-03-16 14:13:40] MOVE #908: ly (blue) 70->69 [0.04ms]
[2026-03-16 14:13:40] MOVE #909: rs (red) 71->72 [0.04ms]
[2026-03-16 14:13:40] MOVE #910: ly (blue) 46->87 [0.05ms]
[2026-03-16 14:13:41] MOVE #911: rs (red) 53->63 [0.11ms]
[2026-03-16 14:13:41] MOVE #912: ly (blue) 89->102 [0.04ms]
[2026-03-16 14:13:41] MOVE #913: rs (red) 39->49 [0.06ms]
[2026-03-16 14:13:41] MOVE #914: ly (blue) 120->118 [0.06ms]
[2026-03-16 14:13:42] MOVE #915: rs (red) 72->83 [0.13ms]
[2026-03-16 14:13:42] MOVE #916: ly (blue) 78->38 [0.15ms]
[2026-03-16 14:13:42] MOVE #917: rs (red) 76->75 [0.09ms]
[2026-03-16 14:13:42] MOVE #918: ly (blue) 11->12 [0.05ms]
[2026-03-16 14:13:43] MOVE #919: rs (red) 97->109 [0.12ms]
[2026-03-16 14:13:43] MOVE #920: ly (blue) 99->76 [0.04ms]
[2026-03-16 14:13:44] MOVE #921: rs (red) 49->26 [0.08ms]
[2026-03-16 14:13:44] MOVE #922: ly (blue) 12->13 [0.05ms]
[2026-03-16 14:13:44] MOVE #923: rs (red) 75->100 [0.09ms]
[2026-03-16 14:13:44] MOVE #924: ly (blue) 56->66 [0.07ms]
[2026-03-16 14:13:45] MOVE #925: rs (red) 26->27 [0.08ms]
[2026-03-16 14:13:45] MOVE #926: ly (blue) 13->25 [0.06ms]
[2026-03-16 14:13:45] MOVE #927: rs (red) 95->108 [0.05ms]
[2026-03-16 14:13:45] MOVE #928: ly (blue) 76->99 [0.05ms]
[2026-03-16 14:13:46] MOVE #929: rs (red) 27->48 [0.07ms]
[2026-03-16 14:13:46] MOVE #930: ly (blue) 99->76 [0.05ms]
[2026-03-16 14:13:46] MOVE #931: rs (red) 109->96 [0.13ms]
[2026-03-16 14:13:46] MOVE #932: ly (blue) 25->12 [0.05ms]
[2026-03-16 14:13:47] MOVE #933: rs (red) 108->107 [0.60ms]
[2026-03-16 14:13:47] MOVE #934: ly (blue) 118->115 [0.07ms]
[2026-03-16 14:13:47] MOVE #935: rs (red) 23->10 [0.22ms]
[2026-03-16 14:13:47] MOVE #936: ly (blue) 102->101 [0.11ms]
[2026-03-16 14:13:48] MOVE #937: rs (red) 48->37 [0.05ms]
[2026-03-16 14:13:48] MOVE #938: ly (blue) 115->118 [0.07ms]
[2026-03-16 14:13:48] MOVE #939: rs (red) 96->95 [0.05ms]
[2026-03-16 14:13:48] MOVE #940: ly (blue) 76->65 [0.10ms]
[2026-03-16 14:13:49] MOVE #941: rs (red) 107->84 [0.06ms]
[2026-03-16 14:13:49] MOVE #942: ly (blue) 66->56 [0.06ms]
[2026-03-16 14:13:49] MOVE #943: rs (red) 63->72 [0.06ms]
[2026-03-16 14:13:49] MOVE #944: ly (blue) 118->120 [0.06ms]
[2026-03-16 14:13:50] MOVE #945: rs (red) 100->75 [0.04ms]
[2026-03-16 14:13:50] MOVE #946: ly (blue) 19->31 [0.04ms]
[2026-03-16 14:13:50] MOVE #947: rs (red) 52->42 [0.04ms]
[2026-03-16 14:13:50] MOVE #948: ly (blue) 101->89 [0.06ms]
[2026-03-16 14:13:51] MOVE #949: rs (red) 84->63 [0.04ms]
[2026-03-16 14:13:51] MOVE #950: ly (blue) 65->88 [0.04ms]
[2026-03-16 14:13:51] MOVE #951: rs (red) 72->62 [0.08ms]
[2026-03-16 14:13:51] MOVE #952: ly (blue) 89->77 [0.05ms]
[2026-03-16 14:13:52] MOVE #953: rs (red) 6->3 [0.10ms]
[2026-03-16 14:13:52] MOVE #954: ly (blue) 31->30 [0.10ms]
[2026-03-16 14:13:52] MOVE #955: rs (red) 68->67 [0.07ms]
[2026-03-16 14:13:53] MOVE #956: ly (blue) 56->47 [0.09ms]
[2026-03-16 14:13:53] MOVE #957: rs (red) 83->73 [0.07ms]
[2026-03-16 14:13:53] MOVE #958: ly (blue) 94->83 [0.05ms]
[2026-03-16 14:13:54] MOVE #959: rs (red) 42->53 [0.05ms]
[2026-03-16 14:13:54] MOVE #960: ly (blue) 88->100 [0.09ms]
[2026-03-16 14:13:54] MOVE #961: rs (red) 75->76 [0.04ms]
[2026-03-16 14:13:54] MOVE #962: ly (blue) 38->36 [0.05ms]
[2026-03-16 14:13:55] MOVE #963: rs (red) 62->43 [0.05ms]
[2026-03-16 14:13:55] MOVE #964: ly (blue) 100->101 [0.08ms]
[2026-03-16 14:13:55] MOVE #965: rs (red) 63->64 [0.06ms]
[2026-03-16 14:13:55] MOVE #966: ly (blue) 120->118 [0.05ms]
[2026-03-16 14:13:56] MOVE #967: rs (red) 3->7 [0.05ms]
[2026-03-16 14:13:56] MOVE #968: ly (blue) 69->80 [0.12ms]
[2026-03-16 14:13:56] MOVE #969: rs (red) 73->96 [0.08ms]
[2026-03-16 14:13:56] MOVE #970: ly (blue) 118->115 [0.06ms]
[2026-03-16 14:13:57] MOVE #971: rs (red) 96->94 [0.05ms]
[2026-03-16 14:13:57] MOVE #972: ly (blue) 47->48 [0.05ms]
[2026-03-16 14:13:57] MOVE #973: rs (red) 64->74 [0.04ms]
[2026-03-16 14:13:57] MOVE #974: ly (blue) 12->13 [0.05ms]
[2026-03-16 14:13:58] MOVE #975: rs (red) 94->96 [0.05ms]
[2026-03-16 14:13:58] MOVE #976: ly (blue) 48->46 [0.09ms]
[2026-03-16 14:13:58] MOVE #977: rs (red) 67->57 [0.05ms]
[2026-03-16 14:13:58] MOVE #978: ly (blue) 115->116 [0.09ms]
[2026-03-16 14:13:59] MOVE #979: rs (red) 95->97 [0.05ms]
[2026-03-16 14:13:59] MOVE #980: ly (blue) 116->115 [0.05ms]
[2026-03-16 14:13:59] MOVE #981: rs (red) 43->42 [0.04ms]
[2026-03-16 14:13:59] MOVE #982: ly (blue) 77->78 [0.04ms]
[2026-03-16 14:14:00] MOVE #983: rs (red) 7->6 [0.04ms]
[2026-03-16 14:14:00] MOVE #984: ly (blue) 115->111 [0.06ms]
[2026-03-16 14:14:00] MOVE #985: rs (red) 74->64 [0.06ms]
[2026-03-16 14:14:01] MOVE #986: ly (blue) 111->103 [0.10ms]
[2026-03-16 14:14:01] MOVE #987: rs (red) 97->109 [0.07ms]
[2026-03-16 14:14:01] MOVE #988: ly (blue) 36->25 [0.13ms]
[2026-03-16 14:14:01] MOVE #989: rs (red) 42->43 [0.04ms]
[2026-03-16 14:14:02] MOVE #990: ly (blue) 103->102 [0.13ms]
[2026-03-16 14:14:02] MOVE #991: rs (red) 10->23 [0.04ms]
[2026-03-16 14:14:02] MOVE #992: ly (blue) 80->79 [0.08ms]
[2026-03-16 14:14:03] MOVE #993: rs (red) 109->84 [0.04ms]
[2026-03-16 14:14:03] MOVE #994: ly (blue) 102->89 [0.07ms]
[2026-03-16 14:14:03] MOVE #995: rs (red) 23->24 [0.05ms]
[2026-03-16 14:14:03] MOVE #996: ly (blue) 25->48 [0.05ms]
[2026-03-16 14:14:04] MOVE #997: rs (red) 96->95 [0.09ms]
[2026-03-16 14:14:04] MOVE #998: ly (blue) 89->90 [0.08ms]
[2026-03-16 14:14:04] MOVE #999: rs (red) 37->12 [0.07ms]
[2026-03-16 14:14:04] MOVE #1000: ly (blue) 30->18 [0.06ms]
[2026-03-16 14:14:05] MOVE #1001: rs (red) 12->25 [0.06ms]
[2026-03-16 14:14:05] MOVE #1002: ly (blue) 48->49 [0.06ms]
[2026-03-16 14:14:05] MOVE #1003: rs (red) 43->42 [0.05ms]
[2026-03-16 14:14:05] MOVE #1004: ly (blue) 87->86 [0.07ms]
[2026-03-16 14:14:06] MOVE #1005: rs (red) 95->74 [0.07ms]
[2026-03-16 14:14:06] MOVE #1006: ly (blue) 78->67 [0.04ms]
[2026-03-16 14:14:06] MOVE #1007: rs (red) 84->96 [0.06ms]
[2026-03-16 14:14:06] MOVE #1008: ly (blue) 79->68 [0.05ms]
[2026-03-16 14:14:07] MOVE #1009: rs (red) 96->95 [0.05ms]
[2026-03-16 14:14:07] MOVE #1010: ly (blue) 83->94 [0.04ms]
[2026-03-16 14:14:07] MOVE #1011: rs (red) 53->30 [0.10ms]
[2026-03-16 14:14:07] MOVE #1012: ly (blue) 67->77 [0.05ms]
[2026-03-16 14:14:08] MOVE #1013: rs (red) 64->54 [0.05ms]
[2026-03-16 14:14:08] MOVE #1014: ly (blue) 101->89 [0.10ms]
[2026-03-16 14:14:08] MOVE #1015: rs (red) 74->73 [0.04ms]
[2026-03-16 14:14:09] MOVE #1016: ly (blue) 49->38 [0.05ms]
[2026-03-16 14:14:09] MOVE #1017: rs (red) 42->31 [0.04ms]
[2026-03-16 14:14:09] MOVE #1018: ly (blue) 13->36 [0.04ms]
[2026-03-16 14:14:09] MOVE #1019: rs (red) 73->84 [0.05ms]
[2026-03-16 14:14:10] MOVE #1020: ly (blue) 77->75 [0.06ms]
[2026-03-16 14:14:10] MOVE #1021: rs (red) 57->56 [0.04ms]
[2026-03-16 14:14:10] MOVE #1022: ly (blue) 94->106 [0.05ms]
[2026-03-16 14:14:10] MOVE #1023: rs (red) 25->23 [0.08ms]
[2026-03-16 14:14:11] MOVE #1024: ly (blue) 75->77 [0.07ms]
[2026-03-16 14:14:11] MOVE #1025: rs (red) 56->10 [0.11ms]
[2026-03-16 14:14:11] MOVE #1026: ly (blue) 106->114 [0.07ms]
[2026-03-16 14:14:11] MOVE #1027: rs (red) 95->83 [0.11ms]
[2026-03-16 14:14:12] MOVE #1028: ly (blue) 68->58 [0.15ms]
[2026-03-16 14:14:12] MOVE #1029: rs (red) 23->35 [0.05ms]
[2026-03-16 14:14:12] MOVE #1030: ly (blue) 86->87 [0.04ms]
[2026-03-16 14:14:13] MOVE #1031: rs (red) 24->47 [0.06ms]
[2026-03-16 14:14:13] MOVE #1032: ly (blue) 38->26 [0.07ms]
[2026-03-16 14:14:13] MOVE #1033: rs (red) 31->42 [0.07ms]
[2026-03-16 14:14:13] MOVE #1034: ly (blue) 87->75 [0.04ms]
[2026-03-16 14:14:14] MOVE #1035: rs (red) 76->103 [0.06ms]
[2026-03-16 14:14:14] MOVE #1036: ly (blue) 90->112 [0.05ms]
[2026-03-16 14:14:14] MOVE #1037: rs (red) 6->3 [0.05ms]
[2026-03-16 14:14:14] MOVE #1038: ly (blue) 114->117 [0.07ms]
[2026-03-16 14:14:15] MOVE #1039: rs (red) 10->23 [0.05ms]
[2026-03-16 14:14:15] MOVE #1040: ly (blue) 26->14 [0.08ms]
[2026-03-16 14:14:15] MOVE #1041: rs (red) 3->6 [0.10ms]
[2026-03-16 14:14:15] MOVE #1042: ly (blue) 89->102 [0.05ms]
[2026-03-16 14:14:16] MOVE #1043: rs (red) 42->31 [0.09ms]
[2026-03-16 14:14:16] MOVE #1044: ly (blue) 18->9 [0.06ms]
[2026-03-16 14:14:16] MOVE #1045: rs (red) 84->96 [0.05ms]
[2026-03-16 14:14:17] MOVE #1046: ly (blue) 77->76 [0.08ms]
[2026-03-16 14:14:17] MOVE #1047: rs (red) 47->37 [0.13ms]
[2026-03-16 14:14:17] MOVE #1048: ly (blue) 102->90 [0.05ms]
[2026-03-16 14:14:17] MOVE #1049: rs (red) 103->116 [0.07ms]
[2026-03-16 14:14:18] MOVE #1050: ly (blue) 117->119 [0.06ms]
[2026-03-16 14:14:18] MOVE #1051: rs (red) 35->56 [0.06ms]
[2026-03-16 14:14:18] MOVE #1052: ly (blue) 76->88 [0.07ms]
[2026-03-16 14:14:18] MOVE #1053: rs (red) 56->66 [0.05ms]
[2026-03-16 14:14:19] MOVE #1054: ly (blue) 75->65 [0.05ms]
[2026-03-16 14:14:19] MOVE #1055: rs (red) 31->43 [0.13ms]
[2026-03-16 14:14:19] MOVE #1056: ly (blue) 36->38 [0.05ms]
[2026-03-16 14:14:19] MOVE #1057: rs (red) 43->31 [0.04ms]
[2026-03-16 14:14:20] MOVE #1058: ly (blue) 38->39 [0.08ms]
[2026-03-16 14:14:20] MOVE #1059: rs (red) 30->17 [0.08ms]
[2026-03-16 14:14:20] MOVE #1060: ly (blue) 14->15 [0.06ms]
[2026-03-16 14:14:21] MOVE #1061: rs (red) 66->77 [0.11ms]
[2026-03-16 14:14:21] MOVE #1062: ly (blue) 65->75 [0.11ms]
[2026-03-16 14:14:21] MOVE #1063: rs (red) 96->84 [0.09ms]
[2026-03-16 14:14:21] MOVE #1064: ly (blue) 75->65 [0.05ms]
[2026-03-16 14:14:22] MOVE #1065: rs (red) 83->73 [0.05ms]
[2026-03-16 14:14:22] MOVE #1066: ly (blue) 39->28 [0.05ms]
[2026-03-16 14:14:22] MOVE #1067: rs (red) 37->36 [0.09ms]
[2026-03-16 14:14:22] MOVE #1068: ly (blue) 90->78 [0.06ms]
[2026-03-16 14:14:23] MOVE #1069: rs (red) 73->96 [0.06ms]
[2026-03-16 14:14:23] MOVE #1070: ly (blue) 78->79 [0.07ms]
[2026-03-16 14:14:23] MOVE #1071: rs (red) 77->66 [0.13ms]
[2026-03-16 14:14:23] MOVE #1072: ly (blue) 15->7 [0.08ms]
[2026-03-16 14:14:24] MOVE #1073: rs (red) 116->117 [0.15ms]
[2026-03-16 14:14:24] MOVE #1074: ly (blue) 7->8 [0.06ms]
[2026-03-16 14:14:24] MOVE #1075: rs (red) 23->24 [0.06ms]
[2026-03-16 14:14:24] MOVE #1076: ly (blue) 58->49 [0.06ms]
[2026-03-16 14:14:25] MOVE #1077: rs (red) 31->43 [0.05ms]
[2026-03-16 14:14:25] MOVE #1078: ly (blue) 49->38 [0.07ms]
[2026-03-16 14:14:25] MOVE #1079: rs (red) 117->113 [0.06ms]
[2026-03-16 14:14:25] MOVE #1080: ly (blue) 79->80 [0.04ms]
[2026-03-16 14:14:26] MOVE #1081: rs (red) 66->56 [0.05ms]
[2026-03-16 14:14:26] MOVE #1082: ly (blue) 65->47 [0.05ms]
[2026-03-16 14:14:26] MOVE #1083: rs (red) 6->14 [0.06ms]
[2026-03-16 14:14:27] MOVE #1084: ly (blue) 119->118 [0.05ms]
[2026-03-16 14:14:27] MOVE #1085: rs (red) 54->63 [0.05ms]
[2026-03-16 14:14:27] MOVE #1086: ly (blue) 80->92 [0.04ms]
[2026-03-16 14:14:27] MOVE #1087: rs (red) 96->108 [0.06ms]
[2026-03-16 14:14:28] MOVE #1088: ly (blue) 8->4 [0.06ms]
[2026-03-16 14:14:28] MOVE #1089: rs (red) 56->37 [0.04ms]
[2026-03-16 14:14:28] MOVE #1090: ly (blue) 112->103 [0.06ms]
[2026-03-16 14:14:28] MOVE #1091: rs (red) 63->64 [0.08ms]
[2026-03-16 14:14:29] MOVE #1092: ly (blue) 92->93 [0.05ms]
[2026-03-16 14:14:29] MOVE #1093: rs (red) 43->42 [0.05ms]
[2026-03-16 14:14:29] MOVE #1094: ly (blue) 38->48 [0.06ms]
[2026-03-16 14:14:30] MOVE #1095: rs (red) 37->25 [0.09ms]
[2026-03-16 14:14:30] MOVE #1096: ly (blue) 46->56 [0.05ms]
[2026-03-16 14:14:30] MOVE #1097: rs (red) 64->55 [0.06ms]
[2026-03-16 14:14:30] MOVE #1098: ly (blue) 118->119 [0.05ms]
[2026-03-16 14:14:31] MOVE #1099: rs (red) 24->26 [0.11ms]
[2026-03-16 14:14:31] MOVE #1100: ly (blue) 9->5 [0.09ms]
[2026-03-16 14:14:31] MOVE #1101: rs (red) 113->112 [0.04ms]
[2026-03-16 14:14:31] MOVE #1102: ly (blue) 93->94 [0.07ms]
[2026-03-16 14:14:32] MOVE #1103: rs (red) 112->111 [0.06ms]
[2026-03-16 14:14:32] MOVE #1104: ly (blue) 48->37 [0.07ms]
[2026-03-16 14:14:32] MOVE #1105: rs (red) 111->112 [0.05ms]
[2026-03-16 14:14:32] MOVE #1106: ly (blue) 56->46 [0.07ms]
[2026-03-16 14:14:33] MOVE #1107: rs (red) 55->64 [0.07ms]
[2026-03-16 14:14:33] MOVE #1108: ly (blue) 28->15 [0.14ms]
[2026-03-16 14:14:33] MOVE #1109: rs (red) 36->13 [0.10ms]
[2026-03-16 14:14:33] MOVE #1110: ly (blue) 103->116 [0.06ms]
[2026-03-16 14:14:34] MOVE #1111: rs (red) 17->8 [0.04ms]
[2026-03-16 14:14:34] MOVE #1112: ly (blue) 37->36 [0.05ms]
[2026-03-16 14:14:34] MOVE #1113: rs (red) 84->74 [0.04ms]
[2026-03-16 14:14:34] MOVE #1114: ly (blue) 4->17 [0.04ms]
[2026-03-16 14:14:35] MOVE #1115: rs (red) 64->63 [0.06ms]
[2026-03-16 14:14:35] MOVE #1116: ly (blue) 46->56 [0.05ms]
[2026-03-16 14:14:35] MOVE #1117: rs (red) 42->53 [0.10ms]
[2026-03-16 14:14:35] MOVE #1118: ly (blue) 17->18 [0.07ms]
[2026-03-16 14:14:36] MOVE #1119: rs (red) 8->17 [0.05ms]
[2026-03-16 14:14:36] MOVE #1120: ly (blue) 36->46 [0.04ms]
[2026-03-16 14:14:36] MOVE #1121: rs (red) 25->36 [0.05ms]
[2026-03-16 14:14:37] MOVE #1122: ly (blue) 5->9 [0.05ms]
[2026-03-16 14:14:37] MOVE #1123: rs (red) 14->16 [0.08ms]
[2026-03-16 14:14:37] MOVE #1124: ly (blue) 47->24 [0.06ms]
[2026-03-16 14:14:37] MOVE #1125: rs (red) 26->14 [0.07ms]
[2026-03-16 14:14:38] MOVE #1126: ly (blue) 24->25 [0.04ms]
[2026-03-16 14:14:38] MOVE #1127: rs (red) 14->26 [0.11ms]
[2026-03-16 14:14:38] MOVE #1128: ly (blue) 9->8 [0.05ms]
[2026-03-16 14:14:39] MOVE #1129: rs (red) 36->37 [0.05ms]
[2026-03-16 14:14:39] MOVE #1130: ly (blue) 116->115 [0.05ms]
[2026-03-16 14:14:39] MOVE #1131: rs (red) 16->7 [0.06ms]
[2026-03-16 14:14:39] MOVE #1132: ly (blue) 46->35 [0.05ms]
[2026-03-16 14:14:40] MOVE #1133: rs (red) 53->54 [0.04ms]
[2026-03-16 14:14:40] MOVE #1134: ly (blue) 119->116 [0.07ms]
[2026-03-16 14:14:40] MOVE #1135: rs (red) 37->16 [0.14ms]
[2026-03-16 14:14:40] MOVE #1136: ly (blue) 25->12 [0.06ms]
[2026-03-16 14:14:41] MOVE #1137: rs (red) 74->84 [0.06ms]
[2026-03-16 14:14:41] MOVE #1138: ly (blue) 8->4 [0.06ms]
[2026-03-16 14:14:41] GAME TIME LIMIT REACHED. Terminating game.
